#
# A fatal error has been detected by the Java Runtime Environment:
#
#  SIGSEGV (0xb) at pc=0xb2ec54e0, pid=3929, tid=3029810032
#
# JRE version: Java(TM) SE Runtime Environment (7.0_80-b15) (build 1.7.0_80-b15)
# Java VM: Java HotSpot(TM) Client VM (24.80-b11 mixed mode, sharing linux-x86 )
# Problematic frame:
# C  [libdpfpdd.so+0x34e0]  _init+0x23dc
#
# Core dump written. Default location: /home/cajero/workspace/Client/core or core.3929 (max size 1 kB). To ensure a full core dump, try "ulimit -c unlimited" before starting Java again
#
# If you would like to submit a bug report, please visit:
#   http://bugreport.java.com/bugreport/crash.jsp
#

---------------  T H R E A D  ---------------

Current thread (0x08071400):  VMThread [stack: 0xb48f3000,0xb4974000] [id=3934]

siginfo:si_signo=SIGSEGV: si_errno=0, si_code=1 (SEGV_MAPERR), si_addr=0x4bd2ad04

Registers:
EAX=0xb2ecaba0, EBX=0xb2ecad3c, ECX=0x0844f1b4, EDX=0x4bd2ac90
ESP=0xb4972ba0, EBP=0xb4972bf8, ESI=0x4bd2ad04, EDI=0x0844f2c4
EIP=0xb2ec54e0, EFLAGS=0x00010202, CR2=0x4bd2ad04

Top of Stack: (sp=0xb4972ba0)
0xb4972ba0:   0844f2c4 b2ec9889 00000000 b42dd598
0xb4972bb0:   00000000 b4972bcc b4972bdc 4bd2ac90
0xb4972bc0:   084531d8 b77bc010 0000018c b42dd598
0xb4972bd0:   084531d8 b4972cbc b4972c08 00000000
0xb4972be0:   b4973b70 00000000 b2ec9889 b2ecad3c
0xb4972bf0:   b2efd320 b4972cbc b4972c08 b2ec7180
0xb4972c00:   b2ecae34 b2efd194 b4972c38 b2ef9e63
0xb4972c10:   00000000 b2efd344 00000000 b4972c28 

Instructions: (pc=0xb2ec54e0)
0xb2ec54c0:   c4 0f 84 93 01 00 00 8b 93 d4 ff ff ff 81 6d c4
0xb2ec54d0:   84 00 00 00 8b 75 c4 8d 42 08 8b 55 c4 83 c6 74
0xb2ec54e0:   89 42 74 8b 46 04 85 c0 74 08 89 04 24 e8 aa de
0xb2ec54f0:   ff ff 8b 93 e8 ff ff ff c7 46 04 00 00 00 00 c7 

Register to memory mapping:

EAX=
[error occurred during error reporting (printing register info), id 0xb]

Stack: [0xb48f3000,0xb4974000],  sp=0xb4972ba0,  free space=510k
Native frames: (J=compiled Java code, j=interpreted, Vv=VM code, C=native code)
C  [libdpfpdd.so+0x34e0]  _init+0x23dc
C  [libdpfpdd.so+0x5180]  dpfpdd_exit+0x20
C  [NdmDigitalPersonaUareU.so+0x1e63]  abort@@GLIBC_2.0+0x1e63
C  [NdmDigitalPersonaUareU.so+0x21f5]  abort@@GLIBC_2.0+0x21f5
C  [libNCore.so+0x14af0b]  NPluginGetState+0x1cab
C  [libNCore.so+0x14babc]  NPluginEnable+0x54c
C  [libNCore.so+0x14c454]  NPluginEnable+0xee4
C  [libNCore.so+0x14c54a]  NPluginUnplug+0xda
C  [NdmDigitalPersonaUareU.so+0x401e]  abort@@GLIBC_2.0+0x401e
C  [libNCore.so+0x75bd6]  NModuleUnregister+0x116
C  [NdmDigitalPersonaUareU.so+0x4641]  NdmDigitalPersonaUareUModuleOf+0x411
C  [NdmDigitalPersonaUareU.so+0x18b8]  abort@@GLIBC_2.0+0x18b8
C  [NdmDigitalPersonaUareU.so+0x4810]  NdmDigitalPersonaUareUModuleOf+0x5e0
C  [ld-linux.so.2+0xfeeb]  _dl_fini+0x1fb
C  [libc.so.6+0x2dc51]  __run_exit_handlers+0xc1
C  [libc.so.6+0x2dcaf]  __GI_exit+0x2f
V  [libjvm.so+0x2ac4d4]  vm_direct_exit(int)+0x24
V  [libjvm.so+0x51affc]  VM_Exit::doit()+0xac
V  [libjvm.so+0x51b057]  VM_Operation::evaluate()+0x47
V  [libjvm.so+0x5190f3]  VMThread::evaluate_operation(VM_Operation*)+0xb3
V  [libjvm.so+0x519490]  VMThread::loop()+0x1b0
V  [libjvm.so+0x5198f5]  VMThread::run()+0x85
V  [libjvm.so+0x40bcf9]  java_start(Thread*)+0x119
C  [libpthread.so.0+0x6839]  start_thread+0xd9

VM_Operation (0xaf0aac30): Exit, mode: safepoint, requested by thread 0x08593c00


---------------  P R O C E S S  ---------------

Java Threads: ( => current thread )
  0x082b3400 JavaThread "Thread-0" [_thread_blocked, id=3957, stack(0xaefb9000,0xaf00a000)]
  0x08593c00 JavaThread "SIGTERM handler" daemon [_thread_blocked, id=3955, stack(0xaf05b000,0xaf0ac000)]
  0x0854bc00 JavaThread "Keep-Alive-Timer" daemon [_thread_blocked, id=3950, stack(0xb0178000,0xb01c9000)]
  0x082df400 JavaThread "AWT-XAWT" daemon [_thread_in_native, id=3949, stack(0xb02f3000,0xb0344000)]
  0x081b7c00 JavaThread "Java2D Disposer" daemon [_thread_blocked, id=3948, stack(0xb0344000,0xb0395000)]
  0x0809cc00 JavaThread "Service Thread" daemon [_thread_blocked, id=3940, stack(0xb43b7000,0xb4408000)]
  0x0809ac00 JavaThread "C1 CompilerThread0" daemon [_thread_blocked, id=3939, stack(0xb4408000,0xb4489000)]
  0x08074800 JavaThread "Finalizer" daemon [_thread_blocked, id=3937, stack(0xb4851000,0xb48a2000)]
  0x08073000 JavaThread "Reference Handler" daemon [_thread_blocked, id=3936, stack(0xb48a2000,0xb48f3000)]
  0x08051c00 JavaThread "main" [_thread_blocked, id=3930, stack(0xb6b7f000,0xb6bd0000)]

Other Threads:
=>0x08071400 VMThread [stack: 0xb48f3000,0xb4974000] [id=3934]

VM state:at safepoint (shutting down)

VM Mutex/Monitor currently owned by a thread:  ([mutex/lock_event])
[0x080508a0] Threads_lock - owner thread: 0x08071400

Heap
 def new generation   total 4672K, used 2213K [0x7f800000, 0x7fd10000, 0x84950000)
  eden space 4160K,  40% used [0x7f800000, 0x7f9a9690, 0x7fc10000)
  from space 512K, 100% used [0x7fc10000, 0x7fc90000, 0x7fc90000)
  to   space 512K,   0% used [0x7fc90000, 0x7fc90000, 0x7fd10000)
 tenured generation   total 10368K, used 6501K [0x84950000, 0x85370000, 0x8ec00000)
   the space 10368K,  62% used [0x84950000, 0x84fa9598, 0x84fa9600, 0x85370000)
 compacting perm gen  total 12288K, used 7225K [0x8ec00000, 0x8f800000, 0x92c00000)
   the space 12288K,  58% used [0x8ec00000, 0x8f30e7c0, 0x8f30e800, 0x8f800000)
    ro space 10240K,  48% used [0x92c00000, 0x930d5b48, 0x930d5c00, 0x93600000)
    rw space 12288K,  57% used [0x93600000, 0x93ce29c8, 0x93ce2a00, 0x94200000)

Card table byte_map: [0xb49ee000,0xb4a94000] byte_map_base: 0xb45f2000

Polling page: 0xb7799000

Code Cache  [0xb4b14000, 0xb4c9c000, 0xb6b14000)
 total_blobs=776 nmethods=519 adapters=194 free_code_cache=31222Kb largest_free_block=31970944

Compilation events (10 events):
Event: 14,484 Thread 0x0809ac00  517             java.util.ArrayList::rangeCheck (22 bytes)
Event: 14,485 Thread 0x0809ac00 nmethod 517 0xb4c92c88 code [0xb4c92df0, 0xb4c9308c]
Event: 14,486 Thread 0x0809ac00  518             java.util.ArrayList::get (11 bytes)
Event: 14,486 Thread 0x0809ac00 nmethod 518 0xb4c93308 code [0xb4c93420, 0xb4c93554]
Event: 14,487 Thread 0x0809ac00  519             java.util.zip.ZipEntry::getSize (5 bytes)
Event: 14,487 Thread 0x0809ac00 nmethod 519 0xb4c936c8 code [0xb4c937c0, 0xb4c93840]
Event: 14,488 Thread 0x0809ac00  520  s!         sun.misc.URLClassPath::getLoader (154 bytes)
Event: 14,490 Thread 0x0809ac00 nmethod 520 0xb4c93888 code [0xb4c93bd0, 0xb4c94cd8]
Event: 14,496 Thread 0x0809ac00  521             java.lang.ThreadLocal$ThreadLocalMap::set (136 bytes)
Event: 14,497 Thread 0x0809ac00 nmethod 521 0xb4c95fc8 code [0xb4c96120, 0xb4c96444]

GC Heap History (10 events):
Event: 1,671 GC heap before
{Heap before GC invocations=11 (full 0):
 def new generation   total 4672K, used 4488K [0x7f800000, 0x7fd10000, 0x84950000)
  eden space 4160K, 100% used [0x7f800000, 0x7fc10000, 0x7fc10000)
  from space 512K,  64% used [0x7fc90000, 0x7fce22b0, 0x7fd10000)
  to   space 512K,   0% used [0x7fc10000, 0x7fc10000, 0x7fc90000)
 tenured generation   total 10368K, used 4321K [0x84950000, 0x85370000, 0x8ec00000)
   the space 10368K,  41% used [0x84950000, 0x84d88578, 0x84d88600, 0x85370000)
 compacting perm gen  total 12288K, used 3286K [0x8ec00000, 0x8f800000, 0x92c00000)
   the space 12288K,  26% used [0x8ec00000, 0x8ef358d8, 0x8ef35a00, 0x8f800000)
    ro space 10240K,  48% used [0x92c00000, 0x930d5b48, 0x930d5c00, 0x93600000)
    rw space 12288K,  57% used [0x93600000, 0x93ce29c8, 0x93ce2a00, 0x94200000)
Event: 1,674 GC heap after
Heap after GC invocations=12 (full 0):
 def new generation   total 4672K, used 223K [0x7f800000, 0x7fd10000, 0x84950000)
  eden space 4160K,   0% used [0x7f800000, 0x7f800000, 0x7fc10000)
  from space 512K,  43% used [0x7fc10000, 0x7fc47f68, 0x7fc90000)
  to   space 512K,   0% used [0x7fc90000, 0x7fc90000, 0x7fd10000)
 tenured generation   total 10368K, used 4645K [0x84950000, 0x85370000, 0x8ec00000)
   the space 10368K,  44% used [0x84950000, 0x84dd9548, 0x84dd9600, 0x85370000)
 compacting perm gen  total 12288K, used 3286K [0x8ec00000, 0x8f800000, 0x92c00000)
   the space 12288K,  26% used [0x8ec00000, 0x8ef358d8, 0x8ef35a00, 0x8f800000)
    ro space 10240K,  48% used [0x92c00000, 0x930d5b48, 0x930d5c00, 0x93600000)
    rw space 12288K,  57% used [0x93600000, 0x93ce29c8, 0x93ce2a00, 0x94200000)
}
Event: 1,771 GC heap before
{Heap before GC invocations=12 (full 0):
 def new generation   total 4672K, used 4383K [0x7f800000, 0x7fd10000, 0x84950000)
  eden space 4160K, 100% used [0x7f800000, 0x7fc10000, 0x7fc10000)
  from space 512K,  43% used [0x7fc10000, 0x7fc47f68, 0x7fc90000)
  to   space 512K,   0% used [0x7fc90000, 0x7fc90000, 0x7fd10000)
 tenured generation   total 10368K, used 4645K [0x84950000, 0x85370000, 0x8ec00000)
   the space 10368K,  44% used [0x84950000, 0x84dd9548, 0x84dd9600, 0x85370000)
 compacting perm gen  total 12288K, used 3409K [0x8ec00000, 0x8f800000, 0x92c00000)
   the space 12288K,  27% used [0x8ec00000, 0x8ef547e8, 0x8ef54800, 0x8f800000)
    ro space 10240K,  48% used [0x92c00000, 0x930d5b48, 0x930d5c00, 0x93600000)
    rw space 12288K,  57% used [0x93600000, 0x93ce29c8, 0x93ce2a00, 0x94200000)
Event: 1,774 GC heap after
Heap after GC invocations=13 (full 0):
 def new generation   total 4672K, used 417K [0x7f800000, 0x7fd10000, 0x84950000)
  eden space 4160K,   0% used [0x7f800000, 0x7f800000, 0x7fc10000)
  from space 512K,  81% used [0x7fc90000, 0x7fcf85c8, 0x7fd10000)
  to   space 512K,   0% used [0x7fc10000, 0x7fc10000, 0x7fc90000)
 tenured generation   total 10368K, used 4645K [0x84950000, 0x85370000, 0x8ec00000)
   the space 10368K,  44% used [0x84950000, 0x84dd9548, 0x84dd9600, 0x85370000)
 compacting perm gen  total 12288K, used 3409K [0x8ec00000, 0x8f800000, 0x92c00000)
   the space 12288K,  27% used [0x8ec00000, 0x8ef547e8, 0x8ef54800, 0x8f800000)
    ro space 10240K,  48% used [0x92c00000, 0x930d5b48, 0x930d5c00, 0x93600000)
    rw space 12288K,  57% used [0x93600000, 0x93ce29c8, 0x93ce2a00, 0x94200000)
}
Event: 13,901 GC heap before
{Heap before GC invocations=13 (full 0):
 def new generation   total 4672K, used 4577K [0x7f800000, 0x7fd10000, 0x84950000)
  eden space 4160K, 100% used [0x7f800000, 0x7fc10000, 0x7fc10000)
  from space 512K,  81% used [0x7fc90000, 0x7fcf85c8, 0x7fd10000)
  to   space 512K,   0% used [0x7fc10000, 0x7fc10000, 0x7fc90000)
 tenured generation   total 10368K, used 4645K [0x84950000, 0x85370000, 0x8ec00000)
   the space 10368K,  44% used [0x84950000, 0x84dd9548, 0x84dd9600, 0x85370000)
 compacting perm gen  total 12288K, used 3634K [0x8ec00000, 0x8f800000, 0x92c00000)
   the space 12288K,  29% used [0x8ec00000, 0x8ef8c860, 0x8ef8ca00, 0x8f800000)
    ro space 10240K,  48% used [0x92c00000, 0x930d5b48, 0x930d5c00, 0x93600000)
    rw space 12288K,  57% used [0x93600000, 0x93ce29c8, 0x93ce2a00, 0x94200000)
Event: 13,906 GC heap after
Heap after GC invocations=14 (full 0):
 def new generation   total 4672K, used 401K [0x7f800000, 0x7fd10000, 0x84950000)
  eden space 4160K,   0% used [0x7f800000, 0x7f800000, 0x7fc10000)
  from space 512K,  78% used [0x7fc10000, 0x7fc74558, 0x7fc90000)
  to   space 512K,   0% used [0x7fc90000, 0x7fc90000, 0x7fd10000)
 tenured generation   total 10368K, used 4905K [0x84950000, 0x85370000, 0x8ec00000)
   the space 10368K,  47% used [0x84950000, 0x84e1a5b8, 0x84e1a600, 0x85370000)
 compacting perm gen  total 12288K, used 3634K [0x8ec00000, 0x8f800000, 0x92c00000)
   the space 12288K,  29% used [0x8ec00000, 0x8ef8c860, 0x8ef8ca00, 0x8f800000)
    ro space 10240K,  48% used [0x92c00000, 0x930d5b48, 0x930d5c00, 0x93600000)
    rw space 12288K,  57% used [0x93600000, 0x93ce29c8, 0x93ce2a00, 0x94200000)
}
Event: 14,074 GC heap before
{Heap before GC invocations=14 (full 0):
 def new generation   total 4672K, used 4561K [0x7f800000, 0x7fd10000, 0x84950000)
  eden space 4160K, 100% used [0x7f800000, 0x7fc10000, 0x7fc10000)
  from space 512K,  78% used [0x7fc10000, 0x7fc74558, 0x7fc90000)
  to   space 512K,   0% used [0x7fc90000, 0x7fc90000, 0x7fd10000)
 tenured generation   total 10368K, used 4905K [0x84950000, 0x85370000, 0x8ec00000)
   the space 10368K,  47% used [0x84950000, 0x84e1a5b8, 0x84e1a600, 0x85370000)
 compacting perm gen  total 12288K, used 3948K [0x8ec00000, 0x8f800000, 0x92c00000)
   the space 12288K,  32% used [0x8ec00000, 0x8efdb000, 0x8efdb000, 0x8f800000)
    ro space 10240K,  48% used [0x92c00000, 0x930d5b48, 0x930d5c00, 0x93600000)
    rw space 12288K,  57% used [0x93600000, 0x93ce29c8, 0x93ce2a00, 0x94200000)
Event: 14,082 GC heap after
Heap after GC invocations=15 (full 0):
 def new generation   total 4672K, used 512K [0x7f800000, 0x7fd10000, 0x84950000)
  eden space 4160K,   0% used [0x7f800000, 0x7f800000, 0x7fc10000)
  from space 512K, 100% used [0x7fc90000, 0x7fd10000, 0x7fd10000)
  to   space 512K,   0% used [0x7fc10000, 0x7fc10000, 0x7fc90000)
 tenured generation   total 10368K, used 5686K [0x84950000, 0x85370000, 0x8ec00000)
   the space 10368K,  54% used [0x84950000, 0x84edd9a8, 0x84edda00, 0x85370000)
 compacting perm gen  total 12288K, used 3948K [0x8ec00000, 0x8f800000, 0x92c00000)
   the space 12288K,  32% used [0x8ec00000, 0x8efdb000, 0x8efdb000, 0x8f800000)
    ro space 10240K,  48% used [0x92c00000, 0x930d5b48, 0x930d5c00, 0x93600000)
    rw space 12288K,  57% used [0x93600000, 0x93ce29c8, 0x93ce2a00, 0x94200000)
}
Event: 14,412 GC heap before
{Heap before GC invocations=15 (full 0):
 def new generation   total 4672K, used 4672K [0x7f800000, 0x7fd10000, 0x84950000)
  eden space 4160K, 100% used [0x7f800000, 0x7fc10000, 0x7fc10000)
  from space 512K, 100% used [0x7fc90000, 0x7fd10000, 0x7fd10000)
  to   space 512K,   0% used [0x7fc10000, 0x7fc10000, 0x7fc90000)
 tenured generation   total 10368K, used 5686K [0x84950000, 0x85370000, 0x8ec00000)
   the space 10368K,  54% used [0x84950000, 0x84edd9a8, 0x84edda00, 0x85370000)
 compacting perm gen  total 12288K, used 6785K [0x8ec00000, 0x8f800000, 0x92c00000)
   the space 12288K,  55% used [0x8ec00000, 0x8f2a0660, 0x8f2a0800, 0x8f800000)
    ro space 10240K,  48% used [0x92c00000, 0x930d5b48, 0x930d5c00, 0x93600000)
    rw space 12288K,  57% used [0x93600000, 0x93ce29c8, 0x93ce2a00, 0x94200000)
Event: 14,421 GC heap after
Heap after GC invocations=16 (full 0):
 def new generation   total 4672K, used 512K [0x7f800000, 0x7fd10000, 0x84950000)
  eden space 4160K,   0% used [0x7f800000, 0x7f800000, 0x7fc10000)
  from space 512K, 100% used [0x7fc10000, 0x7fc90000, 0x7fc90000)
  to   space 512K,   0% used [0x7fc90000, 0x7fc90000, 0x7fd10000)
 tenured generation   total 10368K, used 6501K [0x84950000, 0x85370000, 0x8ec00000)
   the space 10368K,  62% used [0x84950000, 0x84fa9598, 0x84fa9600, 0x85370000)
 compacting perm gen  total 12288K, used 6785K [0x8ec00000, 0x8f800000, 0x92c00000)
   the space 12288K,  55% used [0x8ec00000, 0x8f2a0660, 0x8f2a0800, 0x8f800000)
    ro space 10240K,  48% used [0x92c00000, 0x930d5b48, 0x930d5c00, 0x93600000)
    rw space 12288K,  57% used [0x93600000, 0x93ce29c8, 0x93ce2a00, 0x94200000)
}

Deoptimization events (0 events):
No events

Internal exceptions (10 events):
Event: 14,484 Thread 0x08051c00 Threw 0x7f928cf8 at /HUDSON/workspace/7u-2-build-linux-i586/jdk7u80/2329/hotspot/src/share/vm/prims/jvm.cpp:1319
Event: 14,486 Thread 0x08051c00 Threw 0x7f92cf08 at /HUDSON/workspace/7u-2-build-linux-i586/jdk7u80/2329/hotspot/src/share/vm/prims/jvm.cpp:1319
Event: 14,487 Thread 0x08051c00 Threw 0x7f930a50 at /HUDSON/workspace/7u-2-build-linux-i586/jdk7u80/2329/hotspot/src/share/vm/prims/jvm.cpp:1319
Event: 14,490 Thread 0x08051c00 Threw 0x7f934768 at /HUDSON/workspace/7u-2-build-linux-i586/jdk7u80/2329/hotspot/src/share/vm/prims/jvm.cpp:1319
Event: 14,491 Thread 0x08051c00 Threw 0x7f9383c0 at /HUDSON/workspace/7u-2-build-linux-i586/jdk7u80/2329/hotspot/src/share/vm/prims/jvm.cpp:1319
Event: 14,492 Thread 0x08051c00 Threw 0x7f93cb70 at /HUDSON/workspace/7u-2-build-linux-i586/jdk7u80/2329/hotspot/src/share/vm/prims/jvm.cpp:1319
Event: 14,492 Thread 0x08051c00 Threw 0x7f941250 at /HUDSON/workspace/7u-2-build-linux-i586/jdk7u80/2329/hotspot/src/share/vm/prims/jvm.cpp:1319
Event: 14,493 Thread 0x08051c00 Threw 0x7f947788 at /HUDSON/workspace/7u-2-build-linux-i586/jdk7u80/2329/hotspot/src/share/vm/prims/jvm.cpp:1319
Event: 14,493 Thread 0x08051c00 Threw 0x7f94b920 at /HUDSON/workspace/7u-2-build-linux-i586/jdk7u80/2329/hotspot/src/share/vm/prims/jvm.cpp:1319
Event: 14,495 Thread 0x08051c00 Threw 0x7f950310 at /HUDSON/workspace/7u-2-build-linux-i586/jdk7u80/2329/hotspot/src/share/vm/prims/jvm.cpp:1319

Events (10 events):
Event: 23,801 Executing VM operation: RevokeBias done
Event: 23,802 Executing VM operation: RevokeBias
Event: 23,802 Executing VM operation: RevokeBias done
Event: 23,802 Executing VM operation: RevokeBias
Event: 23,802 Executing VM operation: RevokeBias done
Event: 23,802 Thread 0x08593000 Thread exited: 0x08593000
Event: 23,803 Executing VM operation: RevokeBias
Event: 23,803 Executing VM operation: RevokeBias done
Event: 23,803 Thread 0x08099000 Thread exited: 0x08099000
Event: 23,803 Executing VM operation: Exit


Dynamic libraries:
08048000-08049000 r-xp 00000000 08:04 2394621    /usr/java/jdk1.7.0_80/bin/java
08049000-0804a000 rw-p 00000000 08:04 2394621    /usr/java/jdk1.7.0_80/bin/java
0804a000-08672000 rw-p 00000000 00:00 0          [heap]
7f800000-7fd10000 rw-p 00000000 00:00 0 
7fd10000-84950000 rw-p 00000000 00:00 0 
84950000-85370000 rw-p 00000000 00:00 0 
85370000-8ec00000 rw-p 00000000 00:00 0 
8ec00000-8f800000 rw-p 00000000 00:00 0 
8f800000-92c00000 rw-p 00000000 00:00 0 
92c00000-930d6000 r--p 00001000 08:04 287204     /usr/java/jdk1.7.0_80/jre/lib/i386/client/classes.jsa
930d6000-93600000 rw-p 00000000 00:00 0 
93600000-93ce3000 rw-p 004d7000 08:04 287204     /usr/java/jdk1.7.0_80/jre/lib/i386/client/classes.jsa
93ce3000-94200000 rw-p 00000000 00:00 0 
94200000-944b5000 rw-p 00bba000 08:04 287204     /usr/java/jdk1.7.0_80/jre/lib/i386/client/classes.jsa
944b5000-94600000 rw-p 00000000 00:00 0 
94600000-94609000 r-xp 00e6f000 08:04 287204     /usr/java/jdk1.7.0_80/jre/lib/i386/client/classes.jsa
94609000-94a00000 rw-p 00000000 00:00 0 
aeecf000-aefb9000 rw-p 00000000 00:00 0 
aefb9000-aefbc000 ---p 00000000 00:00 0 
aefbc000-af00a000 rw-p 00000000 00:00 0 
af00a000-af00d000 ---p 00000000 00:00 0 
af00d000-af05b000 rw-p 00000000 00:00 0 
af05b000-af05e000 ---p 00000000 00:00 0 
af05e000-af0ac000 rw-p 00000000 00:00 0 
af0ac000-af0ad000 ---p 00000000 00:00 0 
af0ad000-af8ad000 rw-p 00000000 00:00 0 
af8ad000-af8ae000 ---p 00000000 00:00 0 
af8ae000-b00ae000 rw-p 00000000 00:00 0 
b00ae000-b00ee000 r--s 00000000 08:04 2228955    /var/cache/fontconfig/17090aa38d5c6f09fb8c5c354938f1d7-x86.cache-2
b00ee000-b0110000 r--s 00000000 08:04 2228962    /var/cache/fontconfig/8d4af663993b81a124ee82e610bb31f9-x86.cache-2
b0110000-b0150000 r--s 00000000 08:04 2228954    /var/cache/fontconfig/df311e82a1a24c41a75c2c930223552e-x86.cache-2
b0178000-b017b000 ---p 00000000 00:00 0 
b017b000-b01c9000 rw-p 00000000 00:00 0 
b01c9000-b01cd000 r--s 000f7000 08:04 287193     /usr/java/jdk1.7.0_80/jre/lib/ext/localedata.jar
b01cd000-b01d9000 r--s 000af000 08:04 287419     /usr/java/jdk1.7.0_80/jre/lib/resources.jar
b01d9000-b0239000 r-xp 00000000 08:04 287400     /usr/java/jdk1.7.0_80/jre/lib/i386/libt2k.so
b0239000-b023d000 rw-p 00060000 08:04 287400     /usr/java/jdk1.7.0_80/jre/lib/i386/libt2k.so
b023d000-b0241000 rw-p 00000000 00:00 0 
b0241000-b025c000 r-xp 00000000 08:04 1843825    /lib/libgcc_s.so.1
b025c000-b025d000 r--p 0001a000 08:04 1843825    /lib/libgcc_s.so.1
b025d000-b025e000 rw-p 0001b000 08:04 1843825    /lib/libgcc_s.so.1
b0261000-b0263000 r--s 00015000 08:04 1966236    /home/cajero/workspace/Client/lib/xpp3.jar
b0263000-b0266000 r--s 00029000 08:04 1966235    /home/cajero/workspace/Client/lib/stax.jar
b0266000-b026f000 r--s 00051000 08:04 1966233    /home/cajero/workspace/Client/lib/simple-xml.jar
b026f000-b0276000 r--s 00000000 08:04 2228958    /var/cache/fontconfig/77e41c5059666d75f92e318d4be8c21e-x86.cache-2
b0276000-b028b000 r--s 00000000 08:04 2228963    /var/cache/fontconfig/7ef2298fde41cc6eeb7af42e48b7d293-x86.cache-2
b028b000-b02ec000 r-xp 00000000 08:04 287360     /usr/java/jdk1.7.0_80/jre/lib/i386/libfontmanager.so
b02ec000-b02ef000 rw-p 00060000 08:04 287360     /usr/java/jdk1.7.0_80/jre/lib/i386/libfontmanager.so
b02ef000-b02f3000 rw-p 00000000 00:00 0 
b02f3000-b02f6000 ---p 00000000 00:00 0 
b02f6000-b0344000 rw-p 00000000 00:00 0 
b0344000-b0347000 ---p 00000000 00:00 0 
b0347000-b0395000 rw-p 00000000 00:00 0 
b0395000-b03b1000 r-xp 00000000 08:04 2313747    /usr/lib/libxcb.so.1.0.0
b03b1000-b03b2000 r--p 0001b000 08:04 2313747    /usr/lib/libxcb.so.1.0.0
b03b2000-b03b3000 rw-p 0001c000 08:04 2313747    /usr/lib/libxcb.so.1.0.0
b03b3000-b03b4000 r-xp 00000000 08:04 2313737    /usr/lib/libxcb-xlib.so.0.0.0
b03b4000-b03b5000 r--p 00000000 08:04 2313737    /usr/lib/libxcb-xlib.so.0.0.0
b03b5000-b03b6000 rw-p 00001000 08:04 2313737    /usr/lib/libxcb-xlib.so.0.0.0
b03b6000-b03bf000 r-xp 00000000 08:04 1310996    /usr/lib/libXi.so.6.0.0
b03bf000-b03c0000 r--p 00008000 08:04 1310996    /usr/lib/libXi.so.6.0.0
b03c0000-b03c1000 rw-p 00009000 08:04 1310996    /usr/lib/libXi.so.6.0.0
b03c1000-b03c6000 r-xp 00000000 08:04 1311006    /usr/lib/libXtst.so.6.1.0
b03c6000-b03c7000 r--p 00004000 08:04 1311006    /usr/lib/libXtst.so.6.1.0
b03c7000-b03c8000 rw-p 00005000 08:04 1311006    /usr/lib/libXtst.so.6.1.0
b03c8000-b03d0000 r-xp 00000000 08:04 1310834    /usr/lib/libXrender.so.1.3.0
b03d0000-b03d1000 r--p 00007000 08:04 1310834    /usr/lib/libXrender.so.1.3.0
b03d1000-b03d2000 rw-p 00008000 08:04 1310834    /usr/lib/libXrender.so.1.3.0
b03d2000-b0501000 r-xp 00000000 08:04 1310767    /usr/lib/libX11.so.6.2.0
b0501000-b0502000 r--p 0012f000 08:04 1310767    /usr/lib/libX11.so.6.2.0
b0502000-b0505000 rw-p 00130000 08:04 1310767    /usr/lib/libX11.so.6.2.0
b0506000-b0507000 r--s 00002000 08:04 1966272    /home/cajero/workspace/Client/lib/Client-Side.jar
b0507000-b0509000 r--s 00005000 08:04 1966234    /home/cajero/workspace/Client/lib/stax-api.jar
b0509000-b050e000 r--s 00000000 08:04 2228957    /var/cache/fontconfig/d62e99ef547d1d24cdb1bd22ec1a2976-x86.cache-2
b050e000-b051c000 r-xp 00000000 08:04 287392     /usr/java/jdk1.7.0_80/jre/lib/i386/libnio.so
b051c000-b051d000 rw-p 0000e000 08:04 287392     /usr/java/jdk1.7.0_80/jre/lib/i386/libnio.so
b051d000-b0521000 r-xp 00000000 08:04 1310836    /usr/lib/libXfixes.so.3.1.0
b0521000-b0522000 r--p 00003000 08:04 1310836    /usr/lib/libXfixes.so.3.1.0
b0522000-b0523000 rw-p 00004000 08:04 1310836    /usr/lib/libXfixes.so.3.1.0
b0523000-b052c000 r-xp 00000000 08:04 1310982    /usr/lib/libXcursor.so.1.0.2
b052c000-b052d000 r--p 00008000 08:04 1310982    /usr/lib/libXcursor.so.1.0.2
b052d000-b052e000 rw-p 00009000 08:04 1310982    /usr/lib/libXcursor.so.1.0.2
b052e000-b0530000 r-xp 00000000 08:04 2435454    /usr/lib/gconv/ISO8859-1.so
b0530000-b0531000 r--p 00001000 08:04 2435454    /usr/lib/gconv/ISO8859-1.so
b0531000-b0532000 rw-p 00002000 08:04 2435454    /usr/lib/gconv/ISO8859-1.so
b0532000-b057b000 r-xp 00000000 08:04 295557     /usr/java/jdk1.7.0_80/jre/lib/i386/xawt/libmawt.so
b057b000-b057d000 rw-p 00049000 08:04 295557     /usr/java/jdk1.7.0_80/jre/lib/i386/xawt/libmawt.so
b057d000-b057e000 rw-p 00000000 00:00 0 
b057e000-b0604000 r-xp 00000000 08:04 287356     /usr/java/jdk1.7.0_80/jre/lib/i386/libawt.so
b0604000-b060b000 rw-p 00086000 08:04 287356     /usr/java/jdk1.7.0_80/jre/lib/i386/libawt.so
b060b000-b062f000 rw-p 00000000 00:00 0 
b062f000-b0630000 ---p 00000000 00:00 0 
b0630000-b0e30000 rw-p 00000000 00:00 0 
b0e30000-b0e31000 ---p 00000000 00:00 0 
b0e31000-b1631000 rw-p 00000000 00:00 0 
b1631000-b1632000 ---p 00000000 00:00 0 
b1632000-b1e32000 rw-p 00000000 00:00 0 
b1e32000-b1e33000 ---p 00000000 00:00 0 
b1e33000-b2633000 rw-p 00000000 00:00 0 
b2663000-b2664000 ---p 00000000 00:00 0 
b2664000-b2e64000 rw-p 00000000 00:00 0 
b2e64000-b2e69000 r-xp 00000000 08:04 174766     /opt/DigitalPersona/urusdk-linux/Linux/lib/x86/libdpDrvDatApi.so.2.0.0.8
b2e69000-b2e6a000 rw-p 00005000 08:04 174766     /opt/DigitalPersona/urusdk-linux/Linux/lib/x86/libdpDrvDatApi.so.2.0.0.8
b2e6a000-b2e79000 r-xp 00000000 08:04 174769     /opt/DigitalPersona/urusdk-linux/Linux/lib/x86/libdpFC.so.2.0.0.8
b2e79000-b2e7a000 rw-p 0000f000 08:04 174769     /opt/DigitalPersona/urusdk-linux/Linux/lib/x86/libdpFC.so.2.0.0.8
b2e7a000-b2e7e000 r-xp 00000000 08:04 174793     /opt/DigitalPersona/urusdk-linux/Linux/lib/x86/libdpUsbAda.so.2.0.0.8
b2e7e000-b2e7f000 rw-p 00003000 08:04 174793     /opt/DigitalPersona/urusdk-linux/Linux/lib/x86/libdpUsbAda.so.2.0.0.8
b2e7f000-b2e8a000 r-xp 00000000 08:04 174784     /opt/DigitalPersona/urusdk-linux/Linux/lib/x86/libdpI00701.so.2.0.0.8
b2e8a000-b2e8b000 rw-p 0000a000 08:04 174784     /opt/DigitalPersona/urusdk-linux/Linux/lib/x86/libdpI00701.so.2.0.0.8
b2e8b000-b2ea3000 r-xp 00000000 08:04 174757     /opt/DigitalPersona/urusdk-linux/Linux/lib/x86/libdpD00701.so.2.0.0.8
b2ea3000-b2ea4000 rw-p 00018000 08:04 174757     /opt/DigitalPersona/urusdk-linux/Linux/lib/x86/libdpD00701.so.2.0.0.8
b2ea4000-b2eab000 r-xp 00000000 08:04 174760     /opt/DigitalPersona/urusdk-linux/Linux/lib/x86/libdpDevMgr.so.2.0.0.8
b2eab000-b2eac000 rw-p 00006000 08:04 174760     /opt/DigitalPersona/urusdk-linux/Linux/lib/x86/libdpDevMgr.so.2.0.0.8
b2eac000-b2eaf000 r-xp 00000000 08:04 174787     /opt/DigitalPersona/urusdk-linux/Linux/lib/x86/libdpObjMgr.so.2.0.0.8
b2eaf000-b2eb0000 rw-p 00002000 08:04 174787     /opt/DigitalPersona/urusdk-linux/Linux/lib/x86/libdpObjMgr.so.2.0.0.8
b2eb0000-b2eb6000 r-xp 00000000 08:04 174763     /opt/DigitalPersona/urusdk-linux/Linux/lib/x86/libdpDrvApi.so.2.0.0.8
b2eb6000-b2eb7000 rw-p 00005000 08:04 174763     /opt/DigitalPersona/urusdk-linux/Linux/lib/x86/libdpDrvApi.so.2.0.0.8
b2ebb000-b2ec2000 rw-p 00000000 00:00 0 
b2ec2000-b2eca000 r-xp 00000000 08:04 174775     /opt/DigitalPersona/urusdk-linux/Linux/lib/x86/libdpfpdd.so.2.2.3
b2eca000-b2ecb000 rw-p 00007000 08:04 174775     /opt/DigitalPersona/urusdk-linux/Linux/lib/x86/libdpfpdd.so.2.2.3
b2ecb000-b2ecc000 r--s 00007000 08:04 1966232    /home/cajero/workspace/Client/lib/samples-utils.jar
b2ecc000-b2ecd000 r--s 009af000 08:04 1966231    /home/cajero/workspace/Client/lib/neurotec-native-macosx-universal.jar
b2ecd000-b2ecf000 r-xp 00000000 08:04 2313267    /usr/lib/libXau.so.6.0.0
b2ecf000-b2ed0000 r--p 00001000 08:04 2313267    /usr/lib/libXau.so.6.0.0
b2ed0000-b2ed1000 rw-p 00002000 08:04 2313267    /usr/lib/libXau.so.6.0.0
b2ed1000-b2ee0000 r-xp 00000000 08:04 1310838    /usr/lib/libXext.so.6.4.0
b2ee0000-b2ee1000 r--p 0000e000 08:04 1310838    /usr/lib/libXext.so.6.4.0
b2ee1000-b2ee2000 rw-p 0000f000 08:04 1310838    /usr/lib/libXext.so.6.4.0
b2ee2000-b2ef7000 r-xp 00000000 08:04 287391     /usr/java/jdk1.7.0_80/jre/lib/i386/libnet.so
b2ef7000-b2ef8000 rw-p 00015000 08:04 287391     /usr/java/jdk1.7.0_80/jre/lib/i386/libnet.so
b2ef8000-b2efd000 r-xp 00000000 08:04 1966241    /home/cajero/workspace/Client/libHuellas/linux-32 bits/FScanners/NdmDigitalPersonaUareU/NdmDigitalPersonaUareU.so
b2efd000-b2efe000 rw-p 00005000 08:04 1966241    /home/cajero/workspace/Client/libHuellas/linux-32 bits/FScanners/NdmDigitalPersonaUareU/NdmDigitalPersonaUareU.so
b2efe000-b2f09000 r-xp 00000000 08:04 1966243    /home/cajero/workspace/Client/libHuellas/linux-32 bits/NdmMedia.so
b2f09000-b2f0a000 rw-p 0000a000 08:04 1966243    /home/cajero/workspace/Client/libHuellas/linux-32 bits/NdmMedia.so
b2f0a000-b2f1f000 r-xp 00000000 08:04 1966244    /home/cajero/workspace/Client/libHuellas/linux-32 bits/NdmVirtual.so
b2f1f000-b2f24000 rw-p 00014000 08:04 1966244    /home/cajero/workspace/Client/libHuellas/linux-32 bits/NdmVirtual.so
b2f24000-b2f25000 ---p 00000000 00:00 0 
b2f25000-b3725000 rw-p 00000000 00:00 0 
b3725000-b3727000 rwxp 00000000 00:00 0 
b3727000-b3756000 r-xp 00000000 08:04 1966251    /home/cajero/workspace/Client/libHuellas/linux-32 bits/libNLicensing.so
b3756000-b3761000 rw-p 0002f000 08:04 1966251    /home/cajero/workspace/Client/libHuellas/linux-32 bits/libNLicensing.so
b3761000-b3762000 rw-p 00000000 00:00 0 
b3762000-b38bf000 r-xp 00000000 08:04 1966245    /home/cajero/workspace/Client/libHuellas/linux-32 bits/libNBiometricClient.so
b38bf000-b38c8000 rw-p 0015d000 08:04 1966245    /home/cajero/workspace/Client/libHuellas/linux-32 bits/libNBiometricClient.so
b38c8000-b38f0000 r-xp 00000000 08:04 1966250    /home/cajero/workspace/Client/libHuellas/linux-32 bits/libNDevices.so
b38f0000-b38fb000 rw-p 00027000 08:04 1966250    /home/cajero/workspace/Client/libHuellas/linux-32 bits/libNDevices.so
b38fb000-b3904000 rwxp 00000000 00:00 0 
b3904000-b3e82000 r-xp 00000000 08:04 1966246    /home/cajero/workspace/Client/libHuellas/linux-32 bits/libNBiometrics.so
b3e82000-b3eeb000 rw-p 0057d000 08:04 1966246    /home/cajero/workspace/Client/libHuellas/linux-32 bits/libNBiometrics.so
b3eeb000-b3ef1000 rw-p 00000000 00:00 0 
b3ef1000-b3f4c000 r-xp 00000000 08:04 1966253    /home/cajero/workspace/Client/libHuellas/linux-32 bits/libNMediaProc.so
b3f4c000-b3f56000 rw-p 0005a000 08:04 1966253    /home/cajero/workspace/Client/libHuellas/linux-32 bits/libNMediaProc.so
b3f56000-b4111000 r-xp 00000000 08:04 1966252    /home/cajero/workspace/Client/libHuellas/linux-32 bits/libNMedia.so
b4111000-b412b000 rw-p 001bb000 08:04 1966252    /home/cajero/workspace/Client/libHuellas/linux-32 bits/libNMedia.so
b412b000-b412c000 rw-p 00000000 00:00 0 
b412c000-b4130000 rwxp 00000000 00:00 0 
b4130000-b4135000 r--s 00038000 08:04 1966230    /home/cajero/workspace/Client/lib/neurotec-media.jar
b4135000-b4136000 r--s 00004000 08:04 1966229    /home/cajero/workspace/Client/lib/neurotec-media-processing.jar
b4136000-b4138000 r--s 0000a000 08:04 1966228    /home/cajero/workspace/Client/lib/neurotec-licensing.jar
b4138000-b4139000 r--p 00000000 00:00 0 
b4139000-b413a000 rwxp 00000000 00:00 0 
b413a000-b4158000 r--p 00000000 08:04 2419102    /usr/share/locale/es/LC_MESSAGES/libc.mo
b4158000-b42d6000 r-xp 00000000 08:04 1966249    /home/cajero/workspace/Client/libHuellas/linux-32 bits/libNCore.so
b42d6000-b42e7000 rw-p 0017e000 08:04 1966249    /home/cajero/workspace/Client/libHuellas/linux-32 bits/libNCore.so
b42e7000-b42e9000 rw-p 00000000 00:00 0 
b42e9000-b42fd000 r-xp 00000000 08:04 1860823    /tmp/jna-cajero/jna4887364817179922494.tmp (deleted)
b42fd000-b42fe000 rw-p 00014000 08:04 1860823    /tmp/jna-cajero/jna4887364817179922494.tmp (deleted)
b42fe000-b4301000 r--s 00019000 08:04 287406     /usr/java/jdk1.7.0_80/jre/lib/jce.jar
b4301000-b4305000 r--s 0008b000 08:04 287420     /usr/java/jdk1.7.0_80/jre/lib/jsse.jar
b4305000-b430c000 r--s 0002d000 08:04 1966227    /home/cajero/workspace/Client/lib/neurotec-devices.jar
b430c000-b430e000 r--s 00005000 08:04 1966226    /home/cajero/workspace/Client/lib/neurotec-devices-virtual.jar
b430e000-b431b000 r--s 000a0000 08:04 1966225    /home/cajero/workspace/Client/lib/neurotec-core.jar
b431b000-b432d000 r--s 000e3000 08:04 1966224    /home/cajero/workspace/Client/lib/neurotec-biometrics.jar
b432d000-b432f000 r--s 0000b000 08:04 1966223    /home/cajero/workspace/Client/lib/neurotec-biometrics-client.jar
b432f000-b4332000 r--s 000a6000 08:04 1966222    /home/cajero/workspace/Client/lib/jna.jar
b4332000-b4336000 r--s 0002a000 08:04 1966221    /home/cajero/workspace/Client/lib/commons-io.jar
b4336000-b4337000 ---p 00000000 00:00 0 
b4337000-b43b7000 rw-p 00000000 00:00 0 
b43b7000-b43ba000 ---p 00000000 00:00 0 
b43ba000-b4408000 rw-p 00000000 00:00 0 
b4408000-b440b000 ---p 00000000 00:00 0 
b440b000-b4489000 rw-p 00000000 00:00 0 
b4489000-b448c000 ---p 00000000 00:00 0 
b448c000-b4525000 rw-p 00000000 00:00 0 
b4525000-b46e5000 r--s 039fb000 08:04 287422     /usr/java/jdk1.7.0_80/jre/lib/rt.jar
b46e5000-b4724000 r--p 00000000 08:04 49629      /usr/lib/locale/es_ES.utf8/LC_CTYPE
b4724000-b4725000 r--p 00000000 08:04 49605      /usr/lib/locale/es_ES.utf8/LC_NUMERIC
b4725000-b4726000 r--p 00000000 08:04 34267      /usr/lib/locale/es_ES.utf8/LC_TIME
b4726000-b4843000 r--p 00000000 08:04 49630      /usr/lib/locale/es_ES.utf8/LC_COLLATE
b4843000-b4844000 r--p 00000000 08:04 49607      /usr/lib/locale/es_ES.utf8/LC_MONETARY
b4844000-b4845000 r--p 00000000 08:04 42251      /usr/lib/locale/es_ES.utf8/LC_MESSAGES/SYS_LC_MESSAGES
b4845000-b4846000 r--p 00000000 08:04 49626      /usr/lib/locale/es_ES.utf8/LC_PAPER
b4846000-b4847000 r--p 00000000 08:04 49606      /usr/lib/locale/es_ES.utf8/LC_NAME
b4847000-b4848000 r--p 00000000 08:04 34843      /usr/lib/locale/es_ES.utf8/LC_ADDRESS
b4848000-b4849000 r--p 00000000 08:04 34842      /usr/lib/locale/es_ES.utf8/LC_TELEPHONE
b4849000-b484a000 r--p 00000000 08:04 49628      /usr/lib/locale/es_ES.utf8/LC_MEASUREMENT
b484a000-b4851000 r--s 00000000 08:04 2435517    /usr/lib/gconv/gconv-modules.cache
b4851000-b4854000 ---p 00000000 00:00 0 
b4854000-b48a2000 rw-p 00000000 00:00 0 
b48a2000-b48a5000 ---p 00000000 00:00 0 
b48a5000-b48f3000 rw-p 00000000 00:00 0 
b48f3000-b48f4000 ---p 00000000 00:00 0 
b48f4000-b4982000 rw-p 00000000 00:00 0 
b4982000-b499c000 rw-p 00000000 00:00 0 
b499c000-b49a2000 rw-p 00000000 00:00 0 
b49a2000-b49ee000 rw-p 00000000 00:00 0 
b49ee000-b49f1000 rw-p 00000000 00:00 0 
b49f1000-b4a16000 rw-p 00000000 00:00 0 
b4a16000-b4a1c000 rw-p 00000000 00:00 0 
b4a1c000-b4a68000 rw-p 00000000 00:00 0 
b4a68000-b4a6e000 rw-p 00000000 00:00 0 
b4a6e000-b4a88000 rw-p 00000000 00:00 0 
b4a88000-b4a9b000 rw-p 00000000 00:00 0 
b4a9b000-b4b14000 rw-p 00000000 00:00 0 
b4b14000-b4c9c000 rwxp 00000000 00:00 0 
b4c9c000-b6b14000 rw-p 00000000 00:00 0 
b6b14000-b6b1c000 rw-s 00000000 08:04 1860819    /tmp/hsperfdata_cajero/3929 (deleted)
b6b1c000-b6b51000 r--s 00000000 08:04 2229045    /var/run/nscd/passwd
b6b51000-b6b74000 r-xp 00000000 08:04 287370     /usr/java/jdk1.7.0_80/jre/lib/i386/libjava.so
b6b74000-b6b75000 rw-p 00023000 08:04 287370     /usr/java/jdk1.7.0_80/jre/lib/i386/libjava.so
b6b75000-b6b7d000 r-xp 00000000 08:04 1843791    /lib/librt-2.11.3.so
b6b7d000-b6b7e000 r--p 00007000 08:04 1843791    /lib/librt-2.11.3.so
b6b7e000-b6b7f000 rw-p 00008000 08:04 1843791    /lib/librt-2.11.3.so
b6b7f000-b6b82000 ---p 00000000 00:00 0 
b6b82000-b6bd0000 rw-p 00000000 00:00 0 
b6bd0000-b6bf7000 r-xp 00000000 08:04 1843769    /lib/libm-2.11.3.so
b6bf7000-b6bf8000 r--p 00026000 08:04 1843769    /lib/libm-2.11.3.so
b6bf8000-b6bf9000 rw-p 00027000 08:04 1843769    /lib/libm-2.11.3.so
b6bf9000-b718e000 r-xp 00000000 08:04 287345     /usr/java/jdk1.7.0_80/jre/lib/i386/client/libjvm.so
b718e000-b71af000 rw-p 00595000 08:04 287345     /usr/java/jdk1.7.0_80/jre/lib/i386/client/libjvm.so
b71af000-b75d0000 rw-p 00000000 00:00 0 
b75d0000-b773c000 r-xp 00000000 08:04 1843761    /lib/libc-2.11.3.so
b773c000-b773d000 ---p 0016c000 08:04 1843761    /lib/libc-2.11.3.so
b773d000-b773f000 r--p 0016c000 08:04 1843761    /lib/libc-2.11.3.so
b773f000-b7740000 rw-p 0016e000 08:04 1843761    /lib/libc-2.11.3.so
b7740000-b7744000 rw-p 00000000 00:00 0 
b7744000-b7747000 r-xp 00000000 08:04 1843767    /lib/libdl-2.11.3.so
b7747000-b7748000 r--p 00002000 08:04 1843767    /lib/libdl-2.11.3.so
b7748000-b7749000 rw-p 00003000 08:04 1843767    /lib/libdl-2.11.3.so
b7749000-b775d000 r-xp 00000000 08:04 264696     /usr/java/jdk1.7.0_80/lib/i386/jli/libjli.so
b775d000-b775e000 rw-p 00013000 08:04 264696     /usr/java/jdk1.7.0_80/lib/i386/jli/libjli.so
b775e000-b7775000 r-xp 00000000 08:04 1843787    /lib/libpthread-2.11.3.so
b7775000-b7776000 r--p 00016000 08:04 1843787    /lib/libpthread-2.11.3.so
b7776000-b7777000 rw-p 00017000 08:04 1843787    /lib/libpthread-2.11.3.so
b7777000-b7779000 rw-p 00000000 00:00 0 
b7779000-b777a000 r--p 00000000 08:04 34265      /usr/lib/locale/es_ES.utf8/LC_IDENTIFICATION
b777a000-b7780000 rw-p 00000000 00:00 0 
b7780000-b7797000 r-xp 00000000 08:04 287403     /usr/java/jdk1.7.0_80/jre/lib/i386/libzip.so
b7797000-b7798000 rw-p 00016000 08:04 287403     /usr/java/jdk1.7.0_80/jre/lib/i386/libzip.so
b7798000-b7799000 rw-p 00000000 00:00 0 
b7799000-b779a000 ---p 00000000 00:00 0 
b779a000-b77a5000 r-xp 00000000 08:04 287402     /usr/java/jdk1.7.0_80/jre/lib/i386/libverify.so
b77a5000-b77a6000 rw-p 0000b000 08:04 287402     /usr/java/jdk1.7.0_80/jre/lib/i386/libverify.so
b77a6000-b77a7000 rw-p 00000000 00:00 0 
b77a7000-b77c6000 r-xp 00000000 08:04 1843754    /lib/ld-2.11.3.so
b77c6000-b77c7000 r--p 0001e000 08:04 1843754    /lib/ld-2.11.3.so
b77c7000-b77c8000 rw-p 0001f000 08:04 1843754    /lib/ld-2.11.3.so
bfb74000-bfb75000 rwxp 00000000 00:00 0 
bfba6000-bfbc8000 rw-p 00000000 00:00 0          [stack]
ffffe000-fffff000 r-xp 00000000 00:00 0          [vdso]

VM Arguments:
jvm_args: -Dfile.encoding=UTF-8 
java_command: webServices.ClienteWS
Launcher Type: SUN_STANDARD

Environment Variables:
CLASSPATH=:/usr/local/NCRRetail:/usr/local/NCRRetail/jar/NCRRetailCommon.jar:/usr/local/NCRRetail/jar/jpos.jar:/usr/local/NCRRetail/jar/NCRJavaPOS.jar:/usr/local/NCRRetail/jar/jcl_editor.jar:/usr/local/NCRRetail/jar/xerces.jar:/usr/local/NCRRetail/jar/NCRConfigManager.jar:/usr/local/NCRRetail/jar/NCRSystemMonitor.jar
PATH=/home/cajero/bin:/usr/local/bin:/usr/bin:/bin:/usr/bin/X11:/usr/X11R6/bin:/usr/games:/usr/lib/mit/bin:/usr/lib/mit/sbin
USERNAME=cajero
LD_LIBRARY_PATH=/usr/java/jdk1.7.0_80/jre/lib/i386/client:/usr/java/jdk1.7.0_80/jre/lib/i386:/home/cajero/workspace/Client/libHuellas/linux-32 bits/
SHELL=/bin/bash
DISPLAY=:0.0
HOSTTYPE=i386
OSTYPE=linux
MACHTYPE=i686-suse-linux

Signal Handlers:
SIGSEGV: [libjvm.so+0x511b30], sa_mask[0]=0x7ffbfeff, sa_flags=0x10000004
SIGBUS: [libjvm.so+0x511b30], sa_mask[0]=0x7ffbfeff, sa_flags=0x10000004
SIGFPE: [libjvm.so+0x406570], sa_mask[0]=0x7ffbfeff, sa_flags=0x10000004
SIGPIPE: [libjvm.so+0x406570], sa_mask[0]=0x7ffbfeff, sa_flags=0x10000004
SIGXFSZ: [libjvm.so+0x406570], sa_mask[0]=0x7ffbfeff, sa_flags=0x10000004
SIGILL: [libjvm.so+0x406570], sa_mask[0]=0x7ffbfeff, sa_flags=0x10000004
SIGUSR1: SIG_DFL, sa_mask[0]=0x00000000, sa_flags=0x00000000
SIGUSR2: [libjvm.so+0x407de0], sa_mask[0]=0x00000004, sa_flags=0x10000004
SIGHUP: [libjvm.so+0x409110], sa_mask[0]=0x7ffbfeff, sa_flags=0x10000004
SIGINT: [libjvm.so+0x409110], sa_mask[0]=0x7ffbfeff, sa_flags=0x10000004
SIGTERM: [libjvm.so+0x409110], sa_mask[0]=0x7ffbfeff, sa_flags=0x10000004
SIGQUIT: [libjvm.so+0x409110], sa_mask[0]=0x7ffbfeff, sa_flags=0x10000004


---------------  S Y S T E M  ---------------

OS:SUSE Linux Enterprise Server 11 (i586)
VERSION = 11
PATCHLEVEL = 4

uname:Linux 3.0.101-63-pae #1 SMP Tue Jun 23 16:02:31 UTC 2015 (4b89d0c) i686
libc:glibc 2.11.3 NPTL 2.11.3 
rlimit: STACK 8192k, CORE 1k, NPROC 7679, NOFILE 8192, AS 2020800k
load average:0,18 0,24 0,17

/proc/meminfo:
MemTotal:         991720 kB
MemFree:           87576 kB
Buffers:           17944 kB
Cached:           470276 kB
SwapCached:            0 kB
Active:           488312 kB
Inactive:         364640 kB
Active(anon):     365112 kB
Inactive(anon):    34920 kB
Active(file):     123200 kB
Inactive(file):   329720 kB
Unevictable:           0 kB
Mlocked:               0 kB
HighTotal:        110152 kB
HighFree:           1480 kB
LowTotal:         881568 kB
LowFree:           86096 kB
SwapTotal:       1534200 kB
SwapFree:        1534200 kB
Dirty:               244 kB
Writeback:             0 kB
AnonPages:        364804 kB
Mapped:            71796 kB
Shmem:             35248 kB
Slab:              28848 kB
SReclaimable:      16648 kB
SUnreclaim:        12200 kB
KernelStack:        2552 kB
PageTables:         3256 kB
NFS_Unstable:          0 kB
Bounce:                0 kB
WritebackTmp:          0 kB
CommitLimit:     2030060 kB
Committed_AS:    1011684 kB
VmallocTotal:     122880 kB
VmallocUsed:       19352 kB
VmallocChunk:     102400 kB
HardwareCorrupted:     0 kB
AnonHugePages:    266240 kB
HugePages_Total:       0
HugePages_Free:        0
HugePages_Rsvd:        0
HugePages_Surp:        0
Hugepagesize:       2048 kB
DirectMap4k:       16376 kB
DirectMap2M:      886784 kB


CPU:total 1 (1 cores per cpu, 1 threads per core) family 6 model 23 stepping 10, cmov, cx8, fxsr, mmx, sse, sse2, sse3, ssse3, tsc

/proc/cpuinfo:
processor	: 0
vendor_id	: GenuineIntel
cpu family	: 6
model		: 23
model name	: Intel(R) Celeron(R) CPU          900  @ 2.20GHz
stepping	: 10
microcode	: 2571
cpu MHz		: 2194.486
cache size	: 1024 KB
fdiv_bug	: no
hlt_bug		: no
f00f_bug	: no
coma_bug	: no
fpu		: yes
fpu_exception	: yes
cpuid level	: 13
wp		: yes
flags		: fpu vme de pse tsc msr pae mce cx8 apic sep mtrr pge mca cmov pat pse36 clflush dts acpi mmx fxsr sse sse2 ss tm pbe nx lm constant_tsc up arch_perfmon pebs bts aperfmperf pni dtes64 monitor ds_cpl tm2 ssse3 cx16 xtpr pdcm xsave lahf_lm dtherm
bogomips	: 4388.97
clflush size	: 64
cache_alignment	: 64
address sizes	: 36 bits physical, 48 bits virtual
power management:



Memory: 4k page, physical 991720k(87576k free), swap 1534200k(1534200k free)

vm_info: Java HotSpot(TM) Client VM (24.80-b11) for linux-x86 JRE (1.7.0_80-b15), built on Apr 10 2015 12:41:05 by "java_re" with gcc 4.3.0 20080428 (Red Hat 4.3.0-8)

time: Thu Sep 15 07:15:44 2016
elapsed time: 24 seconds

