#
# A fatal error has been detected by the Java Runtime Environment:
#
#  SIGSEGV (0xb) at pc=0xb2d154e0, pid=5821, tid=3029105520
#
# JRE version: Java(TM) SE Runtime Environment (7.0_80-b15) (build 1.7.0_80-b15)
# Java VM: Java HotSpot(TM) Client VM (24.80-b11 mixed mode, sharing linux-x86 )
# Problematic frame:
# C  [libdpfpdd.so+0x34e0]  _init+0x23dc
#
# Core dump written. Default location: /home/cajero/workspace/Client/core or core.5821 (max size 1 kB). To ensure a full core dump, try "ulimit -c unlimited" before starting Java again
#
# If you would like to submit a bug report, please visit:
#   http://bugreport.java.com/bugreport/crash.jsp
#

---------------  T H R E A D  ---------------

Current thread (0x08071400):  VMThread [stack: 0xb4847000,0xb48c8000] [id=5828]

siginfo:si_signo=SIGSEGV: si_errno=0, si_code=1 (SEGV_MAPERR), si_addr=0x456b3f0c

Registers:
EAX=0xb2d1aba0, EBX=0xb2d1ad3c, ECX=0x08389e1c, EDX=0x456b3e98
ESP=0xb48c69a0, EBP=0xb48c69f8, ESI=0x456b3f0c, EDI=0x08389f2c
EIP=0xb2d154e0, EFLAGS=0x00010206, CR2=0x456b3f0c

Top of Stack: (sp=0xb48c69a0)
0xb48c69a0:   08389f2c b2d19889 00000000 b4231598
0xb48c69b0:   00000000 b48c69cc b48c69dc 456b3e98
0xb48c69c0:   0838d3f8 b7710010 0000018c b4231598
0xb48c69d0:   0838d3f8 b48c6abc b48c6a08 00000000
0xb48c69e0:   b48c7b70 00000000 b2d19889 b2d1ad3c
0xb48c69f0:   b2d4d320 b48c6abc b48c6a08 b2d17180
0xb48c6a00:   b2d1ae34 b2d4d194 b48c6a38 b2d49e63
0xb48c6a10:   00000000 b2d4d344 00000000 b48c6a28 

Instructions: (pc=0xb2d154e0)
0xb2d154c0:   c4 0f 84 93 01 00 00 8b 93 d4 ff ff ff 81 6d c4
0xb2d154d0:   84 00 00 00 8b 75 c4 8d 42 08 8b 55 c4 83 c6 74
0xb2d154e0:   89 42 74 8b 46 04 85 c0 74 08 89 04 24 e8 aa de
0xb2d154f0:   ff ff 8b 93 e8 ff ff ff c7 46 04 00 00 00 00 c7 

Register to memory mapping:

EAX=
[error occurred during error reporting (printing register info), id 0xb]

Stack: [0xb4847000,0xb48c8000],  sp=0xb48c69a0,  free space=510k
Native frames: (J=compiled Java code, j=interpreted, Vv=VM code, C=native code)
C  [libdpfpdd.so+0x34e0]  _init+0x23dc
C  [libdpfpdd.so+0x5180]  dpfpdd_exit+0x20
C  [NdmDigitalPersonaUareU.so+0x1e63]  abort@@GLIBC_2.0+0x1e63
C  [NdmDigitalPersonaUareU.so+0x21f5]  abort@@GLIBC_2.0+0x21f5
C  [libNCore.so+0x14af0b]  NPluginGetState+0x1cab
C  [libNCore.so+0x14babc]  NPluginEnable+0x54c
C  [libNCore.so+0x14c454]  NPluginEnable+0xee4
C  [libNCore.so+0x14c54a]  NPluginUnplug+0xda
C  [NdmDigitalPersonaUareU.so+0x401e]  abort@@GLIBC_2.0+0x401e
C  [libNCore.so+0x75bd6]  NModuleUnregister+0x116
C  [NdmDigitalPersonaUareU.so+0x4641]  NdmDigitalPersonaUareUModuleOf+0x411
C  [NdmDigitalPersonaUareU.so+0x18b8]  abort@@GLIBC_2.0+0x18b8
C  [NdmDigitalPersonaUareU.so+0x4810]  NdmDigitalPersonaUareUModuleOf+0x5e0
C  [ld-linux.so.2+0xfeeb]  _dl_fini+0x1fb
C  [libc.so.6+0x2dc51]  __run_exit_handlers+0xc1
C  [libc.so.6+0x2dcaf]  __GI_exit+0x2f
V  [libjvm.so+0x2ac4d4]  vm_direct_exit(int)+0x24
V  [libjvm.so+0x51affc]  VM_Exit::doit()+0xac
V  [libjvm.so+0x51b057]  VM_Operation::evaluate()+0x47
V  [libjvm.so+0x5190f3]  VMThread::evaluate_operation(VM_Operation*)+0xb3
V  [libjvm.so+0x519490]  VMThread::loop()+0x1b0
V  [libjvm.so+0x5198f5]  VMThread::run()+0x85
V  [libjvm.so+0x40bcf9]  java_start(Thread*)+0x119
C  [libpthread.so.0+0x6839]  start_thread+0xd9

VM_Operation (0xb001be30): Exit, mode: safepoint, requested by thread 0x0846c400


---------------  P R O C E S S  ---------------

Java Threads: ( => current thread )
  0x0846c400 JavaThread "SIGTERM handler" daemon [_thread_blocked, id=10847, stack(0xaffcc000,0xb001d000)]
  0x081b5000 JavaThread "AWT-XAWT" daemon [_thread_in_native, id=5842, stack(0xb0147000,0xb0198000)]
  0x08084400 JavaThread "Java2D Disposer" daemon [_thread_blocked, id=5841, stack(0xb0198000,0xb01e9000)]
  0x080a5400 JavaThread "Service Thread" daemon [_thread_blocked, id=5833, stack(0xb430b000,0xb435c000)]
  0x0809ac00 JavaThread "C1 CompilerThread0" daemon [_thread_blocked, id=5832, stack(0xb435c000,0xb43dd000)]
  0x08074800 JavaThread "Finalizer" daemon [_thread_blocked, id=5830, stack(0xb47a5000,0xb47f6000)]
  0x08073000 JavaThread "Reference Handler" daemon [_thread_blocked, id=5829, stack(0xb47f6000,0xb4847000)]
  0x08051c00 JavaThread "main" [_thread_blocked, id=5827, stack(0xb6ad3000,0xb6b24000)]

Other Threads:
=>0x08071400 VMThread [stack: 0xb4847000,0xb48c8000] [id=5828]

VM state:at safepoint (shutting down)

VM Mutex/Monitor currently owned by a thread:  ([mutex/lock_event])
[0x080508a0] Threads_lock - owner thread: 0x08071400

Heap
 def new generation   total 4672K, used 2442K [0x7f800000, 0x7fd10000, 0x84950000)
  eden space 4160K,  46% used [0x7f800000, 0x7f9e2998, 0x7fc10000)
  from space 512K, 100% used [0x7fc10000, 0x7fc90000, 0x7fc90000)
  to   space 512K,   0% used [0x7fc90000, 0x7fc90000, 0x7fd10000)
 tenured generation   total 10368K, used 6498K [0x84950000, 0x85370000, 0x8ec00000)
   the space 10368K,  62% used [0x84950000, 0x84fa8bf8, 0x84fa8c00, 0x85370000)
 compacting perm gen  total 12288K, used 7228K [0x8ec00000, 0x8f800000, 0x92c00000)
   the space 12288K,  58% used [0x8ec00000, 0x8f30f060, 0x8f30f200, 0x8f800000)
    ro space 10240K,  48% used [0x92c00000, 0x930d5b48, 0x930d5c00, 0x93600000)
    rw space 12288K,  57% used [0x93600000, 0x93ce29c8, 0x93ce2a00, 0x94200000)

Card table byte_map: [0xb4942000,0xb49e8000] byte_map_base: 0xb4546000

Polling page: 0xb76ed000

Code Cache  [0xb4a68000, 0xb4bf0000, 0xb6a68000)
 total_blobs=797 nmethods=540 adapters=194 free_code_cache=31211Kb largest_free_block=31956992

Compilation events (10 events):
Event: 1400,788 Thread 0x0809ac00  540             com.sun.jna.PointerType::<init> (12 bytes)
Event: 1400,789 Thread 0x0809ac00 nmethod 540 0xb4b3a348 code [0xb4b3a440, 0xb4b3a4d0]
Event: 1424,788 Thread 0x0809ac00  541             com.sun.jna.ptr.ByReference::<init> (18 bytes)
Event: 1424,789 Thread 0x0809ac00 nmethod 541 0xb4b3a088 code [0xb4b3a190, 0xb4b3a29c]
Event: 1424,789 Thread 0x0809ac00  542             com.sun.jna.Memory::<init> (75 bytes)
Event: 1424,794 Thread 0x0809ac00 nmethod 542 0xb4b38e88 code [0xb4b390b0, 0xb4b399c8]
Event: 1424,795 Thread 0x0809ac00  543             com.sun.jna.Memory::malloc (5 bytes)
Event: 1424,795 Thread 0x0809ac00 nmethod 543 0xb4b38c88 code [0xb4b38d80, 0xb4b38e0c]
Event: 1424,795 Thread 0x0809ac00  545             com.sun.jna.PointerType::setPointer (6 bytes)
Event: 1424,795 Thread 0x0809ac00 nmethod 545 0xb4b38ac8 code [0xb4b38bc0, 0xb4b38c50]

GC Heap History (10 events):
Event: 1,856 GC heap before
{Heap before GC invocations=11 (full 0):
 def new generation   total 4672K, used 4485K [0x7f800000, 0x7fd10000, 0x84950000)
  eden space 4160K, 100% used [0x7f800000, 0x7fc10000, 0x7fc10000)
  from space 512K,  63% used [0x7fc90000, 0x7fce1538, 0x7fd10000)
  to   space 512K,   0% used [0x7fc10000, 0x7fc10000, 0x7fc90000)
 tenured generation   total 10368K, used 4319K [0x84950000, 0x85370000, 0x8ec00000)
   the space 10368K,  41% used [0x84950000, 0x84d87ee8, 0x84d88000, 0x85370000)
 compacting perm gen  total 12288K, used 3286K [0x8ec00000, 0x8f800000, 0x92c00000)
   the space 12288K,  26% used [0x8ec00000, 0x8ef358c8, 0x8ef35a00, 0x8f800000)
    ro space 10240K,  48% used [0x92c00000, 0x930d5b48, 0x930d5c00, 0x93600000)
    rw space 12288K,  57% used [0x93600000, 0x93ce29c8, 0x93ce2a00, 0x94200000)
Event: 1,859 GC heap after
Heap after GC invocations=12 (full 0):
 def new generation   total 4672K, used 223K [0x7f800000, 0x7fd10000, 0x84950000)
  eden space 4160K,   0% used [0x7f800000, 0x7f800000, 0x7fc10000)
  from space 512K,  43% used [0x7fc10000, 0x7fc47d10, 0x7fc90000)
  to   space 512K,   0% used [0x7fc90000, 0x7fc90000, 0x7fd10000)
 tenured generation   total 10368K, used 4644K [0x84950000, 0x85370000, 0x8ec00000)
   the space 10368K,  44% used [0x84950000, 0x84dd9328, 0x84dd9400, 0x85370000)
 compacting perm gen  total 12288K, used 3286K [0x8ec00000, 0x8f800000, 0x92c00000)
   the space 12288K,  26% used [0x8ec00000, 0x8ef358c8, 0x8ef35a00, 0x8f800000)
    ro space 10240K,  48% used [0x92c00000, 0x930d5b48, 0x930d5c00, 0x93600000)
    rw space 12288K,  57% used [0x93600000, 0x93ce29c8, 0x93ce2a00, 0x94200000)
}
Event: 1,958 GC heap before
{Heap before GC invocations=12 (full 0):
 def new generation   total 4672K, used 4383K [0x7f800000, 0x7fd10000, 0x84950000)
  eden space 4160K, 100% used [0x7f800000, 0x7fc10000, 0x7fc10000)
  from space 512K,  43% used [0x7fc10000, 0x7fc47d10, 0x7fc90000)
  to   space 512K,   0% used [0x7fc90000, 0x7fc90000, 0x7fd10000)
 tenured generation   total 10368K, used 4644K [0x84950000, 0x85370000, 0x8ec00000)
   the space 10368K,  44% used [0x84950000, 0x84dd9328, 0x84dd9400, 0x85370000)
 compacting perm gen  total 12288K, used 3409K [0x8ec00000, 0x8f800000, 0x92c00000)
   the space 12288K,  27% used [0x8ec00000, 0x8ef547d8, 0x8ef54800, 0x8f800000)
    ro space 10240K,  48% used [0x92c00000, 0x930d5b48, 0x930d5c00, 0x93600000)
    rw space 12288K,  57% used [0x93600000, 0x93ce29c8, 0x93ce2a00, 0x94200000)
Event: 1,961 GC heap after
Heap after GC invocations=13 (full 0):
 def new generation   total 4672K, used 416K [0x7f800000, 0x7fd10000, 0x84950000)
  eden space 4160K,   0% used [0x7f800000, 0x7f800000, 0x7fc10000)
  from space 512K,  81% used [0x7fc90000, 0x7fcf8140, 0x7fd10000)
  to   space 512K,   0% used [0x7fc10000, 0x7fc10000, 0x7fc90000)
 tenured generation   total 10368K, used 4644K [0x84950000, 0x85370000, 0x8ec00000)
   the space 10368K,  44% used [0x84950000, 0x84dd9328, 0x84dd9400, 0x85370000)
 compacting perm gen  total 12288K, used 3409K [0x8ec00000, 0x8f800000, 0x92c00000)
   the space 12288K,  27% used [0x8ec00000, 0x8ef547d8, 0x8ef54800, 0x8f800000)
    ro space 10240K,  48% used [0x92c00000, 0x930d5b48, 0x930d5c00, 0x93600000)
    rw space 12288K,  57% used [0x93600000, 0x93ce29c8, 0x93ce2a00, 0x94200000)
}
Event: 14,097 GC heap before
{Heap before GC invocations=13 (full 0):
 def new generation   total 4672K, used 4576K [0x7f800000, 0x7fd10000, 0x84950000)
  eden space 4160K, 100% used [0x7f800000, 0x7fc10000, 0x7fc10000)
  from space 512K,  81% used [0x7fc90000, 0x7fcf8140, 0x7fd10000)
  to   space 512K,   0% used [0x7fc10000, 0x7fc10000, 0x7fc90000)
 tenured generation   total 10368K, used 4644K [0x84950000, 0x85370000, 0x8ec00000)
   the space 10368K,  44% used [0x84950000, 0x84dd9328, 0x84dd9400, 0x85370000)
 compacting perm gen  total 12288K, used 3634K [0x8ec00000, 0x8f800000, 0x92c00000)
   the space 12288K,  29% used [0x8ec00000, 0x8ef8c850, 0x8ef8ca00, 0x8f800000)
    ro space 10240K,  48% used [0x92c00000, 0x930d5b48, 0x930d5c00, 0x93600000)
    rw space 12288K,  57% used [0x93600000, 0x93ce29c8, 0x93ce2a00, 0x94200000)
Event: 14,101 GC heap after
Heap after GC invocations=14 (full 0):
 def new generation   total 4672K, used 405K [0x7f800000, 0x7fd10000, 0x84950000)
  eden space 4160K,   0% used [0x7f800000, 0x7f800000, 0x7fc10000)
  from space 512K,  79% used [0x7fc10000, 0x7fc75738, 0x7fc90000)
  to   space 512K,   0% used [0x7fc90000, 0x7fc90000, 0x7fd10000)
 tenured generation   total 10368K, used 4903K [0x84950000, 0x85370000, 0x8ec00000)
   the space 10368K,  47% used [0x84950000, 0x84e19e28, 0x84e1a000, 0x85370000)
 compacting perm gen  total 12288K, used 3634K [0x8ec00000, 0x8f800000, 0x92c00000)
   the space 12288K,  29% used [0x8ec00000, 0x8ef8c850, 0x8ef8ca00, 0x8f800000)
    ro space 10240K,  48% used [0x92c00000, 0x930d5b48, 0x930d5c00, 0x93600000)
    rw space 12288K,  57% used [0x93600000, 0x93ce29c8, 0x93ce2a00, 0x94200000)
}
Event: 14,292 GC heap before
{Heap before GC invocations=14 (full 0):
 def new generation   total 4672K, used 4565K [0x7f800000, 0x7fd10000, 0x84950000)
  eden space 4160K, 100% used [0x7f800000, 0x7fc10000, 0x7fc10000)
  from space 512K,  79% used [0x7fc10000, 0x7fc75738, 0x7fc90000)
  to   space 512K,   0% used [0x7fc90000, 0x7fc90000, 0x7fd10000)
 tenured generation   total 10368K, used 4903K [0x84950000, 0x85370000, 0x8ec00000)
   the space 10368K,  47% used [0x84950000, 0x84e19e28, 0x84e1a000, 0x85370000)
 compacting perm gen  total 12288K, used 3947K [0x8ec00000, 0x8f800000, 0x92c00000)
   the space 12288K,  32% used [0x8ec00000, 0x8efdaff0, 0x8efdb000, 0x8f800000)
    ro space 10240K,  48% used [0x92c00000, 0x930d5b48, 0x930d5c00, 0x93600000)
    rw space 12288K,  57% used [0x93600000, 0x93ce29c8, 0x93ce2a00, 0x94200000)
Event: 14,301 GC heap after
Heap after GC invocations=15 (full 0):
 def new generation   total 4672K, used 512K [0x7f800000, 0x7fd10000, 0x84950000)
  eden space 4160K,   0% used [0x7f800000, 0x7f800000, 0x7fc10000)
  from space 512K, 100% used [0x7fc90000, 0x7fd10000, 0x7fd10000)
  to   space 512K,   0% used [0x7fc10000, 0x7fc10000, 0x7fc90000)
 tenured generation   total 10368K, used 5685K [0x84950000, 0x85370000, 0x8ec00000)
   the space 10368K,  54% used [0x84950000, 0x84edd498, 0x84edd600, 0x85370000)
 compacting perm gen  total 12288K, used 3947K [0x8ec00000, 0x8f800000, 0x92c00000)
   the space 12288K,  32% used [0x8ec00000, 0x8efdaff0, 0x8efdb000, 0x8f800000)
    ro space 10240K,  48% used [0x92c00000, 0x930d5b48, 0x930d5c00, 0x93600000)
    rw space 12288K,  57% used [0x93600000, 0x93ce29c8, 0x93ce2a00, 0x94200000)
}
Event: 14,661 GC heap before
{Heap before GC invocations=15 (full 0):
 def new generation   total 4672K, used 4666K [0x7f800000, 0x7fd10000, 0x84950000)
  eden space 4160K,  99% used [0x7f800000, 0x7fc0e8e0, 0x7fc10000)
  from space 512K, 100% used [0x7fc90000, 0x7fd10000, 0x7fd10000)
  to   space 512K,   0% used [0x7fc10000, 0x7fc10000, 0x7fc90000)
 tenured generation   total 10368K, used 5685K [0x84950000, 0x85370000, 0x8ec00000)
   the space 10368K,  54% used [0x84950000, 0x84edd498, 0x84edd600, 0x85370000)
 compacting perm gen  total 12288K, used 6785K [0x8ec00000, 0x8f800000, 0x92c00000)
   the space 12288K,  55% used [0x8ec00000, 0x8f2a0650, 0x8f2a0800, 0x8f800000)
    ro space 10240K,  48% used [0x92c00000, 0x930d5b48, 0x930d5c00, 0x93600000)
    rw space 12288K,  57% used [0x93600000, 0x93ce29c8, 0x93ce2a00, 0x94200000)
Event: 14,671 GC heap after
Heap after GC invocations=16 (full 0):
 def new generation   total 4672K, used 512K [0x7f800000, 0x7fd10000, 0x84950000)
  eden space 4160K,   0% used [0x7f800000, 0x7f800000, 0x7fc10000)
  from space 512K, 100% used [0x7fc10000, 0x7fc90000, 0x7fc90000)
  to   space 512K,   0% used [0x7fc90000, 0x7fc90000, 0x7fd10000)
 tenured generation   total 10368K, used 6498K [0x84950000, 0x85370000, 0x8ec00000)
   the space 10368K,  62% used [0x84950000, 0x84fa8bf8, 0x84fa8c00, 0x85370000)
 compacting perm gen  total 12288K, used 6785K [0x8ec00000, 0x8f800000, 0x92c00000)
   the space 12288K,  55% used [0x8ec00000, 0x8f2a0650, 0x8f2a0800, 0x8f800000)
    ro space 10240K,  48% used [0x92c00000, 0x930d5b48, 0x930d5c00, 0x93600000)
    rw space 12288K,  57% used [0x93600000, 0x93ce29c8, 0x93ce2a00, 0x94200000)
}

Deoptimization events (0 events):
No events

Internal exceptions (10 events):
Event: 14,736 Thread 0x08051c00 Threw 0x7f928ce0 at /HUDSON/workspace/7u-2-build-linux-i586/jdk7u80/2329/hotspot/src/share/vm/prims/jvm.cpp:1319
Event: 14,738 Thread 0x08051c00 Threw 0x7f92cdd0 at /HUDSON/workspace/7u-2-build-linux-i586/jdk7u80/2329/hotspot/src/share/vm/prims/jvm.cpp:1319
Event: 14,739 Thread 0x08051c00 Threw 0x7f930918 at /HUDSON/workspace/7u-2-build-linux-i586/jdk7u80/2329/hotspot/src/share/vm/prims/jvm.cpp:1319
Event: 14,742 Thread 0x08051c00 Threw 0x7f934630 at /HUDSON/workspace/7u-2-build-linux-i586/jdk7u80/2329/hotspot/src/share/vm/prims/jvm.cpp:1319
Event: 14,743 Thread 0x08051c00 Threw 0x7f938288 at /HUDSON/workspace/7u-2-build-linux-i586/jdk7u80/2329/hotspot/src/share/vm/prims/jvm.cpp:1319
Event: 14,744 Thread 0x08051c00 Threw 0x7f93cb40 at /HUDSON/workspace/7u-2-build-linux-i586/jdk7u80/2329/hotspot/src/share/vm/prims/jvm.cpp:1319
Event: 14,744 Thread 0x08051c00 Threw 0x7f941190 at /HUDSON/workspace/7u-2-build-linux-i586/jdk7u80/2329/hotspot/src/share/vm/prims/jvm.cpp:1319
Event: 14,745 Thread 0x08051c00 Threw 0x7f9476c8 at /HUDSON/workspace/7u-2-build-linux-i586/jdk7u80/2329/hotspot/src/share/vm/prims/jvm.cpp:1319
Event: 14,745 Thread 0x08051c00 Threw 0x7f94b860 at /HUDSON/workspace/7u-2-build-linux-i586/jdk7u80/2329/hotspot/src/share/vm/prims/jvm.cpp:1319
Event: 14,747 Thread 0x08051c00 Threw 0x7f950298 at /HUDSON/workspace/7u-2-build-linux-i586/jdk7u80/2329/hotspot/src/share/vm/prims/jvm.cpp:1319

Events (10 events):
Event: 3224,802 loading class 0xb3f75990 done
Event: 3224,802 loading class 0x942b89f0 done
Event: 3224,803 Executing VM operation: RevokeBias
Event: 3224,803 Executing VM operation: RevokeBias done
Event: 3224,803 Executing VM operation: RevokeBias
Event: 3224,803 Executing VM operation: RevokeBias done
Event: 3224,804 Thread 0x0846d000 Thread exited: 0x0846d000
Event: 3224,805 Thread 0x0846c800 Thread exited: 0x0846c800
Event: 3224,805 Thread 0x08099000 Thread exited: 0x08099000
Event: 3224,805 Executing VM operation: Exit


Dynamic libraries:
08048000-08049000 r-xp 00000000 08:04 2394621    /usr/java/jdk1.7.0_80/bin/java
08049000-0804a000 rw-p 00000000 08:04 2394621    /usr/java/jdk1.7.0_80/bin/java
0804a000-0856c000 rw-p 00000000 00:00 0          [heap]
7f800000-7fd10000 rw-p 00000000 00:00 0 
7fd10000-84950000 rw-p 00000000 00:00 0 
84950000-85370000 rw-p 00000000 00:00 0 
85370000-8ec00000 rw-p 00000000 00:00 0 
8ec00000-8f800000 rw-p 00000000 00:00 0 
8f800000-92c00000 rw-p 00000000 00:00 0 
92c00000-930d6000 r--p 00001000 08:04 287204     /usr/java/jdk1.7.0_80/jre/lib/i386/client/classes.jsa
930d6000-93600000 rw-p 00000000 00:00 0 
93600000-93ce3000 rw-p 004d7000 08:04 287204     /usr/java/jdk1.7.0_80/jre/lib/i386/client/classes.jsa
93ce3000-94200000 rw-p 00000000 00:00 0 
94200000-944b5000 rw-p 00bba000 08:04 287204     /usr/java/jdk1.7.0_80/jre/lib/i386/client/classes.jsa
944b5000-94600000 rw-p 00000000 00:00 0 
94600000-94609000 r-xp 00e6f000 08:04 287204     /usr/java/jdk1.7.0_80/jre/lib/i386/client/classes.jsa
94609000-94a00000 rw-p 00000000 00:00 0 
aec72000-aed5c000 rw-p 00000000 00:00 0 
aed5c000-aed5f000 ---p 00000000 00:00 0 
aed5f000-aedad000 rw-p 00000000 00:00 0 
aedad000-aedb0000 ---p 00000000 00:00 0 
aedb0000-aedfe000 rw-p 00000000 00:00 0 
aedfe000-aedff000 ---p 00000000 00:00 0 
aedff000-af5ff000 rw-p 00000000 00:00 0 
af5ff000-af600000 ---p 00000000 00:00 0 
af600000-afe00000 rw-p 00000000 00:00 0 
afe00000-afe2e000 rw-p 00000000 00:00 0 
afe2e000-aff00000 ---p 00000000 00:00 0 
aff02000-aff42000 r--s 00000000 08:04 2228955    /var/cache/fontconfig/17090aa38d5c6f09fb8c5c354938f1d7-x86.cache-2
aff42000-aff64000 r--s 00000000 08:04 2228962    /var/cache/fontconfig/8d4af663993b81a124ee82e610bb31f9-x86.cache-2
aff64000-affa4000 r--s 00000000 08:04 2228954    /var/cache/fontconfig/df311e82a1a24c41a75c2c930223552e-x86.cache-2
affcc000-affcf000 ---p 00000000 00:00 0 
affcf000-b001d000 rw-p 00000000 00:00 0 
b001d000-b0021000 r--s 000f7000 08:04 287193     /usr/java/jdk1.7.0_80/jre/lib/ext/localedata.jar
b0021000-b002d000 r--s 000af000 08:04 287419     /usr/java/jdk1.7.0_80/jre/lib/resources.jar
b002d000-b008d000 r-xp 00000000 08:04 287400     /usr/java/jdk1.7.0_80/jre/lib/i386/libt2k.so
b008d000-b0091000 rw-p 00060000 08:04 287400     /usr/java/jdk1.7.0_80/jre/lib/i386/libt2k.so
b0091000-b0095000 rw-p 00000000 00:00 0 
b0095000-b00b0000 r-xp 00000000 08:04 1843825    /lib/libgcc_s.so.1
b00b0000-b00b1000 r--p 0001a000 08:04 1843825    /lib/libgcc_s.so.1
b00b1000-b00b2000 rw-p 0001b000 08:04 1843825    /lib/libgcc_s.so.1
b00b5000-b00b7000 r--s 00015000 08:04 1966236    /home/cajero/workspace/Client/lib/xpp3.jar
b00b7000-b00ba000 r--s 00029000 08:04 1966235    /home/cajero/workspace/Client/lib/stax.jar
b00ba000-b00c3000 r--s 00051000 08:04 1966233    /home/cajero/workspace/Client/lib/simple-xml.jar
b00c3000-b00ca000 r--s 00000000 08:04 2228958    /var/cache/fontconfig/77e41c5059666d75f92e318d4be8c21e-x86.cache-2
b00ca000-b00df000 r--s 00000000 08:04 2228963    /var/cache/fontconfig/7ef2298fde41cc6eeb7af42e48b7d293-x86.cache-2
b00df000-b0140000 r-xp 00000000 08:04 287360     /usr/java/jdk1.7.0_80/jre/lib/i386/libfontmanager.so
b0140000-b0143000 rw-p 00060000 08:04 287360     /usr/java/jdk1.7.0_80/jre/lib/i386/libfontmanager.so
b0143000-b0147000 rw-p 00000000 00:00 0 
b0147000-b014a000 ---p 00000000 00:00 0 
b014a000-b0198000 rw-p 00000000 00:00 0 
b0198000-b019b000 ---p 00000000 00:00 0 
b019b000-b01e9000 rw-p 00000000 00:00 0 
b01e9000-b0205000 r-xp 00000000 08:04 2313747    /usr/lib/libxcb.so.1.0.0
b0205000-b0206000 r--p 0001b000 08:04 2313747    /usr/lib/libxcb.so.1.0.0
b0206000-b0207000 rw-p 0001c000 08:04 2313747    /usr/lib/libxcb.so.1.0.0
b0207000-b0208000 r-xp 00000000 08:04 2313737    /usr/lib/libxcb-xlib.so.0.0.0
b0208000-b0209000 r--p 00000000 08:04 2313737    /usr/lib/libxcb-xlib.so.0.0.0
b0209000-b020a000 rw-p 00001000 08:04 2313737    /usr/lib/libxcb-xlib.so.0.0.0
b020a000-b0213000 r-xp 00000000 08:04 1310996    /usr/lib/libXi.so.6.0.0
b0213000-b0214000 r--p 00008000 08:04 1310996    /usr/lib/libXi.so.6.0.0
b0214000-b0215000 rw-p 00009000 08:04 1310996    /usr/lib/libXi.so.6.0.0
b0215000-b021a000 r-xp 00000000 08:04 1311006    /usr/lib/libXtst.so.6.1.0
b021a000-b021b000 r--p 00004000 08:04 1311006    /usr/lib/libXtst.so.6.1.0
b021b000-b021c000 rw-p 00005000 08:04 1311006    /usr/lib/libXtst.so.6.1.0
b021c000-b0224000 r-xp 00000000 08:04 1310834    /usr/lib/libXrender.so.1.3.0
b0224000-b0225000 r--p 00007000 08:04 1310834    /usr/lib/libXrender.so.1.3.0
b0225000-b0226000 rw-p 00008000 08:04 1310834    /usr/lib/libXrender.so.1.3.0
b0226000-b0355000 r-xp 00000000 08:04 1310767    /usr/lib/libX11.so.6.2.0
b0355000-b0356000 r--p 0012f000 08:04 1310767    /usr/lib/libX11.so.6.2.0
b0356000-b0359000 rw-p 00130000 08:04 1310767    /usr/lib/libX11.so.6.2.0
b035a000-b035b000 r--s 00002000 08:04 1966272    /home/cajero/workspace/Client/lib/Client-Side.jar
b035b000-b035d000 r--s 00005000 08:04 1966234    /home/cajero/workspace/Client/lib/stax-api.jar
b035d000-b0362000 r--s 00000000 08:04 2228957    /var/cache/fontconfig/d62e99ef547d1d24cdb1bd22ec1a2976-x86.cache-2
b0362000-b0370000 r-xp 00000000 08:04 287392     /usr/java/jdk1.7.0_80/jre/lib/i386/libnio.so
b0370000-b0371000 rw-p 0000e000 08:04 287392     /usr/java/jdk1.7.0_80/jre/lib/i386/libnio.so
b0371000-b0375000 r-xp 00000000 08:04 1310836    /usr/lib/libXfixes.so.3.1.0
b0375000-b0376000 r--p 00003000 08:04 1310836    /usr/lib/libXfixes.so.3.1.0
b0376000-b0377000 rw-p 00004000 08:04 1310836    /usr/lib/libXfixes.so.3.1.0
b0377000-b0380000 r-xp 00000000 08:04 1310982    /usr/lib/libXcursor.so.1.0.2
b0380000-b0381000 r--p 00008000 08:04 1310982    /usr/lib/libXcursor.so.1.0.2
b0381000-b0382000 rw-p 00009000 08:04 1310982    /usr/lib/libXcursor.so.1.0.2
b0382000-b0384000 r-xp 00000000 08:04 2435454    /usr/lib/gconv/ISO8859-1.so
b0384000-b0385000 r--p 00001000 08:04 2435454    /usr/lib/gconv/ISO8859-1.so
b0385000-b0386000 rw-p 00002000 08:04 2435454    /usr/lib/gconv/ISO8859-1.so
b0386000-b03cf000 r-xp 00000000 08:04 295557     /usr/java/jdk1.7.0_80/jre/lib/i386/xawt/libmawt.so
b03cf000-b03d1000 rw-p 00049000 08:04 295557     /usr/java/jdk1.7.0_80/jre/lib/i386/xawt/libmawt.so
b03d1000-b03d2000 rw-p 00000000 00:00 0 
b03d2000-b0458000 r-xp 00000000 08:04 287356     /usr/java/jdk1.7.0_80/jre/lib/i386/libawt.so
b0458000-b045f000 rw-p 00086000 08:04 287356     /usr/java/jdk1.7.0_80/jre/lib/i386/libawt.so
b045f000-b0483000 rw-p 00000000 00:00 0 
b0483000-b0484000 ---p 00000000 00:00 0 
b0484000-b0c84000 rw-p 00000000 00:00 0 
b0c84000-b0c85000 ---p 00000000 00:00 0 
b0c85000-b1485000 rw-p 00000000 00:00 0 
b1485000-b1486000 ---p 00000000 00:00 0 
b1486000-b1c86000 rw-p 00000000 00:00 0 
b1c86000-b1c87000 ---p 00000000 00:00 0 
b1c87000-b2487000 rw-p 00000000 00:00 0 
b24b7000-b24b8000 ---p 00000000 00:00 0 
b24b8000-b2cb8000 rw-p 00000000 00:00 0 
b2cb8000-b2cbd000 r-xp 00000000 08:04 174766     /opt/DigitalPersona/urusdk-linux/Linux/lib/x86/libdpDrvDatApi.so.2.0.0.8
b2cbd000-b2cbe000 rw-p 00005000 08:04 174766     /opt/DigitalPersona/urusdk-linux/Linux/lib/x86/libdpDrvDatApi.so.2.0.0.8
b2cbe000-b2ccd000 r-xp 00000000 08:04 174769     /opt/DigitalPersona/urusdk-linux/Linux/lib/x86/libdpFC.so.2.0.0.8
b2ccd000-b2cce000 rw-p 0000f000 08:04 174769     /opt/DigitalPersona/urusdk-linux/Linux/lib/x86/libdpFC.so.2.0.0.8
b2cce000-b2cd2000 r-xp 00000000 08:04 174793     /opt/DigitalPersona/urusdk-linux/Linux/lib/x86/libdpUsbAda.so.2.0.0.8
b2cd2000-b2cd3000 rw-p 00003000 08:04 174793     /opt/DigitalPersona/urusdk-linux/Linux/lib/x86/libdpUsbAda.so.2.0.0.8
b2cd3000-b2cde000 r-xp 00000000 08:04 174784     /opt/DigitalPersona/urusdk-linux/Linux/lib/x86/libdpI00701.so.2.0.0.8
b2cde000-b2cdf000 rw-p 0000a000 08:04 174784     /opt/DigitalPersona/urusdk-linux/Linux/lib/x86/libdpI00701.so.2.0.0.8
b2cdf000-b2cf7000 r-xp 00000000 08:04 174757     /opt/DigitalPersona/urusdk-linux/Linux/lib/x86/libdpD00701.so.2.0.0.8
b2cf7000-b2cf8000 rw-p 00018000 08:04 174757     /opt/DigitalPersona/urusdk-linux/Linux/lib/x86/libdpD00701.so.2.0.0.8
b2cf8000-b2cff000 r-xp 00000000 08:04 174760     /opt/DigitalPersona/urusdk-linux/Linux/lib/x86/libdpDevMgr.so.2.0.0.8
b2cff000-b2d00000 rw-p 00006000 08:04 174760     /opt/DigitalPersona/urusdk-linux/Linux/lib/x86/libdpDevMgr.so.2.0.0.8
b2d00000-b2d06000 r-xp 00000000 08:04 174763     /opt/DigitalPersona/urusdk-linux/Linux/lib/x86/libdpDrvApi.so.2.0.0.8
b2d06000-b2d07000 rw-p 00005000 08:04 174763     /opt/DigitalPersona/urusdk-linux/Linux/lib/x86/libdpDrvApi.so.2.0.0.8
b2d0b000-b2d12000 rw-p 00000000 00:00 0 
b2d12000-b2d1a000 r-xp 00000000 08:04 174775     /opt/DigitalPersona/urusdk-linux/Linux/lib/x86/libdpfpdd.so.2.2.3
b2d1a000-b2d1b000 rw-p 00007000 08:04 174775     /opt/DigitalPersona/urusdk-linux/Linux/lib/x86/libdpfpdd.so.2.2.3
b2d1b000-b2d1c000 r--s 00007000 08:04 1966232    /home/cajero/workspace/Client/lib/samples-utils.jar
b2d1c000-b2d1d000 r--s 009af000 08:04 1966231    /home/cajero/workspace/Client/lib/neurotec-native-macosx-universal.jar
b2d1d000-b2d1f000 r-xp 00000000 08:04 2313267    /usr/lib/libXau.so.6.0.0
b2d1f000-b2d20000 r--p 00001000 08:04 2313267    /usr/lib/libXau.so.6.0.0
b2d20000-b2d21000 rw-p 00002000 08:04 2313267    /usr/lib/libXau.so.6.0.0
b2d21000-b2d30000 r-xp 00000000 08:04 1310838    /usr/lib/libXext.so.6.4.0
b2d30000-b2d31000 r--p 0000e000 08:04 1310838    /usr/lib/libXext.so.6.4.0
b2d31000-b2d32000 rw-p 0000f000 08:04 1310838    /usr/lib/libXext.so.6.4.0
b2d32000-b2d47000 r-xp 00000000 08:04 287391     /usr/java/jdk1.7.0_80/jre/lib/i386/libnet.so
b2d47000-b2d48000 rw-p 00015000 08:04 287391     /usr/java/jdk1.7.0_80/jre/lib/i386/libnet.so
b2d48000-b2d4d000 r-xp 00000000 08:04 1966241    /home/cajero/workspace/Client/libHuellas/linux-32 bits/FScanners/NdmDigitalPersonaUareU/NdmDigitalPersonaUareU.so
b2d4d000-b2d4e000 rw-p 00005000 08:04 1966241    /home/cajero/workspace/Client/libHuellas/linux-32 bits/FScanners/NdmDigitalPersonaUareU/NdmDigitalPersonaUareU.so
b2d4e000-b2d63000 r-xp 00000000 08:04 1966244    /home/cajero/workspace/Client/libHuellas/linux-32 bits/NdmVirtual.so
b2d63000-b2d68000 rw-p 00014000 08:04 1966244    /home/cajero/workspace/Client/libHuellas/linux-32 bits/NdmVirtual.so
b2d68000-b2d69000 ---p 00000000 00:00 0 
b2d69000-b3569000 rw-p 00000000 00:00 0 
b3569000-b3598000 r-xp 00000000 08:04 1966251    /home/cajero/workspace/Client/libHuellas/linux-32 bits/libNLicensing.so
b3598000-b35a3000 rw-p 0002f000 08:04 1966251    /home/cajero/workspace/Client/libHuellas/linux-32 bits/libNLicensing.so
b35a3000-b35a4000 rw-p 00000000 00:00 0 
b35a4000-b3701000 r-xp 00000000 08:04 1966245    /home/cajero/workspace/Client/libHuellas/linux-32 bits/libNBiometricClient.so
b3701000-b370a000 rw-p 0015d000 08:04 1966245    /home/cajero/workspace/Client/libHuellas/linux-32 bits/libNBiometricClient.so
b370a000-b3732000 r-xp 00000000 08:04 1966250    /home/cajero/workspace/Client/libHuellas/linux-32 bits/libNDevices.so
b3732000-b373d000 rw-p 00027000 08:04 1966250    /home/cajero/workspace/Client/libHuellas/linux-32 bits/libNDevices.so
b373d000-b3cbb000 r-xp 00000000 08:04 1966246    /home/cajero/workspace/Client/libHuellas/linux-32 bits/libNBiometrics.so
b3cbb000-b3d24000 rw-p 0057d000 08:04 1966246    /home/cajero/workspace/Client/libHuellas/linux-32 bits/libNBiometrics.so
b3d24000-b3d2a000 rw-p 00000000 00:00 0 
b3d2a000-b3ee5000 r-xp 00000000 08:04 1966252    /home/cajero/workspace/Client/libHuellas/linux-32 bits/libNMedia.so
b3ee5000-b3eff000 rw-p 001bb000 08:04 1966252    /home/cajero/workspace/Client/libHuellas/linux-32 bits/libNMedia.so
b3eff000-b3f00000 rw-p 00000000 00:00 0 
b3f00000-b3ffe000 rw-p 00000000 00:00 0 
b3ffe000-b4000000 ---p 00000000 00:00 0 
b4000000-b4003000 r-xp 00000000 08:04 174787     /opt/DigitalPersona/urusdk-linux/Linux/lib/x86/libdpObjMgr.so.2.0.0.8
b4003000-b4004000 rw-p 00002000 08:04 174787     /opt/DigitalPersona/urusdk-linux/Linux/lib/x86/libdpObjMgr.so.2.0.0.8
b4004000-b400f000 r-xp 00000000 08:04 1966243    /home/cajero/workspace/Client/libHuellas/linux-32 bits/NdmMedia.so
b400f000-b4010000 rw-p 0000a000 08:04 1966243    /home/cajero/workspace/Client/libHuellas/linux-32 bits/NdmMedia.so
b4010000-b401b000 rwxp 00000000 00:00 0 
b401b000-b4076000 r-xp 00000000 08:04 1966253    /home/cajero/workspace/Client/libHuellas/linux-32 bits/libNMediaProc.so
b4076000-b4080000 rw-p 0005a000 08:04 1966253    /home/cajero/workspace/Client/libHuellas/linux-32 bits/libNMediaProc.so
b4080000-b4084000 rwxp 00000000 00:00 0 
b4084000-b4089000 r--s 00038000 08:04 1966230    /home/cajero/workspace/Client/lib/neurotec-media.jar
b4089000-b408a000 r--s 00004000 08:04 1966229    /home/cajero/workspace/Client/lib/neurotec-media-processing.jar
b408a000-b408c000 r--s 0000a000 08:04 1966228    /home/cajero/workspace/Client/lib/neurotec-licensing.jar
b408c000-b408d000 r--p 00000000 00:00 0 
b408d000-b408e000 rwxp 00000000 00:00 0 
b408e000-b40ac000 r--p 00000000 08:04 2419102    /usr/share/locale/es/LC_MESSAGES/libc.mo
b40ac000-b422a000 r-xp 00000000 08:04 1966249    /home/cajero/workspace/Client/libHuellas/linux-32 bits/libNCore.so
b422a000-b423b000 rw-p 0017e000 08:04 1966249    /home/cajero/workspace/Client/libHuellas/linux-32 bits/libNCore.so
b423b000-b423d000 rw-p 00000000 00:00 0 
b423d000-b4251000 r-xp 00000000 08:04 1860823    /tmp/jna-cajero/jna6304342321703113141.tmp (deleted)
b4251000-b4252000 rw-p 00014000 08:04 1860823    /tmp/jna-cajero/jna6304342321703113141.tmp (deleted)
b4252000-b4255000 r--s 00019000 08:04 287406     /usr/java/jdk1.7.0_80/jre/lib/jce.jar
b4255000-b4259000 r--s 0008b000 08:04 287420     /usr/java/jdk1.7.0_80/jre/lib/jsse.jar
b4259000-b4260000 r--s 0002d000 08:04 1966227    /home/cajero/workspace/Client/lib/neurotec-devices.jar
b4260000-b4262000 r--s 00005000 08:04 1966226    /home/cajero/workspace/Client/lib/neurotec-devices-virtual.jar
b4262000-b426f000 r--s 000a0000 08:04 1966225    /home/cajero/workspace/Client/lib/neurotec-core.jar
b426f000-b4281000 r--s 000e3000 08:04 1966224    /home/cajero/workspace/Client/lib/neurotec-biometrics.jar
b4281000-b4283000 r--s 0000b000 08:04 1966223    /home/cajero/workspace/Client/lib/neurotec-biometrics-client.jar
b4283000-b4286000 r--s 000a6000 08:04 1966222    /home/cajero/workspace/Client/lib/jna.jar
b4286000-b428a000 r--s 0002a000 08:04 1966221    /home/cajero/workspace/Client/lib/commons-io.jar
b428a000-b428b000 ---p 00000000 00:00 0 
b428b000-b430b000 rw-p 00000000 00:00 0 
b430b000-b430e000 ---p 00000000 00:00 0 
b430e000-b435c000 rw-p 00000000 00:00 0 
b435c000-b435f000 ---p 00000000 00:00 0 
b435f000-b43dd000 rw-p 00000000 00:00 0 
b43dd000-b43e0000 ---p 00000000 00:00 0 
b43e0000-b4479000 rw-p 00000000 00:00 0 
b4479000-b4639000 r--s 039fb000 08:04 287422     /usr/java/jdk1.7.0_80/jre/lib/rt.jar
b4639000-b4678000 r--p 00000000 08:04 49629      /usr/lib/locale/es_ES.utf8/LC_CTYPE
b4678000-b4679000 r--p 00000000 08:04 49605      /usr/lib/locale/es_ES.utf8/LC_NUMERIC
b4679000-b467a000 r--p 00000000 08:04 34267      /usr/lib/locale/es_ES.utf8/LC_TIME
b467a000-b4797000 r--p 00000000 08:04 49630      /usr/lib/locale/es_ES.utf8/LC_COLLATE
b4797000-b4798000 r--p 00000000 08:04 49607      /usr/lib/locale/es_ES.utf8/LC_MONETARY
b4798000-b4799000 r--p 00000000 08:04 42251      /usr/lib/locale/es_ES.utf8/LC_MESSAGES/SYS_LC_MESSAGES
b4799000-b479a000 r--p 00000000 08:04 49626      /usr/lib/locale/es_ES.utf8/LC_PAPER
b479a000-b479b000 r--p 00000000 08:04 49606      /usr/lib/locale/es_ES.utf8/LC_NAME
b479b000-b479c000 r--p 00000000 08:04 34843      /usr/lib/locale/es_ES.utf8/LC_ADDRESS
b479c000-b479d000 r--p 00000000 08:04 34842      /usr/lib/locale/es_ES.utf8/LC_TELEPHONE
b479d000-b479e000 r--p 00000000 08:04 49628      /usr/lib/locale/es_ES.utf8/LC_MEASUREMENT
b479e000-b47a5000 r--s 00000000 08:04 2435517    /usr/lib/gconv/gconv-modules.cache
b47a5000-b47a8000 ---p 00000000 00:00 0 
b47a8000-b47f6000 rw-p 00000000 00:00 0 
b47f6000-b47f9000 ---p 00000000 00:00 0 
b47f9000-b4847000 rw-p 00000000 00:00 0 
b4847000-b4848000 ---p 00000000 00:00 0 
b4848000-b48d6000 rw-p 00000000 00:00 0 
b48d6000-b48f0000 rw-p 00000000 00:00 0 
b48f0000-b48f6000 rw-p 00000000 00:00 0 
b48f6000-b4942000 rw-p 00000000 00:00 0 
b4942000-b4945000 rw-p 00000000 00:00 0 
b4945000-b496a000 rw-p 00000000 00:00 0 
b496a000-b4970000 rw-p 00000000 00:00 0 
b4970000-b49bc000 rw-p 00000000 00:00 0 
b49bc000-b49c2000 rw-p 00000000 00:00 0 
b49c2000-b49dc000 rw-p 00000000 00:00 0 
b49dc000-b49ef000 rw-p 00000000 00:00 0 
b49ef000-b4a68000 rw-p 00000000 00:00 0 
b4a68000-b4bf0000 rwxp 00000000 00:00 0 
b4bf0000-b6a68000 rw-p 00000000 00:00 0 
b6a68000-b6a70000 rw-s 00000000 08:04 1860819    /tmp/hsperfdata_cajero/5821 (deleted)
b6a70000-b6aa5000 r--s 00000000 08:04 2229046    /var/run/nscd/passwd
b6aa5000-b6ac8000 r-xp 00000000 08:04 287370     /usr/java/jdk1.7.0_80/jre/lib/i386/libjava.so
b6ac8000-b6ac9000 rw-p 00023000 08:04 287370     /usr/java/jdk1.7.0_80/jre/lib/i386/libjava.so
b6ac9000-b6ad1000 r-xp 00000000 08:04 1843791    /lib/librt-2.11.3.so
b6ad1000-b6ad2000 r--p 00007000 08:04 1843791    /lib/librt-2.11.3.so
b6ad2000-b6ad3000 rw-p 00008000 08:04 1843791    /lib/librt-2.11.3.so
b6ad3000-b6ad6000 ---p 00000000 00:00 0 
b6ad6000-b6b24000 rw-p 00000000 00:00 0 
b6b24000-b6b4b000 r-xp 00000000 08:04 1843769    /lib/libm-2.11.3.so
b6b4b000-b6b4c000 r--p 00026000 08:04 1843769    /lib/libm-2.11.3.so
b6b4c000-b6b4d000 rw-p 00027000 08:04 1843769    /lib/libm-2.11.3.so
b6b4d000-b70e2000 r-xp 00000000 08:04 287345     /usr/java/jdk1.7.0_80/jre/lib/i386/client/libjvm.so
b70e2000-b7103000 rw-p 00595000 08:04 287345     /usr/java/jdk1.7.0_80/jre/lib/i386/client/libjvm.so
b7103000-b7524000 rw-p 00000000 00:00 0 
b7524000-b7690000 r-xp 00000000 08:04 1843761    /lib/libc-2.11.3.so
b7690000-b7691000 ---p 0016c000 08:04 1843761    /lib/libc-2.11.3.so
b7691000-b7693000 r--p 0016c000 08:04 1843761    /lib/libc-2.11.3.so
b7693000-b7694000 rw-p 0016e000 08:04 1843761    /lib/libc-2.11.3.so
b7694000-b7698000 rw-p 00000000 00:00 0 
b7698000-b769b000 r-xp 00000000 08:04 1843767    /lib/libdl-2.11.3.so
b769b000-b769c000 r--p 00002000 08:04 1843767    /lib/libdl-2.11.3.so
b769c000-b769d000 rw-p 00003000 08:04 1843767    /lib/libdl-2.11.3.so
b769d000-b76b1000 r-xp 00000000 08:04 264696     /usr/java/jdk1.7.0_80/lib/i386/jli/libjli.so
b76b1000-b76b2000 rw-p 00013000 08:04 264696     /usr/java/jdk1.7.0_80/lib/i386/jli/libjli.so
b76b2000-b76c9000 r-xp 00000000 08:04 1843787    /lib/libpthread-2.11.3.so
b76c9000-b76ca000 r--p 00016000 08:04 1843787    /lib/libpthread-2.11.3.so
b76ca000-b76cb000 rw-p 00017000 08:04 1843787    /lib/libpthread-2.11.3.so
b76cb000-b76cd000 rw-p 00000000 00:00 0 
b76cd000-b76ce000 r--p 00000000 08:04 34265      /usr/lib/locale/es_ES.utf8/LC_IDENTIFICATION
b76ce000-b76d4000 rw-p 00000000 00:00 0 
b76d4000-b76eb000 r-xp 00000000 08:04 287403     /usr/java/jdk1.7.0_80/jre/lib/i386/libzip.so
b76eb000-b76ec000 rw-p 00016000 08:04 287403     /usr/java/jdk1.7.0_80/jre/lib/i386/libzip.so
b76ec000-b76ed000 rw-p 00000000 00:00 0 
b76ed000-b76ee000 ---p 00000000 00:00 0 
b76ee000-b76f9000 r-xp 00000000 08:04 287402     /usr/java/jdk1.7.0_80/jre/lib/i386/libverify.so
b76f9000-b76fa000 rw-p 0000b000 08:04 287402     /usr/java/jdk1.7.0_80/jre/lib/i386/libverify.so
b76fa000-b76fb000 rw-p 00000000 00:00 0 
b76fb000-b771a000 r-xp 00000000 08:04 1843754    /lib/ld-2.11.3.so
b771a000-b771b000 r--p 0001e000 08:04 1843754    /lib/ld-2.11.3.so
b771b000-b771c000 rw-p 0001f000 08:04 1843754    /lib/ld-2.11.3.so
bf7fe000-bf7ff000 rwxp 00000000 00:00 0 
bf830000-bf852000 rw-p 00000000 00:00 0          [stack]
ffffe000-fffff000 r-xp 00000000 00:00 0          [vdso]

VM Arguments:
jvm_args: -Dfile.encoding=UTF-8 
java_command: webServices.ClienteWS
Launcher Type: SUN_STANDARD

Environment Variables:
CLASSPATH=:/usr/local/NCRRetail:/usr/local/NCRRetail/jar/NCRRetailCommon.jar:/usr/local/NCRRetail/jar/jpos.jar:/usr/local/NCRRetail/jar/NCRJavaPOS.jar:/usr/local/NCRRetail/jar/jcl_editor.jar:/usr/local/NCRRetail/jar/xerces.jar:/usr/local/NCRRetail/jar/NCRConfigManager.jar:/usr/local/NCRRetail/jar/NCRSystemMonitor.jar
PATH=/home/cajero/bin:/usr/local/bin:/usr/bin:/bin:/usr/bin/X11:/usr/X11R6/bin:/usr/games:/usr/lib/mit/bin:/usr/lib/mit/sbin
USERNAME=cajero
LD_LIBRARY_PATH=/usr/java/jdk1.7.0_80/jre/lib/i386/client:/usr/java/jdk1.7.0_80/jre/lib/i386:/home/cajero/workspace/Client/libHuellas/linux-32 bits/
SHELL=/bin/bash
DISPLAY=:0.0
HOSTTYPE=i386
OSTYPE=linux
MACHTYPE=i686-suse-linux

Signal Handlers:
SIGSEGV: [libjvm.so+0x511b30], sa_mask[0]=0x7ffbfeff, sa_flags=0x10000004
SIGBUS: [libjvm.so+0x511b30], sa_mask[0]=0x7ffbfeff, sa_flags=0x10000004
SIGFPE: [libjvm.so+0x406570], sa_mask[0]=0x7ffbfeff, sa_flags=0x10000004
SIGPIPE: [libjvm.so+0x406570], sa_mask[0]=0x7ffbfeff, sa_flags=0x10000004
SIGXFSZ: [libjvm.so+0x406570], sa_mask[0]=0x7ffbfeff, sa_flags=0x10000004
SIGILL: [libjvm.so+0x406570], sa_mask[0]=0x7ffbfeff, sa_flags=0x10000004
SIGUSR1: SIG_DFL, sa_mask[0]=0x00000000, sa_flags=0x00000000
SIGUSR2: [libjvm.so+0x407de0], sa_mask[0]=0x00000004, sa_flags=0x10000004
SIGHUP: [libjvm.so+0x409110], sa_mask[0]=0x7ffbfeff, sa_flags=0x10000004
SIGINT: [libjvm.so+0x409110], sa_mask[0]=0x7ffbfeff, sa_flags=0x10000004
SIGTERM: [libjvm.so+0x409110], sa_mask[0]=0x7ffbfeff, sa_flags=0x10000004
SIGQUIT: [libjvm.so+0x409110], sa_mask[0]=0x7ffbfeff, sa_flags=0x10000004


---------------  S Y S T E M  ---------------

OS:SUSE Linux Enterprise Server 11 (i586)
VERSION = 11
PATCHLEVEL = 4

uname:Linux 3.0.101-63-pae #1 SMP Tue Jun 23 16:02:31 UTC 2015 (4b89d0c) i686
libc:glibc 2.11.3 NPTL 2.11.3 
rlimit: STACK 8192k, CORE 1k, NPROC 7679, NOFILE 8192, AS 2020800k
load average:0,19 0,20 0,22

/proc/meminfo:
MemTotal:         991720 kB
MemFree:           81224 kB
Buffers:            8204 kB
Cached:           281088 kB
SwapCached:        19688 kB
Active:           424332 kB
Inactive:         435440 kB
Active(anon):     306104 kB
Inactive(anon):   301132 kB
Active(file):     118228 kB
Inactive(file):   134308 kB
Unevictable:           0 kB
Mlocked:               0 kB
HighTotal:        110152 kB
HighFree:           1484 kB
LowTotal:         881568 kB
LowFree:           79740 kB
SwapTotal:       1534200 kB
SwapFree:        1460444 kB
Dirty:               984 kB
Writeback:             0 kB
AnonPages:        559928 kB
Mapped:            79264 kB
Shmem:             36772 kB
Slab:              25604 kB
SReclaimable:      11904 kB
SUnreclaim:        13700 kB
KernelStack:        2912 kB
PageTables:         4924 kB
NFS_Unstable:          0 kB
Bounce:                0 kB
WritebackTmp:          0 kB
CommitLimit:     2030060 kB
Committed_AS:    1604908 kB
VmallocTotal:     122880 kB
VmallocUsed:       19352 kB
VmallocChunk:     102692 kB
HardwareCorrupted:     0 kB
AnonHugePages:     69632 kB
HugePages_Total:       0
HugePages_Free:        0
HugePages_Rsvd:        0
HugePages_Surp:        0
Hugepagesize:       2048 kB
DirectMap4k:       18424 kB
DirectMap2M:      884736 kB


CPU:total 1 (1 cores per cpu, 1 threads per core) family 6 model 23 stepping 10, cmov, cx8, fxsr, mmx, sse, sse2, sse3, ssse3, tsc

/proc/cpuinfo:
processor	: 0
vendor_id	: GenuineIntel
cpu family	: 6
model		: 23
model name	: Intel(R) Celeron(R) CPU          900  @ 2.20GHz
stepping	: 10
microcode	: 2571
cpu MHz		: 2194.643
cache size	: 1024 KB
fdiv_bug	: no
hlt_bug		: no
f00f_bug	: no
coma_bug	: no
fpu		: yes
fpu_exception	: yes
cpuid level	: 13
wp		: yes
flags		: fpu vme de pse tsc msr pae mce cx8 apic sep mtrr pge mca cmov pat pse36 clflush dts acpi mmx fxsr sse sse2 ss tm pbe nx lm constant_tsc up arch_perfmon pebs bts aperfmperf pni dtes64 monitor ds_cpl tm2 ssse3 cx16 xtpr pdcm xsave lahf_lm dtherm
bogomips	: 4389.28
clflush size	: 64
cache_alignment	: 64
address sizes	: 36 bits physical, 48 bits virtual
power management:



Memory: 4k page, physical 991720k(81224k free), swap 1534200k(1460444k free)

vm_info: Java HotSpot(TM) Client VM (24.80-b11) for linux-x86 JRE (1.7.0_80-b15), built on Apr 10 2015 12:41:05 by "java_re" with gcc 4.3.0 20080428 (Red Hat 4.3.0-8)

time: Thu Sep 15 07:03:46 2016
elapsed time: 3225 seconds

