#
# A fatal error has been detected by the Java Runtime Environment:
#
#  SIGSEGV (0xb) at pc=0xb2ec44e0, pid=4092, tid=3029805936
#
# JRE version: Java(TM) SE Runtime Environment (7.0_80-b15) (build 1.7.0_80-b15)
# Java VM: Java HotSpot(TM) Client VM (24.80-b11 mixed mode, sharing linux-x86 )
# Problematic frame:
# C  [libdpfpdd.so+0x34e0]  _init+0x23dc
#
# Core dump written. Default location: /home/cajero/workspace/Client/core or core.4092 (max size 1 kB). To ensure a full core dump, try "ulimit -c unlimited" before starting Java again
#
# If you would like to submit a bug report, please visit:
#   http://bugreport.java.com/bugreport/crash.jsp
#

---------------  T H R E A D  ---------------

Current thread (0x08071400):  VMThread [stack: 0xb48f2000,0xb4973000] [id=4098]

siginfo:si_signo=SIGSEGV: si_errno=0, si_code=1 (SEGV_MAPERR), si_addr=0x4c12b544

Registers:
EAX=0xb2ec9ba0, EBX=0xb2ec9d3c, ECX=0x08456cf4, EDX=0x4c12b4d0
ESP=0xb4971a20, EBP=0xb4971a78, ESI=0x4c12b544, EDI=0x08456e04
EIP=0xb2ec44e0, EFLAGS=0x00010206, CR2=0x4c12b544

Top of Stack: (sp=0xb4971a20)
0xb4971a20:   08456e04 b2ec8889 00000000 b42dc598
0xb4971a30:   00000000 b4971a4c b4971a5c 4c12b4d0
0xb4971a40:   0845ad18 b77bb010 0000018c b42dc598
0xb4971a50:   0845ad18 b4971b3c b4971a88 00000000
0xb4971a60:   b4972b70 00000000 b2ec8889 b2ec9d3c
0xb4971a70:   b2efc320 b4971b3c b4971a88 b2ec6180
0xb4971a80:   b2ec9e34 b2efc194 b4971ab8 b2ef8e63
0xb4971a90:   00000000 b2efc344 00000000 b4971aa8 

Instructions: (pc=0xb2ec44e0)
0xb2ec44c0:   c4 0f 84 93 01 00 00 8b 93 d4 ff ff ff 81 6d c4
0xb2ec44d0:   84 00 00 00 8b 75 c4 8d 42 08 8b 55 c4 83 c6 74
0xb2ec44e0:   89 42 74 8b 46 04 85 c0 74 08 89 04 24 e8 aa de
0xb2ec44f0:   ff ff 8b 93 e8 ff ff ff c7 46 04 00 00 00 00 c7 

Register to memory mapping:

EAX=
[error occurred during error reporting (printing register info), id 0xb]

Stack: [0xb48f2000,0xb4973000],  sp=0xb4971a20,  free space=510k
Native frames: (J=compiled Java code, j=interpreted, Vv=VM code, C=native code)
C  [libdpfpdd.so+0x34e0]  _init+0x23dc
C  [libdpfpdd.so+0x5180]  dpfpdd_exit+0x20
C  [NdmDigitalPersonaUareU.so+0x1e63]  abort@@GLIBC_2.0+0x1e63
C  [NdmDigitalPersonaUareU.so+0x21f5]  abort@@GLIBC_2.0+0x21f5
C  [libNCore.so+0x14af0b]  NPluginGetState+0x1cab
C  [libNCore.so+0x14babc]  NPluginEnable+0x54c
C  [libNCore.so+0x14c454]  NPluginEnable+0xee4
C  [libNCore.so+0x14c54a]  NPluginUnplug+0xda
C  [NdmDigitalPersonaUareU.so+0x401e]  abort@@GLIBC_2.0+0x401e
C  [libNCore.so+0x75bd6]  NModuleUnregister+0x116
C  [NdmDigitalPersonaUareU.so+0x4641]  NdmDigitalPersonaUareUModuleOf+0x411
C  [NdmDigitalPersonaUareU.so+0x18b8]  abort@@GLIBC_2.0+0x18b8
C  [NdmDigitalPersonaUareU.so+0x4810]  NdmDigitalPersonaUareUModuleOf+0x5e0
C  [ld-linux.so.2+0xfeeb]  _dl_fini+0x1fb
C  [libc.so.6+0x2dc51]  __run_exit_handlers+0xc1
C  [libc.so.6+0x2dcaf]  __GI_exit+0x2f
V  [libjvm.so+0x2ac4d4]  vm_direct_exit(int)+0x24
V  [libjvm.so+0x51affc]  VM_Exit::doit()+0xac
V  [libjvm.so+0x51b057]  VM_Operation::evaluate()+0x47
V  [libjvm.so+0x5190f3]  VMThread::evaluate_operation(VM_Operation*)+0xb3
V  [libjvm.so+0x519490]  VMThread::loop()+0x1b0
V  [libjvm.so+0x5198f5]  VMThread::run()+0x85
V  [libjvm.so+0x40bcf9]  java_start(Thread*)+0x119
C  [libpthread.so.0+0x6839]  start_thread+0xd9

VM_Operation (0xb01c6eb0): Exit, mode: safepoint, requested by thread 0x08548400


---------------  P R O C E S S  ---------------

Java Threads: ( => current thread )
  0x08593800 JavaThread "Thread-0" [_thread_blocked, id=4134, stack(0xaf009000,0xaf05a000)]
  0x08548400 JavaThread "SIGTERM handler" daemon [_thread_blocked, id=4132, stack(0xb0177000,0xb01c8000)]
  0x081b5c00 JavaThread "AWT-XAWT" daemon [_thread_in_native, id=4113, stack(0xb02f2000,0xb0343000)]
  0x0833bc00 JavaThread "Java2D Disposer" daemon [_thread_blocked, id=4112, stack(0xb0343000,0xb0394000)]
  0x0809cc00 JavaThread "Service Thread" daemon [_thread_blocked, id=4104, stack(0xb43b6000,0xb4407000)]
  0x0809ac00 JavaThread "C1 CompilerThread0" daemon [_thread_blocked, id=4103, stack(0xb4407000,0xb4488000)]
  0x08074800 JavaThread "Finalizer" daemon [_thread_blocked, id=4101, stack(0xb4850000,0xb48a1000)]
  0x08073000 JavaThread "Reference Handler" daemon [_thread_blocked, id=4100, stack(0xb48a1000,0xb48f2000)]
  0x08051c00 JavaThread "main" [_thread_blocked, id=4094, stack(0xb6b7e000,0xb6bcf000)]

Other Threads:
=>0x08071400 VMThread [stack: 0xb48f2000,0xb4973000] [id=4098]

VM state:at safepoint (shutting down)

VM Mutex/Monitor currently owned by a thread:  ([mutex/lock_event])
[0x080508a0] Threads_lock - owner thread: 0x08071400

Heap
 def new generation   total 4672K, used 2214K [0x7f800000, 0x7fd10000, 0x84950000)
  eden space 4160K,  40% used [0x7f800000, 0x7f9a9a48, 0x7fc10000)
  from space 512K, 100% used [0x7fc10000, 0x7fc90000, 0x7fc90000)
  to   space 512K,   0% used [0x7fc90000, 0x7fc90000, 0x7fd10000)
 tenured generation   total 10368K, used 6501K [0x84950000, 0x85370000, 0x8ec00000)
   the space 10368K,  62% used [0x84950000, 0x84fa9660, 0x84fa9800, 0x85370000)
 compacting perm gen  total 12288K, used 7226K [0x8ec00000, 0x8f800000, 0x92c00000)
   the space 12288K,  58% used [0x8ec00000, 0x8f30e910, 0x8f30ea00, 0x8f800000)
    ro space 10240K,  48% used [0x92c00000, 0x930d5b48, 0x930d5c00, 0x93600000)
    rw space 12288K,  57% used [0x93600000, 0x93ce29c8, 0x93ce2a00, 0x94200000)

Card table byte_map: [0xb49ed000,0xb4a93000] byte_map_base: 0xb45f1000

Polling page: 0xb7798000

Code Cache  [0xb4b13000, 0xb4c9b000, 0xb6b13000)
 total_blobs=774 nmethods=517 adapters=194 free_code_cache=31227Kb largest_free_block=31976192

Compilation events (10 events):
Event: 14,553 Thread 0x0809ac00  515             java.util.ArrayList::get (11 bytes)
Event: 14,553 Thread 0x0809ac00 nmethod 515 0xb4c90c88 code [0xb4c90da0, 0xb4c90ed4]
Event: 14,554 Thread 0x0809ac00  516             java.util.zip.ZipEntry::getSize (5 bytes)
Event: 14,554 Thread 0x0809ac00 nmethod 516 0xb4c91048 code [0xb4c91140, 0xb4c911c0]
Event: 14,555 Thread 0x0809ac00  517  s!         sun.misc.URLClassPath::getLoader (154 bytes)
Event: 14,557 Thread 0x0809ac00 nmethod 517 0xb4c91208 code [0xb4c91550, 0xb4c92658]
Event: 14,563 Thread 0x0809ac00  518             java.lang.ThreadLocal$ThreadLocalMap::set (136 bytes)
Event: 14,564 Thread 0x0809ac00 nmethod 518 0xb4c93948 code [0xb4c93aa0, 0xb4c93dc4]
Event: 32,564 Thread 0x0809ac00  519             java.lang.ThreadLocal$ThreadLocalMap::access$100 (7 bytes)
Event: 32,564 Thread 0x0809ac00 nmethod 519 0xb4c94188 code [0xb4c94280, 0xb4c9430c]

GC Heap History (10 events):
Event: 1,740 GC heap before
{Heap before GC invocations=11 (full 0):
 def new generation   total 4672K, used 4486K [0x7f800000, 0x7fd10000, 0x84950000)
  eden space 4160K, 100% used [0x7f800000, 0x7fc10000, 0x7fc10000)
  from space 512K,  63% used [0x7fc90000, 0x7fce1ab0, 0x7fd10000)
  to   space 512K,   0% used [0x7fc10000, 0x7fc10000, 0x7fc90000)
 tenured generation   total 10368K, used 4321K [0x84950000, 0x85370000, 0x8ec00000)
   the space 10368K,  41% used [0x84950000, 0x84d88570, 0x84d88600, 0x85370000)
 compacting perm gen  total 12288K, used 3286K [0x8ec00000, 0x8f800000, 0x92c00000)
   the space 12288K,  26% used [0x8ec00000, 0x8ef35a28, 0x8ef35c00, 0x8f800000)
    ro space 10240K,  48% used [0x92c00000, 0x930d5b48, 0x930d5c00, 0x93600000)
    rw space 12288K,  57% used [0x93600000, 0x93ce29c8, 0x93ce2a00, 0x94200000)
Event: 1,742 GC heap after
Heap after GC invocations=12 (full 0):
 def new generation   total 4672K, used 223K [0x7f800000, 0x7fd10000, 0x84950000)
  eden space 4160K,   0% used [0x7f800000, 0x7f800000, 0x7fc10000)
  from space 512K,  43% used [0x7fc10000, 0x7fc47fd0, 0x7fc90000)
  to   space 512K,   0% used [0x7fc90000, 0x7fc90000, 0x7fd10000)
 tenured generation   total 10368K, used 4645K [0x84950000, 0x85370000, 0x8ec00000)
   the space 10368K,  44% used [0x84950000, 0x84dd9540, 0x84dd9600, 0x85370000)
 compacting perm gen  total 12288K, used 3286K [0x8ec00000, 0x8f800000, 0x92c00000)
   the space 12288K,  26% used [0x8ec00000, 0x8ef35a28, 0x8ef35c00, 0x8f800000)
    ro space 10240K,  48% used [0x92c00000, 0x930d5b48, 0x930d5c00, 0x93600000)
    rw space 12288K,  57% used [0x93600000, 0x93ce29c8, 0x93ce2a00, 0x94200000)
}
Event: 1,839 GC heap before
{Heap before GC invocations=12 (full 0):
 def new generation   total 4672K, used 4383K [0x7f800000, 0x7fd10000, 0x84950000)
  eden space 4160K, 100% used [0x7f800000, 0x7fc10000, 0x7fc10000)
  from space 512K,  43% used [0x7fc10000, 0x7fc47fd0, 0x7fc90000)
  to   space 512K,   0% used [0x7fc90000, 0x7fc90000, 0x7fd10000)
 tenured generation   total 10368K, used 4645K [0x84950000, 0x85370000, 0x8ec00000)
   the space 10368K,  44% used [0x84950000, 0x84dd9540, 0x84dd9600, 0x85370000)
 compacting perm gen  total 12288K, used 3410K [0x8ec00000, 0x8f800000, 0x92c00000)
   the space 12288K,  27% used [0x8ec00000, 0x8ef54938, 0x8ef54a00, 0x8f800000)
    ro space 10240K,  48% used [0x92c00000, 0x930d5b48, 0x930d5c00, 0x93600000)
    rw space 12288K,  57% used [0x93600000, 0x93ce29c8, 0x93ce2a00, 0x94200000)
Event: 1,842 GC heap after
Heap after GC invocations=13 (full 0):
 def new generation   total 4672K, used 417K [0x7f800000, 0x7fd10000, 0x84950000)
  eden space 4160K,   0% used [0x7f800000, 0x7f800000, 0x7fc10000)
  from space 512K,  81% used [0x7fc90000, 0x7fcf85f0, 0x7fd10000)
  to   space 512K,   0% used [0x7fc10000, 0x7fc10000, 0x7fc90000)
 tenured generation   total 10368K, used 4645K [0x84950000, 0x85370000, 0x8ec00000)
   the space 10368K,  44% used [0x84950000, 0x84dd9540, 0x84dd9600, 0x85370000)
 compacting perm gen  total 12288K, used 3410K [0x8ec00000, 0x8f800000, 0x92c00000)
   the space 12288K,  27% used [0x8ec00000, 0x8ef54938, 0x8ef54a00, 0x8f800000)
    ro space 10240K,  48% used [0x92c00000, 0x930d5b48, 0x930d5c00, 0x93600000)
    rw space 12288K,  57% used [0x93600000, 0x93ce29c8, 0x93ce2a00, 0x94200000)
}
Event: 13,969 GC heap before
{Heap before GC invocations=13 (full 0):
 def new generation   total 4672K, used 4577K [0x7f800000, 0x7fd10000, 0x84950000)
  eden space 4160K, 100% used [0x7f800000, 0x7fc10000, 0x7fc10000)
  from space 512K,  81% used [0x7fc90000, 0x7fcf85f0, 0x7fd10000)
  to   space 512K,   0% used [0x7fc10000, 0x7fc10000, 0x7fc90000)
 tenured generation   total 10368K, used 4645K [0x84950000, 0x85370000, 0x8ec00000)
   the space 10368K,  44% used [0x84950000, 0x84dd9540, 0x84dd9600, 0x85370000)
 compacting perm gen  total 12288K, used 3634K [0x8ec00000, 0x8f800000, 0x92c00000)
   the space 12288K,  29% used [0x8ec00000, 0x8ef8c9b0, 0x8ef8ca00, 0x8f800000)
    ro space 10240K,  48% used [0x92c00000, 0x930d5b48, 0x930d5c00, 0x93600000)
    rw space 12288K,  57% used [0x93600000, 0x93ce29c8, 0x93ce2a00, 0x94200000)
Event: 13,974 GC heap after
Heap after GC invocations=14 (full 0):
 def new generation   total 4672K, used 400K [0x7f800000, 0x7fd10000, 0x84950000)
  eden space 4160K,   0% used [0x7f800000, 0x7f800000, 0x7fc10000)
  from space 512K,  78% used [0x7fc10000, 0x7fc74128, 0x7fc90000)
  to   space 512K,   0% used [0x7fc90000, 0x7fc90000, 0x7fd10000)
 tenured generation   total 10368K, used 4905K [0x84950000, 0x85370000, 0x8ec00000)
   the space 10368K,  47% used [0x84950000, 0x84e1a5b0, 0x84e1a600, 0x85370000)
 compacting perm gen  total 12288K, used 3634K [0x8ec00000, 0x8f800000, 0x92c00000)
   the space 12288K,  29% used [0x8ec00000, 0x8ef8c9b0, 0x8ef8ca00, 0x8f800000)
    ro space 10240K,  48% used [0x92c00000, 0x930d5b48, 0x930d5c00, 0x93600000)
    rw space 12288K,  57% used [0x93600000, 0x93ce29c8, 0x93ce2a00, 0x94200000)
}
Event: 14,141 GC heap before
{Heap before GC invocations=14 (full 0):
 def new generation   total 4672K, used 4560K [0x7f800000, 0x7fd10000, 0x84950000)
  eden space 4160K, 100% used [0x7f800000, 0x7fc10000, 0x7fc10000)
  from space 512K,  78% used [0x7fc10000, 0x7fc74128, 0x7fc90000)
  to   space 512K,   0% used [0x7fc90000, 0x7fc90000, 0x7fd10000)
 tenured generation   total 10368K, used 4905K [0x84950000, 0x85370000, 0x8ec00000)
   the space 10368K,  47% used [0x84950000, 0x84e1a5b0, 0x84e1a600, 0x85370000)
 compacting perm gen  total 12288K, used 3948K [0x8ec00000, 0x8f800000, 0x92c00000)
   the space 12288K,  32% used [0x8ec00000, 0x8efdb150, 0x8efdb200, 0x8f800000)
    ro space 10240K,  48% used [0x92c00000, 0x930d5b48, 0x930d5c00, 0x93600000)
    rw space 12288K,  57% used [0x93600000, 0x93ce29c8, 0x93ce2a00, 0x94200000)
Event: 14,150 GC heap after
Heap after GC invocations=15 (full 0):
 def new generation   total 4672K, used 512K [0x7f800000, 0x7fd10000, 0x84950000)
  eden space 4160K,   0% used [0x7f800000, 0x7f800000, 0x7fc10000)
  from space 512K, 100% used [0x7fc90000, 0x7fd10000, 0x7fd10000)
  to   space 512K,   0% used [0x7fc10000, 0x7fc10000, 0x7fc90000)
 tenured generation   total 10368K, used 5686K [0x84950000, 0x85370000, 0x8ec00000)
   the space 10368K,  54% used [0x84950000, 0x84edd9d8, 0x84edda00, 0x85370000)
 compacting perm gen  total 12288K, used 3948K [0x8ec00000, 0x8f800000, 0x92c00000)
   the space 12288K,  32% used [0x8ec00000, 0x8efdb150, 0x8efdb200, 0x8f800000)
    ro space 10240K,  48% used [0x92c00000, 0x930d5b48, 0x930d5c00, 0x93600000)
    rw space 12288K,  57% used [0x93600000, 0x93ce29c8, 0x93ce2a00, 0x94200000)
}
Event: 14,479 GC heap before
{Heap before GC invocations=15 (full 0):
 def new generation   total 4672K, used 4672K [0x7f800000, 0x7fd10000, 0x84950000)
  eden space 4160K, 100% used [0x7f800000, 0x7fc10000, 0x7fc10000)
  from space 512K, 100% used [0x7fc90000, 0x7fd10000, 0x7fd10000)
  to   space 512K,   0% used [0x7fc10000, 0x7fc10000, 0x7fc90000)
 tenured generation   total 10368K, used 5686K [0x84950000, 0x85370000, 0x8ec00000)
   the space 10368K,  54% used [0x84950000, 0x84edd9d8, 0x84edda00, 0x85370000)
 compacting perm gen  total 12288K, used 6785K [0x8ec00000, 0x8f800000, 0x92c00000)
   the space 12288K,  55% used [0x8ec00000, 0x8f2a07b0, 0x8f2a0800, 0x8f800000)
    ro space 10240K,  48% used [0x92c00000, 0x930d5b48, 0x930d5c00, 0x93600000)
    rw space 12288K,  57% used [0x93600000, 0x93ce29c8, 0x93ce2a00, 0x94200000)
Event: 14,488 GC heap after
Heap after GC invocations=16 (full 0):
 def new generation   total 4672K, used 512K [0x7f800000, 0x7fd10000, 0x84950000)
  eden space 4160K,   0% used [0x7f800000, 0x7f800000, 0x7fc10000)
  from space 512K, 100% used [0x7fc10000, 0x7fc90000, 0x7fc90000)
  to   space 512K,   0% used [0x7fc90000, 0x7fc90000, 0x7fd10000)
 tenured generation   total 10368K, used 6501K [0x84950000, 0x85370000, 0x8ec00000)
   the space 10368K,  62% used [0x84950000, 0x84fa9660, 0x84fa9800, 0x85370000)
 compacting perm gen  total 12288K, used 6785K [0x8ec00000, 0x8f800000, 0x92c00000)
   the space 12288K,  55% used [0x8ec00000, 0x8f2a07b0, 0x8f2a0800, 0x8f800000)
    ro space 10240K,  48% used [0x92c00000, 0x930d5b48, 0x930d5c00, 0x93600000)
    rw space 12288K,  57% used [0x93600000, 0x93ce29c8, 0x93ce2a00, 0x94200000)
}

Deoptimization events (0 events):
No events

Internal exceptions (10 events):
Event: 14,551 Thread 0x08051c00 Threw 0x7f928fb0 at /HUDSON/workspace/7u-2-build-linux-i586/jdk7u80/2329/hotspot/src/share/vm/prims/jvm.cpp:1319
Event: 14,553 Thread 0x08051c00 Threw 0x7f92d260 at /HUDSON/workspace/7u-2-build-linux-i586/jdk7u80/2329/hotspot/src/share/vm/prims/jvm.cpp:1319
Event: 14,554 Thread 0x08051c00 Threw 0x7f930da8 at /HUDSON/workspace/7u-2-build-linux-i586/jdk7u80/2329/hotspot/src/share/vm/prims/jvm.cpp:1319
Event: 14,557 Thread 0x08051c00 Threw 0x7f934ac0 at /HUDSON/workspace/7u-2-build-linux-i586/jdk7u80/2329/hotspot/src/share/vm/prims/jvm.cpp:1319
Event: 14,558 Thread 0x08051c00 Threw 0x7f938718 at /HUDSON/workspace/7u-2-build-linux-i586/jdk7u80/2329/hotspot/src/share/vm/prims/jvm.cpp:1319
Event: 14,558 Thread 0x08051c00 Threw 0x7f93cec8 at /HUDSON/workspace/7u-2-build-linux-i586/jdk7u80/2329/hotspot/src/share/vm/prims/jvm.cpp:1319
Event: 14,559 Thread 0x08051c00 Threw 0x7f941568 at /HUDSON/workspace/7u-2-build-linux-i586/jdk7u80/2329/hotspot/src/share/vm/prims/jvm.cpp:1319
Event: 14,559 Thread 0x08051c00 Threw 0x7f947aa0 at /HUDSON/workspace/7u-2-build-linux-i586/jdk7u80/2329/hotspot/src/share/vm/prims/jvm.cpp:1319
Event: 14,560 Thread 0x08051c00 Threw 0x7f94bc38 at /HUDSON/workspace/7u-2-build-linux-i586/jdk7u80/2329/hotspot/src/share/vm/prims/jvm.cpp:1319
Event: 14,561 Thread 0x08051c00 Threw 0x7f950628 at /HUDSON/workspace/7u-2-build-linux-i586/jdk7u80/2329/hotspot/src/share/vm/prims/jvm.cpp:1319

Events (10 events):
Event: 59,117 Executing VM operation: RevokeBias done
Event: 59,117 Executing VM operation: RevokeBias
Event: 59,117 Executing VM operation: RevokeBias done
Event: 59,117 Executing VM operation: RevokeBias
Event: 59,117 Executing VM operation: RevokeBias done
Event: 59,118 Thread 0x08593400 Thread exited: 0x08593400
Event: 59,118 Executing VM operation: RevokeBias
Event: 59,118 Executing VM operation: RevokeBias done
Event: 59,118 Thread 0x08099000 Thread exited: 0x08099000
Event: 59,118 Executing VM operation: Exit


Dynamic libraries:
08048000-08049000 r-xp 00000000 08:04 2394621    /usr/java/jdk1.7.0_80/bin/java
08049000-0804a000 rw-p 00000000 08:04 2394621    /usr/java/jdk1.7.0_80/bin/java
0804a000-0866f000 rw-p 00000000 00:00 0          [heap]
7f800000-7fd10000 rw-p 00000000 00:00 0 
7fd10000-84950000 rw-p 00000000 00:00 0 
84950000-85370000 rw-p 00000000 00:00 0 
85370000-8ec00000 rw-p 00000000 00:00 0 
8ec00000-8f800000 rw-p 00000000 00:00 0 
8f800000-92c00000 rw-p 00000000 00:00 0 
92c00000-930d6000 r--p 00001000 08:04 287204     /usr/java/jdk1.7.0_80/jre/lib/i386/client/classes.jsa
930d6000-93600000 rw-p 00000000 00:00 0 
93600000-93ce3000 rw-p 004d7000 08:04 287204     /usr/java/jdk1.7.0_80/jre/lib/i386/client/classes.jsa
93ce3000-94200000 rw-p 00000000 00:00 0 
94200000-944b5000 rw-p 00bba000 08:04 287204     /usr/java/jdk1.7.0_80/jre/lib/i386/client/classes.jsa
944b5000-94600000 rw-p 00000000 00:00 0 
94600000-94609000 r-xp 00e6f000 08:04 287204     /usr/java/jdk1.7.0_80/jre/lib/i386/client/classes.jsa
94609000-94a00000 rw-p 00000000 00:00 0 
aef1f000-af009000 rw-p 00000000 00:00 0 
af009000-af00c000 ---p 00000000 00:00 0 
af00c000-af05a000 rw-p 00000000 00:00 0 
af05a000-af05d000 ---p 00000000 00:00 0 
af05d000-af0ab000 rw-p 00000000 00:00 0 
af0ab000-af0ac000 ---p 00000000 00:00 0 
af0ac000-af8ac000 rw-p 00000000 00:00 0 
af8ac000-af8ad000 ---p 00000000 00:00 0 
af8ad000-b00ad000 rw-p 00000000 00:00 0 
b00ad000-b00ed000 r--s 00000000 08:04 2228955    /var/cache/fontconfig/17090aa38d5c6f09fb8c5c354938f1d7-x86.cache-2
b00ed000-b010f000 r--s 00000000 08:04 2228962    /var/cache/fontconfig/8d4af663993b81a124ee82e610bb31f9-x86.cache-2
b010f000-b014f000 r--s 00000000 08:04 2228954    /var/cache/fontconfig/df311e82a1a24c41a75c2c930223552e-x86.cache-2
b0177000-b017a000 ---p 00000000 00:00 0 
b017a000-b01c8000 rw-p 00000000 00:00 0 
b01c8000-b01cc000 r--s 000f7000 08:04 287193     /usr/java/jdk1.7.0_80/jre/lib/ext/localedata.jar
b01cc000-b01d8000 r--s 000af000 08:04 287419     /usr/java/jdk1.7.0_80/jre/lib/resources.jar
b01d8000-b0238000 r-xp 00000000 08:04 287400     /usr/java/jdk1.7.0_80/jre/lib/i386/libt2k.so
b0238000-b023c000 rw-p 00060000 08:04 287400     /usr/java/jdk1.7.0_80/jre/lib/i386/libt2k.so
b023c000-b0240000 rw-p 00000000 00:00 0 
b0240000-b025b000 r-xp 00000000 08:04 1843825    /lib/libgcc_s.so.1
b025b000-b025c000 r--p 0001a000 08:04 1843825    /lib/libgcc_s.so.1
b025c000-b025d000 rw-p 0001b000 08:04 1843825    /lib/libgcc_s.so.1
b0260000-b0262000 r--s 00015000 08:04 1966236    /home/cajero/workspace/Client/lib/xpp3.jar
b0262000-b0265000 r--s 00029000 08:04 1966235    /home/cajero/workspace/Client/lib/stax.jar
b0265000-b026e000 r--s 00051000 08:04 1966233    /home/cajero/workspace/Client/lib/simple-xml.jar
b026e000-b0275000 r--s 00000000 08:04 2228958    /var/cache/fontconfig/77e41c5059666d75f92e318d4be8c21e-x86.cache-2
b0275000-b028a000 r--s 00000000 08:04 2228963    /var/cache/fontconfig/7ef2298fde41cc6eeb7af42e48b7d293-x86.cache-2
b028a000-b02eb000 r-xp 00000000 08:04 287360     /usr/java/jdk1.7.0_80/jre/lib/i386/libfontmanager.so
b02eb000-b02ee000 rw-p 00060000 08:04 287360     /usr/java/jdk1.7.0_80/jre/lib/i386/libfontmanager.so
b02ee000-b02f2000 rw-p 00000000 00:00 0 
b02f2000-b02f5000 ---p 00000000 00:00 0 
b02f5000-b0343000 rw-p 00000000 00:00 0 
b0343000-b0346000 ---p 00000000 00:00 0 
b0346000-b0394000 rw-p 00000000 00:00 0 
b0394000-b03b0000 r-xp 00000000 08:04 2313747    /usr/lib/libxcb.so.1.0.0
b03b0000-b03b1000 r--p 0001b000 08:04 2313747    /usr/lib/libxcb.so.1.0.0
b03b1000-b03b2000 rw-p 0001c000 08:04 2313747    /usr/lib/libxcb.so.1.0.0
b03b2000-b03b3000 r-xp 00000000 08:04 2313737    /usr/lib/libxcb-xlib.so.0.0.0
b03b3000-b03b4000 r--p 00000000 08:04 2313737    /usr/lib/libxcb-xlib.so.0.0.0
b03b4000-b03b5000 rw-p 00001000 08:04 2313737    /usr/lib/libxcb-xlib.so.0.0.0
b03b5000-b03be000 r-xp 00000000 08:04 1310996    /usr/lib/libXi.so.6.0.0
b03be000-b03bf000 r--p 00008000 08:04 1310996    /usr/lib/libXi.so.6.0.0
b03bf000-b03c0000 rw-p 00009000 08:04 1310996    /usr/lib/libXi.so.6.0.0
b03c0000-b03c5000 r-xp 00000000 08:04 1311006    /usr/lib/libXtst.so.6.1.0
b03c5000-b03c6000 r--p 00004000 08:04 1311006    /usr/lib/libXtst.so.6.1.0
b03c6000-b03c7000 rw-p 00005000 08:04 1311006    /usr/lib/libXtst.so.6.1.0
b03c7000-b03cf000 r-xp 00000000 08:04 1310834    /usr/lib/libXrender.so.1.3.0
b03cf000-b03d0000 r--p 00007000 08:04 1310834    /usr/lib/libXrender.so.1.3.0
b03d0000-b03d1000 rw-p 00008000 08:04 1310834    /usr/lib/libXrender.so.1.3.0
b03d1000-b0500000 r-xp 00000000 08:04 1310767    /usr/lib/libX11.so.6.2.0
b0500000-b0501000 r--p 0012f000 08:04 1310767    /usr/lib/libX11.so.6.2.0
b0501000-b0504000 rw-p 00130000 08:04 1310767    /usr/lib/libX11.so.6.2.0
b0505000-b0506000 r--s 00002000 08:04 1966272    /home/cajero/workspace/Client/lib/Client-Side.jar
b0506000-b0508000 r--s 00005000 08:04 1966234    /home/cajero/workspace/Client/lib/stax-api.jar
b0508000-b050d000 r--s 00000000 08:04 2228957    /var/cache/fontconfig/d62e99ef547d1d24cdb1bd22ec1a2976-x86.cache-2
b050d000-b051b000 r-xp 00000000 08:04 287392     /usr/java/jdk1.7.0_80/jre/lib/i386/libnio.so
b051b000-b051c000 rw-p 0000e000 08:04 287392     /usr/java/jdk1.7.0_80/jre/lib/i386/libnio.so
b051c000-b0520000 r-xp 00000000 08:04 1310836    /usr/lib/libXfixes.so.3.1.0
b0520000-b0521000 r--p 00003000 08:04 1310836    /usr/lib/libXfixes.so.3.1.0
b0521000-b0522000 rw-p 00004000 08:04 1310836    /usr/lib/libXfixes.so.3.1.0
b0522000-b052b000 r-xp 00000000 08:04 1310982    /usr/lib/libXcursor.so.1.0.2
b052b000-b052c000 r--p 00008000 08:04 1310982    /usr/lib/libXcursor.so.1.0.2
b052c000-b052d000 rw-p 00009000 08:04 1310982    /usr/lib/libXcursor.so.1.0.2
b052d000-b052f000 r-xp 00000000 08:04 2435454    /usr/lib/gconv/ISO8859-1.so
b052f000-b0530000 r--p 00001000 08:04 2435454    /usr/lib/gconv/ISO8859-1.so
b0530000-b0531000 rw-p 00002000 08:04 2435454    /usr/lib/gconv/ISO8859-1.so
b0531000-b057a000 r-xp 00000000 08:04 295557     /usr/java/jdk1.7.0_80/jre/lib/i386/xawt/libmawt.so
b057a000-b057c000 rw-p 00049000 08:04 295557     /usr/java/jdk1.7.0_80/jre/lib/i386/xawt/libmawt.so
b057c000-b057d000 rw-p 00000000 00:00 0 
b057d000-b0603000 r-xp 00000000 08:04 287356     /usr/java/jdk1.7.0_80/jre/lib/i386/libawt.so
b0603000-b060a000 rw-p 00086000 08:04 287356     /usr/java/jdk1.7.0_80/jre/lib/i386/libawt.so
b060a000-b062e000 rw-p 00000000 00:00 0 
b062e000-b062f000 ---p 00000000 00:00 0 
b062f000-b0e2f000 rw-p 00000000 00:00 0 
b0e2f000-b0e30000 ---p 00000000 00:00 0 
b0e30000-b1630000 rw-p 00000000 00:00 0 
b1630000-b1631000 ---p 00000000 00:00 0 
b1631000-b1e31000 rw-p 00000000 00:00 0 
b1e31000-b1e32000 ---p 00000000 00:00 0 
b1e32000-b2632000 rw-p 00000000 00:00 0 
b2662000-b2663000 ---p 00000000 00:00 0 
b2663000-b2e63000 rw-p 00000000 00:00 0 
b2e63000-b2e68000 r-xp 00000000 08:04 174766     /opt/DigitalPersona/urusdk-linux/Linux/lib/x86/libdpDrvDatApi.so.2.0.0.8
b2e68000-b2e69000 rw-p 00005000 08:04 174766     /opt/DigitalPersona/urusdk-linux/Linux/lib/x86/libdpDrvDatApi.so.2.0.0.8
b2e69000-b2e78000 r-xp 00000000 08:04 174769     /opt/DigitalPersona/urusdk-linux/Linux/lib/x86/libdpFC.so.2.0.0.8
b2e78000-b2e79000 rw-p 0000f000 08:04 174769     /opt/DigitalPersona/urusdk-linux/Linux/lib/x86/libdpFC.so.2.0.0.8
b2e79000-b2e7d000 r-xp 00000000 08:04 174793     /opt/DigitalPersona/urusdk-linux/Linux/lib/x86/libdpUsbAda.so.2.0.0.8
b2e7d000-b2e7e000 rw-p 00003000 08:04 174793     /opt/DigitalPersona/urusdk-linux/Linux/lib/x86/libdpUsbAda.so.2.0.0.8
b2e7e000-b2e89000 r-xp 00000000 08:04 174784     /opt/DigitalPersona/urusdk-linux/Linux/lib/x86/libdpI00701.so.2.0.0.8
b2e89000-b2e8a000 rw-p 0000a000 08:04 174784     /opt/DigitalPersona/urusdk-linux/Linux/lib/x86/libdpI00701.so.2.0.0.8
b2e8a000-b2ea2000 r-xp 00000000 08:04 174757     /opt/DigitalPersona/urusdk-linux/Linux/lib/x86/libdpD00701.so.2.0.0.8
b2ea2000-b2ea3000 rw-p 00018000 08:04 174757     /opt/DigitalPersona/urusdk-linux/Linux/lib/x86/libdpD00701.so.2.0.0.8
b2ea3000-b2eaa000 r-xp 00000000 08:04 174760     /opt/DigitalPersona/urusdk-linux/Linux/lib/x86/libdpDevMgr.so.2.0.0.8
b2eaa000-b2eab000 rw-p 00006000 08:04 174760     /opt/DigitalPersona/urusdk-linux/Linux/lib/x86/libdpDevMgr.so.2.0.0.8
b2eab000-b2eae000 r-xp 00000000 08:04 174787     /opt/DigitalPersona/urusdk-linux/Linux/lib/x86/libdpObjMgr.so.2.0.0.8
b2eae000-b2eaf000 rw-p 00002000 08:04 174787     /opt/DigitalPersona/urusdk-linux/Linux/lib/x86/libdpObjMgr.so.2.0.0.8
b2eaf000-b2eb5000 r-xp 00000000 08:04 174763     /opt/DigitalPersona/urusdk-linux/Linux/lib/x86/libdpDrvApi.so.2.0.0.8
b2eb5000-b2eb6000 rw-p 00005000 08:04 174763     /opt/DigitalPersona/urusdk-linux/Linux/lib/x86/libdpDrvApi.so.2.0.0.8
b2eba000-b2ec1000 rw-p 00000000 00:00 0 
b2ec1000-b2ec9000 r-xp 00000000 08:04 174775     /opt/DigitalPersona/urusdk-linux/Linux/lib/x86/libdpfpdd.so.2.2.3
b2ec9000-b2eca000 rw-p 00007000 08:04 174775     /opt/DigitalPersona/urusdk-linux/Linux/lib/x86/libdpfpdd.so.2.2.3
b2eca000-b2ecb000 r--s 00007000 08:04 1966232    /home/cajero/workspace/Client/lib/samples-utils.jar
b2ecb000-b2ecc000 r--s 009af000 08:04 1966231    /home/cajero/workspace/Client/lib/neurotec-native-macosx-universal.jar
b2ecc000-b2ece000 r-xp 00000000 08:04 2313267    /usr/lib/libXau.so.6.0.0
b2ece000-b2ecf000 r--p 00001000 08:04 2313267    /usr/lib/libXau.so.6.0.0
b2ecf000-b2ed0000 rw-p 00002000 08:04 2313267    /usr/lib/libXau.so.6.0.0
b2ed0000-b2edf000 r-xp 00000000 08:04 1310838    /usr/lib/libXext.so.6.4.0
b2edf000-b2ee0000 r--p 0000e000 08:04 1310838    /usr/lib/libXext.so.6.4.0
b2ee0000-b2ee1000 rw-p 0000f000 08:04 1310838    /usr/lib/libXext.so.6.4.0
b2ee1000-b2ef6000 r-xp 00000000 08:04 287391     /usr/java/jdk1.7.0_80/jre/lib/i386/libnet.so
b2ef6000-b2ef7000 rw-p 00015000 08:04 287391     /usr/java/jdk1.7.0_80/jre/lib/i386/libnet.so
b2ef7000-b2efc000 r-xp 00000000 08:04 1966241    /home/cajero/workspace/Client/libHuellas/linux-32 bits/FScanners/NdmDigitalPersonaUareU/NdmDigitalPersonaUareU.so
b2efc000-b2efd000 rw-p 00005000 08:04 1966241    /home/cajero/workspace/Client/libHuellas/linux-32 bits/FScanners/NdmDigitalPersonaUareU/NdmDigitalPersonaUareU.so
b2efd000-b2f08000 r-xp 00000000 08:04 1966243    /home/cajero/workspace/Client/libHuellas/linux-32 bits/NdmMedia.so
b2f08000-b2f09000 rw-p 0000a000 08:04 1966243    /home/cajero/workspace/Client/libHuellas/linux-32 bits/NdmMedia.so
b2f09000-b2f1e000 r-xp 00000000 08:04 1966244    /home/cajero/workspace/Client/libHuellas/linux-32 bits/NdmVirtual.so
b2f1e000-b2f23000 rw-p 00014000 08:04 1966244    /home/cajero/workspace/Client/libHuellas/linux-32 bits/NdmVirtual.so
b2f23000-b2f24000 ---p 00000000 00:00 0 
b2f24000-b3724000 rw-p 00000000 00:00 0 
b3724000-b3726000 rwxp 00000000 00:00 0 
b3726000-b3755000 r-xp 00000000 08:04 1966251    /home/cajero/workspace/Client/libHuellas/linux-32 bits/libNLicensing.so
b3755000-b3760000 rw-p 0002f000 08:04 1966251    /home/cajero/workspace/Client/libHuellas/linux-32 bits/libNLicensing.so
b3760000-b3761000 rw-p 00000000 00:00 0 
b3761000-b38be000 r-xp 00000000 08:04 1966245    /home/cajero/workspace/Client/libHuellas/linux-32 bits/libNBiometricClient.so
b38be000-b38c7000 rw-p 0015d000 08:04 1966245    /home/cajero/workspace/Client/libHuellas/linux-32 bits/libNBiometricClient.so
b38c7000-b38ef000 r-xp 00000000 08:04 1966250    /home/cajero/workspace/Client/libHuellas/linux-32 bits/libNDevices.so
b38ef000-b38fa000 rw-p 00027000 08:04 1966250    /home/cajero/workspace/Client/libHuellas/linux-32 bits/libNDevices.so
b38fa000-b3903000 rwxp 00000000 00:00 0 
b3903000-b3e81000 r-xp 00000000 08:04 1966246    /home/cajero/workspace/Client/libHuellas/linux-32 bits/libNBiometrics.so
b3e81000-b3eea000 rw-p 0057d000 08:04 1966246    /home/cajero/workspace/Client/libHuellas/linux-32 bits/libNBiometrics.so
b3eea000-b3ef0000 rw-p 00000000 00:00 0 
b3ef0000-b3f4b000 r-xp 00000000 08:04 1966253    /home/cajero/workspace/Client/libHuellas/linux-32 bits/libNMediaProc.so
b3f4b000-b3f55000 rw-p 0005a000 08:04 1966253    /home/cajero/workspace/Client/libHuellas/linux-32 bits/libNMediaProc.so
b3f55000-b4110000 r-xp 00000000 08:04 1966252    /home/cajero/workspace/Client/libHuellas/linux-32 bits/libNMedia.so
b4110000-b412a000 rw-p 001bb000 08:04 1966252    /home/cajero/workspace/Client/libHuellas/linux-32 bits/libNMedia.so
b412a000-b412b000 rw-p 00000000 00:00 0 
b412b000-b412f000 rwxp 00000000 00:00 0 
b412f000-b4134000 r--s 00038000 08:04 1966230    /home/cajero/workspace/Client/lib/neurotec-media.jar
b4134000-b4135000 r--s 00004000 08:04 1966229    /home/cajero/workspace/Client/lib/neurotec-media-processing.jar
b4135000-b4137000 r--s 0000a000 08:04 1966228    /home/cajero/workspace/Client/lib/neurotec-licensing.jar
b4137000-b4138000 r--p 00000000 00:00 0 
b4138000-b4139000 rwxp 00000000 00:00 0 
b4139000-b4157000 r--p 00000000 08:04 2419102    /usr/share/locale/es/LC_MESSAGES/libc.mo
b4157000-b42d5000 r-xp 00000000 08:04 1966249    /home/cajero/workspace/Client/libHuellas/linux-32 bits/libNCore.so
b42d5000-b42e6000 rw-p 0017e000 08:04 1966249    /home/cajero/workspace/Client/libHuellas/linux-32 bits/libNCore.so
b42e6000-b42e8000 rw-p 00000000 00:00 0 
b42e8000-b42fc000 r-xp 00000000 08:04 1860823    /tmp/jna-cajero/jna4076022756804041816.tmp (deleted)
b42fc000-b42fd000 rw-p 00014000 08:04 1860823    /tmp/jna-cajero/jna4076022756804041816.tmp (deleted)
b42fd000-b4300000 r--s 00019000 08:04 287406     /usr/java/jdk1.7.0_80/jre/lib/jce.jar
b4300000-b4304000 r--s 0008b000 08:04 287420     /usr/java/jdk1.7.0_80/jre/lib/jsse.jar
b4304000-b430b000 r--s 0002d000 08:04 1966227    /home/cajero/workspace/Client/lib/neurotec-devices.jar
b430b000-b430d000 r--s 00005000 08:04 1966226    /home/cajero/workspace/Client/lib/neurotec-devices-virtual.jar
b430d000-b431a000 r--s 000a0000 08:04 1966225    /home/cajero/workspace/Client/lib/neurotec-core.jar
b431a000-b432c000 r--s 000e3000 08:04 1966224    /home/cajero/workspace/Client/lib/neurotec-biometrics.jar
b432c000-b432e000 r--s 0000b000 08:04 1966223    /home/cajero/workspace/Client/lib/neurotec-biometrics-client.jar
b432e000-b4331000 r--s 000a6000 08:04 1966222    /home/cajero/workspace/Client/lib/jna.jar
b4331000-b4335000 r--s 0002a000 08:04 1966221    /home/cajero/workspace/Client/lib/commons-io.jar
b4335000-b4336000 ---p 00000000 00:00 0 
b4336000-b43b6000 rw-p 00000000 00:00 0 
b43b6000-b43b9000 ---p 00000000 00:00 0 
b43b9000-b4407000 rw-p 00000000 00:00 0 
b4407000-b440a000 ---p 00000000 00:00 0 
b440a000-b4488000 rw-p 00000000 00:00 0 
b4488000-b448b000 ---p 00000000 00:00 0 
b448b000-b4524000 rw-p 00000000 00:00 0 
b4524000-b46e4000 r--s 039fb000 08:04 287422     /usr/java/jdk1.7.0_80/jre/lib/rt.jar
b46e4000-b4723000 r--p 00000000 08:04 49629      /usr/lib/locale/es_ES.utf8/LC_CTYPE
b4723000-b4724000 r--p 00000000 08:04 49605      /usr/lib/locale/es_ES.utf8/LC_NUMERIC
b4724000-b4725000 r--p 00000000 08:04 34267      /usr/lib/locale/es_ES.utf8/LC_TIME
b4725000-b4842000 r--p 00000000 08:04 49630      /usr/lib/locale/es_ES.utf8/LC_COLLATE
b4842000-b4843000 r--p 00000000 08:04 49607      /usr/lib/locale/es_ES.utf8/LC_MONETARY
b4843000-b4844000 r--p 00000000 08:04 42251      /usr/lib/locale/es_ES.utf8/LC_MESSAGES/SYS_LC_MESSAGES
b4844000-b4845000 r--p 00000000 08:04 49626      /usr/lib/locale/es_ES.utf8/LC_PAPER
b4845000-b4846000 r--p 00000000 08:04 49606      /usr/lib/locale/es_ES.utf8/LC_NAME
b4846000-b4847000 r--p 00000000 08:04 34843      /usr/lib/locale/es_ES.utf8/LC_ADDRESS
b4847000-b4848000 r--p 00000000 08:04 34842      /usr/lib/locale/es_ES.utf8/LC_TELEPHONE
b4848000-b4849000 r--p 00000000 08:04 49628      /usr/lib/locale/es_ES.utf8/LC_MEASUREMENT
b4849000-b4850000 r--s 00000000 08:04 2435517    /usr/lib/gconv/gconv-modules.cache
b4850000-b4853000 ---p 00000000 00:00 0 
b4853000-b48a1000 rw-p 00000000 00:00 0 
b48a1000-b48a4000 ---p 00000000 00:00 0 
b48a4000-b48f2000 rw-p 00000000 00:00 0 
b48f2000-b48f3000 ---p 00000000 00:00 0 
b48f3000-b4981000 rw-p 00000000 00:00 0 
b4981000-b499b000 rw-p 00000000 00:00 0 
b499b000-b49a1000 rw-p 00000000 00:00 0 
b49a1000-b49ed000 rw-p 00000000 00:00 0 
b49ed000-b49f0000 rw-p 00000000 00:00 0 
b49f0000-b4a15000 rw-p 00000000 00:00 0 
b4a15000-b4a1b000 rw-p 00000000 00:00 0 
b4a1b000-b4a67000 rw-p 00000000 00:00 0 
b4a67000-b4a6d000 rw-p 00000000 00:00 0 
b4a6d000-b4a87000 rw-p 00000000 00:00 0 
b4a87000-b4a9a000 rw-p 00000000 00:00 0 
b4a9a000-b4b13000 rw-p 00000000 00:00 0 
b4b13000-b4c9b000 rwxp 00000000 00:00 0 
b4c9b000-b6b13000 rw-p 00000000 00:00 0 
b6b13000-b6b1b000 rw-s 00000000 08:04 1860819    /tmp/hsperfdata_cajero/4092 (deleted)
b6b1b000-b6b50000 r--s 00000000 08:04 2229045    /var/run/nscd/passwd
b6b50000-b6b73000 r-xp 00000000 08:04 287370     /usr/java/jdk1.7.0_80/jre/lib/i386/libjava.so
b6b73000-b6b74000 rw-p 00023000 08:04 287370     /usr/java/jdk1.7.0_80/jre/lib/i386/libjava.so
b6b74000-b6b7c000 r-xp 00000000 08:04 1843791    /lib/librt-2.11.3.so
b6b7c000-b6b7d000 r--p 00007000 08:04 1843791    /lib/librt-2.11.3.so
b6b7d000-b6b7e000 rw-p 00008000 08:04 1843791    /lib/librt-2.11.3.so
b6b7e000-b6b81000 ---p 00000000 00:00 0 
b6b81000-b6bcf000 rw-p 00000000 00:00 0 
b6bcf000-b6bf6000 r-xp 00000000 08:04 1843769    /lib/libm-2.11.3.so
b6bf6000-b6bf7000 r--p 00026000 08:04 1843769    /lib/libm-2.11.3.so
b6bf7000-b6bf8000 rw-p 00027000 08:04 1843769    /lib/libm-2.11.3.so
b6bf8000-b718d000 r-xp 00000000 08:04 287345     /usr/java/jdk1.7.0_80/jre/lib/i386/client/libjvm.so
b718d000-b71ae000 rw-p 00595000 08:04 287345     /usr/java/jdk1.7.0_80/jre/lib/i386/client/libjvm.so
b71ae000-b75cf000 rw-p 00000000 00:00 0 
b75cf000-b773b000 r-xp 00000000 08:04 1843761    /lib/libc-2.11.3.so
b773b000-b773c000 ---p 0016c000 08:04 1843761    /lib/libc-2.11.3.so
b773c000-b773e000 r--p 0016c000 08:04 1843761    /lib/libc-2.11.3.so
b773e000-b773f000 rw-p 0016e000 08:04 1843761    /lib/libc-2.11.3.so
b773f000-b7743000 rw-p 00000000 00:00 0 
b7743000-b7746000 r-xp 00000000 08:04 1843767    /lib/libdl-2.11.3.so
b7746000-b7747000 r--p 00002000 08:04 1843767    /lib/libdl-2.11.3.so
b7747000-b7748000 rw-p 00003000 08:04 1843767    /lib/libdl-2.11.3.so
b7748000-b775c000 r-xp 00000000 08:04 264696     /usr/java/jdk1.7.0_80/lib/i386/jli/libjli.so
b775c000-b775d000 rw-p 00013000 08:04 264696     /usr/java/jdk1.7.0_80/lib/i386/jli/libjli.so
b775d000-b7774000 r-xp 00000000 08:04 1843787    /lib/libpthread-2.11.3.so
b7774000-b7775000 r--p 00016000 08:04 1843787    /lib/libpthread-2.11.3.so
b7775000-b7776000 rw-p 00017000 08:04 1843787    /lib/libpthread-2.11.3.so
b7776000-b7778000 rw-p 00000000 00:00 0 
b7778000-b7779000 r--p 00000000 08:04 34265      /usr/lib/locale/es_ES.utf8/LC_IDENTIFICATION
b7779000-b777f000 rw-p 00000000 00:00 0 
b777f000-b7796000 r-xp 00000000 08:04 287403     /usr/java/jdk1.7.0_80/jre/lib/i386/libzip.so
b7796000-b7797000 rw-p 00016000 08:04 287403     /usr/java/jdk1.7.0_80/jre/lib/i386/libzip.so
b7797000-b7798000 rw-p 00000000 00:00 0 
b7798000-b7799000 ---p 00000000 00:00 0 
b7799000-b77a4000 r-xp 00000000 08:04 287402     /usr/java/jdk1.7.0_80/jre/lib/i386/libverify.so
b77a4000-b77a5000 rw-p 0000b000 08:04 287402     /usr/java/jdk1.7.0_80/jre/lib/i386/libverify.so
b77a5000-b77a6000 rw-p 00000000 00:00 0 
b77a6000-b77c5000 r-xp 00000000 08:04 1843754    /lib/ld-2.11.3.so
b77c5000-b77c6000 r--p 0001e000 08:04 1843754    /lib/ld-2.11.3.so
b77c6000-b77c7000 rw-p 0001f000 08:04 1843754    /lib/ld-2.11.3.so
bf81e000-bf81f000 rwxp 00000000 00:00 0 
bf850000-bf872000 rw-p 00000000 00:00 0          [stack]
ffffe000-fffff000 r-xp 00000000 00:00 0          [vdso]

VM Arguments:
jvm_args: -Dfile.encoding=UTF-8 
java_command: webServices.ClienteWS
Launcher Type: SUN_STANDARD

Environment Variables:
CLASSPATH=:/usr/local/NCRRetail:/usr/local/NCRRetail/jar/NCRRetailCommon.jar:/usr/local/NCRRetail/jar/jpos.jar:/usr/local/NCRRetail/jar/NCRJavaPOS.jar:/usr/local/NCRRetail/jar/jcl_editor.jar:/usr/local/NCRRetail/jar/xerces.jar:/usr/local/NCRRetail/jar/NCRConfigManager.jar:/usr/local/NCRRetail/jar/NCRSystemMonitor.jar
PATH=/home/cajero/bin:/usr/local/bin:/usr/bin:/bin:/usr/bin/X11:/usr/X11R6/bin:/usr/games:/usr/lib/mit/bin:/usr/lib/mit/sbin
USERNAME=cajero
LD_LIBRARY_PATH=/usr/java/jdk1.7.0_80/jre/lib/i386/client:/usr/java/jdk1.7.0_80/jre/lib/i386:/home/cajero/workspace/Client/libHuellas/linux-32 bits/
SHELL=/bin/bash
DISPLAY=:0.0
HOSTTYPE=i386
OSTYPE=linux
MACHTYPE=i686-suse-linux

Signal Handlers:
SIGSEGV: [libjvm.so+0x511b30], sa_mask[0]=0x7ffbfeff, sa_flags=0x10000004
SIGBUS: [libjvm.so+0x511b30], sa_mask[0]=0x7ffbfeff, sa_flags=0x10000004
SIGFPE: [libjvm.so+0x406570], sa_mask[0]=0x7ffbfeff, sa_flags=0x10000004
SIGPIPE: [libjvm.so+0x406570], sa_mask[0]=0x7ffbfeff, sa_flags=0x10000004
SIGXFSZ: [libjvm.so+0x406570], sa_mask[0]=0x7ffbfeff, sa_flags=0x10000004
SIGILL: [libjvm.so+0x406570], sa_mask[0]=0x7ffbfeff, sa_flags=0x10000004
SIGUSR1: SIG_DFL, sa_mask[0]=0x00000000, sa_flags=0x00000000
SIGUSR2: [libjvm.so+0x407de0], sa_mask[0]=0x00000004, sa_flags=0x10000004
SIGHUP: [libjvm.so+0x409110], sa_mask[0]=0x7ffbfeff, sa_flags=0x10000004
SIGINT: [libjvm.so+0x409110], sa_mask[0]=0x7ffbfeff, sa_flags=0x10000004
SIGTERM: [libjvm.so+0x409110], sa_mask[0]=0x7ffbfeff, sa_flags=0x10000004
SIGQUIT: [libjvm.so+0x409110], sa_mask[0]=0x7ffbfeff, sa_flags=0x10000004


---------------  S Y S T E M  ---------------

OS:SUSE Linux Enterprise Server 11 (i586)
VERSION = 11
PATCHLEVEL = 4

uname:Linux 3.0.101-63-pae #1 SMP Tue Jun 23 16:02:31 UTC 2015 (4b89d0c) i686
libc:glibc 2.11.3 NPTL 2.11.3 
rlimit: STACK 8192k, CORE 1k, NPROC 7679, NOFILE 8192, AS 2020800k
load average:0,13 0,09 0,12

/proc/meminfo:
MemTotal:         991720 kB
MemFree:          107464 kB
Buffers:           13376 kB
Cached:           419236 kB
SwapCached:          180 kB
Active:           490772 kB
Inactive:         343672 kB
Active(anon):     364596 kB
Inactive(anon):    67764 kB
Active(file):     126176 kB
Inactive(file):   275908 kB
Unevictable:           0 kB
Mlocked:               0 kB
HighTotal:        110152 kB
HighFree:           1480 kB
LowTotal:         881568 kB
LowFree:          105984 kB
SwapTotal:       1534200 kB
SwapFree:        1533252 kB
Dirty:               180 kB
Writeback:             0 kB
AnonPages:        401764 kB
Mapped:            81688 kB
Shmem:             30476 kB
Slab:              27584 kB
SReclaimable:      15452 kB
SUnreclaim:        12132 kB
KernelStack:        2536 kB
PageTables:         3392 kB
NFS_Unstable:          0 kB
Bounce:                0 kB
WritebackTmp:          0 kB
CommitLimit:     2030060 kB
Committed_AS:    1018296 kB
VmallocTotal:     122880 kB
VmallocUsed:       19088 kB
VmallocChunk:     102400 kB
HardwareCorrupted:     0 kB
AnonHugePages:    301056 kB
HugePages_Total:       0
HugePages_Free:        0
HugePages_Rsvd:        0
HugePages_Surp:        0
Hugepagesize:       2048 kB
DirectMap4k:       10232 kB
DirectMap2M:      892928 kB


CPU:total 1 (1 cores per cpu, 1 threads per core) family 6 model 23 stepping 10, cmov, cx8, fxsr, mmx, sse, sse2, sse3, ssse3, tsc

/proc/cpuinfo:
processor	: 0
vendor_id	: GenuineIntel
cpu family	: 6
model		: 23
model name	: Intel(R) Celeron(R) CPU          900  @ 2.20GHz
stepping	: 10
microcode	: 2571
cpu MHz		: 2194.645
cache size	: 1024 KB
fdiv_bug	: no
hlt_bug		: no
f00f_bug	: no
coma_bug	: no
fpu		: yes
fpu_exception	: yes
cpuid level	: 13
wp		: yes
flags		: fpu vme de pse tsc msr pae mce cx8 apic sep mtrr pge mca cmov pat pse36 clflush dts acpi mmx fxsr sse sse2 ss tm pbe nx lm constant_tsc up arch_perfmon pebs bts aperfmperf pni dtes64 monitor ds_cpl tm2 ssse3 cx16 xtpr pdcm xsave lahf_lm dtherm
bogomips	: 4389.29
clflush size	: 64
cache_alignment	: 64
address sizes	: 36 bits physical, 48 bits virtual
power management:



Memory: 4k page, physical 991720k(107464k free), swap 1534200k(1533252k free)

vm_info: Java HotSpot(TM) Client VM (24.80-b11) for linux-x86 JRE (1.7.0_80-b15), built on Apr 10 2015 12:41:05 by "java_re" with gcc 4.3.0 20080428 (Red Hat 4.3.0-8)

time: Thu Sep 15 07:46:01 2016
elapsed time: 59 seconds

