#
# A fatal error has been detected by the Java Runtime Environment:
#
#  SIGSEGV (0xb) at pc=0xb2e6e4e0, pid=3917, tid=3029453680
#
# JRE version: Java(TM) SE Runtime Environment (7.0_80-b15) (build 1.7.0_80-b15)
# Java VM: Java HotSpot(TM) Client VM (24.80-b11 mixed mode, sharing linux-x86 )
# Problematic frame:
# C  [libdpfpdd.so+0x34e0]  _init+0x23dc
#
# Core dump written. Default location: /home/cajero/workspace/Client/core or core.3917 (max size 1 kB). To ensure a full core dump, try "ulimit -c unlimited" before starting Java again
#
# If you would like to submit a bug report, please visit:
#   http://bugreport.java.com/bugreport/crash.jsp
#

---------------  T H R E A D  ---------------

Current thread (0x08071400):  VMThread [stack: 0xb489c000,0xb491d000] [id=3923]

siginfo:si_signo=SIGSEGV: si_errno=0, si_code=1 (SEGV_MAPERR), si_addr=0x4c1437cc

Registers:
EAX=0xb2e73ba0, EBX=0xb2e73d3c, ECX=0x08456fdc, EDX=0x4c143758
ESP=0xb491b9a0, EBP=0xb491b9f8, ESI=0x4c1437cc, EDI=0x084570ec
EIP=0xb2e6e4e0, EFLAGS=0x00010206, CR2=0x4c1437cc

Top of Stack: (sp=0xb491b9a0)
0xb491b9a0:   084570ec b2e72889 00000000 b4286598
0xb491b9b0:   00000000 b491b9cc b491b9dc 4c143758
0xb491b9c0:   0845b000 b7765010 0000018c b4286598
0xb491b9d0:   0845b000 b491babc b491ba08 00000000
0xb491b9e0:   b491cb70 00000000 b2e72889 b2e73d3c
0xb491b9f0:   b2ea6320 b491babc b491ba08 b2e70180
0xb491ba00:   b2e73e34 b2ea6194 b491ba38 b2ea2e63
0xb491ba10:   00000000 b2ea6344 00000000 b491ba28 

Instructions: (pc=0xb2e6e4e0)
0xb2e6e4c0:   c4 0f 84 93 01 00 00 8b 93 d4 ff ff ff 81 6d c4
0xb2e6e4d0:   84 00 00 00 8b 75 c4 8d 42 08 8b 55 c4 83 c6 74
0xb2e6e4e0:   89 42 74 8b 46 04 85 c0 74 08 89 04 24 e8 aa de
0xb2e6e4f0:   ff ff 8b 93 e8 ff ff ff c7 46 04 00 00 00 00 c7 

Register to memory mapping:

EAX=
[error occurred during error reporting (printing register info), id 0xb]

Stack: [0xb489c000,0xb491d000],  sp=0xb491b9a0,  free space=510k
Native frames: (J=compiled Java code, j=interpreted, Vv=VM code, C=native code)
C  [libdpfpdd.so+0x34e0]  _init+0x23dc
C  [libdpfpdd.so+0x5180]  dpfpdd_exit+0x20
C  [NdmDigitalPersonaUareU.so+0x1e63]  abort@@GLIBC_2.0+0x1e63
C  [NdmDigitalPersonaUareU.so+0x21f5]  abort@@GLIBC_2.0+0x21f5
C  [libNCore.so+0x14af0b]  NPluginGetState+0x1cab
C  [libNCore.so+0x14babc]  NPluginEnable+0x54c
C  [libNCore.so+0x14c454]  NPluginEnable+0xee4
C  [libNCore.so+0x14c54a]  NPluginUnplug+0xda
C  [NdmDigitalPersonaUareU.so+0x401e]  abort@@GLIBC_2.0+0x401e
C  [libNCore.so+0x75bd6]  NModuleUnregister+0x116
C  [NdmDigitalPersonaUareU.so+0x4641]  NdmDigitalPersonaUareUModuleOf+0x411
C  [NdmDigitalPersonaUareU.so+0x18b8]  abort@@GLIBC_2.0+0x18b8
C  [NdmDigitalPersonaUareU.so+0x4810]  NdmDigitalPersonaUareUModuleOf+0x5e0
C  [ld-linux.so.2+0xfeeb]  _dl_fini+0x1fb
C  [libc.so.6+0x2dc51]  __run_exit_handlers+0xc1
C  [libc.so.6+0x2dcaf]  __GI_exit+0x2f
V  [libjvm.so+0x2ac4d4]  vm_direct_exit(int)+0x24
V  [libjvm.so+0x51affc]  VM_Exit::doit()+0xac
V  [libjvm.so+0x51b057]  VM_Operation::evaluate()+0x47
V  [libjvm.so+0x5190f3]  VMThread::evaluate_operation(VM_Operation*)+0xb3
V  [libjvm.so+0x519490]  VMThread::loop()+0x1b0
V  [libjvm.so+0x5198f5]  VMThread::run()+0x85
V  [libjvm.so+0x40bcf9]  java_start(Thread*)+0x119
C  [libpthread.so.0+0x6839]  start_thread+0xd9

VM_Operation (0xb0170e30): Exit, mode: safepoint, requested by thread 0x08593400


---------------  P R O C E S S  ---------------

Java Threads: ( => current thread )
  0x0814ec00 JavaThread "Thread-0" [_thread_blocked, id=3991, stack(0xaefb3000,0xaf004000)]
  0x08593400 JavaThread "SIGTERM handler" daemon [_thread_blocked, id=3989, stack(0xb0121000,0xb0172000)]
  0x08346800 JavaThread "AWT-XAWT" daemon [_thread_in_native, id=3937, stack(0xb029c000,0xb02ed000)]
  0x08084000 JavaThread "Java2D Disposer" daemon [_thread_blocked, id=3936, stack(0xb02ed000,0xb033e000)]
  0x0809cc00 JavaThread "Service Thread" daemon [_thread_blocked, id=3928, stack(0xb4360000,0xb43b1000)]
  0x0809ac00 JavaThread "C1 CompilerThread0" daemon [_thread_blocked, id=3927, stack(0xb43b1000,0xb4432000)]
  0x08074800 JavaThread "Finalizer" daemon [_thread_blocked, id=3925, stack(0xb47fa000,0xb484b000)]
  0x08073000 JavaThread "Reference Handler" daemon [_thread_blocked, id=3924, stack(0xb484b000,0xb489c000)]
  0x08051c00 JavaThread "main" [_thread_blocked, id=3918, stack(0xb6b28000,0xb6b79000)]

Other Threads:
=>0x08071400 VMThread [stack: 0xb489c000,0xb491d000] [id=3923]

VM state:at safepoint (shutting down)

VM Mutex/Monitor currently owned by a thread:  ([mutex/lock_event])
[0x080508a0] Threads_lock - owner thread: 0x08071400

Heap
 def new generation   total 4672K, used 2300K [0x7f800000, 0x7fd10000, 0x84950000)
  eden space 4160K,  42% used [0x7f800000, 0x7f9bf1c8, 0x7fc10000)
  from space 512K, 100% used [0x7fc10000, 0x7fc90000, 0x7fc90000)
  to   space 512K,   0% used [0x7fc90000, 0x7fc90000, 0x7fd10000)
 tenured generation   total 10368K, used 6501K [0x84950000, 0x85370000, 0x8ec00000)
   the space 10368K,  62% used [0x84950000, 0x84fa94f8, 0x84fa9600, 0x85370000)
 compacting perm gen  total 12288K, used 7225K [0x8ec00000, 0x8f800000, 0x92c00000)
   the space 12288K,  58% used [0x8ec00000, 0x8f30e7d8, 0x8f30e800, 0x8f800000)
    ro space 10240K,  48% used [0x92c00000, 0x930d5b48, 0x930d5c00, 0x93600000)
    rw space 12288K,  57% used [0x93600000, 0x93ce29c8, 0x93ce2a00, 0x94200000)

Card table byte_map: [0xb4997000,0xb4a3d000] byte_map_base: 0xb459b000

Polling page: 0xb7742000

Code Cache  [0xb4abd000, 0xb4c45000, 0xb6abd000)
 total_blobs=780 nmethods=523 adapters=194 free_code_cache=31223Kb largest_free_block=31972160

Compilation events (10 events):
Event: 349,834 Thread 0x0809ac00  523             java.util.concurrent.locks.ReentrantLock::lock (8 bytes)
Event: 349,834 Thread 0x0809ac00 nmethod 523 0xb4c3e708 code [0xb4c3e810, 0xb4c3e8ac]
Event: 352,838 Thread 0x0809ac00  524             sun.awt.SunToolkit::awtLock (7 bytes)
Event: 352,838 Thread 0x0809ac00 nmethod 524 0xb4c3e908 code [0xb4c3ea10, 0xb4c3ea9c]
Event: 352,838 Thread 0x0809ac00  525             sun.awt.SunToolkit::awtUnlock (7 bytes)
Event: 352,838 Thread 0x0809ac00 nmethod 525 0xb4c3eb48 code [0xb4c3ec50, 0xb4c3ecec]
Event: 371,351 Thread 0x0809ac00  526             sun.awt.X11.XToolkit::getDisplay (4 bytes)
Event: 371,352 Thread 0x0809ac00 nmethod 526 0xb4c3edc8 code [0xb4c3eec0, 0xb4c3ef40]
Event: 374,856 Thread 0x0809ac00  527             java.util.concurrent.locks.ReentrantLock$NonfairSync::lock (25 bytes)
Event: 374,856 Thread 0x0809ac00 nmethod 527 0xb4c3ef88 code [0xb4c3f0c0, 0xb4c3f218]

GC Heap History (10 events):
Event: 1,776 GC heap before
{Heap before GC invocations=11 (full 0):
 def new generation   total 4672K, used 4486K [0x7f800000, 0x7fd10000, 0x84950000)
  eden space 4160K, 100% used [0x7f800000, 0x7fc10000, 0x7fc10000)
  from space 512K,  63% used [0x7fc90000, 0x7fce1ab0, 0x7fd10000)
  to   space 512K,   0% used [0x7fc10000, 0x7fc10000, 0x7fc90000)
 tenured generation   total 10368K, used 4321K [0x84950000, 0x85370000, 0x8ec00000)
   the space 10368K,  41% used [0x84950000, 0x84d88478, 0x84d88600, 0x85370000)
 compacting perm gen  total 12288K, used 3286K [0x8ec00000, 0x8f800000, 0x92c00000)
   the space 12288K,  26% used [0x8ec00000, 0x8ef358d0, 0x8ef35a00, 0x8f800000)
    ro space 10240K,  48% used [0x92c00000, 0x930d5b48, 0x930d5c00, 0x93600000)
    rw space 12288K,  57% used [0x93600000, 0x93ce29c8, 0x93ce2a00, 0x94200000)
Event: 1,779 GC heap after
Heap after GC invocations=12 (full 0):
 def new generation   total 4672K, used 224K [0x7f800000, 0x7fd10000, 0x84950000)
  eden space 4160K,   0% used [0x7f800000, 0x7f800000, 0x7fc10000)
  from space 512K,  43% used [0x7fc10000, 0x7fc48038, 0x7fc90000)
  to   space 512K,   0% used [0x7fc90000, 0x7fc90000, 0x7fd10000)
 tenured generation   total 10368K, used 4645K [0x84950000, 0x85370000, 0x8ec00000)
   the space 10368K,  44% used [0x84950000, 0x84dd9448, 0x84dd9600, 0x85370000)
 compacting perm gen  total 12288K, used 3286K [0x8ec00000, 0x8f800000, 0x92c00000)
   the space 12288K,  26% used [0x8ec00000, 0x8ef358d0, 0x8ef35a00, 0x8f800000)
    ro space 10240K,  48% used [0x92c00000, 0x930d5b48, 0x930d5c00, 0x93600000)
    rw space 12288K,  57% used [0x93600000, 0x93ce29c8, 0x93ce2a00, 0x94200000)
}
Event: 1,875 GC heap before
{Heap before GC invocations=12 (full 0):
 def new generation   total 4672K, used 4384K [0x7f800000, 0x7fd10000, 0x84950000)
  eden space 4160K, 100% used [0x7f800000, 0x7fc10000, 0x7fc10000)
  from space 512K,  43% used [0x7fc10000, 0x7fc48038, 0x7fc90000)
  to   space 512K,   0% used [0x7fc90000, 0x7fc90000, 0x7fd10000)
 tenured generation   total 10368K, used 4645K [0x84950000, 0x85370000, 0x8ec00000)
   the space 10368K,  44% used [0x84950000, 0x84dd9448, 0x84dd9600, 0x85370000)
 compacting perm gen  total 12288K, used 3409K [0x8ec00000, 0x8f800000, 0x92c00000)
   the space 12288K,  27% used [0x8ec00000, 0x8ef547e0, 0x8ef54800, 0x8f800000)
    ro space 10240K,  48% used [0x92c00000, 0x930d5b48, 0x930d5c00, 0x93600000)
    rw space 12288K,  57% used [0x93600000, 0x93ce29c8, 0x93ce2a00, 0x94200000)
Event: 1,878 GC heap after
Heap after GC invocations=13 (full 0):
 def new generation   total 4672K, used 417K [0x7f800000, 0x7fd10000, 0x84950000)
  eden space 4160K,   0% used [0x7f800000, 0x7f800000, 0x7fc10000)
  from space 512K,  81% used [0x7fc90000, 0x7fcf8568, 0x7fd10000)
  to   space 512K,   0% used [0x7fc10000, 0x7fc10000, 0x7fc90000)
 tenured generation   total 10368K, used 4645K [0x84950000, 0x85370000, 0x8ec00000)
   the space 10368K,  44% used [0x84950000, 0x84dd9448, 0x84dd9600, 0x85370000)
 compacting perm gen  total 12288K, used 3409K [0x8ec00000, 0x8f800000, 0x92c00000)
   the space 12288K,  27% used [0x8ec00000, 0x8ef547e0, 0x8ef54800, 0x8f800000)
    ro space 10240K,  48% used [0x92c00000, 0x930d5b48, 0x930d5c00, 0x93600000)
    rw space 12288K,  57% used [0x93600000, 0x93ce29c8, 0x93ce2a00, 0x94200000)
}
Event: 14,005 GC heap before
{Heap before GC invocations=13 (full 0):
 def new generation   total 4672K, used 4577K [0x7f800000, 0x7fd10000, 0x84950000)
  eden space 4160K, 100% used [0x7f800000, 0x7fc10000, 0x7fc10000)
  from space 512K,  81% used [0x7fc90000, 0x7fcf8568, 0x7fd10000)
  to   space 512K,   0% used [0x7fc10000, 0x7fc10000, 0x7fc90000)
 tenured generation   total 10368K, used 4645K [0x84950000, 0x85370000, 0x8ec00000)
   the space 10368K,  44% used [0x84950000, 0x84dd9448, 0x84dd9600, 0x85370000)
 compacting perm gen  total 12288K, used 3634K [0x8ec00000, 0x8f800000, 0x92c00000)
   the space 12288K,  29% used [0x8ec00000, 0x8ef8c858, 0x8ef8ca00, 0x8f800000)
    ro space 10240K,  48% used [0x92c00000, 0x930d5b48, 0x930d5c00, 0x93600000)
    rw space 12288K,  57% used [0x93600000, 0x93ce29c8, 0x93ce2a00, 0x94200000)
Event: 14,010 GC heap after
Heap after GC invocations=14 (full 0):
 def new generation   total 4672K, used 399K [0x7f800000, 0x7fd10000, 0x84950000)
  eden space 4160K,   0% used [0x7f800000, 0x7f800000, 0x7fc10000)
  from space 512K,  77% used [0x7fc10000, 0x7fc73d58, 0x7fc90000)
  to   space 512K,   0% used [0x7fc90000, 0x7fc90000, 0x7fd10000)
 tenured generation   total 10368K, used 4905K [0x84950000, 0x85370000, 0x8ec00000)
   the space 10368K,  47% used [0x84950000, 0x84e1a4b8, 0x84e1a600, 0x85370000)
 compacting perm gen  total 12288K, used 3634K [0x8ec00000, 0x8f800000, 0x92c00000)
   the space 12288K,  29% used [0x8ec00000, 0x8ef8c858, 0x8ef8ca00, 0x8f800000)
    ro space 10240K,  48% used [0x92c00000, 0x930d5b48, 0x930d5c00, 0x93600000)
    rw space 12288K,  57% used [0x93600000, 0x93ce29c8, 0x93ce2a00, 0x94200000)
}
Event: 14,194 GC heap before
{Heap before GC invocations=14 (full 0):
 def new generation   total 4672K, used 4559K [0x7f800000, 0x7fd10000, 0x84950000)
  eden space 4160K, 100% used [0x7f800000, 0x7fc10000, 0x7fc10000)
  from space 512K,  77% used [0x7fc10000, 0x7fc73d58, 0x7fc90000)
  to   space 512K,   0% used [0x7fc90000, 0x7fc90000, 0x7fd10000)
 tenured generation   total 10368K, used 4905K [0x84950000, 0x85370000, 0x8ec00000)
   the space 10368K,  47% used [0x84950000, 0x84e1a4b8, 0x84e1a600, 0x85370000)
 compacting perm gen  total 12288K, used 3947K [0x8ec00000, 0x8f800000, 0x92c00000)
   the space 12288K,  32% used [0x8ec00000, 0x8efdaff8, 0x8efdb000, 0x8f800000)
    ro space 10240K,  48% used [0x92c00000, 0x930d5b48, 0x930d5c00, 0x93600000)
    rw space 12288K,  57% used [0x93600000, 0x93ce29c8, 0x93ce2a00, 0x94200000)
Event: 14,203 GC heap after
Heap after GC invocations=15 (full 0):
 def new generation   total 4672K, used 512K [0x7f800000, 0x7fd10000, 0x84950000)
  eden space 4160K,   0% used [0x7f800000, 0x7f800000, 0x7fc10000)
  from space 512K, 100% used [0x7fc90000, 0x7fd10000, 0x7fd10000)
  to   space 512K,   0% used [0x7fc10000, 0x7fc10000, 0x7fc90000)
 tenured generation   total 10368K, used 5686K [0x84950000, 0x85370000, 0x8ec00000)
   the space 10368K,  54% used [0x84950000, 0x84edd900, 0x84edda00, 0x85370000)
 compacting perm gen  total 12288K, used 3947K [0x8ec00000, 0x8f800000, 0x92c00000)
   the space 12288K,  32% used [0x8ec00000, 0x8efdaff8, 0x8efdb000, 0x8f800000)
    ro space 10240K,  48% used [0x92c00000, 0x930d5b48, 0x930d5c00, 0x93600000)
    rw space 12288K,  57% used [0x93600000, 0x93ce29c8, 0x93ce2a00, 0x94200000)
}
Event: 14,534 GC heap before
{Heap before GC invocations=15 (full 0):
 def new generation   total 4672K, used 4672K [0x7f800000, 0x7fd10000, 0x84950000)
  eden space 4160K, 100% used [0x7f800000, 0x7fc10000, 0x7fc10000)
  from space 512K, 100% used [0x7fc90000, 0x7fd10000, 0x7fd10000)
  to   space 512K,   0% used [0x7fc10000, 0x7fc10000, 0x7fc90000)
 tenured generation   total 10368K, used 5686K [0x84950000, 0x85370000, 0x8ec00000)
   the space 10368K,  54% used [0x84950000, 0x84edd900, 0x84edda00, 0x85370000)
 compacting perm gen  total 12288K, used 6785K [0x8ec00000, 0x8f800000, 0x92c00000)
   the space 12288K,  55% used [0x8ec00000, 0x8f2a0658, 0x8f2a0800, 0x8f800000)
    ro space 10240K,  48% used [0x92c00000, 0x930d5b48, 0x930d5c00, 0x93600000)
    rw space 12288K,  57% used [0x93600000, 0x93ce29c8, 0x93ce2a00, 0x94200000)
Event: 14,543 GC heap after
Heap after GC invocations=16 (full 0):
 def new generation   total 4672K, used 512K [0x7f800000, 0x7fd10000, 0x84950000)
  eden space 4160K,   0% used [0x7f800000, 0x7f800000, 0x7fc10000)
  from space 512K, 100% used [0x7fc10000, 0x7fc90000, 0x7fc90000)
  to   space 512K,   0% used [0x7fc90000, 0x7fc90000, 0x7fd10000)
 tenured generation   total 10368K, used 6501K [0x84950000, 0x85370000, 0x8ec00000)
   the space 10368K,  62% used [0x84950000, 0x84fa94f8, 0x84fa9600, 0x85370000)
 compacting perm gen  total 12288K, used 6785K [0x8ec00000, 0x8f800000, 0x92c00000)
   the space 12288K,  55% used [0x8ec00000, 0x8f2a0658, 0x8f2a0800, 0x8f800000)
    ro space 10240K,  48% used [0x92c00000, 0x930d5b48, 0x930d5c00, 0x93600000)
    rw space 12288K,  57% used [0x93600000, 0x93ce29c8, 0x93ce2a00, 0x94200000)
}

Deoptimization events (0 events):
No events

Internal exceptions (10 events):
Event: 14,606 Thread 0x08051c00 Threw 0x7f928e10 at /HUDSON/workspace/7u-2-build-linux-i586/jdk7u80/2329/hotspot/src/share/vm/prims/jvm.cpp:1319
Event: 14,608 Thread 0x08051c00 Threw 0x7f92d098 at /HUDSON/workspace/7u-2-build-linux-i586/jdk7u80/2329/hotspot/src/share/vm/prims/jvm.cpp:1319
Event: 14,609 Thread 0x08051c00 Threw 0x7f930be0 at /HUDSON/workspace/7u-2-build-linux-i586/jdk7u80/2329/hotspot/src/share/vm/prims/jvm.cpp:1319
Event: 14,612 Thread 0x08051c00 Threw 0x7f9348f8 at /HUDSON/workspace/7u-2-build-linux-i586/jdk7u80/2329/hotspot/src/share/vm/prims/jvm.cpp:1319
Event: 14,613 Thread 0x08051c00 Threw 0x7f938550 at /HUDSON/workspace/7u-2-build-linux-i586/jdk7u80/2329/hotspot/src/share/vm/prims/jvm.cpp:1319
Event: 14,613 Thread 0x08051c00 Threw 0x7f93cd00 at /HUDSON/workspace/7u-2-build-linux-i586/jdk7u80/2329/hotspot/src/share/vm/prims/jvm.cpp:1319
Event: 14,614 Thread 0x08051c00 Threw 0x7f941378 at /HUDSON/workspace/7u-2-build-linux-i586/jdk7u80/2329/hotspot/src/share/vm/prims/jvm.cpp:1319
Event: 14,614 Thread 0x08051c00 Threw 0x7f9478b0 at /HUDSON/workspace/7u-2-build-linux-i586/jdk7u80/2329/hotspot/src/share/vm/prims/jvm.cpp:1319
Event: 14,615 Thread 0x08051c00 Threw 0x7f94ba48 at /HUDSON/workspace/7u-2-build-linux-i586/jdk7u80/2329/hotspot/src/share/vm/prims/jvm.cpp:1319
Event: 14,616 Thread 0x08051c00 Threw 0x7f950438 at /HUDSON/workspace/7u-2-build-linux-i586/jdk7u80/2329/hotspot/src/share/vm/prims/jvm.cpp:1319

Events (10 events):
Event: 406,867 Executing VM operation: RevokeBias done
Event: 406,867 Executing VM operation: RevokeBias
Event: 406,867 Executing VM operation: RevokeBias done
Event: 406,867 Executing VM operation: RevokeBias
Event: 406,868 Executing VM operation: RevokeBias done
Event: 406,868 Thread 0x08593800 Thread exited: 0x08593800
Event: 406,868 Executing VM operation: RevokeBias
Event: 406,868 Executing VM operation: RevokeBias done
Event: 406,869 Thread 0x08099000 Thread exited: 0x08099000
Event: 406,869 Executing VM operation: Exit


Dynamic libraries:
08048000-08049000 r-xp 00000000 08:04 2394621    /usr/java/jdk1.7.0_80/bin/java
08049000-0804a000 rw-p 00000000 08:04 2394621    /usr/java/jdk1.7.0_80/bin/java
0804a000-08688000 rw-p 00000000 00:00 0          [heap]
7f800000-7fd10000 rw-p 00000000 00:00 0 
7fd10000-84950000 rw-p 00000000 00:00 0 
84950000-85370000 rw-p 00000000 00:00 0 
85370000-8ec00000 rw-p 00000000 00:00 0 
8ec00000-8f800000 rw-p 00000000 00:00 0 
8f800000-92c00000 rw-p 00000000 00:00 0 
92c00000-930d6000 r--p 00001000 08:04 287204     /usr/java/jdk1.7.0_80/jre/lib/i386/client/classes.jsa
930d6000-93600000 rw-p 00000000 00:00 0 
93600000-93ce3000 rw-p 004d7000 08:04 287204     /usr/java/jdk1.7.0_80/jre/lib/i386/client/classes.jsa
93ce3000-94200000 rw-p 00000000 00:00 0 
94200000-944b5000 rw-p 00bba000 08:04 287204     /usr/java/jdk1.7.0_80/jre/lib/i386/client/classes.jsa
944b5000-94600000 rw-p 00000000 00:00 0 
94600000-94609000 r-xp 00e6f000 08:04 287204     /usr/java/jdk1.7.0_80/jre/lib/i386/client/classes.jsa
94609000-94a00000 rw-p 00000000 00:00 0 
aeec9000-aefb3000 rw-p 00000000 00:00 0 
aefb3000-aefb6000 ---p 00000000 00:00 0 
aefb6000-af004000 rw-p 00000000 00:00 0 
af004000-af007000 ---p 00000000 00:00 0 
af007000-af055000 rw-p 00000000 00:00 0 
af055000-af056000 ---p 00000000 00:00 0 
af056000-af856000 rw-p 00000000 00:00 0 
af856000-af857000 ---p 00000000 00:00 0 
af857000-b0057000 rw-p 00000000 00:00 0 
b0057000-b0097000 r--s 00000000 08:04 2228955    /var/cache/fontconfig/17090aa38d5c6f09fb8c5c354938f1d7-x86.cache-2
b0097000-b00b9000 r--s 00000000 08:04 2228962    /var/cache/fontconfig/8d4af663993b81a124ee82e610bb31f9-x86.cache-2
b00b9000-b00f9000 r--s 00000000 08:04 2228954    /var/cache/fontconfig/df311e82a1a24c41a75c2c930223552e-x86.cache-2
b0121000-b0124000 ---p 00000000 00:00 0 
b0124000-b0172000 rw-p 00000000 00:00 0 
b0172000-b0176000 r--s 000f7000 08:04 287193     /usr/java/jdk1.7.0_80/jre/lib/ext/localedata.jar
b0176000-b0182000 r--s 000af000 08:04 287419     /usr/java/jdk1.7.0_80/jre/lib/resources.jar
b0182000-b01e2000 r-xp 00000000 08:04 287400     /usr/java/jdk1.7.0_80/jre/lib/i386/libt2k.so
b01e2000-b01e6000 rw-p 00060000 08:04 287400     /usr/java/jdk1.7.0_80/jre/lib/i386/libt2k.so
b01e6000-b01ea000 rw-p 00000000 00:00 0 
b01ea000-b0205000 r-xp 00000000 08:04 1843825    /lib/libgcc_s.so.1
b0205000-b0206000 r--p 0001a000 08:04 1843825    /lib/libgcc_s.so.1
b0206000-b0207000 rw-p 0001b000 08:04 1843825    /lib/libgcc_s.so.1
b020a000-b020c000 r--s 00015000 08:04 1966236    /home/cajero/workspace/Client/lib/xpp3.jar
b020c000-b020f000 r--s 00029000 08:04 1966235    /home/cajero/workspace/Client/lib/stax.jar
b020f000-b0218000 r--s 00051000 08:04 1966233    /home/cajero/workspace/Client/lib/simple-xml.jar
b0218000-b021f000 r--s 00000000 08:04 2228958    /var/cache/fontconfig/77e41c5059666d75f92e318d4be8c21e-x86.cache-2
b021f000-b0234000 r--s 00000000 08:04 2228963    /var/cache/fontconfig/7ef2298fde41cc6eeb7af42e48b7d293-x86.cache-2
b0234000-b0295000 r-xp 00000000 08:04 287360     /usr/java/jdk1.7.0_80/jre/lib/i386/libfontmanager.so
b0295000-b0298000 rw-p 00060000 08:04 287360     /usr/java/jdk1.7.0_80/jre/lib/i386/libfontmanager.so
b0298000-b029c000 rw-p 00000000 00:00 0 
b029c000-b029f000 ---p 00000000 00:00 0 
b029f000-b02ed000 rw-p 00000000 00:00 0 
b02ed000-b02f0000 ---p 00000000 00:00 0 
b02f0000-b033e000 rw-p 00000000 00:00 0 
b033e000-b035a000 r-xp 00000000 08:04 2313747    /usr/lib/libxcb.so.1.0.0
b035a000-b035b000 r--p 0001b000 08:04 2313747    /usr/lib/libxcb.so.1.0.0
b035b000-b035c000 rw-p 0001c000 08:04 2313747    /usr/lib/libxcb.so.1.0.0
b035c000-b035d000 r-xp 00000000 08:04 2313737    /usr/lib/libxcb-xlib.so.0.0.0
b035d000-b035e000 r--p 00000000 08:04 2313737    /usr/lib/libxcb-xlib.so.0.0.0
b035e000-b035f000 rw-p 00001000 08:04 2313737    /usr/lib/libxcb-xlib.so.0.0.0
b035f000-b0368000 r-xp 00000000 08:04 1310996    /usr/lib/libXi.so.6.0.0
b0368000-b0369000 r--p 00008000 08:04 1310996    /usr/lib/libXi.so.6.0.0
b0369000-b036a000 rw-p 00009000 08:04 1310996    /usr/lib/libXi.so.6.0.0
b036a000-b036f000 r-xp 00000000 08:04 1311006    /usr/lib/libXtst.so.6.1.0
b036f000-b0370000 r--p 00004000 08:04 1311006    /usr/lib/libXtst.so.6.1.0
b0370000-b0371000 rw-p 00005000 08:04 1311006    /usr/lib/libXtst.so.6.1.0
b0371000-b0379000 r-xp 00000000 08:04 1310834    /usr/lib/libXrender.so.1.3.0
b0379000-b037a000 r--p 00007000 08:04 1310834    /usr/lib/libXrender.so.1.3.0
b037a000-b037b000 rw-p 00008000 08:04 1310834    /usr/lib/libXrender.so.1.3.0
b037b000-b04aa000 r-xp 00000000 08:04 1310767    /usr/lib/libX11.so.6.2.0
b04aa000-b04ab000 r--p 0012f000 08:04 1310767    /usr/lib/libX11.so.6.2.0
b04ab000-b04ae000 rw-p 00130000 08:04 1310767    /usr/lib/libX11.so.6.2.0
b04af000-b04b0000 r--s 00002000 08:04 1966272    /home/cajero/workspace/Client/lib/Client-Side.jar
b04b0000-b04b2000 r--s 00005000 08:04 1966234    /home/cajero/workspace/Client/lib/stax-api.jar
b04b2000-b04b7000 r--s 00000000 08:04 2228957    /var/cache/fontconfig/d62e99ef547d1d24cdb1bd22ec1a2976-x86.cache-2
b04b7000-b04c5000 r-xp 00000000 08:04 287392     /usr/java/jdk1.7.0_80/jre/lib/i386/libnio.so
b04c5000-b04c6000 rw-p 0000e000 08:04 287392     /usr/java/jdk1.7.0_80/jre/lib/i386/libnio.so
b04c6000-b04ca000 r-xp 00000000 08:04 1310836    /usr/lib/libXfixes.so.3.1.0
b04ca000-b04cb000 r--p 00003000 08:04 1310836    /usr/lib/libXfixes.so.3.1.0
b04cb000-b04cc000 rw-p 00004000 08:04 1310836    /usr/lib/libXfixes.so.3.1.0
b04cc000-b04d5000 r-xp 00000000 08:04 1310982    /usr/lib/libXcursor.so.1.0.2
b04d5000-b04d6000 r--p 00008000 08:04 1310982    /usr/lib/libXcursor.so.1.0.2
b04d6000-b04d7000 rw-p 00009000 08:04 1310982    /usr/lib/libXcursor.so.1.0.2
b04d7000-b04d9000 r-xp 00000000 08:04 2435454    /usr/lib/gconv/ISO8859-1.so
b04d9000-b04da000 r--p 00001000 08:04 2435454    /usr/lib/gconv/ISO8859-1.so
b04da000-b04db000 rw-p 00002000 08:04 2435454    /usr/lib/gconv/ISO8859-1.so
b04db000-b0524000 r-xp 00000000 08:04 295557     /usr/java/jdk1.7.0_80/jre/lib/i386/xawt/libmawt.so
b0524000-b0526000 rw-p 00049000 08:04 295557     /usr/java/jdk1.7.0_80/jre/lib/i386/xawt/libmawt.so
b0526000-b0527000 rw-p 00000000 00:00 0 
b0527000-b05ad000 r-xp 00000000 08:04 287356     /usr/java/jdk1.7.0_80/jre/lib/i386/libawt.so
b05ad000-b05b4000 rw-p 00086000 08:04 287356     /usr/java/jdk1.7.0_80/jre/lib/i386/libawt.so
b05b4000-b05d8000 rw-p 00000000 00:00 0 
b05d8000-b05d9000 ---p 00000000 00:00 0 
b05d9000-b0dd9000 rw-p 00000000 00:00 0 
b0dd9000-b0dda000 ---p 00000000 00:00 0 
b0dda000-b15da000 rw-p 00000000 00:00 0 
b15da000-b15db000 ---p 00000000 00:00 0 
b15db000-b1ddb000 rw-p 00000000 00:00 0 
b1ddb000-b1ddc000 ---p 00000000 00:00 0 
b1ddc000-b25dc000 rw-p 00000000 00:00 0 
b260c000-b260d000 ---p 00000000 00:00 0 
b260d000-b2e0d000 rw-p 00000000 00:00 0 
b2e0d000-b2e12000 r-xp 00000000 08:04 174766     /opt/DigitalPersona/urusdk-linux/Linux/lib/x86/libdpDrvDatApi.so.2.0.0.8
b2e12000-b2e13000 rw-p 00005000 08:04 174766     /opt/DigitalPersona/urusdk-linux/Linux/lib/x86/libdpDrvDatApi.so.2.0.0.8
b2e13000-b2e22000 r-xp 00000000 08:04 174769     /opt/DigitalPersona/urusdk-linux/Linux/lib/x86/libdpFC.so.2.0.0.8
b2e22000-b2e23000 rw-p 0000f000 08:04 174769     /opt/DigitalPersona/urusdk-linux/Linux/lib/x86/libdpFC.so.2.0.0.8
b2e23000-b2e27000 r-xp 00000000 08:04 174793     /opt/DigitalPersona/urusdk-linux/Linux/lib/x86/libdpUsbAda.so.2.0.0.8
b2e27000-b2e28000 rw-p 00003000 08:04 174793     /opt/DigitalPersona/urusdk-linux/Linux/lib/x86/libdpUsbAda.so.2.0.0.8
b2e28000-b2e33000 r-xp 00000000 08:04 174784     /opt/DigitalPersona/urusdk-linux/Linux/lib/x86/libdpI00701.so.2.0.0.8
b2e33000-b2e34000 rw-p 0000a000 08:04 174784     /opt/DigitalPersona/urusdk-linux/Linux/lib/x86/libdpI00701.so.2.0.0.8
b2e34000-b2e4c000 r-xp 00000000 08:04 174757     /opt/DigitalPersona/urusdk-linux/Linux/lib/x86/libdpD00701.so.2.0.0.8
b2e4c000-b2e4d000 rw-p 00018000 08:04 174757     /opt/DigitalPersona/urusdk-linux/Linux/lib/x86/libdpD00701.so.2.0.0.8
b2e4d000-b2e54000 r-xp 00000000 08:04 174760     /opt/DigitalPersona/urusdk-linux/Linux/lib/x86/libdpDevMgr.so.2.0.0.8
b2e54000-b2e55000 rw-p 00006000 08:04 174760     /opt/DigitalPersona/urusdk-linux/Linux/lib/x86/libdpDevMgr.so.2.0.0.8
b2e55000-b2e58000 r-xp 00000000 08:04 174787     /opt/DigitalPersona/urusdk-linux/Linux/lib/x86/libdpObjMgr.so.2.0.0.8
b2e58000-b2e59000 rw-p 00002000 08:04 174787     /opt/DigitalPersona/urusdk-linux/Linux/lib/x86/libdpObjMgr.so.2.0.0.8
b2e59000-b2e5f000 r-xp 00000000 08:04 174763     /opt/DigitalPersona/urusdk-linux/Linux/lib/x86/libdpDrvApi.so.2.0.0.8
b2e5f000-b2e60000 rw-p 00005000 08:04 174763     /opt/DigitalPersona/urusdk-linux/Linux/lib/x86/libdpDrvApi.so.2.0.0.8
b2e64000-b2e6b000 rw-p 00000000 00:00 0 
b2e6b000-b2e73000 r-xp 00000000 08:04 174775     /opt/DigitalPersona/urusdk-linux/Linux/lib/x86/libdpfpdd.so.2.2.3
b2e73000-b2e74000 rw-p 00007000 08:04 174775     /opt/DigitalPersona/urusdk-linux/Linux/lib/x86/libdpfpdd.so.2.2.3
b2e74000-b2e75000 r--s 00007000 08:04 1966232    /home/cajero/workspace/Client/lib/samples-utils.jar
b2e75000-b2e76000 r--s 009af000 08:04 1966231    /home/cajero/workspace/Client/lib/neurotec-native-macosx-universal.jar
b2e76000-b2e78000 r-xp 00000000 08:04 2313267    /usr/lib/libXau.so.6.0.0
b2e78000-b2e79000 r--p 00001000 08:04 2313267    /usr/lib/libXau.so.6.0.0
b2e79000-b2e7a000 rw-p 00002000 08:04 2313267    /usr/lib/libXau.so.6.0.0
b2e7a000-b2e89000 r-xp 00000000 08:04 1310838    /usr/lib/libXext.so.6.4.0
b2e89000-b2e8a000 r--p 0000e000 08:04 1310838    /usr/lib/libXext.so.6.4.0
b2e8a000-b2e8b000 rw-p 0000f000 08:04 1310838    /usr/lib/libXext.so.6.4.0
b2e8b000-b2ea0000 r-xp 00000000 08:04 287391     /usr/java/jdk1.7.0_80/jre/lib/i386/libnet.so
b2ea0000-b2ea1000 rw-p 00015000 08:04 287391     /usr/java/jdk1.7.0_80/jre/lib/i386/libnet.so
b2ea1000-b2ea6000 r-xp 00000000 08:04 1966241    /home/cajero/workspace/Client/libHuellas/linux-32 bits/FScanners/NdmDigitalPersonaUareU/NdmDigitalPersonaUareU.so
b2ea6000-b2ea7000 rw-p 00005000 08:04 1966241    /home/cajero/workspace/Client/libHuellas/linux-32 bits/FScanners/NdmDigitalPersonaUareU/NdmDigitalPersonaUareU.so
b2ea7000-b2eb2000 r-xp 00000000 08:04 1966243    /home/cajero/workspace/Client/libHuellas/linux-32 bits/NdmMedia.so
b2eb2000-b2eb3000 rw-p 0000a000 08:04 1966243    /home/cajero/workspace/Client/libHuellas/linux-32 bits/NdmMedia.so
b2eb3000-b2ec8000 r-xp 00000000 08:04 1966244    /home/cajero/workspace/Client/libHuellas/linux-32 bits/NdmVirtual.so
b2ec8000-b2ecd000 rw-p 00014000 08:04 1966244    /home/cajero/workspace/Client/libHuellas/linux-32 bits/NdmVirtual.so
b2ecd000-b2ece000 ---p 00000000 00:00 0 
b2ece000-b36ce000 rw-p 00000000 00:00 0 
b36ce000-b36d0000 rwxp 00000000 00:00 0 
b36d0000-b36ff000 r-xp 00000000 08:04 1966251    /home/cajero/workspace/Client/libHuellas/linux-32 bits/libNLicensing.so
b36ff000-b370a000 rw-p 0002f000 08:04 1966251    /home/cajero/workspace/Client/libHuellas/linux-32 bits/libNLicensing.so
b370a000-b370b000 rw-p 00000000 00:00 0 
b370b000-b3868000 r-xp 00000000 08:04 1966245    /home/cajero/workspace/Client/libHuellas/linux-32 bits/libNBiometricClient.so
b3868000-b3871000 rw-p 0015d000 08:04 1966245    /home/cajero/workspace/Client/libHuellas/linux-32 bits/libNBiometricClient.so
b3871000-b3899000 r-xp 00000000 08:04 1966250    /home/cajero/workspace/Client/libHuellas/linux-32 bits/libNDevices.so
b3899000-b38a4000 rw-p 00027000 08:04 1966250    /home/cajero/workspace/Client/libHuellas/linux-32 bits/libNDevices.so
b38a4000-b38ad000 rwxp 00000000 00:00 0 
b38ad000-b3e2b000 r-xp 00000000 08:04 1966246    /home/cajero/workspace/Client/libHuellas/linux-32 bits/libNBiometrics.so
b3e2b000-b3e94000 rw-p 0057d000 08:04 1966246    /home/cajero/workspace/Client/libHuellas/linux-32 bits/libNBiometrics.so
b3e94000-b3e9a000 rw-p 00000000 00:00 0 
b3e9a000-b3ef5000 r-xp 00000000 08:04 1966253    /home/cajero/workspace/Client/libHuellas/linux-32 bits/libNMediaProc.so
b3ef5000-b3eff000 rw-p 0005a000 08:04 1966253    /home/cajero/workspace/Client/libHuellas/linux-32 bits/libNMediaProc.so
b3eff000-b40ba000 r-xp 00000000 08:04 1966252    /home/cajero/workspace/Client/libHuellas/linux-32 bits/libNMedia.so
b40ba000-b40d4000 rw-p 001bb000 08:04 1966252    /home/cajero/workspace/Client/libHuellas/linux-32 bits/libNMedia.so
b40d4000-b40d5000 rw-p 00000000 00:00 0 
b40d5000-b40d9000 rwxp 00000000 00:00 0 
b40d9000-b40de000 r--s 00038000 08:04 1966230    /home/cajero/workspace/Client/lib/neurotec-media.jar
b40de000-b40df000 r--s 00004000 08:04 1966229    /home/cajero/workspace/Client/lib/neurotec-media-processing.jar
b40df000-b40e1000 r--s 0000a000 08:04 1966228    /home/cajero/workspace/Client/lib/neurotec-licensing.jar
b40e1000-b40e2000 r--p 00000000 00:00 0 
b40e2000-b40e3000 rwxp 00000000 00:00 0 
b40e3000-b4101000 r--p 00000000 08:04 2419102    /usr/share/locale/es/LC_MESSAGES/libc.mo
b4101000-b427f000 r-xp 00000000 08:04 1966249    /home/cajero/workspace/Client/libHuellas/linux-32 bits/libNCore.so
b427f000-b4290000 rw-p 0017e000 08:04 1966249    /home/cajero/workspace/Client/libHuellas/linux-32 bits/libNCore.so
b4290000-b4292000 rw-p 00000000 00:00 0 
b4292000-b42a6000 r-xp 00000000 08:04 1860823    /tmp/jna-cajero/jna5800245733585461882.tmp (deleted)
b42a6000-b42a7000 rw-p 00014000 08:04 1860823    /tmp/jna-cajero/jna5800245733585461882.tmp (deleted)
b42a7000-b42aa000 r--s 00019000 08:04 287406     /usr/java/jdk1.7.0_80/jre/lib/jce.jar
b42aa000-b42ae000 r--s 0008b000 08:04 287420     /usr/java/jdk1.7.0_80/jre/lib/jsse.jar
b42ae000-b42b5000 r--s 0002d000 08:04 1966227    /home/cajero/workspace/Client/lib/neurotec-devices.jar
b42b5000-b42b7000 r--s 00005000 08:04 1966226    /home/cajero/workspace/Client/lib/neurotec-devices-virtual.jar
b42b7000-b42c4000 r--s 000a0000 08:04 1966225    /home/cajero/workspace/Client/lib/neurotec-core.jar
b42c4000-b42d6000 r--s 000e3000 08:04 1966224    /home/cajero/workspace/Client/lib/neurotec-biometrics.jar
b42d6000-b42d8000 r--s 0000b000 08:04 1966223    /home/cajero/workspace/Client/lib/neurotec-biometrics-client.jar
b42d8000-b42db000 r--s 000a6000 08:04 1966222    /home/cajero/workspace/Client/lib/jna.jar
b42db000-b42df000 r--s 0002a000 08:04 1966221    /home/cajero/workspace/Client/lib/commons-io.jar
b42df000-b42e0000 ---p 00000000 00:00 0 
b42e0000-b4360000 rw-p 00000000 00:00 0 
b4360000-b4363000 ---p 00000000 00:00 0 
b4363000-b43b1000 rw-p 00000000 00:00 0 
b43b1000-b43b4000 ---p 00000000 00:00 0 
b43b4000-b4432000 rw-p 00000000 00:00 0 
b4432000-b4435000 ---p 00000000 00:00 0 
b4435000-b44ce000 rw-p 00000000 00:00 0 
b44ce000-b468e000 r--s 039fb000 08:04 287422     /usr/java/jdk1.7.0_80/jre/lib/rt.jar
b468e000-b46cd000 r--p 00000000 08:04 49629      /usr/lib/locale/es_ES.utf8/LC_CTYPE
b46cd000-b46ce000 r--p 00000000 08:04 49605      /usr/lib/locale/es_ES.utf8/LC_NUMERIC
b46ce000-b46cf000 r--p 00000000 08:04 34267      /usr/lib/locale/es_ES.utf8/LC_TIME
b46cf000-b47ec000 r--p 00000000 08:04 49630      /usr/lib/locale/es_ES.utf8/LC_COLLATE
b47ec000-b47ed000 r--p 00000000 08:04 49607      /usr/lib/locale/es_ES.utf8/LC_MONETARY
b47ed000-b47ee000 r--p 00000000 08:04 42251      /usr/lib/locale/es_ES.utf8/LC_MESSAGES/SYS_LC_MESSAGES
b47ee000-b47ef000 r--p 00000000 08:04 49626      /usr/lib/locale/es_ES.utf8/LC_PAPER
b47ef000-b47f0000 r--p 00000000 08:04 49606      /usr/lib/locale/es_ES.utf8/LC_NAME
b47f0000-b47f1000 r--p 00000000 08:04 34843      /usr/lib/locale/es_ES.utf8/LC_ADDRESS
b47f1000-b47f2000 r--p 00000000 08:04 34842      /usr/lib/locale/es_ES.utf8/LC_TELEPHONE
b47f2000-b47f3000 r--p 00000000 08:04 49628      /usr/lib/locale/es_ES.utf8/LC_MEASUREMENT
b47f3000-b47fa000 r--s 00000000 08:04 2435517    /usr/lib/gconv/gconv-modules.cache
b47fa000-b47fd000 ---p 00000000 00:00 0 
b47fd000-b484b000 rw-p 00000000 00:00 0 
b484b000-b484e000 ---p 00000000 00:00 0 
b484e000-b489c000 rw-p 00000000 00:00 0 
b489c000-b489d000 ---p 00000000 00:00 0 
b489d000-b492b000 rw-p 00000000 00:00 0 
b492b000-b4945000 rw-p 00000000 00:00 0 
b4945000-b494b000 rw-p 00000000 00:00 0 
b494b000-b4997000 rw-p 00000000 00:00 0 
b4997000-b499a000 rw-p 00000000 00:00 0 
b499a000-b49bf000 rw-p 00000000 00:00 0 
b49bf000-b49c5000 rw-p 00000000 00:00 0 
b49c5000-b4a11000 rw-p 00000000 00:00 0 
b4a11000-b4a17000 rw-p 00000000 00:00 0 
b4a17000-b4a31000 rw-p 00000000 00:00 0 
b4a31000-b4a44000 rw-p 00000000 00:00 0 
b4a44000-b4abd000 rw-p 00000000 00:00 0 
b4abd000-b4c45000 rwxp 00000000 00:00 0 
b4c45000-b6abd000 rw-p 00000000 00:00 0 
b6abd000-b6ac5000 rw-s 00000000 08:04 1860819    /tmp/hsperfdata_cajero/3917 (deleted)
b6ac5000-b6afa000 r--s 00000000 08:04 2229045    /var/run/nscd/passwd
b6afa000-b6b1d000 r-xp 00000000 08:04 287370     /usr/java/jdk1.7.0_80/jre/lib/i386/libjava.so
b6b1d000-b6b1e000 rw-p 00023000 08:04 287370     /usr/java/jdk1.7.0_80/jre/lib/i386/libjava.so
b6b1e000-b6b26000 r-xp 00000000 08:04 1843791    /lib/librt-2.11.3.so
b6b26000-b6b27000 r--p 00007000 08:04 1843791    /lib/librt-2.11.3.so
b6b27000-b6b28000 rw-p 00008000 08:04 1843791    /lib/librt-2.11.3.so
b6b28000-b6b2b000 ---p 00000000 00:00 0 
b6b2b000-b6b79000 rw-p 00000000 00:00 0 
b6b79000-b6ba0000 r-xp 00000000 08:04 1843769    /lib/libm-2.11.3.so
b6ba0000-b6ba1000 r--p 00026000 08:04 1843769    /lib/libm-2.11.3.so
b6ba1000-b6ba2000 rw-p 00027000 08:04 1843769    /lib/libm-2.11.3.so
b6ba2000-b7137000 r-xp 00000000 08:04 287345     /usr/java/jdk1.7.0_80/jre/lib/i386/client/libjvm.so
b7137000-b7158000 rw-p 00595000 08:04 287345     /usr/java/jdk1.7.0_80/jre/lib/i386/client/libjvm.so
b7158000-b7579000 rw-p 00000000 00:00 0 
b7579000-b76e5000 r-xp 00000000 08:04 1843761    /lib/libc-2.11.3.so
b76e5000-b76e6000 ---p 0016c000 08:04 1843761    /lib/libc-2.11.3.so
b76e6000-b76e8000 r--p 0016c000 08:04 1843761    /lib/libc-2.11.3.so
b76e8000-b76e9000 rw-p 0016e000 08:04 1843761    /lib/libc-2.11.3.so
b76e9000-b76ed000 rw-p 00000000 00:00 0 
b76ed000-b76f0000 r-xp 00000000 08:04 1843767    /lib/libdl-2.11.3.so
b76f0000-b76f1000 r--p 00002000 08:04 1843767    /lib/libdl-2.11.3.so
b76f1000-b76f2000 rw-p 00003000 08:04 1843767    /lib/libdl-2.11.3.so
b76f2000-b7706000 r-xp 00000000 08:04 264696     /usr/java/jdk1.7.0_80/lib/i386/jli/libjli.so
b7706000-b7707000 rw-p 00013000 08:04 264696     /usr/java/jdk1.7.0_80/lib/i386/jli/libjli.so
b7707000-b771e000 r-xp 00000000 08:04 1843787    /lib/libpthread-2.11.3.so
b771e000-b771f000 r--p 00016000 08:04 1843787    /lib/libpthread-2.11.3.so
b771f000-b7720000 rw-p 00017000 08:04 1843787    /lib/libpthread-2.11.3.so
b7720000-b7722000 rw-p 00000000 00:00 0 
b7722000-b7723000 r--p 00000000 08:04 34265      /usr/lib/locale/es_ES.utf8/LC_IDENTIFICATION
b7723000-b7729000 rw-p 00000000 00:00 0 
b7729000-b7740000 r-xp 00000000 08:04 287403     /usr/java/jdk1.7.0_80/jre/lib/i386/libzip.so
b7740000-b7741000 rw-p 00016000 08:04 287403     /usr/java/jdk1.7.0_80/jre/lib/i386/libzip.so
b7741000-b7742000 rw-p 00000000 00:00 0 
b7742000-b7743000 ---p 00000000 00:00 0 
b7743000-b774e000 r-xp 00000000 08:04 287402     /usr/java/jdk1.7.0_80/jre/lib/i386/libverify.so
b774e000-b774f000 rw-p 0000b000 08:04 287402     /usr/java/jdk1.7.0_80/jre/lib/i386/libverify.so
b774f000-b7750000 rw-p 00000000 00:00 0 
b7750000-b776f000 r-xp 00000000 08:04 1843754    /lib/ld-2.11.3.so
b776f000-b7770000 r--p 0001e000 08:04 1843754    /lib/ld-2.11.3.so
b7770000-b7771000 rw-p 0001f000 08:04 1843754    /lib/ld-2.11.3.so
bfafb000-bfafc000 rwxp 00000000 00:00 0 
bfb2d000-bfb4f000 rw-p 00000000 00:00 0          [stack]
ffffe000-fffff000 r-xp 00000000 00:00 0          [vdso]

VM Arguments:
jvm_args: -Dfile.encoding=UTF-8 
java_command: webServices.ClienteWS
Launcher Type: SUN_STANDARD

Environment Variables:
CLASSPATH=:/usr/local/NCRRetail:/usr/local/NCRRetail/jar/NCRRetailCommon.jar:/usr/local/NCRRetail/jar/jpos.jar:/usr/local/NCRRetail/jar/NCRJavaPOS.jar:/usr/local/NCRRetail/jar/jcl_editor.jar:/usr/local/NCRRetail/jar/xerces.jar:/usr/local/NCRRetail/jar/NCRConfigManager.jar:/usr/local/NCRRetail/jar/NCRSystemMonitor.jar
PATH=/home/cajero/bin:/usr/local/bin:/usr/bin:/bin:/usr/bin/X11:/usr/X11R6/bin:/usr/games:/usr/lib/mit/bin:/usr/lib/mit/sbin
USERNAME=cajero
LD_LIBRARY_PATH=/usr/java/jdk1.7.0_80/jre/lib/i386/client:/usr/java/jdk1.7.0_80/jre/lib/i386:/home/cajero/workspace/Client/libHuellas/linux-32 bits/
SHELL=/bin/bash
DISPLAY=:0.0
HOSTTYPE=i386
OSTYPE=linux
MACHTYPE=i686-suse-linux

Signal Handlers:
SIGSEGV: [libjvm.so+0x511b30], sa_mask[0]=0x7ffbfeff, sa_flags=0x10000004
SIGBUS: [libjvm.so+0x511b30], sa_mask[0]=0x7ffbfeff, sa_flags=0x10000004
SIGFPE: [libjvm.so+0x406570], sa_mask[0]=0x7ffbfeff, sa_flags=0x10000004
SIGPIPE: [libjvm.so+0x406570], sa_mask[0]=0x7ffbfeff, sa_flags=0x10000004
SIGXFSZ: [libjvm.so+0x406570], sa_mask[0]=0x7ffbfeff, sa_flags=0x10000004
SIGILL: [libjvm.so+0x406570], sa_mask[0]=0x7ffbfeff, sa_flags=0x10000004
SIGUSR1: SIG_DFL, sa_mask[0]=0x00000000, sa_flags=0x00000000
SIGUSR2: [libjvm.so+0x407de0], sa_mask[0]=0x00000004, sa_flags=0x10000004
SIGHUP: [libjvm.so+0x409110], sa_mask[0]=0x7ffbfeff, sa_flags=0x10000004
SIGINT: [libjvm.so+0x409110], sa_mask[0]=0x7ffbfeff, sa_flags=0x10000004
SIGTERM: [libjvm.so+0x409110], sa_mask[0]=0x7ffbfeff, sa_flags=0x10000004
SIGQUIT: [libjvm.so+0x409110], sa_mask[0]=0x7ffbfeff, sa_flags=0x10000004


---------------  S Y S T E M  ---------------

OS:SUSE Linux Enterprise Server 11 (i586)
VERSION = 11
PATCHLEVEL = 4

uname:Linux 3.0.101-63-pae #1 SMP Tue Jun 23 16:02:31 UTC 2015 (4b89d0c) i686
libc:glibc 2.11.3 NPTL 2.11.3 
rlimit: STACK 8192k, CORE 1k, NPROC 7679, NOFILE 8192, AS 2020800k
load average:0,00 0,07 0,12

/proc/meminfo:
MemTotal:         991720 kB
MemFree:          112556 kB
Buffers:           13156 kB
Cached:           415608 kB
SwapCached:          180 kB
Active:           488768 kB
Inactive:         340148 kB
Active(anon):     362916 kB
Inactive(anon):    65400 kB
Active(file):     125852 kB
Inactive(file):   274748 kB
Unevictable:           0 kB
Mlocked:               0 kB
HighTotal:        110152 kB
HighFree:           1480 kB
LowTotal:         881568 kB
LowFree:          111076 kB
SwapTotal:       1534200 kB
SwapFree:        1533252 kB
Dirty:               132 kB
Writeback:             0 kB
AnonPages:        400080 kB
Mapped:            81708 kB
Shmem:             28112 kB
Slab:              27572 kB
SReclaimable:      15464 kB
SUnreclaim:        12108 kB
KernelStack:        2536 kB
PageTables:         3384 kB
NFS_Unstable:          0 kB
Bounce:                0 kB
WritebackTmp:          0 kB
CommitLimit:     2030060 kB
Committed_AS:    1014284 kB
VmallocTotal:     122880 kB
VmallocUsed:       19088 kB
VmallocChunk:     102400 kB
HardwareCorrupted:     0 kB
AnonHugePages:    301056 kB
HugePages_Total:       0
HugePages_Free:        0
HugePages_Rsvd:        0
HugePages_Surp:        0
Hugepagesize:       2048 kB
DirectMap4k:       10232 kB
DirectMap2M:      892928 kB


CPU:total 1 (1 cores per cpu, 1 threads per core) family 6 model 23 stepping 10, cmov, cx8, fxsr, mmx, sse, sse2, sse3, ssse3, tsc

/proc/cpuinfo:
processor	: 0
vendor_id	: GenuineIntel
cpu family	: 6
model		: 23
model name	: Intel(R) Celeron(R) CPU          900  @ 2.20GHz
stepping	: 10
microcode	: 2571
cpu MHz		: 2194.645
cache size	: 1024 KB
fdiv_bug	: no
hlt_bug		: no
f00f_bug	: no
coma_bug	: no
fpu		: yes
fpu_exception	: yes
cpuid level	: 13
wp		: yes
flags		: fpu vme de pse tsc msr pae mce cx8 apic sep mtrr pge mca cmov pat pse36 clflush dts acpi mmx fxsr sse sse2 ss tm pbe nx lm constant_tsc up arch_perfmon pebs bts aperfmperf pni dtes64 monitor ds_cpl tm2 ssse3 cx16 xtpr pdcm xsave lahf_lm dtherm
bogomips	: 4389.29
clflush size	: 64
cache_alignment	: 64
address sizes	: 36 bits physical, 48 bits virtual
power management:



Memory: 4k page, physical 991720k(112556k free), swap 1534200k(1533252k free)

vm_info: Java HotSpot(TM) Client VM (24.80-b11) for linux-x86 JRE (1.7.0_80-b15), built on Apr 10 2015 12:41:05 by "java_re" with gcc 4.3.0 20080428 (Red Hat 4.3.0-8)

time: Thu Sep 15 07:40:26 2016
elapsed time: 407 seconds

