#
# A fatal error has been detected by the Java Runtime Environment:
#
#  SIGSEGV (0xb) at pc=0xb2e5e4e0, pid=3829, tid=3029388144
#
# JRE version: Java(TM) SE Runtime Environment (7.0_80-b15) (build 1.7.0_80-b15)
# Java VM: Java HotSpot(TM) Client VM (24.80-b11 mixed mode, sharing linux-x86 )
# Problematic frame:
# C  [libdpfpdd.so+0x34e0]  _init+0x23dc
#
# Core dump written. Default location: /home/cajero/workspace/Client/core or core.3829 (max size 1 kB). To ensure a full core dump, try "ulimit -c unlimited" before starting Java again
#
# If you would like to submit a bug report, please visit:
#   http://bugreport.java.com/bugreport/crash.jsp
#

---------------  T H R E A D  ---------------

Current thread (0x08071400):  VMThread [stack: 0xb488c000,0xb490d000] [id=3835]

siginfo:si_signo=SIGSEGV: si_errno=0, si_code=1 (SEGV_MAPERR), si_addr=0x4c0deb2c

Registers:
EAX=0xb2e63ba0, EBX=0xb2e63d3c, ECX=0x084563bc, EDX=0x4c0deab8
ESP=0xb490b9a0, EBP=0xb490b9f8, ESI=0x4c0deb2c, EDI=0x084564cc
EIP=0xb2e5e4e0, EFLAGS=0x00010202, CR2=0x4c0deb2c

Top of Stack: (sp=0xb490b9a0)
0xb490b9a0:   084564cc b2e62889 00000000 b4276598
0xb490b9b0:   00000000 b490b9cc b490b9dc 4c0deab8
0xb490b9c0:   0845a3e0 b7755010 0000018c b4276598
0xb490b9d0:   0845a3e0 b490babc b490ba08 00000000
0xb490b9e0:   b490cb70 00000000 b2e62889 b2e63d3c
0xb490b9f0:   b2e96320 b490babc b490ba08 b2e60180
0xb490ba00:   b2e63e34 b2e96194 b490ba38 b2e92e63
0xb490ba10:   00000000 b2e96344 00000000 b490ba28 

Instructions: (pc=0xb2e5e4e0)
0xb2e5e4c0:   c4 0f 84 93 01 00 00 8b 93 d4 ff ff ff 81 6d c4
0xb2e5e4d0:   84 00 00 00 8b 75 c4 8d 42 08 8b 55 c4 83 c6 74
0xb2e5e4e0:   89 42 74 8b 46 04 85 c0 74 08 89 04 24 e8 aa de
0xb2e5e4f0:   ff ff 8b 93 e8 ff ff ff c7 46 04 00 00 00 00 c7 

Register to memory mapping:

EAX=
[error occurred during error reporting (printing register info), id 0xb]

Stack: [0xb488c000,0xb490d000],  sp=0xb490b9a0,  free space=510k
Native frames: (J=compiled Java code, j=interpreted, Vv=VM code, C=native code)
C  [libdpfpdd.so+0x34e0]  _init+0x23dc
C  [libdpfpdd.so+0x5180]  dpfpdd_exit+0x20
C  [NdmDigitalPersonaUareU.so+0x1e63]  abort@@GLIBC_2.0+0x1e63
C  [NdmDigitalPersonaUareU.so+0x21f5]  abort@@GLIBC_2.0+0x21f5
C  [libNCore.so+0x14af0b]  NPluginGetState+0x1cab
C  [libNCore.so+0x14babc]  NPluginEnable+0x54c
C  [libNCore.so+0x14c454]  NPluginEnable+0xee4
C  [libNCore.so+0x14c54a]  NPluginUnplug+0xda
C  [NdmDigitalPersonaUareU.so+0x401e]  abort@@GLIBC_2.0+0x401e
C  [libNCore.so+0x75bd6]  NModuleUnregister+0x116
C  [NdmDigitalPersonaUareU.so+0x4641]  NdmDigitalPersonaUareUModuleOf+0x411
C  [NdmDigitalPersonaUareU.so+0x18b8]  abort@@GLIBC_2.0+0x18b8
C  [NdmDigitalPersonaUareU.so+0x4810]  NdmDigitalPersonaUareUModuleOf+0x5e0
C  [ld-linux.so.2+0xfeeb]  _dl_fini+0x1fb
C  [libc.so.6+0x2dc51]  __run_exit_handlers+0xc1
C  [libc.so.6+0x2dcaf]  __GI_exit+0x2f
V  [libjvm.so+0x2ac4d4]  vm_direct_exit(int)+0x24
V  [libjvm.so+0x51affc]  VM_Exit::doit()+0xac
V  [libjvm.so+0x51b057]  VM_Operation::evaluate()+0x47
V  [libjvm.so+0x5190f3]  VMThread::evaluate_operation(VM_Operation*)+0xb3
V  [libjvm.so+0x519490]  VMThread::loop()+0x1b0
V  [libjvm.so+0x5198f5]  VMThread::run()+0x85
V  [libjvm.so+0x40bcf9]  java_start(Thread*)+0x119
C  [libpthread.so.0+0x6839]  start_thread+0xd9

VM_Operation (0xb0160e30): Exit, mode: safepoint, requested by thread 0x0853f800


---------------  P R O C E S S  ---------------

Java Threads: ( => current thread )
  0x08593000 JavaThread "Thread-0" [_thread_blocked, id=3926, stack(0xaefa3000,0xaeff4000)]
  0x0853f800 JavaThread "SIGTERM handler" daemon [_thread_blocked, id=3924, stack(0xb0111000,0xb0162000)]
  0x082f7400 JavaThread "AWT-XAWT" daemon [_thread_in_native, id=3849, stack(0xb028c000,0xb02dd000)]
  0x0823a000 JavaThread "Java2D Disposer" daemon [_thread_blocked, id=3848, stack(0xb02dd000,0xb032e000)]
  0x080a5400 JavaThread "Service Thread" daemon [_thread_blocked, id=3840, stack(0xb4350000,0xb43a1000)]
  0x0809ac00 JavaThread "C1 CompilerThread0" daemon [_thread_blocked, id=3839, stack(0xb43a1000,0xb4422000)]
  0x08074800 JavaThread "Finalizer" daemon [_thread_blocked, id=3837, stack(0xb47ea000,0xb483b000)]
  0x08073000 JavaThread "Reference Handler" daemon [_thread_blocked, id=3836, stack(0xb483b000,0xb488c000)]
  0x08051c00 JavaThread "main" [_thread_blocked, id=3830, stack(0xb6b18000,0xb6b69000)]

Other Threads:
=>0x08071400 VMThread [stack: 0xb488c000,0xb490d000] [id=3835]

VM state:at safepoint (shutting down)

VM Mutex/Monitor currently owned by a thread:  ([mutex/lock_event])
[0x080508a0] Threads_lock - owner thread: 0x08071400

Heap
 def new generation   total 4672K, used 2281K [0x7f800000, 0x7fd10000, 0x84950000)
  eden space 4160K,  42% used [0x7f800000, 0x7f9ba5d0, 0x7fc10000)
  from space 512K, 100% used [0x7fc10000, 0x7fc90000, 0x7fc90000)
  to   space 512K,   0% used [0x7fc90000, 0x7fc90000, 0x7fd10000)
 tenured generation   total 10368K, used 6501K [0x84950000, 0x85370000, 0x8ec00000)
   the space 10368K,  62% used [0x84950000, 0x84fa95d0, 0x84fa9600, 0x85370000)
 compacting perm gen  total 12288K, used 7225K [0x8ec00000, 0x8f800000, 0x92c00000)
   the space 12288K,  58% used [0x8ec00000, 0x8f30e7c0, 0x8f30e800, 0x8f800000)
    ro space 10240K,  48% used [0x92c00000, 0x930d5b48, 0x930d5c00, 0x93600000)
    rw space 12288K,  57% used [0x93600000, 0x93ce29c8, 0x93ce2a00, 0x94200000)

Card table byte_map: [0xb4987000,0xb4a2d000] byte_map_base: 0xb458b000

Polling page: 0xb7732000

Code Cache  [0xb4aad000, 0xb4c35000, 0xb6aad000)
 total_blobs=776 nmethods=519 adapters=194 free_code_cache=31227Kb largest_free_block=31974336

Compilation events (10 events):
Event: 14,509 Thread 0x0809ac00  519  s!         sun.misc.URLClassPath::getLoader (154 bytes)
Event: 14,511 Thread 0x0809ac00 nmethod 519 0xb4c2b488 code [0xb4c2b7d0, 0xb4c2c8d8]
Event: 14,518 Thread 0x0809ac00  520             java.lang.ThreadLocal$ThreadLocalMap::set (136 bytes)
Event: 14,519 Thread 0x0809ac00 nmethod 520 0xb4c2dbc8 code [0xb4c2dd20, 0xb4c2e044]
Event: 59,518 Thread 0x0809ac00  521             java.lang.ThreadLocal$ThreadLocalMap::access$100 (7 bytes)
Event: 59,519 Thread 0x0809ac00 nmethod 521 0xb4c2e408 code [0xb4c2e500, 0xb4c2e58c]
Event: 77,439 Thread 0x0809ac00  522             java.util.concurrent.locks.ReentrantLock::unlock (10 bytes)
Event: 77,439 Thread 0x0809ac00 nmethod 522 0xb4c2e608 code [0xb4c2e720, 0xb4c2e814]
Event: 194,520 Thread 0x0809ac00  523             java.lang.ThreadLocal::set (30 bytes)
Event: 194,520 Thread 0x0809ac00 nmethod 523 0xb4c2e908 code [0xb4c2ea30, 0xb4c2eb40]

GC Heap History (10 events):
Event: 1,684 GC heap before
{Heap before GC invocations=11 (full 0):
 def new generation   total 4672K, used 4488K [0x7f800000, 0x7fd10000, 0x84950000)
  eden space 4160K, 100% used [0x7f800000, 0x7fc10000, 0x7fc10000)
  from space 512K,  64% used [0x7fc90000, 0x7fce22b0, 0x7fd10000)
  to   space 512K,   0% used [0x7fc10000, 0x7fc10000, 0x7fc90000)
 tenured generation   total 10368K, used 4321K [0x84950000, 0x85370000, 0x8ec00000)
   the space 10368K,  41% used [0x84950000, 0x84d88538, 0x84d88600, 0x85370000)
 compacting perm gen  total 12288K, used 3286K [0x8ec00000, 0x8f800000, 0x92c00000)
   the space 12288K,  26% used [0x8ec00000, 0x8ef358c8, 0x8ef35a00, 0x8f800000)
    ro space 10240K,  48% used [0x92c00000, 0x930d5b48, 0x930d5c00, 0x93600000)
    rw space 12288K,  57% used [0x93600000, 0x93ce29c8, 0x93ce2a00, 0x94200000)
Event: 1,687 GC heap after
Heap after GC invocations=12 (full 0):
 def new generation   total 4672K, used 224K [0x7f800000, 0x7fd10000, 0x84950000)
  eden space 4160K,   0% used [0x7f800000, 0x7f800000, 0x7fc10000)
  from space 512K,  43% used [0x7fc10000, 0x7fc48088, 0x7fc90000)
  to   space 512K,   0% used [0x7fc90000, 0x7fc90000, 0x7fd10000)
 tenured generation   total 10368K, used 4645K [0x84950000, 0x85370000, 0x8ec00000)
   the space 10368K,  44% used [0x84950000, 0x84dd9508, 0x84dd9600, 0x85370000)
 compacting perm gen  total 12288K, used 3286K [0x8ec00000, 0x8f800000, 0x92c00000)
   the space 12288K,  26% used [0x8ec00000, 0x8ef358c8, 0x8ef35a00, 0x8f800000)
    ro space 10240K,  48% used [0x92c00000, 0x930d5b48, 0x930d5c00, 0x93600000)
    rw space 12288K,  57% used [0x93600000, 0x93ce29c8, 0x93ce2a00, 0x94200000)
}
Event: 1,784 GC heap before
{Heap before GC invocations=12 (full 0):
 def new generation   total 4672K, used 4384K [0x7f800000, 0x7fd10000, 0x84950000)
  eden space 4160K, 100% used [0x7f800000, 0x7fc10000, 0x7fc10000)
  from space 512K,  43% used [0x7fc10000, 0x7fc48088, 0x7fc90000)
  to   space 512K,   0% used [0x7fc90000, 0x7fc90000, 0x7fd10000)
 tenured generation   total 10368K, used 4645K [0x84950000, 0x85370000, 0x8ec00000)
   the space 10368K,  44% used [0x84950000, 0x84dd9508, 0x84dd9600, 0x85370000)
 compacting perm gen  total 12288K, used 3409K [0x8ec00000, 0x8f800000, 0x92c00000)
   the space 12288K,  27% used [0x8ec00000, 0x8ef547d8, 0x8ef54800, 0x8f800000)
    ro space 10240K,  48% used [0x92c00000, 0x930d5b48, 0x930d5c00, 0x93600000)
    rw space 12288K,  57% used [0x93600000, 0x93ce29c8, 0x93ce2a00, 0x94200000)
Event: 1,787 GC heap after
Heap after GC invocations=13 (full 0):
 def new generation   total 4672K, used 417K [0x7f800000, 0x7fd10000, 0x84950000)
  eden space 4160K,   0% used [0x7f800000, 0x7f800000, 0x7fc10000)
  from space 512K,  81% used [0x7fc90000, 0x7fcf8658, 0x7fd10000)
  to   space 512K,   0% used [0x7fc10000, 0x7fc10000, 0x7fc90000)
 tenured generation   total 10368K, used 4645K [0x84950000, 0x85370000, 0x8ec00000)
   the space 10368K,  44% used [0x84950000, 0x84dd9508, 0x84dd9600, 0x85370000)
 compacting perm gen  total 12288K, used 3409K [0x8ec00000, 0x8f800000, 0x92c00000)
   the space 12288K,  27% used [0x8ec00000, 0x8ef547d8, 0x8ef54800, 0x8f800000)
    ro space 10240K,  48% used [0x92c00000, 0x930d5b48, 0x930d5c00, 0x93600000)
    rw space 12288K,  57% used [0x93600000, 0x93ce29c8, 0x93ce2a00, 0x94200000)
}
Event: 13,914 GC heap before
{Heap before GC invocations=13 (full 0):
 def new generation   total 4672K, used 4577K [0x7f800000, 0x7fd10000, 0x84950000)
  eden space 4160K, 100% used [0x7f800000, 0x7fc10000, 0x7fc10000)
  from space 512K,  81% used [0x7fc90000, 0x7fcf8658, 0x7fd10000)
  to   space 512K,   0% used [0x7fc10000, 0x7fc10000, 0x7fc90000)
 tenured generation   total 10368K, used 4645K [0x84950000, 0x85370000, 0x8ec00000)
   the space 10368K,  44% used [0x84950000, 0x84dd9508, 0x84dd9600, 0x85370000)
 compacting perm gen  total 12288K, used 3634K [0x8ec00000, 0x8f800000, 0x92c00000)
   the space 12288K,  29% used [0x8ec00000, 0x8ef8c850, 0x8ef8ca00, 0x8f800000)
    ro space 10240K,  48% used [0x92c00000, 0x930d5b48, 0x930d5c00, 0x93600000)
    rw space 12288K,  57% used [0x93600000, 0x93ce29c8, 0x93ce2a00, 0x94200000)
Event: 13,919 GC heap after
Heap after GC invocations=14 (full 0):
 def new generation   total 4672K, used 401K [0x7f800000, 0x7fd10000, 0x84950000)
  eden space 4160K,   0% used [0x7f800000, 0x7f800000, 0x7fc10000)
  from space 512K,  78% used [0x7fc10000, 0x7fc744f8, 0x7fc90000)
  to   space 512K,   0% used [0x7fc90000, 0x7fc90000, 0x7fd10000)
 tenured generation   total 10368K, used 4905K [0x84950000, 0x85370000, 0x8ec00000)
   the space 10368K,  47% used [0x84950000, 0x84e1a578, 0x84e1a600, 0x85370000)
 compacting perm gen  total 12288K, used 3634K [0x8ec00000, 0x8f800000, 0x92c00000)
   the space 12288K,  29% used [0x8ec00000, 0x8ef8c850, 0x8ef8ca00, 0x8f800000)
    ro space 10240K,  48% used [0x92c00000, 0x930d5b48, 0x930d5c00, 0x93600000)
    rw space 12288K,  57% used [0x93600000, 0x93ce29c8, 0x93ce2a00, 0x94200000)
}
Event: 14,097 GC heap before
{Heap before GC invocations=14 (full 0):
 def new generation   total 4672K, used 4561K [0x7f800000, 0x7fd10000, 0x84950000)
  eden space 4160K, 100% used [0x7f800000, 0x7fc10000, 0x7fc10000)
  from space 512K,  78% used [0x7fc10000, 0x7fc744f8, 0x7fc90000)
  to   space 512K,   0% used [0x7fc90000, 0x7fc90000, 0x7fd10000)
 tenured generation   total 10368K, used 4905K [0x84950000, 0x85370000, 0x8ec00000)
   the space 10368K,  47% used [0x84950000, 0x84e1a578, 0x84e1a600, 0x85370000)
 compacting perm gen  total 12288K, used 3948K [0x8ec00000, 0x8f800000, 0x92c00000)
   the space 12288K,  32% used [0x8ec00000, 0x8efdb000, 0x8efdb000, 0x8f800000)
    ro space 10240K,  48% used [0x92c00000, 0x930d5b48, 0x930d5c00, 0x93600000)
    rw space 12288K,  57% used [0x93600000, 0x93ce29c8, 0x93ce2a00, 0x94200000)
Event: 14,105 GC heap after
Heap after GC invocations=15 (full 0):
 def new generation   total 4672K, used 512K [0x7f800000, 0x7fd10000, 0x84950000)
  eden space 4160K,   0% used [0x7f800000, 0x7f800000, 0x7fc10000)
  from space 512K, 100% used [0x7fc90000, 0x7fd10000, 0x7fd10000)
  to   space 512K,   0% used [0x7fc10000, 0x7fc10000, 0x7fc90000)
 tenured generation   total 10368K, used 5686K [0x84950000, 0x85370000, 0x8ec00000)
   the space 10368K,  54% used [0x84950000, 0x84edd978, 0x84edda00, 0x85370000)
 compacting perm gen  total 12288K, used 3948K [0x8ec00000, 0x8f800000, 0x92c00000)
   the space 12288K,  32% used [0x8ec00000, 0x8efdb000, 0x8efdb000, 0x8f800000)
    ro space 10240K,  48% used [0x92c00000, 0x930d5b48, 0x930d5c00, 0x93600000)
    rw space 12288K,  57% used [0x93600000, 0x93ce29c8, 0x93ce2a00, 0x94200000)
}
Event: 14,434 GC heap before
{Heap before GC invocations=15 (full 0):
 def new generation   total 4672K, used 4672K [0x7f800000, 0x7fd10000, 0x84950000)
  eden space 4160K, 100% used [0x7f800000, 0x7fc10000, 0x7fc10000)
  from space 512K, 100% used [0x7fc90000, 0x7fd10000, 0x7fd10000)
  to   space 512K,   0% used [0x7fc10000, 0x7fc10000, 0x7fc90000)
 tenured generation   total 10368K, used 5686K [0x84950000, 0x85370000, 0x8ec00000)
   the space 10368K,  54% used [0x84950000, 0x84edd978, 0x84edda00, 0x85370000)
 compacting perm gen  total 12288K, used 6785K [0x8ec00000, 0x8f800000, 0x92c00000)
   the space 12288K,  55% used [0x8ec00000, 0x8f2a0660, 0x8f2a0800, 0x8f800000)
    ro space 10240K,  48% used [0x92c00000, 0x930d5b48, 0x930d5c00, 0x93600000)
    rw space 12288K,  57% used [0x93600000, 0x93ce29c8, 0x93ce2a00, 0x94200000)
Event: 14,443 GC heap after
Heap after GC invocations=16 (full 0):
 def new generation   total 4672K, used 512K [0x7f800000, 0x7fd10000, 0x84950000)
  eden space 4160K,   0% used [0x7f800000, 0x7f800000, 0x7fc10000)
  from space 512K, 100% used [0x7fc10000, 0x7fc90000, 0x7fc90000)
  to   space 512K,   0% used [0x7fc90000, 0x7fc90000, 0x7fd10000)
 tenured generation   total 10368K, used 6501K [0x84950000, 0x85370000, 0x8ec00000)
   the space 10368K,  62% used [0x84950000, 0x84fa95d0, 0x84fa9600, 0x85370000)
 compacting perm gen  total 12288K, used 6785K [0x8ec00000, 0x8f800000, 0x92c00000)
   the space 12288K,  55% used [0x8ec00000, 0x8f2a0660, 0x8f2a0800, 0x8f800000)
    ro space 10240K,  48% used [0x92c00000, 0x930d5b48, 0x930d5c00, 0x93600000)
    rw space 12288K,  57% used [0x93600000, 0x93ce29c8, 0x93ce2a00, 0x94200000)
}

Deoptimization events (0 events):
No events

Internal exceptions (10 events):
Event: 14,506 Thread 0x08051c00 Threw 0x7f928980 at /HUDSON/workspace/7u-2-build-linux-i586/jdk7u80/2329/hotspot/src/share/vm/prims/jvm.cpp:1319
Event: 14,508 Thread 0x08051c00 Threw 0x7f92ca70 at /HUDSON/workspace/7u-2-build-linux-i586/jdk7u80/2329/hotspot/src/share/vm/prims/jvm.cpp:1319
Event: 14,509 Thread 0x08051c00 Threw 0x7f9305b8 at /HUDSON/workspace/7u-2-build-linux-i586/jdk7u80/2329/hotspot/src/share/vm/prims/jvm.cpp:1319
Event: 14,512 Thread 0x08051c00 Threw 0x7f9342d0 at /HUDSON/workspace/7u-2-build-linux-i586/jdk7u80/2329/hotspot/src/share/vm/prims/jvm.cpp:1319
Event: 14,512 Thread 0x08051c00 Threw 0x7f937f28 at /HUDSON/workspace/7u-2-build-linux-i586/jdk7u80/2329/hotspot/src/share/vm/prims/jvm.cpp:1319
Event: 14,513 Thread 0x08051c00 Threw 0x7f93c6d8 at /HUDSON/workspace/7u-2-build-linux-i586/jdk7u80/2329/hotspot/src/share/vm/prims/jvm.cpp:1319
Event: 14,513 Thread 0x08051c00 Threw 0x7f940d80 at /HUDSON/workspace/7u-2-build-linux-i586/jdk7u80/2329/hotspot/src/share/vm/prims/jvm.cpp:1319
Event: 14,514 Thread 0x08051c00 Threw 0x7f9472b8 at /HUDSON/workspace/7u-2-build-linux-i586/jdk7u80/2329/hotspot/src/share/vm/prims/jvm.cpp:1319
Event: 14,515 Thread 0x08051c00 Threw 0x7f94b450 at /HUDSON/workspace/7u-2-build-linux-i586/jdk7u80/2329/hotspot/src/share/vm/prims/jvm.cpp:1319
Event: 14,516 Thread 0x08051c00 Threw 0x7f94fe40 at /HUDSON/workspace/7u-2-build-linux-i586/jdk7u80/2329/hotspot/src/share/vm/prims/jvm.cpp:1319

Events (10 events):
Event: 244,303 Executing VM operation: RevokeBias done
Event: 244,303 Executing VM operation: RevokeBias
Event: 244,303 Executing VM operation: RevokeBias done
Event: 244,303 Executing VM operation: RevokeBias
Event: 244,304 Executing VM operation: RevokeBias done
Event: 244,304 Thread 0x08592800 Thread exited: 0x08592800
Event: 244,304 Executing VM operation: RevokeBias
Event: 244,304 Executing VM operation: RevokeBias done
Event: 244,305 Thread 0x08099000 Thread exited: 0x08099000
Event: 244,305 Executing VM operation: Exit


Dynamic libraries:
08048000-08049000 r-xp 00000000 08:04 2394621    /usr/java/jdk1.7.0_80/bin/java
08049000-0804a000 rw-p 00000000 08:04 2394621    /usr/java/jdk1.7.0_80/bin/java
0804a000-08687000 rw-p 00000000 00:00 0          [heap]
7f800000-7fd10000 rw-p 00000000 00:00 0 
7fd10000-84950000 rw-p 00000000 00:00 0 
84950000-85370000 rw-p 00000000 00:00 0 
85370000-8ec00000 rw-p 00000000 00:00 0 
8ec00000-8f800000 rw-p 00000000 00:00 0 
8f800000-92c00000 rw-p 00000000 00:00 0 
92c00000-930d6000 r--p 00001000 08:04 287204     /usr/java/jdk1.7.0_80/jre/lib/i386/client/classes.jsa
930d6000-93600000 rw-p 00000000 00:00 0 
93600000-93ce3000 rw-p 004d7000 08:04 287204     /usr/java/jdk1.7.0_80/jre/lib/i386/client/classes.jsa
93ce3000-94200000 rw-p 00000000 00:00 0 
94200000-944b5000 rw-p 00bba000 08:04 287204     /usr/java/jdk1.7.0_80/jre/lib/i386/client/classes.jsa
944b5000-94600000 rw-p 00000000 00:00 0 
94600000-94609000 r-xp 00e6f000 08:04 287204     /usr/java/jdk1.7.0_80/jre/lib/i386/client/classes.jsa
94609000-94a00000 rw-p 00000000 00:00 0 
aeeb9000-aefa3000 rw-p 00000000 00:00 0 
aefa3000-aefa6000 ---p 00000000 00:00 0 
aefa6000-aeff4000 rw-p 00000000 00:00 0 
aeff4000-aeff7000 ---p 00000000 00:00 0 
aeff7000-af045000 rw-p 00000000 00:00 0 
af045000-af046000 ---p 00000000 00:00 0 
af046000-af846000 rw-p 00000000 00:00 0 
af846000-af847000 ---p 00000000 00:00 0 
af847000-b0047000 rw-p 00000000 00:00 0 
b0047000-b0087000 r--s 00000000 08:04 2228955    /var/cache/fontconfig/17090aa38d5c6f09fb8c5c354938f1d7-x86.cache-2
b0087000-b00a9000 r--s 00000000 08:04 2228962    /var/cache/fontconfig/8d4af663993b81a124ee82e610bb31f9-x86.cache-2
b00a9000-b00e9000 r--s 00000000 08:04 2228954    /var/cache/fontconfig/df311e82a1a24c41a75c2c930223552e-x86.cache-2
b0111000-b0114000 ---p 00000000 00:00 0 
b0114000-b0162000 rw-p 00000000 00:00 0 
b0162000-b0166000 r--s 000f7000 08:04 287193     /usr/java/jdk1.7.0_80/jre/lib/ext/localedata.jar
b0166000-b0172000 r--s 000af000 08:04 287419     /usr/java/jdk1.7.0_80/jre/lib/resources.jar
b0172000-b01d2000 r-xp 00000000 08:04 287400     /usr/java/jdk1.7.0_80/jre/lib/i386/libt2k.so
b01d2000-b01d6000 rw-p 00060000 08:04 287400     /usr/java/jdk1.7.0_80/jre/lib/i386/libt2k.so
b01d6000-b01da000 rw-p 00000000 00:00 0 
b01da000-b01f5000 r-xp 00000000 08:04 1843825    /lib/libgcc_s.so.1
b01f5000-b01f6000 r--p 0001a000 08:04 1843825    /lib/libgcc_s.so.1
b01f6000-b01f7000 rw-p 0001b000 08:04 1843825    /lib/libgcc_s.so.1
b01fa000-b01fc000 r--s 00015000 08:04 1966236    /home/cajero/workspace/Client/lib/xpp3.jar
b01fc000-b01ff000 r--s 00029000 08:04 1966235    /home/cajero/workspace/Client/lib/stax.jar
b01ff000-b0208000 r--s 00051000 08:04 1966233    /home/cajero/workspace/Client/lib/simple-xml.jar
b0208000-b020f000 r--s 00000000 08:04 2228958    /var/cache/fontconfig/77e41c5059666d75f92e318d4be8c21e-x86.cache-2
b020f000-b0224000 r--s 00000000 08:04 2228963    /var/cache/fontconfig/7ef2298fde41cc6eeb7af42e48b7d293-x86.cache-2
b0224000-b0285000 r-xp 00000000 08:04 287360     /usr/java/jdk1.7.0_80/jre/lib/i386/libfontmanager.so
b0285000-b0288000 rw-p 00060000 08:04 287360     /usr/java/jdk1.7.0_80/jre/lib/i386/libfontmanager.so
b0288000-b028c000 rw-p 00000000 00:00 0 
b028c000-b028f000 ---p 00000000 00:00 0 
b028f000-b02dd000 rw-p 00000000 00:00 0 
b02dd000-b02e0000 ---p 00000000 00:00 0 
b02e0000-b032e000 rw-p 00000000 00:00 0 
b032e000-b034a000 r-xp 00000000 08:04 2313747    /usr/lib/libxcb.so.1.0.0
b034a000-b034b000 r--p 0001b000 08:04 2313747    /usr/lib/libxcb.so.1.0.0
b034b000-b034c000 rw-p 0001c000 08:04 2313747    /usr/lib/libxcb.so.1.0.0
b034c000-b034d000 r-xp 00000000 08:04 2313737    /usr/lib/libxcb-xlib.so.0.0.0
b034d000-b034e000 r--p 00000000 08:04 2313737    /usr/lib/libxcb-xlib.so.0.0.0
b034e000-b034f000 rw-p 00001000 08:04 2313737    /usr/lib/libxcb-xlib.so.0.0.0
b034f000-b0358000 r-xp 00000000 08:04 1310996    /usr/lib/libXi.so.6.0.0
b0358000-b0359000 r--p 00008000 08:04 1310996    /usr/lib/libXi.so.6.0.0
b0359000-b035a000 rw-p 00009000 08:04 1310996    /usr/lib/libXi.so.6.0.0
b035a000-b035f000 r-xp 00000000 08:04 1311006    /usr/lib/libXtst.so.6.1.0
b035f000-b0360000 r--p 00004000 08:04 1311006    /usr/lib/libXtst.so.6.1.0
b0360000-b0361000 rw-p 00005000 08:04 1311006    /usr/lib/libXtst.so.6.1.0
b0361000-b0369000 r-xp 00000000 08:04 1310834    /usr/lib/libXrender.so.1.3.0
b0369000-b036a000 r--p 00007000 08:04 1310834    /usr/lib/libXrender.so.1.3.0
b036a000-b036b000 rw-p 00008000 08:04 1310834    /usr/lib/libXrender.so.1.3.0
b036b000-b049a000 r-xp 00000000 08:04 1310767    /usr/lib/libX11.so.6.2.0
b049a000-b049b000 r--p 0012f000 08:04 1310767    /usr/lib/libX11.so.6.2.0
b049b000-b049e000 rw-p 00130000 08:04 1310767    /usr/lib/libX11.so.6.2.0
b049f000-b04a0000 r--s 00002000 08:04 1966272    /home/cajero/workspace/Client/lib/Client-Side.jar
b04a0000-b04a2000 r--s 00005000 08:04 1966234    /home/cajero/workspace/Client/lib/stax-api.jar
b04a2000-b04a7000 r--s 00000000 08:04 2228957    /var/cache/fontconfig/d62e99ef547d1d24cdb1bd22ec1a2976-x86.cache-2
b04a7000-b04b5000 r-xp 00000000 08:04 287392     /usr/java/jdk1.7.0_80/jre/lib/i386/libnio.so
b04b5000-b04b6000 rw-p 0000e000 08:04 287392     /usr/java/jdk1.7.0_80/jre/lib/i386/libnio.so
b04b6000-b04ba000 r-xp 00000000 08:04 1310836    /usr/lib/libXfixes.so.3.1.0
b04ba000-b04bb000 r--p 00003000 08:04 1310836    /usr/lib/libXfixes.so.3.1.0
b04bb000-b04bc000 rw-p 00004000 08:04 1310836    /usr/lib/libXfixes.so.3.1.0
b04bc000-b04c5000 r-xp 00000000 08:04 1310982    /usr/lib/libXcursor.so.1.0.2
b04c5000-b04c6000 r--p 00008000 08:04 1310982    /usr/lib/libXcursor.so.1.0.2
b04c6000-b04c7000 rw-p 00009000 08:04 1310982    /usr/lib/libXcursor.so.1.0.2
b04c7000-b04c9000 r-xp 00000000 08:04 2435454    /usr/lib/gconv/ISO8859-1.so
b04c9000-b04ca000 r--p 00001000 08:04 2435454    /usr/lib/gconv/ISO8859-1.so
b04ca000-b04cb000 rw-p 00002000 08:04 2435454    /usr/lib/gconv/ISO8859-1.so
b04cb000-b0514000 r-xp 00000000 08:04 295557     /usr/java/jdk1.7.0_80/jre/lib/i386/xawt/libmawt.so
b0514000-b0516000 rw-p 00049000 08:04 295557     /usr/java/jdk1.7.0_80/jre/lib/i386/xawt/libmawt.so
b0516000-b0517000 rw-p 00000000 00:00 0 
b0517000-b059d000 r-xp 00000000 08:04 287356     /usr/java/jdk1.7.0_80/jre/lib/i386/libawt.so
b059d000-b05a4000 rw-p 00086000 08:04 287356     /usr/java/jdk1.7.0_80/jre/lib/i386/libawt.so
b05a4000-b05c8000 rw-p 00000000 00:00 0 
b05c8000-b05c9000 ---p 00000000 00:00 0 
b05c9000-b0dc9000 rw-p 00000000 00:00 0 
b0dc9000-b0dca000 ---p 00000000 00:00 0 
b0dca000-b15ca000 rw-p 00000000 00:00 0 
b15ca000-b15cb000 ---p 00000000 00:00 0 
b15cb000-b1dcb000 rw-p 00000000 00:00 0 
b1dcb000-b1dcc000 ---p 00000000 00:00 0 
b1dcc000-b25cc000 rw-p 00000000 00:00 0 
b25fc000-b25fd000 ---p 00000000 00:00 0 
b25fd000-b2dfd000 rw-p 00000000 00:00 0 
b2dfd000-b2e02000 r-xp 00000000 08:04 174766     /opt/DigitalPersona/urusdk-linux/Linux/lib/x86/libdpDrvDatApi.so.2.0.0.8
b2e02000-b2e03000 rw-p 00005000 08:04 174766     /opt/DigitalPersona/urusdk-linux/Linux/lib/x86/libdpDrvDatApi.so.2.0.0.8
b2e03000-b2e12000 r-xp 00000000 08:04 174769     /opt/DigitalPersona/urusdk-linux/Linux/lib/x86/libdpFC.so.2.0.0.8
b2e12000-b2e13000 rw-p 0000f000 08:04 174769     /opt/DigitalPersona/urusdk-linux/Linux/lib/x86/libdpFC.so.2.0.0.8
b2e13000-b2e17000 r-xp 00000000 08:04 174793     /opt/DigitalPersona/urusdk-linux/Linux/lib/x86/libdpUsbAda.so.2.0.0.8
b2e17000-b2e18000 rw-p 00003000 08:04 174793     /opt/DigitalPersona/urusdk-linux/Linux/lib/x86/libdpUsbAda.so.2.0.0.8
b2e18000-b2e23000 r-xp 00000000 08:04 174784     /opt/DigitalPersona/urusdk-linux/Linux/lib/x86/libdpI00701.so.2.0.0.8
b2e23000-b2e24000 rw-p 0000a000 08:04 174784     /opt/DigitalPersona/urusdk-linux/Linux/lib/x86/libdpI00701.so.2.0.0.8
b2e24000-b2e3c000 r-xp 00000000 08:04 174757     /opt/DigitalPersona/urusdk-linux/Linux/lib/x86/libdpD00701.so.2.0.0.8
b2e3c000-b2e3d000 rw-p 00018000 08:04 174757     /opt/DigitalPersona/urusdk-linux/Linux/lib/x86/libdpD00701.so.2.0.0.8
b2e3d000-b2e44000 r-xp 00000000 08:04 174760     /opt/DigitalPersona/urusdk-linux/Linux/lib/x86/libdpDevMgr.so.2.0.0.8
b2e44000-b2e45000 rw-p 00006000 08:04 174760     /opt/DigitalPersona/urusdk-linux/Linux/lib/x86/libdpDevMgr.so.2.0.0.8
b2e45000-b2e48000 r-xp 00000000 08:04 174787     /opt/DigitalPersona/urusdk-linux/Linux/lib/x86/libdpObjMgr.so.2.0.0.8
b2e48000-b2e49000 rw-p 00002000 08:04 174787     /opt/DigitalPersona/urusdk-linux/Linux/lib/x86/libdpObjMgr.so.2.0.0.8
b2e49000-b2e4f000 r-xp 00000000 08:04 174763     /opt/DigitalPersona/urusdk-linux/Linux/lib/x86/libdpDrvApi.so.2.0.0.8
b2e4f000-b2e50000 rw-p 00005000 08:04 174763     /opt/DigitalPersona/urusdk-linux/Linux/lib/x86/libdpDrvApi.so.2.0.0.8
b2e54000-b2e5b000 rw-p 00000000 00:00 0 
b2e5b000-b2e63000 r-xp 00000000 08:04 174775     /opt/DigitalPersona/urusdk-linux/Linux/lib/x86/libdpfpdd.so.2.2.3
b2e63000-b2e64000 rw-p 00007000 08:04 174775     /opt/DigitalPersona/urusdk-linux/Linux/lib/x86/libdpfpdd.so.2.2.3
b2e64000-b2e65000 r--s 00007000 08:04 1966232    /home/cajero/workspace/Client/lib/samples-utils.jar
b2e65000-b2e66000 r--s 009af000 08:04 1966231    /home/cajero/workspace/Client/lib/neurotec-native-macosx-universal.jar
b2e66000-b2e68000 r-xp 00000000 08:04 2313267    /usr/lib/libXau.so.6.0.0
b2e68000-b2e69000 r--p 00001000 08:04 2313267    /usr/lib/libXau.so.6.0.0
b2e69000-b2e6a000 rw-p 00002000 08:04 2313267    /usr/lib/libXau.so.6.0.0
b2e6a000-b2e79000 r-xp 00000000 08:04 1310838    /usr/lib/libXext.so.6.4.0
b2e79000-b2e7a000 r--p 0000e000 08:04 1310838    /usr/lib/libXext.so.6.4.0
b2e7a000-b2e7b000 rw-p 0000f000 08:04 1310838    /usr/lib/libXext.so.6.4.0
b2e7b000-b2e90000 r-xp 00000000 08:04 287391     /usr/java/jdk1.7.0_80/jre/lib/i386/libnet.so
b2e90000-b2e91000 rw-p 00015000 08:04 287391     /usr/java/jdk1.7.0_80/jre/lib/i386/libnet.so
b2e91000-b2e96000 r-xp 00000000 08:04 1966241    /home/cajero/workspace/Client/libHuellas/linux-32 bits/FScanners/NdmDigitalPersonaUareU/NdmDigitalPersonaUareU.so
b2e96000-b2e97000 rw-p 00005000 08:04 1966241    /home/cajero/workspace/Client/libHuellas/linux-32 bits/FScanners/NdmDigitalPersonaUareU/NdmDigitalPersonaUareU.so
b2e97000-b2ea2000 r-xp 00000000 08:04 1966243    /home/cajero/workspace/Client/libHuellas/linux-32 bits/NdmMedia.so
b2ea2000-b2ea3000 rw-p 0000a000 08:04 1966243    /home/cajero/workspace/Client/libHuellas/linux-32 bits/NdmMedia.so
b2ea3000-b2eb8000 r-xp 00000000 08:04 1966244    /home/cajero/workspace/Client/libHuellas/linux-32 bits/NdmVirtual.so
b2eb8000-b2ebd000 rw-p 00014000 08:04 1966244    /home/cajero/workspace/Client/libHuellas/linux-32 bits/NdmVirtual.so
b2ebd000-b2ebe000 ---p 00000000 00:00 0 
b2ebe000-b36be000 rw-p 00000000 00:00 0 
b36be000-b36c0000 rwxp 00000000 00:00 0 
b36c0000-b36ef000 r-xp 00000000 08:04 1966251    /home/cajero/workspace/Client/libHuellas/linux-32 bits/libNLicensing.so
b36ef000-b36fa000 rw-p 0002f000 08:04 1966251    /home/cajero/workspace/Client/libHuellas/linux-32 bits/libNLicensing.so
b36fa000-b36fb000 rw-p 00000000 00:00 0 
b36fb000-b3858000 r-xp 00000000 08:04 1966245    /home/cajero/workspace/Client/libHuellas/linux-32 bits/libNBiometricClient.so
b3858000-b3861000 rw-p 0015d000 08:04 1966245    /home/cajero/workspace/Client/libHuellas/linux-32 bits/libNBiometricClient.so
b3861000-b3889000 r-xp 00000000 08:04 1966250    /home/cajero/workspace/Client/libHuellas/linux-32 bits/libNDevices.so
b3889000-b3894000 rw-p 00027000 08:04 1966250    /home/cajero/workspace/Client/libHuellas/linux-32 bits/libNDevices.so
b3894000-b389d000 rwxp 00000000 00:00 0 
b389d000-b3e1b000 r-xp 00000000 08:04 1966246    /home/cajero/workspace/Client/libHuellas/linux-32 bits/libNBiometrics.so
b3e1b000-b3e84000 rw-p 0057d000 08:04 1966246    /home/cajero/workspace/Client/libHuellas/linux-32 bits/libNBiometrics.so
b3e84000-b3e8a000 rw-p 00000000 00:00 0 
b3e8a000-b3ee5000 r-xp 00000000 08:04 1966253    /home/cajero/workspace/Client/libHuellas/linux-32 bits/libNMediaProc.so
b3ee5000-b3eef000 rw-p 0005a000 08:04 1966253    /home/cajero/workspace/Client/libHuellas/linux-32 bits/libNMediaProc.so
b3eef000-b40aa000 r-xp 00000000 08:04 1966252    /home/cajero/workspace/Client/libHuellas/linux-32 bits/libNMedia.so
b40aa000-b40c4000 rw-p 001bb000 08:04 1966252    /home/cajero/workspace/Client/libHuellas/linux-32 bits/libNMedia.so
b40c4000-b40c5000 rw-p 00000000 00:00 0 
b40c5000-b40c9000 rwxp 00000000 00:00 0 
b40c9000-b40ce000 r--s 00038000 08:04 1966230    /home/cajero/workspace/Client/lib/neurotec-media.jar
b40ce000-b40cf000 r--s 00004000 08:04 1966229    /home/cajero/workspace/Client/lib/neurotec-media-processing.jar
b40cf000-b40d1000 r--s 0000a000 08:04 1966228    /home/cajero/workspace/Client/lib/neurotec-licensing.jar
b40d1000-b40d2000 r--p 00000000 00:00 0 
b40d2000-b40d3000 rwxp 00000000 00:00 0 
b40d3000-b40f1000 r--p 00000000 08:04 2419102    /usr/share/locale/es/LC_MESSAGES/libc.mo
b40f1000-b426f000 r-xp 00000000 08:04 1966249    /home/cajero/workspace/Client/libHuellas/linux-32 bits/libNCore.so
b426f000-b4280000 rw-p 0017e000 08:04 1966249    /home/cajero/workspace/Client/libHuellas/linux-32 bits/libNCore.so
b4280000-b4282000 rw-p 00000000 00:00 0 
b4282000-b4296000 r-xp 00000000 08:04 1860823    /tmp/jna-cajero/jna4096531554370304049.tmp (deleted)
b4296000-b4297000 rw-p 00014000 08:04 1860823    /tmp/jna-cajero/jna4096531554370304049.tmp (deleted)
b4297000-b429a000 r--s 00019000 08:04 287406     /usr/java/jdk1.7.0_80/jre/lib/jce.jar
b429a000-b429e000 r--s 0008b000 08:04 287420     /usr/java/jdk1.7.0_80/jre/lib/jsse.jar
b429e000-b42a5000 r--s 0002d000 08:04 1966227    /home/cajero/workspace/Client/lib/neurotec-devices.jar
b42a5000-b42a7000 r--s 00005000 08:04 1966226    /home/cajero/workspace/Client/lib/neurotec-devices-virtual.jar
b42a7000-b42b4000 r--s 000a0000 08:04 1966225    /home/cajero/workspace/Client/lib/neurotec-core.jar
b42b4000-b42c6000 r--s 000e3000 08:04 1966224    /home/cajero/workspace/Client/lib/neurotec-biometrics.jar
b42c6000-b42c8000 r--s 0000b000 08:04 1966223    /home/cajero/workspace/Client/lib/neurotec-biometrics-client.jar
b42c8000-b42cb000 r--s 000a6000 08:04 1966222    /home/cajero/workspace/Client/lib/jna.jar
b42cb000-b42cf000 r--s 0002a000 08:04 1966221    /home/cajero/workspace/Client/lib/commons-io.jar
b42cf000-b42d0000 ---p 00000000 00:00 0 
b42d0000-b4350000 rw-p 00000000 00:00 0 
b4350000-b4353000 ---p 00000000 00:00 0 
b4353000-b43a1000 rw-p 00000000 00:00 0 
b43a1000-b43a4000 ---p 00000000 00:00 0 
b43a4000-b4422000 rw-p 00000000 00:00 0 
b4422000-b4425000 ---p 00000000 00:00 0 
b4425000-b44be000 rw-p 00000000 00:00 0 
b44be000-b467e000 r--s 039fb000 08:04 287422     /usr/java/jdk1.7.0_80/jre/lib/rt.jar
b467e000-b46bd000 r--p 00000000 08:04 49629      /usr/lib/locale/es_ES.utf8/LC_CTYPE
b46bd000-b46be000 r--p 00000000 08:04 49605      /usr/lib/locale/es_ES.utf8/LC_NUMERIC
b46be000-b46bf000 r--p 00000000 08:04 34267      /usr/lib/locale/es_ES.utf8/LC_TIME
b46bf000-b47dc000 r--p 00000000 08:04 49630      /usr/lib/locale/es_ES.utf8/LC_COLLATE
b47dc000-b47dd000 r--p 00000000 08:04 49607      /usr/lib/locale/es_ES.utf8/LC_MONETARY
b47dd000-b47de000 r--p 00000000 08:04 42251      /usr/lib/locale/es_ES.utf8/LC_MESSAGES/SYS_LC_MESSAGES
b47de000-b47df000 r--p 00000000 08:04 49626      /usr/lib/locale/es_ES.utf8/LC_PAPER
b47df000-b47e0000 r--p 00000000 08:04 49606      /usr/lib/locale/es_ES.utf8/LC_NAME
b47e0000-b47e1000 r--p 00000000 08:04 34843      /usr/lib/locale/es_ES.utf8/LC_ADDRESS
b47e1000-b47e2000 r--p 00000000 08:04 34842      /usr/lib/locale/es_ES.utf8/LC_TELEPHONE
b47e2000-b47e3000 r--p 00000000 08:04 49628      /usr/lib/locale/es_ES.utf8/LC_MEASUREMENT
b47e3000-b47ea000 r--s 00000000 08:04 2435517    /usr/lib/gconv/gconv-modules.cache
b47ea000-b47ed000 ---p 00000000 00:00 0 
b47ed000-b483b000 rw-p 00000000 00:00 0 
b483b000-b483e000 ---p 00000000 00:00 0 
b483e000-b488c000 rw-p 00000000 00:00 0 
b488c000-b488d000 ---p 00000000 00:00 0 
b488d000-b491b000 rw-p 00000000 00:00 0 
b491b000-b4935000 rw-p 00000000 00:00 0 
b4935000-b493b000 rw-p 00000000 00:00 0 
b493b000-b4987000 rw-p 00000000 00:00 0 
b4987000-b498a000 rw-p 00000000 00:00 0 
b498a000-b49af000 rw-p 00000000 00:00 0 
b49af000-b49b5000 rw-p 00000000 00:00 0 
b49b5000-b4a01000 rw-p 00000000 00:00 0 
b4a01000-b4a07000 rw-p 00000000 00:00 0 
b4a07000-b4a21000 rw-p 00000000 00:00 0 
b4a21000-b4a34000 rw-p 00000000 00:00 0 
b4a34000-b4aad000 rw-p 00000000 00:00 0 
b4aad000-b4c35000 rwxp 00000000 00:00 0 
b4c35000-b6aad000 rw-p 00000000 00:00 0 
b6aad000-b6ab5000 rw-s 00000000 08:04 1860819    /tmp/hsperfdata_cajero/3829 (deleted)
b6ab5000-b6aea000 r--s 00000000 08:04 2229045    /var/run/nscd/passwd
b6aea000-b6b0d000 r-xp 00000000 08:04 287370     /usr/java/jdk1.7.0_80/jre/lib/i386/libjava.so
b6b0d000-b6b0e000 rw-p 00023000 08:04 287370     /usr/java/jdk1.7.0_80/jre/lib/i386/libjava.so
b6b0e000-b6b16000 r-xp 00000000 08:04 1843791    /lib/librt-2.11.3.so
b6b16000-b6b17000 r--p 00007000 08:04 1843791    /lib/librt-2.11.3.so
b6b17000-b6b18000 rw-p 00008000 08:04 1843791    /lib/librt-2.11.3.so
b6b18000-b6b1b000 ---p 00000000 00:00 0 
b6b1b000-b6b69000 rw-p 00000000 00:00 0 
b6b69000-b6b90000 r-xp 00000000 08:04 1843769    /lib/libm-2.11.3.so
b6b90000-b6b91000 r--p 00026000 08:04 1843769    /lib/libm-2.11.3.so
b6b91000-b6b92000 rw-p 00027000 08:04 1843769    /lib/libm-2.11.3.so
b6b92000-b7127000 r-xp 00000000 08:04 287345     /usr/java/jdk1.7.0_80/jre/lib/i386/client/libjvm.so
b7127000-b7148000 rw-p 00595000 08:04 287345     /usr/java/jdk1.7.0_80/jre/lib/i386/client/libjvm.so
b7148000-b7569000 rw-p 00000000 00:00 0 
b7569000-b76d5000 r-xp 00000000 08:04 1843761    /lib/libc-2.11.3.so
b76d5000-b76d6000 ---p 0016c000 08:04 1843761    /lib/libc-2.11.3.so
b76d6000-b76d8000 r--p 0016c000 08:04 1843761    /lib/libc-2.11.3.so
b76d8000-b76d9000 rw-p 0016e000 08:04 1843761    /lib/libc-2.11.3.so
b76d9000-b76dd000 rw-p 00000000 00:00 0 
b76dd000-b76e0000 r-xp 00000000 08:04 1843767    /lib/libdl-2.11.3.so
b76e0000-b76e1000 r--p 00002000 08:04 1843767    /lib/libdl-2.11.3.so
b76e1000-b76e2000 rw-p 00003000 08:04 1843767    /lib/libdl-2.11.3.so
b76e2000-b76f6000 r-xp 00000000 08:04 264696     /usr/java/jdk1.7.0_80/lib/i386/jli/libjli.so
b76f6000-b76f7000 rw-p 00013000 08:04 264696     /usr/java/jdk1.7.0_80/lib/i386/jli/libjli.so
b76f7000-b770e000 r-xp 00000000 08:04 1843787    /lib/libpthread-2.11.3.so
b770e000-b770f000 r--p 00016000 08:04 1843787    /lib/libpthread-2.11.3.so
b770f000-b7710000 rw-p 00017000 08:04 1843787    /lib/libpthread-2.11.3.so
b7710000-b7712000 rw-p 00000000 00:00 0 
b7712000-b7713000 r--p 00000000 08:04 34265      /usr/lib/locale/es_ES.utf8/LC_IDENTIFICATION
b7713000-b7719000 rw-p 00000000 00:00 0 
b7719000-b7730000 r-xp 00000000 08:04 287403     /usr/java/jdk1.7.0_80/jre/lib/i386/libzip.so
b7730000-b7731000 rw-p 00016000 08:04 287403     /usr/java/jdk1.7.0_80/jre/lib/i386/libzip.so
b7731000-b7732000 rw-p 00000000 00:00 0 
b7732000-b7733000 ---p 00000000 00:00 0 
b7733000-b773e000 r-xp 00000000 08:04 287402     /usr/java/jdk1.7.0_80/jre/lib/i386/libverify.so
b773e000-b773f000 rw-p 0000b000 08:04 287402     /usr/java/jdk1.7.0_80/jre/lib/i386/libverify.so
b773f000-b7740000 rw-p 00000000 00:00 0 
b7740000-b775f000 r-xp 00000000 08:04 1843754    /lib/ld-2.11.3.so
b775f000-b7760000 r--p 0001e000 08:04 1843754    /lib/ld-2.11.3.so
b7760000-b7761000 rw-p 0001f000 08:04 1843754    /lib/ld-2.11.3.so
bf855000-bf856000 rwxp 00000000 00:00 0 
bf887000-bf8a9000 rw-p 00000000 00:00 0          [stack]
ffffe000-fffff000 r-xp 00000000 00:00 0          [vdso]

VM Arguments:
jvm_args: -Dfile.encoding=UTF-8 
java_command: webServices.ClienteWS
Launcher Type: SUN_STANDARD

Environment Variables:
CLASSPATH=:/usr/local/NCRRetail:/usr/local/NCRRetail/jar/NCRRetailCommon.jar:/usr/local/NCRRetail/jar/jpos.jar:/usr/local/NCRRetail/jar/NCRJavaPOS.jar:/usr/local/NCRRetail/jar/jcl_editor.jar:/usr/local/NCRRetail/jar/xerces.jar:/usr/local/NCRRetail/jar/NCRConfigManager.jar:/usr/local/NCRRetail/jar/NCRSystemMonitor.jar
PATH=/home/cajero/bin:/usr/local/bin:/usr/bin:/bin:/usr/bin/X11:/usr/X11R6/bin:/usr/games:/usr/lib/mit/bin:/usr/lib/mit/sbin
USERNAME=cajero
LD_LIBRARY_PATH=/usr/java/jdk1.7.0_80/jre/lib/i386/client:/usr/java/jdk1.7.0_80/jre/lib/i386:/home/cajero/workspace/Client/libHuellas/linux-32 bits/
SHELL=/bin/bash
DISPLAY=:0.0
HOSTTYPE=i386
OSTYPE=linux
MACHTYPE=i686-suse-linux

Signal Handlers:
SIGSEGV: [libjvm.so+0x511b30], sa_mask[0]=0x7ffbfeff, sa_flags=0x10000004
SIGBUS: [libjvm.so+0x511b30], sa_mask[0]=0x7ffbfeff, sa_flags=0x10000004
SIGFPE: [libjvm.so+0x406570], sa_mask[0]=0x7ffbfeff, sa_flags=0x10000004
SIGPIPE: [libjvm.so+0x406570], sa_mask[0]=0x7ffbfeff, sa_flags=0x10000004
SIGXFSZ: [libjvm.so+0x406570], sa_mask[0]=0x7ffbfeff, sa_flags=0x10000004
SIGILL: [libjvm.so+0x406570], sa_mask[0]=0x7ffbfeff, sa_flags=0x10000004
SIGUSR1: SIG_DFL, sa_mask[0]=0x00000000, sa_flags=0x00000000
SIGUSR2: [libjvm.so+0x407de0], sa_mask[0]=0x00000004, sa_flags=0x10000004
SIGHUP: [libjvm.so+0x409110], sa_mask[0]=0x7ffbfeff, sa_flags=0x10000004
SIGINT: [libjvm.so+0x409110], sa_mask[0]=0x7ffbfeff, sa_flags=0x10000004
SIGTERM: [libjvm.so+0x409110], sa_mask[0]=0x7ffbfeff, sa_flags=0x10000004
SIGQUIT: [libjvm.so+0x409110], sa_mask[0]=0x7ffbfeff, sa_flags=0x10000004


---------------  S Y S T E M  ---------------

OS:SUSE Linux Enterprise Server 11 (i586)
VERSION = 11
PATCHLEVEL = 4

uname:Linux 3.0.101-63-pae #1 SMP Tue Jun 23 16:02:31 UTC 2015 (4b89d0c) i686
libc:glibc 2.11.3 NPTL 2.11.3 
rlimit: STACK 8192k, CORE 1k, NPROC 7679, NOFILE 8192, AS 2020800k
load average:0,06 0,23 0,16

/proc/meminfo:
MemTotal:         991720 kB
MemFree:           93676 kB
Buffers:           17920 kB
Cached:           467348 kB
SwapCached:            0 kB
Active:           484580 kB
Inactive:         362192 kB
Active(anon):     361868 kB
Inactive(anon):    32340 kB
Active(file):     122712 kB
Inactive(file):   329852 kB
Unevictable:           0 kB
Mlocked:               0 kB
HighTotal:        110152 kB
HighFree:           1480 kB
LowTotal:         881568 kB
LowFree:           92196 kB
SwapTotal:       1534200 kB
SwapFree:        1534200 kB
Dirty:                96 kB
Writeback:             0 kB
AnonPages:        361576 kB
Mapped:            71820 kB
Shmem:             32652 kB
Slab:              28860 kB
SReclaimable:      16648 kB
SUnreclaim:        12212 kB
KernelStack:        2536 kB
PageTables:         3248 kB
NFS_Unstable:          0 kB
Bounce:                0 kB
WritebackTmp:          0 kB
CommitLimit:     2030060 kB
Committed_AS:    1008296 kB
VmallocTotal:     122880 kB
VmallocUsed:       19352 kB
VmallocChunk:     102400 kB
HardwareCorrupted:     0 kB
AnonHugePages:    266240 kB
HugePages_Total:       0
HugePages_Free:        0
HugePages_Rsvd:        0
HugePages_Surp:        0
Hugepagesize:       2048 kB
DirectMap4k:       16376 kB
DirectMap2M:      886784 kB


CPU:total 1 (1 cores per cpu, 1 threads per core) family 6 model 23 stepping 10, cmov, cx8, fxsr, mmx, sse, sse2, sse3, ssse3, tsc

/proc/cpuinfo:
processor	: 0
vendor_id	: GenuineIntel
cpu family	: 6
model		: 23
model name	: Intel(R) Celeron(R) CPU          900  @ 2.20GHz
stepping	: 10
microcode	: 2571
cpu MHz		: 2194.486
cache size	: 1024 KB
fdiv_bug	: no
hlt_bug		: no
f00f_bug	: no
coma_bug	: no
fpu		: yes
fpu_exception	: yes
cpuid level	: 13
wp		: yes
flags		: fpu vme de pse tsc msr pae mce cx8 apic sep mtrr pge mca cmov pat pse36 clflush dts acpi mmx fxsr sse sse2 ss tm pbe nx lm constant_tsc up arch_perfmon pebs bts aperfmperf pni dtes64 monitor ds_cpl tm2 ssse3 cx16 xtpr pdcm xsave lahf_lm dtherm
bogomips	: 4388.97
clflush size	: 64
cache_alignment	: 64
address sizes	: 36 bits physical, 48 bits virtual
power management:



Memory: 4k page, physical 991720k(93676k free), swap 1534200k(1534200k free)

vm_info: Java HotSpot(TM) Client VM (24.80-b11) for linux-x86 JRE (1.7.0_80-b15), built on Apr 10 2015 12:41:05 by "java_re" with gcc 4.3.0 20080428 (Red Hat 4.3.0-8)

time: Thu Sep 15 07:15:11 2016
elapsed time: 244 seconds

