#
# A fatal error has been detected by the Java Runtime Environment:
#
#  SIGSEGV (0xb) at pc=0xb2e7f4e0, pid=4137, tid=3029523312
#
# JRE version: Java(TM) SE Runtime Environment (7.0_80-b15) (build 1.7.0_80-b15)
# Java VM: Java HotSpot(TM) Client VM (24.80-b11 mixed mode, sharing linux-x86 )
# Problematic frame:
# C  [libdpfpdd.so+0x34e0]  _init+0x23dc
#
# Core dump written. Default location: /home/cajero/workspace/Client/core or core.4137 (max size 1 kB). To ensure a full core dump, try "ulimit -c unlimited" before starting Java again
#
# If you would like to submit a bug report, please visit:
#   http://bugreport.java.com/bugreport/crash.jsp
#

---------------  T H R E A D  ---------------

Current thread (0x08071400):  VMThread [stack: 0xb48ad000,0xb492e000] [id=4143]

siginfo:si_signo=SIGSEGV: si_errno=0, si_code=1 (SEGV_MAPERR), si_addr=0x4bcfe64c

Registers:
EAX=0xb2e84ba0, EBX=0xb2e84d3c, ECX=0x0844ec5c, EDX=0x4bcfe5d8
ESP=0xb492cba0, EBP=0xb492cbf8, ESI=0x4bcfe64c, EDI=0x0844ed6c
EIP=0xb2e7f4e0, EFLAGS=0x00010202, CR2=0x4bcfe64c

Top of Stack: (sp=0xb492cba0)
0xb492cba0:   0844ed6c b2e83889 00000000 b4297598
0xb492cbb0:   00000000 b492cbcc b492cbdc 4bcfe5d8
0xb492cbc0:   08452cb0 b7776010 0000018c b4297598
0xb492cbd0:   08452cb0 b492ccbc b492cc08 00000000
0xb492cbe0:   b492db70 00000000 b2e83889 b2e84d3c
0xb492cbf0:   b2eb7320 b492ccbc b492cc08 b2e81180
0xb492cc00:   b2e84e34 b2eb7194 b492cc38 b2eb3e63
0xb492cc10:   00000000 b2eb7344 00000000 b492cc28 

Instructions: (pc=0xb2e7f4e0)
0xb2e7f4c0:   c4 0f 84 93 01 00 00 8b 93 d4 ff ff ff 81 6d c4
0xb2e7f4d0:   84 00 00 00 8b 75 c4 8d 42 08 8b 55 c4 83 c6 74
0xb2e7f4e0:   89 42 74 8b 46 04 85 c0 74 08 89 04 24 e8 aa de
0xb2e7f4f0:   ff ff 8b 93 e8 ff ff ff c7 46 04 00 00 00 00 c7 

Register to memory mapping:

EAX=
[error occurred during error reporting (printing register info), id 0xb]

Stack: [0xb48ad000,0xb492e000],  sp=0xb492cba0,  free space=510k
Native frames: (J=compiled Java code, j=interpreted, Vv=VM code, C=native code)
C  [libdpfpdd.so+0x34e0]  _init+0x23dc
C  [libdpfpdd.so+0x5180]  dpfpdd_exit+0x20
C  [NdmDigitalPersonaUareU.so+0x1e63]  abort@@GLIBC_2.0+0x1e63
C  [NdmDigitalPersonaUareU.so+0x21f5]  abort@@GLIBC_2.0+0x21f5
C  [libNCore.so+0x14af0b]  NPluginGetState+0x1cab
C  [libNCore.so+0x14babc]  NPluginEnable+0x54c
C  [libNCore.so+0x14c454]  NPluginEnable+0xee4
C  [libNCore.so+0x14c54a]  NPluginUnplug+0xda
C  [NdmDigitalPersonaUareU.so+0x401e]  abort@@GLIBC_2.0+0x401e
C  [libNCore.so+0x75bd6]  NModuleUnregister+0x116
C  [NdmDigitalPersonaUareU.so+0x4641]  NdmDigitalPersonaUareUModuleOf+0x411
C  [NdmDigitalPersonaUareU.so+0x18b8]  abort@@GLIBC_2.0+0x18b8
C  [NdmDigitalPersonaUareU.so+0x4810]  NdmDigitalPersonaUareUModuleOf+0x5e0
C  [ld-linux.so.2+0xfeeb]  _dl_fini+0x1fb
C  [libc.so.6+0x2dc51]  __run_exit_handlers+0xc1
C  [libc.so.6+0x2dcaf]  __GI_exit+0x2f
V  [libjvm.so+0x2ac4d4]  vm_direct_exit(int)+0x24
V  [libjvm.so+0x51affc]  VM_Exit::doit()+0xac
V  [libjvm.so+0x51b057]  VM_Operation::evaluate()+0x47
V  [libjvm.so+0x5190f3]  VMThread::evaluate_operation(VM_Operation*)+0xb3
V  [libjvm.so+0x519490]  VMThread::loop()+0x1b0
V  [libjvm.so+0x5198f5]  VMThread::run()+0x85
V  [libjvm.so+0x40bcf9]  java_start(Thread*)+0x119
C  [libpthread.so.0+0x6839]  start_thread+0xd9

VM_Operation (0xb0181c30): Exit, mode: safepoint, requested by thread 0x08593000


---------------  P R O C E S S  ---------------

Java Threads: ( => current thread )
  0x08593000 JavaThread "SIGTERM handler" daemon [_thread_blocked, id=4320, stack(0xb0132000,0xb0183000)]
  0x08373c00 JavaThread "AWT-XAWT" daemon [_thread_in_native, id=4157, stack(0xb02ad000,0xb02fe000)]
  0x081b8800 JavaThread "Java2D Disposer" daemon [_thread_blocked, id=4156, stack(0xb02fe000,0xb034f000)]
  0x080a5400 JavaThread "Service Thread" daemon [_thread_blocked, id=4148, stack(0xb4371000,0xb43c2000)]
  0x0809ac00 JavaThread "C1 CompilerThread0" daemon [_thread_blocked, id=4147, stack(0xb43c2000,0xb4443000)]
  0x08074800 JavaThread "Finalizer" daemon [_thread_blocked, id=4145, stack(0xb480b000,0xb485c000)]
  0x08073000 JavaThread "Reference Handler" daemon [_thread_blocked, id=4144, stack(0xb485c000,0xb48ad000)]
  0x08051c00 JavaThread "main" [_thread_blocked, id=4139, stack(0xb6b39000,0xb6b8a000)]

Other Threads:
=>0x08071400 VMThread [stack: 0xb48ad000,0xb492e000] [id=4143]

VM state:at safepoint (shutting down)

VM Mutex/Monitor currently owned by a thread:  ([mutex/lock_event])
[0x080508a0] Threads_lock - owner thread: 0x08071400

Heap
 def new generation   total 4672K, used 2300K [0x7f800000, 0x7fd10000, 0x84950000)
  eden space 4160K,  42% used [0x7f800000, 0x7f9bf080, 0x7fc10000)
  from space 512K, 100% used [0x7fc10000, 0x7fc90000, 0x7fc90000)
  to   space 512K,   0% used [0x7fc90000, 0x7fc90000, 0x7fd10000)
 tenured generation   total 10368K, used 6502K [0x84950000, 0x85370000, 0x8ec00000)
   the space 10368K,  62% used [0x84950000, 0x84fa9878, 0x84fa9a00, 0x85370000)
 compacting perm gen  total 12288K, used 7226K [0x8ec00000, 0x8f800000, 0x92c00000)
   the space 12288K,  58% used [0x8ec00000, 0x8f30e900, 0x8f30ea00, 0x8f800000)
    ro space 10240K,  48% used [0x92c00000, 0x930d5b48, 0x930d5c00, 0x93600000)
    rw space 12288K,  57% used [0x93600000, 0x93ce29c8, 0x93ce2a00, 0x94200000)

Card table byte_map: [0xb49a8000,0xb4a4e000] byte_map_base: 0xb45ac000

Polling page: 0xb7753000

Code Cache  [0xb4ace000, 0xb4c56000, 0xb6ace000)
 total_blobs=778 nmethods=521 adapters=194 free_code_cache=31225Kb largest_free_block=31973760

Compilation events (10 events):
Event: 77,683 Thread 0x0809ac00  521             java.util.concurrent.locks.ReentrantLock::unlock (10 bytes)
Event: 77,683 Thread 0x0809ac00 nmethod 521 0xb4c4f408 code [0xb4c4f520, 0xb4c4f614]
Event: 86,525 Thread 0x0809ac00  522             java.lang.ThreadLocal::set (30 bytes)
Event: 86,526 Thread 0x0809ac00 nmethod 522 0xb4bb4708 code [0xb4bb4830, 0xb4bb4940]
Event: 224,529 Thread 0x0809ac00  523             com.sun.jna.Native::updateLastError (15 bytes)
Event: 224,530 Thread 0x0809ac00 nmethod 523 0xb4bb7088 code [0xb4bb71c0, 0xb4bb7334]
Event: 290,531 Thread 0x0809ac00  524             com.neurotec.lang.NResult::check (13 bytes)
Event: 290,531 Thread 0x0809ac00 nmethod 524 0xb4c4f708 code [0xb4c4f840, 0xb4c4f9d8]
Event: 290,532 Thread 0x0809ac00  525             com.neurotec.lang.NResult::isFailed (10 bytes)
Event: 290,532 Thread 0x0809ac00 nmethod 525 0xb4c4fb48 code [0xb4c4fc40, 0xb4c4fcc0]

GC Heap History (10 events):
Event: 1,684 GC heap before
{Heap before GC invocations=11 (full 0):
 def new generation   total 4672K, used 4488K [0x7f800000, 0x7fd10000, 0x84950000)
  eden space 4160K, 100% used [0x7f800000, 0x7fc10000, 0x7fc10000)
  from space 512K,  64% used [0x7fc90000, 0x7fce22b0, 0x7fd10000)
  to   space 512K,   0% used [0x7fc10000, 0x7fc10000, 0x7fc90000)
 tenured generation   total 10368K, used 4321K [0x84950000, 0x85370000, 0x8ec00000)
   the space 10368K,  41% used [0x84950000, 0x84d885f0, 0x84d88600, 0x85370000)
 compacting perm gen  total 12288K, used 3286K [0x8ec00000, 0x8f800000, 0x92c00000)
   the space 12288K,  26% used [0x8ec00000, 0x8ef35a18, 0x8ef35c00, 0x8f800000)
    ro space 10240K,  48% used [0x92c00000, 0x930d5b48, 0x930d5c00, 0x93600000)
    rw space 12288K,  57% used [0x93600000, 0x93ce29c8, 0x93ce2a00, 0x94200000)
Event: 1,686 GC heap after
Heap after GC invocations=12 (full 0):
 def new generation   total 4672K, used 223K [0x7f800000, 0x7fd10000, 0x84950000)
  eden space 4160K,   0% used [0x7f800000, 0x7f800000, 0x7fc10000)
  from space 512K,  43% used [0x7fc10000, 0x7fc47f90, 0x7fc90000)
  to   space 512K,   0% used [0x7fc90000, 0x7fc90000, 0x7fd10000)
 tenured generation   total 10368K, used 4645K [0x84950000, 0x85370000, 0x8ec00000)
   the space 10368K,  44% used [0x84950000, 0x84dd95c0, 0x84dd9600, 0x85370000)
 compacting perm gen  total 12288K, used 3286K [0x8ec00000, 0x8f800000, 0x92c00000)
   the space 12288K,  26% used [0x8ec00000, 0x8ef35a18, 0x8ef35c00, 0x8f800000)
    ro space 10240K,  48% used [0x92c00000, 0x930d5b48, 0x930d5c00, 0x93600000)
    rw space 12288K,  57% used [0x93600000, 0x93ce29c8, 0x93ce2a00, 0x94200000)
}
Event: 1,784 GC heap before
{Heap before GC invocations=12 (full 0):
 def new generation   total 4672K, used 4383K [0x7f800000, 0x7fd10000, 0x84950000)
  eden space 4160K, 100% used [0x7f800000, 0x7fc10000, 0x7fc10000)
  from space 512K,  43% used [0x7fc10000, 0x7fc47f90, 0x7fc90000)
  to   space 512K,   0% used [0x7fc90000, 0x7fc90000, 0x7fd10000)
 tenured generation   total 10368K, used 4645K [0x84950000, 0x85370000, 0x8ec00000)
   the space 10368K,  44% used [0x84950000, 0x84dd95c0, 0x84dd9600, 0x85370000)
 compacting perm gen  total 12288K, used 3410K [0x8ec00000, 0x8f800000, 0x92c00000)
   the space 12288K,  27% used [0x8ec00000, 0x8ef54928, 0x8ef54a00, 0x8f800000)
    ro space 10240K,  48% used [0x92c00000, 0x930d5b48, 0x930d5c00, 0x93600000)
    rw space 12288K,  57% used [0x93600000, 0x93ce29c8, 0x93ce2a00, 0x94200000)
Event: 1,787 GC heap after
Heap after GC invocations=13 (full 0):
 def new generation   total 4672K, used 417K [0x7f800000, 0x7fd10000, 0x84950000)
  eden space 4160K,   0% used [0x7f800000, 0x7f800000, 0x7fc10000)
  from space 512K,  81% used [0x7fc90000, 0x7fcf85c8, 0x7fd10000)
  to   space 512K,   0% used [0x7fc10000, 0x7fc10000, 0x7fc90000)
 tenured generation   total 10368K, used 4645K [0x84950000, 0x85370000, 0x8ec00000)
   the space 10368K,  44% used [0x84950000, 0x84dd95c0, 0x84dd9600, 0x85370000)
 compacting perm gen  total 12288K, used 3410K [0x8ec00000, 0x8f800000, 0x92c00000)
   the space 12288K,  27% used [0x8ec00000, 0x8ef54928, 0x8ef54a00, 0x8f800000)
    ro space 10240K,  48% used [0x92c00000, 0x930d5b48, 0x930d5c00, 0x93600000)
    rw space 12288K,  57% used [0x93600000, 0x93ce29c8, 0x93ce2a00, 0x94200000)
}
Event: 13,915 GC heap before
{Heap before GC invocations=13 (full 0):
 def new generation   total 4672K, used 4577K [0x7f800000, 0x7fd10000, 0x84950000)
  eden space 4160K, 100% used [0x7f800000, 0x7fc10000, 0x7fc10000)
  from space 512K,  81% used [0x7fc90000, 0x7fcf85c8, 0x7fd10000)
  to   space 512K,   0% used [0x7fc10000, 0x7fc10000, 0x7fc90000)
 tenured generation   total 10368K, used 4645K [0x84950000, 0x85370000, 0x8ec00000)
   the space 10368K,  44% used [0x84950000, 0x84dd95c0, 0x84dd9600, 0x85370000)
 compacting perm gen  total 12288K, used 3634K [0x8ec00000, 0x8f800000, 0x92c00000)
   the space 12288K,  29% used [0x8ec00000, 0x8ef8c9a0, 0x8ef8ca00, 0x8f800000)
    ro space 10240K,  48% used [0x92c00000, 0x930d5b48, 0x930d5c00, 0x93600000)
    rw space 12288K,  57% used [0x93600000, 0x93ce29c8, 0x93ce2a00, 0x94200000)
Event: 13,919 GC heap after
Heap after GC invocations=14 (full 0):
 def new generation   total 4672K, used 402K [0x7f800000, 0x7fd10000, 0x84950000)
  eden space 4160K,   0% used [0x7f800000, 0x7f800000, 0x7fc10000)
  from space 512K,  78% used [0x7fc10000, 0x7fc74960, 0x7fc90000)
  to   space 512K,   0% used [0x7fc90000, 0x7fc90000, 0x7fd10000)
 tenured generation   total 10368K, used 4905K [0x84950000, 0x85370000, 0x8ec00000)
   the space 10368K,  47% used [0x84950000, 0x84e1a630, 0x84e1a800, 0x85370000)
 compacting perm gen  total 12288K, used 3634K [0x8ec00000, 0x8f800000, 0x92c00000)
   the space 12288K,  29% used [0x8ec00000, 0x8ef8c9a0, 0x8ef8ca00, 0x8f800000)
    ro space 10240K,  48% used [0x92c00000, 0x930d5b48, 0x930d5c00, 0x93600000)
    rw space 12288K,  57% used [0x93600000, 0x93ce29c8, 0x93ce2a00, 0x94200000)
}
Event: 14,096 GC heap before
{Heap before GC invocations=14 (full 0):
 def new generation   total 4672K, used 4562K [0x7f800000, 0x7fd10000, 0x84950000)
  eden space 4160K, 100% used [0x7f800000, 0x7fc10000, 0x7fc10000)
  from space 512K,  78% used [0x7fc10000, 0x7fc74960, 0x7fc90000)
  to   space 512K,   0% used [0x7fc90000, 0x7fc90000, 0x7fd10000)
 tenured generation   total 10368K, used 4905K [0x84950000, 0x85370000, 0x8ec00000)
   the space 10368K,  47% used [0x84950000, 0x84e1a630, 0x84e1a800, 0x85370000)
 compacting perm gen  total 12288K, used 3948K [0x8ec00000, 0x8f800000, 0x92c00000)
   the space 12288K,  32% used [0x8ec00000, 0x8efdb140, 0x8efdb200, 0x8f800000)
    ro space 10240K,  48% used [0x92c00000, 0x930d5b48, 0x930d5c00, 0x93600000)
    rw space 12288K,  57% used [0x93600000, 0x93ce29c8, 0x93ce2a00, 0x94200000)
Event: 14,104 GC heap after
Heap after GC invocations=15 (full 0):
 def new generation   total 4672K, used 512K [0x7f800000, 0x7fd10000, 0x84950000)
  eden space 4160K,   0% used [0x7f800000, 0x7f800000, 0x7fc10000)
  from space 512K, 100% used [0x7fc90000, 0x7fd10000, 0x7fd10000)
  to   space 512K,   0% used [0x7fc10000, 0x7fc10000, 0x7fc90000)
 tenured generation   total 10368K, used 5686K [0x84950000, 0x85370000, 0x8ec00000)
   the space 10368K,  54% used [0x84950000, 0x84edd9e0, 0x84edda00, 0x85370000)
 compacting perm gen  total 12288K, used 3948K [0x8ec00000, 0x8f800000, 0x92c00000)
   the space 12288K,  32% used [0x8ec00000, 0x8efdb140, 0x8efdb200, 0x8f800000)
    ro space 10240K,  48% used [0x92c00000, 0x930d5b48, 0x930d5c00, 0x93600000)
    rw space 12288K,  57% used [0x93600000, 0x93ce29c8, 0x93ce2a00, 0x94200000)
}
Event: 14,438 GC heap before
{Heap before GC invocations=15 (full 0):
 def new generation   total 4672K, used 4672K [0x7f800000, 0x7fd10000, 0x84950000)
  eden space 4160K, 100% used [0x7f800000, 0x7fc10000, 0x7fc10000)
  from space 512K, 100% used [0x7fc90000, 0x7fd10000, 0x7fd10000)
  to   space 512K,   0% used [0x7fc10000, 0x7fc10000, 0x7fc90000)
 tenured generation   total 10368K, used 5686K [0x84950000, 0x85370000, 0x8ec00000)
   the space 10368K,  54% used [0x84950000, 0x84edd9e0, 0x84edda00, 0x85370000)
 compacting perm gen  total 12288K, used 6785K [0x8ec00000, 0x8f800000, 0x92c00000)
   the space 12288K,  55% used [0x8ec00000, 0x8f2a07a0, 0x8f2a0800, 0x8f800000)
    ro space 10240K,  48% used [0x92c00000, 0x930d5b48, 0x930d5c00, 0x93600000)
    rw space 12288K,  57% used [0x93600000, 0x93ce29c8, 0x93ce2a00, 0x94200000)
Event: 14,447 GC heap after
Heap after GC invocations=16 (full 0):
 def new generation   total 4672K, used 512K [0x7f800000, 0x7fd10000, 0x84950000)
  eden space 4160K,   0% used [0x7f800000, 0x7f800000, 0x7fc10000)
  from space 512K, 100% used [0x7fc10000, 0x7fc90000, 0x7fc90000)
  to   space 512K,   0% used [0x7fc90000, 0x7fc90000, 0x7fd10000)
 tenured generation   total 10368K, used 6502K [0x84950000, 0x85370000, 0x8ec00000)
   the space 10368K,  62% used [0x84950000, 0x84fa9878, 0x84fa9a00, 0x85370000)
 compacting perm gen  total 12288K, used 6785K [0x8ec00000, 0x8f800000, 0x92c00000)
   the space 12288K,  55% used [0x8ec00000, 0x8f2a07a0, 0x8f2a0800, 0x8f800000)
    ro space 10240K,  48% used [0x92c00000, 0x930d5b48, 0x930d5c00, 0x93600000)
    rw space 12288K,  57% used [0x93600000, 0x93ce29c8, 0x93ce2a00, 0x94200000)
}

Deoptimization events (0 events):
No events

Internal exceptions (10 events):
Event: 14,511 Thread 0x08051c00 Threw 0x7f928ce8 at /HUDSON/workspace/7u-2-build-linux-i586/jdk7u80/2329/hotspot/src/share/vm/prims/jvm.cpp:1319
Event: 14,513 Thread 0x08051c00 Threw 0x7f92cf68 at /HUDSON/workspace/7u-2-build-linux-i586/jdk7u80/2329/hotspot/src/share/vm/prims/jvm.cpp:1319
Event: 14,514 Thread 0x08051c00 Threw 0x7f930ab0 at /HUDSON/workspace/7u-2-build-linux-i586/jdk7u80/2329/hotspot/src/share/vm/prims/jvm.cpp:1319
Event: 14,517 Thread 0x08051c00 Threw 0x7f9347c8 at /HUDSON/workspace/7u-2-build-linux-i586/jdk7u80/2329/hotspot/src/share/vm/prims/jvm.cpp:1319
Event: 14,518 Thread 0x08051c00 Threw 0x7f938420 at /HUDSON/workspace/7u-2-build-linux-i586/jdk7u80/2329/hotspot/src/share/vm/prims/jvm.cpp:1319
Event: 14,518 Thread 0x08051c00 Threw 0x7f93cbd0 at /HUDSON/workspace/7u-2-build-linux-i586/jdk7u80/2329/hotspot/src/share/vm/prims/jvm.cpp:1319
Event: 14,519 Thread 0x08051c00 Threw 0x7f941240 at /HUDSON/workspace/7u-2-build-linux-i586/jdk7u80/2329/hotspot/src/share/vm/prims/jvm.cpp:1319
Event: 14,519 Thread 0x08051c00 Threw 0x7f947778 at /HUDSON/workspace/7u-2-build-linux-i586/jdk7u80/2329/hotspot/src/share/vm/prims/jvm.cpp:1319
Event: 14,520 Thread 0x08051c00 Threw 0x7f94b910 at /HUDSON/workspace/7u-2-build-linux-i586/jdk7u80/2329/hotspot/src/share/vm/prims/jvm.cpp:1319
Event: 14,521 Thread 0x08051c00 Threw 0x7f950300 at /HUDSON/workspace/7u-2-build-linux-i586/jdk7u80/2329/hotspot/src/share/vm/prims/jvm.cpp:1319

Events (10 events):
Event: 321,362 Executing VM operation: RevokeBias
Event: 321,362 Executing VM operation: RevokeBias done
Event: 321,362 Executing VM operation: RevokeBias
Event: 321,362 Executing VM operation: RevokeBias done
Event: 321,363 Thread 0x08593800 Thread exited: 0x08593800
Event: 321,363 Executing VM operation: RevokeBias
Event: 321,363 Executing VM operation: RevokeBias done
Event: 321,363 Thread 0x0830b000 Thread exited: 0x0830b000
Event: 321,367 Thread 0x08099000 Thread exited: 0x08099000
Event: 321,367 Executing VM operation: Exit


Dynamic libraries:
08048000-08049000 r-xp 00000000 08:04 2394621    /usr/java/jdk1.7.0_80/bin/java
08049000-0804a000 rw-p 00000000 08:04 2394621    /usr/java/jdk1.7.0_80/bin/java
0804a000-0866f000 rw-p 00000000 00:00 0          [heap]
7f800000-7fd10000 rw-p 00000000 00:00 0 
7fd10000-84950000 rw-p 00000000 00:00 0 
84950000-85370000 rw-p 00000000 00:00 0 
85370000-8ec00000 rw-p 00000000 00:00 0 
8ec00000-8f800000 rw-p 00000000 00:00 0 
8f800000-92c00000 rw-p 00000000 00:00 0 
92c00000-930d6000 r--p 00001000 08:04 287204     /usr/java/jdk1.7.0_80/jre/lib/i386/client/classes.jsa
930d6000-93600000 rw-p 00000000 00:00 0 
93600000-93ce3000 rw-p 004d7000 08:04 287204     /usr/java/jdk1.7.0_80/jre/lib/i386/client/classes.jsa
93ce3000-94200000 rw-p 00000000 00:00 0 
94200000-944b5000 rw-p 00bba000 08:04 287204     /usr/java/jdk1.7.0_80/jre/lib/i386/client/classes.jsa
944b5000-94600000 rw-p 00000000 00:00 0 
94600000-94609000 r-xp 00e6f000 08:04 287204     /usr/java/jdk1.7.0_80/jre/lib/i386/client/classes.jsa
94609000-94a00000 rw-p 00000000 00:00 0 
aeeda000-aefc4000 rw-p 00000000 00:00 0 
aefc4000-aefc7000 ---p 00000000 00:00 0 
aefc7000-af015000 rw-p 00000000 00:00 0 
af015000-af018000 ---p 00000000 00:00 0 
af018000-af066000 rw-p 00000000 00:00 0 
af066000-af067000 ---p 00000000 00:00 0 
af067000-af867000 rw-p 00000000 00:00 0 
af867000-af868000 ---p 00000000 00:00 0 
af868000-b0068000 rw-p 00000000 00:00 0 
b0068000-b00a8000 r--s 00000000 08:04 2228955    /var/cache/fontconfig/17090aa38d5c6f09fb8c5c354938f1d7-x86.cache-2
b00a8000-b00ca000 r--s 00000000 08:04 2228962    /var/cache/fontconfig/8d4af663993b81a124ee82e610bb31f9-x86.cache-2
b00ca000-b010a000 r--s 00000000 08:04 2228954    /var/cache/fontconfig/df311e82a1a24c41a75c2c930223552e-x86.cache-2
b0132000-b0135000 ---p 00000000 00:00 0 
b0135000-b0183000 rw-p 00000000 00:00 0 
b0183000-b0187000 r--s 000f7000 08:04 287193     /usr/java/jdk1.7.0_80/jre/lib/ext/localedata.jar
b0187000-b0193000 r--s 000af000 08:04 287419     /usr/java/jdk1.7.0_80/jre/lib/resources.jar
b0193000-b01f3000 r-xp 00000000 08:04 287400     /usr/java/jdk1.7.0_80/jre/lib/i386/libt2k.so
b01f3000-b01f7000 rw-p 00060000 08:04 287400     /usr/java/jdk1.7.0_80/jre/lib/i386/libt2k.so
b01f7000-b01fb000 rw-p 00000000 00:00 0 
b01fb000-b0216000 r-xp 00000000 08:04 1843825    /lib/libgcc_s.so.1
b0216000-b0217000 r--p 0001a000 08:04 1843825    /lib/libgcc_s.so.1
b0217000-b0218000 rw-p 0001b000 08:04 1843825    /lib/libgcc_s.so.1
b021b000-b021d000 r--s 00015000 08:04 1966236    /home/cajero/workspace/Client/lib/xpp3.jar
b021d000-b0220000 r--s 00029000 08:04 1966235    /home/cajero/workspace/Client/lib/stax.jar
b0220000-b0229000 r--s 00051000 08:04 1966233    /home/cajero/workspace/Client/lib/simple-xml.jar
b0229000-b0230000 r--s 00000000 08:04 2228958    /var/cache/fontconfig/77e41c5059666d75f92e318d4be8c21e-x86.cache-2
b0230000-b0245000 r--s 00000000 08:04 2228963    /var/cache/fontconfig/7ef2298fde41cc6eeb7af42e48b7d293-x86.cache-2
b0245000-b02a6000 r-xp 00000000 08:04 287360     /usr/java/jdk1.7.0_80/jre/lib/i386/libfontmanager.so
b02a6000-b02a9000 rw-p 00060000 08:04 287360     /usr/java/jdk1.7.0_80/jre/lib/i386/libfontmanager.so
b02a9000-b02ad000 rw-p 00000000 00:00 0 
b02ad000-b02b0000 ---p 00000000 00:00 0 
b02b0000-b02fe000 rw-p 00000000 00:00 0 
b02fe000-b0301000 ---p 00000000 00:00 0 
b0301000-b034f000 rw-p 00000000 00:00 0 
b034f000-b036b000 r-xp 00000000 08:04 2313747    /usr/lib/libxcb.so.1.0.0
b036b000-b036c000 r--p 0001b000 08:04 2313747    /usr/lib/libxcb.so.1.0.0
b036c000-b036d000 rw-p 0001c000 08:04 2313747    /usr/lib/libxcb.so.1.0.0
b036d000-b036e000 r-xp 00000000 08:04 2313737    /usr/lib/libxcb-xlib.so.0.0.0
b036e000-b036f000 r--p 00000000 08:04 2313737    /usr/lib/libxcb-xlib.so.0.0.0
b036f000-b0370000 rw-p 00001000 08:04 2313737    /usr/lib/libxcb-xlib.so.0.0.0
b0370000-b0379000 r-xp 00000000 08:04 1310996    /usr/lib/libXi.so.6.0.0
b0379000-b037a000 r--p 00008000 08:04 1310996    /usr/lib/libXi.so.6.0.0
b037a000-b037b000 rw-p 00009000 08:04 1310996    /usr/lib/libXi.so.6.0.0
b037b000-b0380000 r-xp 00000000 08:04 1311006    /usr/lib/libXtst.so.6.1.0
b0380000-b0381000 r--p 00004000 08:04 1311006    /usr/lib/libXtst.so.6.1.0
b0381000-b0382000 rw-p 00005000 08:04 1311006    /usr/lib/libXtst.so.6.1.0
b0382000-b038a000 r-xp 00000000 08:04 1310834    /usr/lib/libXrender.so.1.3.0
b038a000-b038b000 r--p 00007000 08:04 1310834    /usr/lib/libXrender.so.1.3.0
b038b000-b038c000 rw-p 00008000 08:04 1310834    /usr/lib/libXrender.so.1.3.0
b038c000-b04bb000 r-xp 00000000 08:04 1310767    /usr/lib/libX11.so.6.2.0
b04bb000-b04bc000 r--p 0012f000 08:04 1310767    /usr/lib/libX11.so.6.2.0
b04bc000-b04bf000 rw-p 00130000 08:04 1310767    /usr/lib/libX11.so.6.2.0
b04c0000-b04c1000 r--s 00002000 08:04 1966272    /home/cajero/workspace/Client/lib/Client-Side.jar
b04c1000-b04c3000 r--s 00005000 08:04 1966234    /home/cajero/workspace/Client/lib/stax-api.jar
b04c3000-b04c8000 r--s 00000000 08:04 2228957    /var/cache/fontconfig/d62e99ef547d1d24cdb1bd22ec1a2976-x86.cache-2
b04c8000-b04d6000 r-xp 00000000 08:04 287392     /usr/java/jdk1.7.0_80/jre/lib/i386/libnio.so
b04d6000-b04d7000 rw-p 0000e000 08:04 287392     /usr/java/jdk1.7.0_80/jre/lib/i386/libnio.so
b04d7000-b04db000 r-xp 00000000 08:04 1310836    /usr/lib/libXfixes.so.3.1.0
b04db000-b04dc000 r--p 00003000 08:04 1310836    /usr/lib/libXfixes.so.3.1.0
b04dc000-b04dd000 rw-p 00004000 08:04 1310836    /usr/lib/libXfixes.so.3.1.0
b04dd000-b04e6000 r-xp 00000000 08:04 1310982    /usr/lib/libXcursor.so.1.0.2
b04e6000-b04e7000 r--p 00008000 08:04 1310982    /usr/lib/libXcursor.so.1.0.2
b04e7000-b04e8000 rw-p 00009000 08:04 1310982    /usr/lib/libXcursor.so.1.0.2
b04e8000-b04ea000 r-xp 00000000 08:04 2435454    /usr/lib/gconv/ISO8859-1.so
b04ea000-b04eb000 r--p 00001000 08:04 2435454    /usr/lib/gconv/ISO8859-1.so
b04eb000-b04ec000 rw-p 00002000 08:04 2435454    /usr/lib/gconv/ISO8859-1.so
b04ec000-b0535000 r-xp 00000000 08:04 295557     /usr/java/jdk1.7.0_80/jre/lib/i386/xawt/libmawt.so
b0535000-b0537000 rw-p 00049000 08:04 295557     /usr/java/jdk1.7.0_80/jre/lib/i386/xawt/libmawt.so
b0537000-b0538000 rw-p 00000000 00:00 0 
b0538000-b05be000 r-xp 00000000 08:04 287356     /usr/java/jdk1.7.0_80/jre/lib/i386/libawt.so
b05be000-b05c5000 rw-p 00086000 08:04 287356     /usr/java/jdk1.7.0_80/jre/lib/i386/libawt.so
b05c5000-b05e9000 rw-p 00000000 00:00 0 
b05e9000-b05ea000 ---p 00000000 00:00 0 
b05ea000-b0dea000 rw-p 00000000 00:00 0 
b0dea000-b0deb000 ---p 00000000 00:00 0 
b0deb000-b15eb000 rw-p 00000000 00:00 0 
b15eb000-b15ec000 ---p 00000000 00:00 0 
b15ec000-b1dec000 rw-p 00000000 00:00 0 
b1dec000-b1ded000 ---p 00000000 00:00 0 
b1ded000-b25ed000 rw-p 00000000 00:00 0 
b261d000-b261e000 ---p 00000000 00:00 0 
b261e000-b2e1e000 rw-p 00000000 00:00 0 
b2e1e000-b2e23000 r-xp 00000000 08:04 174766     /opt/DigitalPersona/urusdk-linux/Linux/lib/x86/libdpDrvDatApi.so.2.0.0.8
b2e23000-b2e24000 rw-p 00005000 08:04 174766     /opt/DigitalPersona/urusdk-linux/Linux/lib/x86/libdpDrvDatApi.so.2.0.0.8
b2e24000-b2e33000 r-xp 00000000 08:04 174769     /opt/DigitalPersona/urusdk-linux/Linux/lib/x86/libdpFC.so.2.0.0.8
b2e33000-b2e34000 rw-p 0000f000 08:04 174769     /opt/DigitalPersona/urusdk-linux/Linux/lib/x86/libdpFC.so.2.0.0.8
b2e34000-b2e38000 r-xp 00000000 08:04 174793     /opt/DigitalPersona/urusdk-linux/Linux/lib/x86/libdpUsbAda.so.2.0.0.8
b2e38000-b2e39000 rw-p 00003000 08:04 174793     /opt/DigitalPersona/urusdk-linux/Linux/lib/x86/libdpUsbAda.so.2.0.0.8
b2e39000-b2e44000 r-xp 00000000 08:04 174784     /opt/DigitalPersona/urusdk-linux/Linux/lib/x86/libdpI00701.so.2.0.0.8
b2e44000-b2e45000 rw-p 0000a000 08:04 174784     /opt/DigitalPersona/urusdk-linux/Linux/lib/x86/libdpI00701.so.2.0.0.8
b2e45000-b2e5d000 r-xp 00000000 08:04 174757     /opt/DigitalPersona/urusdk-linux/Linux/lib/x86/libdpD00701.so.2.0.0.8
b2e5d000-b2e5e000 rw-p 00018000 08:04 174757     /opt/DigitalPersona/urusdk-linux/Linux/lib/x86/libdpD00701.so.2.0.0.8
b2e5e000-b2e65000 r-xp 00000000 08:04 174760     /opt/DigitalPersona/urusdk-linux/Linux/lib/x86/libdpDevMgr.so.2.0.0.8
b2e65000-b2e66000 rw-p 00006000 08:04 174760     /opt/DigitalPersona/urusdk-linux/Linux/lib/x86/libdpDevMgr.so.2.0.0.8
b2e66000-b2e69000 r-xp 00000000 08:04 174787     /opt/DigitalPersona/urusdk-linux/Linux/lib/x86/libdpObjMgr.so.2.0.0.8
b2e69000-b2e6a000 rw-p 00002000 08:04 174787     /opt/DigitalPersona/urusdk-linux/Linux/lib/x86/libdpObjMgr.so.2.0.0.8
b2e6a000-b2e70000 r-xp 00000000 08:04 174763     /opt/DigitalPersona/urusdk-linux/Linux/lib/x86/libdpDrvApi.so.2.0.0.8
b2e70000-b2e71000 rw-p 00005000 08:04 174763     /opt/DigitalPersona/urusdk-linux/Linux/lib/x86/libdpDrvApi.so.2.0.0.8
b2e75000-b2e7c000 rw-p 00000000 00:00 0 
b2e7c000-b2e84000 r-xp 00000000 08:04 174775     /opt/DigitalPersona/urusdk-linux/Linux/lib/x86/libdpfpdd.so.2.2.3
b2e84000-b2e85000 rw-p 00007000 08:04 174775     /opt/DigitalPersona/urusdk-linux/Linux/lib/x86/libdpfpdd.so.2.2.3
b2e85000-b2e86000 r--s 00007000 08:04 1966232    /home/cajero/workspace/Client/lib/samples-utils.jar
b2e86000-b2e87000 r--s 009af000 08:04 1966231    /home/cajero/workspace/Client/lib/neurotec-native-macosx-universal.jar
b2e87000-b2e89000 r-xp 00000000 08:04 2313267    /usr/lib/libXau.so.6.0.0
b2e89000-b2e8a000 r--p 00001000 08:04 2313267    /usr/lib/libXau.so.6.0.0
b2e8a000-b2e8b000 rw-p 00002000 08:04 2313267    /usr/lib/libXau.so.6.0.0
b2e8b000-b2e9a000 r-xp 00000000 08:04 1310838    /usr/lib/libXext.so.6.4.0
b2e9a000-b2e9b000 r--p 0000e000 08:04 1310838    /usr/lib/libXext.so.6.4.0
b2e9b000-b2e9c000 rw-p 0000f000 08:04 1310838    /usr/lib/libXext.so.6.4.0
b2e9c000-b2eb1000 r-xp 00000000 08:04 287391     /usr/java/jdk1.7.0_80/jre/lib/i386/libnet.so
b2eb1000-b2eb2000 rw-p 00015000 08:04 287391     /usr/java/jdk1.7.0_80/jre/lib/i386/libnet.so
b2eb2000-b2eb7000 r-xp 00000000 08:04 1966241    /home/cajero/workspace/Client/libHuellas/linux-32 bits/FScanners/NdmDigitalPersonaUareU/NdmDigitalPersonaUareU.so
b2eb7000-b2eb8000 rw-p 00005000 08:04 1966241    /home/cajero/workspace/Client/libHuellas/linux-32 bits/FScanners/NdmDigitalPersonaUareU/NdmDigitalPersonaUareU.so
b2eb8000-b2ec3000 r-xp 00000000 08:04 1966243    /home/cajero/workspace/Client/libHuellas/linux-32 bits/NdmMedia.so
b2ec3000-b2ec4000 rw-p 0000a000 08:04 1966243    /home/cajero/workspace/Client/libHuellas/linux-32 bits/NdmMedia.so
b2ec4000-b2ed9000 r-xp 00000000 08:04 1966244    /home/cajero/workspace/Client/libHuellas/linux-32 bits/NdmVirtual.so
b2ed9000-b2ede000 rw-p 00014000 08:04 1966244    /home/cajero/workspace/Client/libHuellas/linux-32 bits/NdmVirtual.so
b2ede000-b2edf000 ---p 00000000 00:00 0 
b2edf000-b36df000 rw-p 00000000 00:00 0 
b36df000-b36e1000 rwxp 00000000 00:00 0 
b36e1000-b3710000 r-xp 00000000 08:04 1966251    /home/cajero/workspace/Client/libHuellas/linux-32 bits/libNLicensing.so
b3710000-b371b000 rw-p 0002f000 08:04 1966251    /home/cajero/workspace/Client/libHuellas/linux-32 bits/libNLicensing.so
b371b000-b371c000 rw-p 00000000 00:00 0 
b371c000-b3879000 r-xp 00000000 08:04 1966245    /home/cajero/workspace/Client/libHuellas/linux-32 bits/libNBiometricClient.so
b3879000-b3882000 rw-p 0015d000 08:04 1966245    /home/cajero/workspace/Client/libHuellas/linux-32 bits/libNBiometricClient.so
b3882000-b38aa000 r-xp 00000000 08:04 1966250    /home/cajero/workspace/Client/libHuellas/linux-32 bits/libNDevices.so
b38aa000-b38b5000 rw-p 00027000 08:04 1966250    /home/cajero/workspace/Client/libHuellas/linux-32 bits/libNDevices.so
b38b5000-b38be000 rwxp 00000000 00:00 0 
b38be000-b3e3c000 r-xp 00000000 08:04 1966246    /home/cajero/workspace/Client/libHuellas/linux-32 bits/libNBiometrics.so
b3e3c000-b3ea5000 rw-p 0057d000 08:04 1966246    /home/cajero/workspace/Client/libHuellas/linux-32 bits/libNBiometrics.so
b3ea5000-b3eab000 rw-p 00000000 00:00 0 
b3eab000-b3f06000 r-xp 00000000 08:04 1966253    /home/cajero/workspace/Client/libHuellas/linux-32 bits/libNMediaProc.so
b3f06000-b3f10000 rw-p 0005a000 08:04 1966253    /home/cajero/workspace/Client/libHuellas/linux-32 bits/libNMediaProc.so
b3f10000-b40cb000 r-xp 00000000 08:04 1966252    /home/cajero/workspace/Client/libHuellas/linux-32 bits/libNMedia.so
b40cb000-b40e5000 rw-p 001bb000 08:04 1966252    /home/cajero/workspace/Client/libHuellas/linux-32 bits/libNMedia.so
b40e5000-b40e6000 rw-p 00000000 00:00 0 
b40e6000-b40ea000 rwxp 00000000 00:00 0 
b40ea000-b40ef000 r--s 00038000 08:04 1966230    /home/cajero/workspace/Client/lib/neurotec-media.jar
b40ef000-b40f0000 r--s 00004000 08:04 1966229    /home/cajero/workspace/Client/lib/neurotec-media-processing.jar
b40f0000-b40f2000 r--s 0000a000 08:04 1966228    /home/cajero/workspace/Client/lib/neurotec-licensing.jar
b40f2000-b40f3000 r--p 00000000 00:00 0 
b40f3000-b40f4000 rwxp 00000000 00:00 0 
b40f4000-b4112000 r--p 00000000 08:04 2419102    /usr/share/locale/es/LC_MESSAGES/libc.mo
b4112000-b4290000 r-xp 00000000 08:04 1966249    /home/cajero/workspace/Client/libHuellas/linux-32 bits/libNCore.so
b4290000-b42a1000 rw-p 0017e000 08:04 1966249    /home/cajero/workspace/Client/libHuellas/linux-32 bits/libNCore.so
b42a1000-b42a3000 rw-p 00000000 00:00 0 
b42a3000-b42b7000 r-xp 00000000 08:04 1860823    /tmp/jna-cajero/jna849186666372500666.tmp (deleted)
b42b7000-b42b8000 rw-p 00014000 08:04 1860823    /tmp/jna-cajero/jna849186666372500666.tmp (deleted)
b42b8000-b42bb000 r--s 00019000 08:04 287406     /usr/java/jdk1.7.0_80/jre/lib/jce.jar
b42bb000-b42bf000 r--s 0008b000 08:04 287420     /usr/java/jdk1.7.0_80/jre/lib/jsse.jar
b42bf000-b42c6000 r--s 0002d000 08:04 1966227    /home/cajero/workspace/Client/lib/neurotec-devices.jar
b42c6000-b42c8000 r--s 00005000 08:04 1966226    /home/cajero/workspace/Client/lib/neurotec-devices-virtual.jar
b42c8000-b42d5000 r--s 000a0000 08:04 1966225    /home/cajero/workspace/Client/lib/neurotec-core.jar
b42d5000-b42e7000 r--s 000e3000 08:04 1966224    /home/cajero/workspace/Client/lib/neurotec-biometrics.jar
b42e7000-b42e9000 r--s 0000b000 08:04 1966223    /home/cajero/workspace/Client/lib/neurotec-biometrics-client.jar
b42e9000-b42ec000 r--s 000a6000 08:04 1966222    /home/cajero/workspace/Client/lib/jna.jar
b42ec000-b42f0000 r--s 0002a000 08:04 1966221    /home/cajero/workspace/Client/lib/commons-io.jar
b42f0000-b42f1000 ---p 00000000 00:00 0 
b42f1000-b4371000 rw-p 00000000 00:00 0 
b4371000-b4374000 ---p 00000000 00:00 0 
b4374000-b43c2000 rw-p 00000000 00:00 0 
b43c2000-b43c5000 ---p 00000000 00:00 0 
b43c5000-b4443000 rw-p 00000000 00:00 0 
b4443000-b4446000 ---p 00000000 00:00 0 
b4446000-b44df000 rw-p 00000000 00:00 0 
b44df000-b469f000 r--s 039fb000 08:04 287422     /usr/java/jdk1.7.0_80/jre/lib/rt.jar
b469f000-b46de000 r--p 00000000 08:04 49629      /usr/lib/locale/es_ES.utf8/LC_CTYPE
b46de000-b46df000 r--p 00000000 08:04 49605      /usr/lib/locale/es_ES.utf8/LC_NUMERIC
b46df000-b46e0000 r--p 00000000 08:04 34267      /usr/lib/locale/es_ES.utf8/LC_TIME
b46e0000-b47fd000 r--p 00000000 08:04 49630      /usr/lib/locale/es_ES.utf8/LC_COLLATE
b47fd000-b47fe000 r--p 00000000 08:04 49607      /usr/lib/locale/es_ES.utf8/LC_MONETARY
b47fe000-b47ff000 r--p 00000000 08:04 42251      /usr/lib/locale/es_ES.utf8/LC_MESSAGES/SYS_LC_MESSAGES
b47ff000-b4800000 r--p 00000000 08:04 49626      /usr/lib/locale/es_ES.utf8/LC_PAPER
b4800000-b4801000 r--p 00000000 08:04 49606      /usr/lib/locale/es_ES.utf8/LC_NAME
b4801000-b4802000 r--p 00000000 08:04 34843      /usr/lib/locale/es_ES.utf8/LC_ADDRESS
b4802000-b4803000 r--p 00000000 08:04 34842      /usr/lib/locale/es_ES.utf8/LC_TELEPHONE
b4803000-b4804000 r--p 00000000 08:04 49628      /usr/lib/locale/es_ES.utf8/LC_MEASUREMENT
b4804000-b480b000 r--s 00000000 08:04 2435517    /usr/lib/gconv/gconv-modules.cache
b480b000-b480e000 ---p 00000000 00:00 0 
b480e000-b485c000 rw-p 00000000 00:00 0 
b485c000-b485f000 ---p 00000000 00:00 0 
b485f000-b48ad000 rw-p 00000000 00:00 0 
b48ad000-b48ae000 ---p 00000000 00:00 0 
b48ae000-b493c000 rw-p 00000000 00:00 0 
b493c000-b4956000 rw-p 00000000 00:00 0 
b4956000-b495c000 rw-p 00000000 00:00 0 
b495c000-b49a8000 rw-p 00000000 00:00 0 
b49a8000-b49ab000 rw-p 00000000 00:00 0 
b49ab000-b49d0000 rw-p 00000000 00:00 0 
b49d0000-b49d6000 rw-p 00000000 00:00 0 
b49d6000-b4a22000 rw-p 00000000 00:00 0 
b4a22000-b4a28000 rw-p 00000000 00:00 0 
b4a28000-b4a42000 rw-p 00000000 00:00 0 
b4a42000-b4a55000 rw-p 00000000 00:00 0 
b4a55000-b4ace000 rw-p 00000000 00:00 0 
b4ace000-b4c56000 rwxp 00000000 00:00 0 
b4c56000-b6ace000 rw-p 00000000 00:00 0 
b6ace000-b6ad6000 rw-s 00000000 08:04 1860819    /tmp/hsperfdata_cajero/4137 (deleted)
b6ad6000-b6b0b000 r--s 00000000 08:04 2229045    /var/run/nscd/passwd
b6b0b000-b6b2e000 r-xp 00000000 08:04 287370     /usr/java/jdk1.7.0_80/jre/lib/i386/libjava.so
b6b2e000-b6b2f000 rw-p 00023000 08:04 287370     /usr/java/jdk1.7.0_80/jre/lib/i386/libjava.so
b6b2f000-b6b37000 r-xp 00000000 08:04 1843791    /lib/librt-2.11.3.so
b6b37000-b6b38000 r--p 00007000 08:04 1843791    /lib/librt-2.11.3.so
b6b38000-b6b39000 rw-p 00008000 08:04 1843791    /lib/librt-2.11.3.so
b6b39000-b6b3c000 ---p 00000000 00:00 0 
b6b3c000-b6b8a000 rw-p 00000000 00:00 0 
b6b8a000-b6bb1000 r-xp 00000000 08:04 1843769    /lib/libm-2.11.3.so
b6bb1000-b6bb2000 r--p 00026000 08:04 1843769    /lib/libm-2.11.3.so
b6bb2000-b6bb3000 rw-p 00027000 08:04 1843769    /lib/libm-2.11.3.so
b6bb3000-b7148000 r-xp 00000000 08:04 287345     /usr/java/jdk1.7.0_80/jre/lib/i386/client/libjvm.so
b7148000-b7169000 rw-p 00595000 08:04 287345     /usr/java/jdk1.7.0_80/jre/lib/i386/client/libjvm.so
b7169000-b758a000 rw-p 00000000 00:00 0 
b758a000-b76f6000 r-xp 00000000 08:04 1843761    /lib/libc-2.11.3.so
b76f6000-b76f7000 ---p 0016c000 08:04 1843761    /lib/libc-2.11.3.so
b76f7000-b76f9000 r--p 0016c000 08:04 1843761    /lib/libc-2.11.3.so
b76f9000-b76fa000 rw-p 0016e000 08:04 1843761    /lib/libc-2.11.3.so
b76fa000-b76fe000 rw-p 00000000 00:00 0 
b76fe000-b7701000 r-xp 00000000 08:04 1843767    /lib/libdl-2.11.3.so
b7701000-b7702000 r--p 00002000 08:04 1843767    /lib/libdl-2.11.3.so
b7702000-b7703000 rw-p 00003000 08:04 1843767    /lib/libdl-2.11.3.so
b7703000-b7717000 r-xp 00000000 08:04 264696     /usr/java/jdk1.7.0_80/lib/i386/jli/libjli.so
b7717000-b7718000 rw-p 00013000 08:04 264696     /usr/java/jdk1.7.0_80/lib/i386/jli/libjli.so
b7718000-b772f000 r-xp 00000000 08:04 1843787    /lib/libpthread-2.11.3.so
b772f000-b7730000 r--p 00016000 08:04 1843787    /lib/libpthread-2.11.3.so
b7730000-b7731000 rw-p 00017000 08:04 1843787    /lib/libpthread-2.11.3.so
b7731000-b7733000 rw-p 00000000 00:00 0 
b7733000-b7734000 r--p 00000000 08:04 34265      /usr/lib/locale/es_ES.utf8/LC_IDENTIFICATION
b7734000-b773a000 rw-p 00000000 00:00 0 
b773a000-b7751000 r-xp 00000000 08:04 287403     /usr/java/jdk1.7.0_80/jre/lib/i386/libzip.so
b7751000-b7752000 rw-p 00016000 08:04 287403     /usr/java/jdk1.7.0_80/jre/lib/i386/libzip.so
b7752000-b7753000 rw-p 00000000 00:00 0 
b7753000-b7754000 ---p 00000000 00:00 0 
b7754000-b775f000 r-xp 00000000 08:04 287402     /usr/java/jdk1.7.0_80/jre/lib/i386/libverify.so
b775f000-b7760000 rw-p 0000b000 08:04 287402     /usr/java/jdk1.7.0_80/jre/lib/i386/libverify.so
b7760000-b7761000 rw-p 00000000 00:00 0 
b7761000-b7780000 r-xp 00000000 08:04 1843754    /lib/ld-2.11.3.so
b7780000-b7781000 r--p 0001e000 08:04 1843754    /lib/ld-2.11.3.so
b7781000-b7782000 rw-p 0001f000 08:04 1843754    /lib/ld-2.11.3.so
bfe03000-bfe04000 rwxp 00000000 00:00 0 
bfe35000-bfe57000 rw-p 00000000 00:00 0          [stack]
ffffe000-fffff000 r-xp 00000000 00:00 0          [vdso]

VM Arguments:
jvm_args: -Dfile.encoding=UTF-8 
java_command: webServices.ClienteWS
Launcher Type: SUN_STANDARD

Environment Variables:
CLASSPATH=:/usr/local/NCRRetail:/usr/local/NCRRetail/jar/NCRRetailCommon.jar:/usr/local/NCRRetail/jar/jpos.jar:/usr/local/NCRRetail/jar/NCRJavaPOS.jar:/usr/local/NCRRetail/jar/jcl_editor.jar:/usr/local/NCRRetail/jar/xerces.jar:/usr/local/NCRRetail/jar/NCRConfigManager.jar:/usr/local/NCRRetail/jar/NCRSystemMonitor.jar
PATH=/home/cajero/bin:/usr/local/bin:/usr/bin:/bin:/usr/bin/X11:/usr/X11R6/bin:/usr/games:/usr/lib/mit/bin:/usr/lib/mit/sbin
USERNAME=cajero
LD_LIBRARY_PATH=/usr/java/jdk1.7.0_80/jre/lib/i386/client:/usr/java/jdk1.7.0_80/jre/lib/i386:/home/cajero/workspace/Client/libHuellas/linux-32 bits/
SHELL=/bin/bash
DISPLAY=:0.0
HOSTTYPE=i386
OSTYPE=linux
MACHTYPE=i686-suse-linux

Signal Handlers:
SIGSEGV: [libjvm.so+0x511b30], sa_mask[0]=0x7ffbfeff, sa_flags=0x10000004
SIGBUS: [libjvm.so+0x511b30], sa_mask[0]=0x7ffbfeff, sa_flags=0x10000004
SIGFPE: [libjvm.so+0x406570], sa_mask[0]=0x7ffbfeff, sa_flags=0x10000004
SIGPIPE: [libjvm.so+0x406570], sa_mask[0]=0x7ffbfeff, sa_flags=0x10000004
SIGXFSZ: [libjvm.so+0x406570], sa_mask[0]=0x7ffbfeff, sa_flags=0x10000004
SIGILL: [libjvm.so+0x406570], sa_mask[0]=0x7ffbfeff, sa_flags=0x10000004
SIGUSR1: SIG_DFL, sa_mask[0]=0x00000000, sa_flags=0x00000000
SIGUSR2: [libjvm.so+0x407de0], sa_mask[0]=0x00000004, sa_flags=0x10000004
SIGHUP: [libjvm.so+0x409110], sa_mask[0]=0x7ffbfeff, sa_flags=0x10000004
SIGINT: [libjvm.so+0x409110], sa_mask[0]=0x7ffbfeff, sa_flags=0x10000004
SIGTERM: [libjvm.so+0x409110], sa_mask[0]=0x7ffbfeff, sa_flags=0x10000004
SIGQUIT: [libjvm.so+0x409110], sa_mask[0]=0x7ffbfeff, sa_flags=0x10000004


---------------  S Y S T E M  ---------------

OS:SUSE Linux Enterprise Server 11 (i586)
VERSION = 11
PATCHLEVEL = 4

uname:Linux 3.0.101-63-pae #1 SMP Tue Jun 23 16:02:31 UTC 2015 (4b89d0c) i686
libc:glibc 2.11.3 NPTL 2.11.3 
rlimit: STACK 8192k, CORE 1k, NPROC 7679, NOFILE 8192, AS 2020800k
load average:0,28 0,27 0,20

/proc/meminfo:
MemTotal:         991720 kB
MemFree:           83572 kB
Buffers:           23504 kB
Cached:           263372 kB
SwapCached:         1972 kB
Active:           419380 kB
Inactive:         419196 kB
Active(anon):     288836 kB
Inactive(anon):   299960 kB
Active(file):     130544 kB
Inactive(file):   119236 kB
Unevictable:           0 kB
Mlocked:               0 kB
HighTotal:        110152 kB
HighFree:          11000 kB
LowTotal:         881568 kB
LowFree:           72572 kB
SwapTotal:       1534200 kB
SwapFree:        1521148 kB
Dirty:               340 kB
Writeback:             0 kB
AnonPages:        550472 kB
Mapped:            92704 kB
Shmem:             37048 kB
Slab:              45480 kB
SReclaimable:      32652 kB
SUnreclaim:        12828 kB
KernelStack:        2856 kB
PageTables:         4128 kB
NFS_Unstable:          0 kB
Bounce:                0 kB
WritebackTmp:          0 kB
CommitLimit:     2030060 kB
Committed_AS:    1455364 kB
VmallocTotal:     122880 kB
VmallocUsed:       19352 kB
VmallocChunk:     102400 kB
HardwareCorrupted:     0 kB
AnonHugePages:    352256 kB
HugePages_Total:       0
HugePages_Free:        0
HugePages_Rsvd:        0
HugePages_Surp:        0
Hugepagesize:       2048 kB
DirectMap4k:       10232 kB
DirectMap2M:      892928 kB


CPU:total 1 (1 cores per cpu, 1 threads per core) family 6 model 23 stepping 10, cmov, cx8, fxsr, mmx, sse, sse2, sse3, ssse3, tsc

/proc/cpuinfo:
processor	: 0
vendor_id	: GenuineIntel
cpu family	: 6
model		: 23
model name	: Intel(R) Celeron(R) CPU          900  @ 2.20GHz
stepping	: 10
microcode	: 2571
cpu MHz		: 2194.645
cache size	: 1024 KB
fdiv_bug	: no
hlt_bug		: no
f00f_bug	: no
coma_bug	: no
fpu		: yes
fpu_exception	: yes
cpuid level	: 13
wp		: yes
flags		: fpu vme de pse tsc msr pae mce cx8 apic sep mtrr pge mca cmov pat pse36 clflush dts acpi mmx fxsr sse sse2 ss tm pbe nx lm constant_tsc up arch_perfmon pebs bts aperfmperf pni dtes64 monitor ds_cpl tm2 ssse3 cx16 xtpr pdcm xsave lahf_lm dtherm
bogomips	: 4389.29
clflush size	: 64
cache_alignment	: 64
address sizes	: 36 bits physical, 48 bits virtual
power management:



Memory: 4k page, physical 991720k(83572k free), swap 1534200k(1521148k free)

vm_info: Java HotSpot(TM) Client VM (24.80-b11) for linux-x86 JRE (1.7.0_80-b15), built on Apr 10 2015 12:41:05 by "java_re" with gcc 4.3.0 20080428 (Red Hat 4.3.0-8)

time: Thu Sep 15 07:51:27 2016
elapsed time: 321 seconds

