#
# A fatal error has been detected by the Java Runtime Environment:
#
#  SIGSEGV (0xb) at pc=0xb2d294e0, pid=3727, tid=3029187440
#
# JRE version: Java(TM) SE Runtime Environment (7.0_80-b15) (build 1.7.0_80-b15)
# Java VM: Java HotSpot(TM) Client VM (24.80-b11 mixed mode, sharing linux-x86 )
# Problematic frame:
# C  [libdpfpdd.so+0x34e0]  _init+0x23dc
#
# Core dump written. Default location: /home/cajero/workspace/Client/core or core.3727 (max size 1 kB). To ensure a full core dump, try "ulimit -c unlimited" before starting Java again
#
# If you would like to submit a bug report, please visit:
#   http://bugreport.java.com/bugreport/crash.jsp
#

---------------  T H R E A D  ---------------

Current thread (0x08071400):  VMThread [stack: 0xb485b000,0xb48dc000] [id=3734]

siginfo:si_signo=SIGSEGV: si_errno=0, si_code=1 (SEGV_MAPERR), si_addr=0x44ed4f04

Registers:
EAX=0xb2d2eba0, EBX=0xb2d2ed3c, ECX=0x0837abb4, EDX=0x44ed4e90
ESP=0xb48da8a0, EBP=0xb48da8f8, ESI=0x44ed4f04, EDI=0x0837acc4
EIP=0xb2d294e0, EFLAGS=0x00010202, CR2=0x44ed4f04

Top of Stack: (sp=0xb48da8a0)
0xb48da8a0:   0837acc4 b2d2d889 00000000 b4245598
0xb48da8b0:   00000000 b48da8cc b48da8dc 44ed4e90
0xb48da8c0:   0837ebd8 b7724010 0000018c b4245598
0xb48da8d0:   0837ebd8 b48da9bc b48da908 00000000
0xb48da8e0:   b48dbb70 00000000 b2d2d889 b2d2ed3c
0xb48da8f0:   b4009320 b48da9bc b48da908 b2d2b180
0xb48da900:   b2d2ee34 b4009194 b48da938 b4005e63
0xb48da910:   00000000 b4009344 00000000 b48da928 

Instructions: (pc=0xb2d294e0)
0xb2d294c0:   c4 0f 84 93 01 00 00 8b 93 d4 ff ff ff 81 6d c4
0xb2d294d0:   84 00 00 00 8b 75 c4 8d 42 08 8b 55 c4 83 c6 74
0xb2d294e0:   89 42 74 8b 46 04 85 c0 74 08 89 04 24 e8 aa de
0xb2d294f0:   ff ff 8b 93 e8 ff ff ff c7 46 04 00 00 00 00 c7 

Register to memory mapping:

EAX=
[error occurred during error reporting (printing register info), id 0xb]

Stack: [0xb485b000,0xb48dc000],  sp=0xb48da8a0,  free space=510k
Native frames: (J=compiled Java code, j=interpreted, Vv=VM code, C=native code)
C  [libdpfpdd.so+0x34e0]  _init+0x23dc
C  [libdpfpdd.so+0x5180]  dpfpdd_exit+0x20
C  [NdmDigitalPersonaUareU.so+0x1e63]  abort@@GLIBC_2.0+0x1e63
C  [NdmDigitalPersonaUareU.so+0x21f5]  abort@@GLIBC_2.0+0x21f5
C  [libNCore.so+0x14af0b]  NPluginGetState+0x1cab
C  [libNCore.so+0x14babc]  NPluginEnable+0x54c
C  [libNCore.so+0x14c454]  NPluginEnable+0xee4
C  [libNCore.so+0x14c54a]  NPluginUnplug+0xda
C  [NdmDigitalPersonaUareU.so+0x401e]  abort@@GLIBC_2.0+0x401e
C  [libNCore.so+0x75bd6]  NModuleUnregister+0x116
C  [NdmDigitalPersonaUareU.so+0x4641]  NdmDigitalPersonaUareUModuleOf+0x411
C  [NdmDigitalPersonaUareU.so+0x18b8]  abort@@GLIBC_2.0+0x18b8
C  [NdmDigitalPersonaUareU.so+0x4810]  NdmDigitalPersonaUareUModuleOf+0x5e0
C  [ld-linux.so.2+0xfeeb]  _dl_fini+0x1fb
C  [libc.so.6+0x2dc51]  __run_exit_handlers+0xc1
C  [libc.so.6+0x2dcaf]  __GI_exit+0x2f
V  [libjvm.so+0x2ac4d4]  vm_direct_exit(int)+0x24
V  [libjvm.so+0x51affc]  VM_Exit::doit()+0xac
V  [libjvm.so+0x51b057]  VM_Operation::evaluate()+0x47
V  [libjvm.so+0x5190f3]  VMThread::evaluate_operation(VM_Operation*)+0xb3
V  [libjvm.so+0x519490]  VMThread::loop()+0x1b0
V  [libjvm.so+0x5198f5]  VMThread::run()+0x85
V  [libjvm.so+0x40bcf9]  java_start(Thread*)+0x119
C  [libpthread.so.0+0x6839]  start_thread+0xd9

VM_Operation (0xb002fd30): Exit, mode: safepoint, requested by thread 0x0843f800


---------------  P R O C E S S  ---------------

Java Threads: ( => current thread )
  0x08471000 JavaThread "Thread-0" [_thread_blocked, id=3818, stack(0xaed5c000,0xaedad000)]
  0x0843f800 JavaThread "SIGTERM handler" daemon [_thread_blocked, id=3816, stack(0xaffe0000,0xb0031000)]
  0x0828e800 JavaThread "AWT-XAWT" daemon [_thread_in_native, id=3749, stack(0xb015b000,0xb01ac000)]
  0x08084400 JavaThread "Java2D Disposer" daemon [_thread_blocked, id=3748, stack(0xb01ac000,0xb01fd000)]
  0x0809cc00 JavaThread "Service Thread" daemon [_thread_blocked, id=3739, stack(0xb431f000,0xb4370000)]
  0x0809ac00 JavaThread "C1 CompilerThread0" daemon [_thread_blocked, id=3738, stack(0xb4370000,0xb43f1000)]
  0x08074800 JavaThread "Finalizer" daemon [_thread_blocked, id=3736, stack(0xb47b9000,0xb480a000)]
  0x08073000 JavaThread "Reference Handler" daemon [_thread_blocked, id=3735, stack(0xb480a000,0xb485b000)]
  0x08051c00 JavaThread "main" [_thread_blocked, id=3729, stack(0xb6ae7000,0xb6b38000)]

Other Threads:
=>0x08071400 VMThread [stack: 0xb485b000,0xb48dc000] [id=3734]

VM state:at safepoint (shutting down)

VM Mutex/Monitor currently owned by a thread:  ([mutex/lock_event])
[0x080508a0] Threads_lock - owner thread: 0x08071400

Heap
 def new generation   total 4672K, used 2219K [0x7f800000, 0x7fd10000, 0x84950000)
  eden space 4160K,  41% used [0x7f800000, 0x7f9aace8, 0x7fc10000)
  from space 512K, 100% used [0x7fc10000, 0x7fc90000, 0x7fc90000)
  to   space 512K,   0% used [0x7fc90000, 0x7fc90000, 0x7fd10000)
 tenured generation   total 10368K, used 6501K [0x84950000, 0x85370000, 0x8ec00000)
   the space 10368K,  62% used [0x84950000, 0x84fa9428, 0x84fa9600, 0x85370000)
 compacting perm gen  total 12288K, used 7225K [0x8ec00000, 0x8f800000, 0x92c00000)
   the space 12288K,  58% used [0x8ec00000, 0x8f30e7b0, 0x8f30e800, 0x8f800000)
    ro space 10240K,  48% used [0x92c00000, 0x930d5b48, 0x930d5c00, 0x93600000)
    rw space 12288K,  57% used [0x93600000, 0x93ce29c8, 0x93ce2a00, 0x94200000)

Card table byte_map: [0xb4956000,0xb49fc000] byte_map_base: 0xb455a000

Polling page: 0xb7701000

Code Cache  [0xb4a7c000, 0xb4c04000, 0xb6a7c000)
 total_blobs=778 nmethods=521 adapters=194 free_code_cache=31221Kb largest_free_block=31969088

Compilation events (10 events):
Event: 14,508 Thread 0x0809ac00  521  s!         sun.misc.URLClassPath::getLoader (154 bytes)
Event: 14,510 Thread 0x0809ac00 nmethod 521 0xb4bfbc48 code [0xb4bfbf90, 0xb4bfd098]
Event: 14,517 Thread 0x0809ac00  522             java.lang.ThreadLocal$ThreadLocalMap::set (136 bytes)
Event: 14,518 Thread 0x0809ac00 nmethod 522 0xb4bfe388 code [0xb4bfe4e0, 0xb4bfe804]
Event: 32,517 Thread 0x0809ac00  523             java.lang.ThreadLocal$ThreadLocalMap::access$100 (7 bytes)
Event: 32,518 Thread 0x0809ac00 nmethod 523 0xb4bfebc8 code [0xb4bfecc0, 0xb4bfed4c]
Event: 77,436 Thread 0x0809ac00  524             java.util.concurrent.locks.ReentrantLock::unlock (10 bytes)
Event: 77,436 Thread 0x0809ac00 nmethod 524 0xb4bfedc8 code [0xb4bfeee0, 0xb4bfefd4]
Event: 86,519 Thread 0x0809ac00  525             java.lang.ThreadLocal::set (30 bytes)
Event: 86,519 Thread 0x0809ac00 nmethod 525 0xb4b62708 code [0xb4b62830, 0xb4b62940]

GC Heap History (10 events):
Event: 1,684 GC heap before
{Heap before GC invocations=11 (full 0):
 def new generation   total 4672K, used 4488K [0x7f800000, 0x7fd10000, 0x84950000)
  eden space 4160K, 100% used [0x7f800000, 0x7fc10000, 0x7fc10000)
  from space 512K,  64% used [0x7fc90000, 0x7fce22b0, 0x7fd10000)
  to   space 512K,   0% used [0x7fc10000, 0x7fc10000, 0x7fc90000)
 tenured generation   total 10368K, used 4321K [0x84950000, 0x85370000, 0x8ec00000)
   the space 10368K,  41% used [0x84950000, 0x84d88568, 0x84d88600, 0x85370000)
 compacting perm gen  total 12288K, used 3286K [0x8ec00000, 0x8f800000, 0x92c00000)
   the space 12288K,  26% used [0x8ec00000, 0x8ef358c8, 0x8ef35a00, 0x8f800000)
    ro space 10240K,  48% used [0x92c00000, 0x930d5b48, 0x930d5c00, 0x93600000)
    rw space 12288K,  57% used [0x93600000, 0x93ce29c8, 0x93ce2a00, 0x94200000)
Event: 1,686 GC heap after
Heap after GC invocations=12 (full 0):
 def new generation   total 4672K, used 223K [0x7f800000, 0x7fd10000, 0x84950000)
  eden space 4160K,   0% used [0x7f800000, 0x7f800000, 0x7fc10000)
  from space 512K,  43% used [0x7fc10000, 0x7fc47f90, 0x7fc90000)
  to   space 512K,   0% used [0x7fc90000, 0x7fc90000, 0x7fd10000)
 tenured generation   total 10368K, used 4645K [0x84950000, 0x85370000, 0x8ec00000)
   the space 10368K,  44% used [0x84950000, 0x84dd9538, 0x84dd9600, 0x85370000)
 compacting perm gen  total 12288K, used 3286K [0x8ec00000, 0x8f800000, 0x92c00000)
   the space 12288K,  26% used [0x8ec00000, 0x8ef358c8, 0x8ef35a00, 0x8f800000)
    ro space 10240K,  48% used [0x92c00000, 0x930d5b48, 0x930d5c00, 0x93600000)
    rw space 12288K,  57% used [0x93600000, 0x93ce29c8, 0x93ce2a00, 0x94200000)
}
Event: 1,783 GC heap before
{Heap before GC invocations=12 (full 0):
 def new generation   total 4672K, used 4383K [0x7f800000, 0x7fd10000, 0x84950000)
  eden space 4160K, 100% used [0x7f800000, 0x7fc10000, 0x7fc10000)
  from space 512K,  43% used [0x7fc10000, 0x7fc47f90, 0x7fc90000)
  to   space 512K,   0% used [0x7fc90000, 0x7fc90000, 0x7fd10000)
 tenured generation   total 10368K, used 4645K [0x84950000, 0x85370000, 0x8ec00000)
   the space 10368K,  44% used [0x84950000, 0x84dd9538, 0x84dd9600, 0x85370000)
 compacting perm gen  total 12288K, used 3409K [0x8ec00000, 0x8f800000, 0x92c00000)
   the space 12288K,  27% used [0x8ec00000, 0x8ef547d8, 0x8ef54800, 0x8f800000)
    ro space 10240K,  48% used [0x92c00000, 0x930d5b48, 0x930d5c00, 0x93600000)
    rw space 12288K,  57% used [0x93600000, 0x93ce29c8, 0x93ce2a00, 0x94200000)
Event: 1,786 GC heap after
Heap after GC invocations=13 (full 0):
 def new generation   total 4672K, used 417K [0x7f800000, 0x7fd10000, 0x84950000)
  eden space 4160K,   0% used [0x7f800000, 0x7f800000, 0x7fc10000)
  from space 512K,  81% used [0x7fc90000, 0x7fcf85c8, 0x7fd10000)
  to   space 512K,   0% used [0x7fc10000, 0x7fc10000, 0x7fc90000)
 tenured generation   total 10368K, used 4645K [0x84950000, 0x85370000, 0x8ec00000)
   the space 10368K,  44% used [0x84950000, 0x84dd9538, 0x84dd9600, 0x85370000)
 compacting perm gen  total 12288K, used 3409K [0x8ec00000, 0x8f800000, 0x92c00000)
   the space 12288K,  27% used [0x8ec00000, 0x8ef547d8, 0x8ef54800, 0x8f800000)
    ro space 10240K,  48% used [0x92c00000, 0x930d5b48, 0x930d5c00, 0x93600000)
    rw space 12288K,  57% used [0x93600000, 0x93ce29c8, 0x93ce2a00, 0x94200000)
}
Event: 13,912 GC heap before
{Heap before GC invocations=13 (full 0):
 def new generation   total 4672K, used 4577K [0x7f800000, 0x7fd10000, 0x84950000)
  eden space 4160K, 100% used [0x7f800000, 0x7fc10000, 0x7fc10000)
  from space 512K,  81% used [0x7fc90000, 0x7fcf85c8, 0x7fd10000)
  to   space 512K,   0% used [0x7fc10000, 0x7fc10000, 0x7fc90000)
 tenured generation   total 10368K, used 4645K [0x84950000, 0x85370000, 0x8ec00000)
   the space 10368K,  44% used [0x84950000, 0x84dd9538, 0x84dd9600, 0x85370000)
 compacting perm gen  total 12288K, used 3634K [0x8ec00000, 0x8f800000, 0x92c00000)
   the space 12288K,  29% used [0x8ec00000, 0x8ef8c850, 0x8ef8ca00, 0x8f800000)
    ro space 10240K,  48% used [0x92c00000, 0x930d5b48, 0x930d5c00, 0x93600000)
    rw space 12288K,  57% used [0x93600000, 0x93ce29c8, 0x93ce2a00, 0x94200000)
Event: 13,917 GC heap after
Heap after GC invocations=14 (full 0):
 def new generation   total 4672K, used 397K [0x7f800000, 0x7fd10000, 0x84950000)
  eden space 4160K,   0% used [0x7f800000, 0x7f800000, 0x7fc10000)
  from space 512K,  77% used [0x7fc10000, 0x7fc73748, 0x7fc90000)
  to   space 512K,   0% used [0x7fc90000, 0x7fc90000, 0x7fd10000)
 tenured generation   total 10368K, used 4905K [0x84950000, 0x85370000, 0x8ec00000)
   the space 10368K,  47% used [0x84950000, 0x84e1a5a8, 0x84e1a600, 0x85370000)
 compacting perm gen  total 12288K, used 3634K [0x8ec00000, 0x8f800000, 0x92c00000)
   the space 12288K,  29% used [0x8ec00000, 0x8ef8c850, 0x8ef8ca00, 0x8f800000)
    ro space 10240K,  48% used [0x92c00000, 0x930d5b48, 0x930d5c00, 0x93600000)
    rw space 12288K,  57% used [0x93600000, 0x93ce29c8, 0x93ce2a00, 0x94200000)
}
Event: 14,084 GC heap before
{Heap before GC invocations=14 (full 0):
 def new generation   total 4672K, used 4557K [0x7f800000, 0x7fd10000, 0x84950000)
  eden space 4160K, 100% used [0x7f800000, 0x7fc10000, 0x7fc10000)
  from space 512K,  77% used [0x7fc10000, 0x7fc73748, 0x7fc90000)
  to   space 512K,   0% used [0x7fc90000, 0x7fc90000, 0x7fd10000)
 tenured generation   total 10368K, used 4905K [0x84950000, 0x85370000, 0x8ec00000)
   the space 10368K,  47% used [0x84950000, 0x84e1a5a8, 0x84e1a600, 0x85370000)
 compacting perm gen  total 12288K, used 3947K [0x8ec00000, 0x8f800000, 0x92c00000)
   the space 12288K,  32% used [0x8ec00000, 0x8efdaff0, 0x8efdb000, 0x8f800000)
    ro space 10240K,  48% used [0x92c00000, 0x930d5b48, 0x930d5c00, 0x93600000)
    rw space 12288K,  57% used [0x93600000, 0x93ce29c8, 0x93ce2a00, 0x94200000)
Event: 14,092 GC heap after
Heap after GC invocations=15 (full 0):
 def new generation   total 4672K, used 512K [0x7f800000, 0x7fd10000, 0x84950000)
  eden space 4160K,   0% used [0x7f800000, 0x7f800000, 0x7fc10000)
  from space 512K, 100% used [0x7fc90000, 0x7fd10000, 0x7fd10000)
  to   space 512K,   0% used [0x7fc10000, 0x7fc10000, 0x7fc90000)
 tenured generation   total 10368K, used 5686K [0x84950000, 0x85370000, 0x8ec00000)
   the space 10368K,  54% used [0x84950000, 0x84edda00, 0x84edda00, 0x85370000)
 compacting perm gen  total 12288K, used 3947K [0x8ec00000, 0x8f800000, 0x92c00000)
   the space 12288K,  32% used [0x8ec00000, 0x8efdaff0, 0x8efdb000, 0x8f800000)
    ro space 10240K,  48% used [0x92c00000, 0x930d5b48, 0x930d5c00, 0x93600000)
    rw space 12288K,  57% used [0x93600000, 0x93ce29c8, 0x93ce2a00, 0x94200000)
}
Event: 14,430 GC heap before
{Heap before GC invocations=15 (full 0):
 def new generation   total 4672K, used 4672K [0x7f800000, 0x7fd10000, 0x84950000)
  eden space 4160K, 100% used [0x7f800000, 0x7fc10000, 0x7fc10000)
  from space 512K, 100% used [0x7fc90000, 0x7fd10000, 0x7fd10000)
  to   space 512K,   0% used [0x7fc10000, 0x7fc10000, 0x7fc90000)
 tenured generation   total 10368K, used 5686K [0x84950000, 0x85370000, 0x8ec00000)
   the space 10368K,  54% used [0x84950000, 0x84edda00, 0x84edda00, 0x85370000)
 compacting perm gen  total 12288K, used 6785K [0x8ec00000, 0x8f800000, 0x92c00000)
   the space 12288K,  55% used [0x8ec00000, 0x8f2a0650, 0x8f2a0800, 0x8f800000)
    ro space 10240K,  48% used [0x92c00000, 0x930d5b48, 0x930d5c00, 0x93600000)
    rw space 12288K,  57% used [0x93600000, 0x93ce29c8, 0x93ce2a00, 0x94200000)
Event: 14,439 GC heap after
Heap after GC invocations=16 (full 0):
 def new generation   total 4672K, used 512K [0x7f800000, 0x7fd10000, 0x84950000)
  eden space 4160K,   0% used [0x7f800000, 0x7f800000, 0x7fc10000)
  from space 512K, 100% used [0x7fc10000, 0x7fc90000, 0x7fc90000)
  to   space 512K,   0% used [0x7fc90000, 0x7fc90000, 0x7fd10000)
 tenured generation   total 10368K, used 6501K [0x84950000, 0x85370000, 0x8ec00000)
   the space 10368K,  62% used [0x84950000, 0x84fa9428, 0x84fa9600, 0x85370000)
 compacting perm gen  total 12288K, used 6785K [0x8ec00000, 0x8f800000, 0x92c00000)
   the space 12288K,  55% used [0x8ec00000, 0x8f2a0650, 0x8f2a0800, 0x8f800000)
    ro space 10240K,  48% used [0x92c00000, 0x930d5b48, 0x930d5c00, 0x93600000)
    rw space 12288K,  57% used [0x93600000, 0x93ce29c8, 0x93ce2a00, 0x94200000)
}

Deoptimization events (0 events):
No events

Internal exceptions (10 events):
Event: 14,505 Thread 0x08051c00 Threw 0x7f928ec8 at /HUDSON/workspace/7u-2-build-linux-i586/jdk7u80/2329/hotspot/src/share/vm/prims/jvm.cpp:1319
Event: 14,507 Thread 0x08051c00 Threw 0x7f92cfb8 at /HUDSON/workspace/7u-2-build-linux-i586/jdk7u80/2329/hotspot/src/share/vm/prims/jvm.cpp:1319
Event: 14,508 Thread 0x08051c00 Threw 0x7f930b18 at /HUDSON/workspace/7u-2-build-linux-i586/jdk7u80/2329/hotspot/src/share/vm/prims/jvm.cpp:1319
Event: 14,511 Thread 0x08051c00 Threw 0x7f934830 at /HUDSON/workspace/7u-2-build-linux-i586/jdk7u80/2329/hotspot/src/share/vm/prims/jvm.cpp:1319
Event: 14,511 Thread 0x08051c00 Threw 0x7f938488 at /HUDSON/workspace/7u-2-build-linux-i586/jdk7u80/2329/hotspot/src/share/vm/prims/jvm.cpp:1319
Event: 14,512 Thread 0x08051c00 Threw 0x7f93cc38 at /HUDSON/workspace/7u-2-build-linux-i586/jdk7u80/2329/hotspot/src/share/vm/prims/jvm.cpp:1319
Event: 14,512 Thread 0x08051c00 Threw 0x7f941288 at /HUDSON/workspace/7u-2-build-linux-i586/jdk7u80/2329/hotspot/src/share/vm/prims/jvm.cpp:1319
Event: 14,513 Thread 0x08051c00 Threw 0x7f9477d8 at /HUDSON/workspace/7u-2-build-linux-i586/jdk7u80/2329/hotspot/src/share/vm/prims/jvm.cpp:1319
Event: 14,514 Thread 0x08051c00 Threw 0x7f94b970 at /HUDSON/workspace/7u-2-build-linux-i586/jdk7u80/2329/hotspot/src/share/vm/prims/jvm.cpp:1319
Event: 14,515 Thread 0x08051c00 Threw 0x7f950360 at /HUDSON/workspace/7u-2-build-linux-i586/jdk7u80/2329/hotspot/src/share/vm/prims/jvm.cpp:1319

Events (10 events):
Event: 90,258 Executing VM operation: RevokeBias done
Event: 90,258 Executing VM operation: RevokeBias
Event: 90,258 Executing VM operation: RevokeBias done
Event: 90,258 Executing VM operation: RevokeBias
Event: 90,259 Executing VM operation: RevokeBias done
Event: 90,259 Thread 0x08470000 Thread exited: 0x08470000
Event: 90,259 Executing VM operation: RevokeBias
Event: 90,259 Executing VM operation: RevokeBias done
Event: 90,259 Thread 0x08099000 Thread exited: 0x08099000
Event: 90,260 Executing VM operation: Exit


Dynamic libraries:
08048000-08049000 r-xp 00000000 08:04 2394621    /usr/java/jdk1.7.0_80/bin/java
08049000-0804a000 rw-p 00000000 08:04 2394621    /usr/java/jdk1.7.0_80/bin/java
0804a000-08572000 rw-p 00000000 00:00 0          [heap]
7f800000-7fd10000 rw-p 00000000 00:00 0 
7fd10000-84950000 rw-p 00000000 00:00 0 
84950000-85370000 rw-p 00000000 00:00 0 
85370000-8ec00000 rw-p 00000000 00:00 0 
8ec00000-8f800000 rw-p 00000000 00:00 0 
8f800000-92c00000 rw-p 00000000 00:00 0 
92c00000-930d6000 r--p 00001000 08:04 287204     /usr/java/jdk1.7.0_80/jre/lib/i386/client/classes.jsa
930d6000-93600000 rw-p 00000000 00:00 0 
93600000-93ce3000 rw-p 004d7000 08:04 287204     /usr/java/jdk1.7.0_80/jre/lib/i386/client/classes.jsa
93ce3000-94200000 rw-p 00000000 00:00 0 
94200000-944b5000 rw-p 00bba000 08:04 287204     /usr/java/jdk1.7.0_80/jre/lib/i386/client/classes.jsa
944b5000-94600000 rw-p 00000000 00:00 0 
94600000-94609000 r-xp 00e6f000 08:04 287204     /usr/java/jdk1.7.0_80/jre/lib/i386/client/classes.jsa
94609000-94a00000 rw-p 00000000 00:00 0 
aec72000-aed5c000 rw-p 00000000 00:00 0 
aed5c000-aed5f000 ---p 00000000 00:00 0 
aed5f000-aedad000 rw-p 00000000 00:00 0 
aedad000-aedb0000 ---p 00000000 00:00 0 
aedb0000-aedfe000 rw-p 00000000 00:00 0 
aedfe000-aedff000 ---p 00000000 00:00 0 
aedff000-af5ff000 rw-p 00000000 00:00 0 
af5ff000-af600000 ---p 00000000 00:00 0 
af600000-afe00000 rw-p 00000000 00:00 0 
afe00000-afe29000 rw-p 00000000 00:00 0 
afe29000-aff00000 ---p 00000000 00:00 0 
aff16000-aff56000 r--s 00000000 08:04 2228955    /var/cache/fontconfig/17090aa38d5c6f09fb8c5c354938f1d7-x86.cache-2
aff56000-aff78000 r--s 00000000 08:04 2228962    /var/cache/fontconfig/8d4af663993b81a124ee82e610bb31f9-x86.cache-2
aff78000-affb8000 r--s 00000000 08:04 2228954    /var/cache/fontconfig/df311e82a1a24c41a75c2c930223552e-x86.cache-2
affe0000-affe3000 ---p 00000000 00:00 0 
affe3000-b0031000 rw-p 00000000 00:00 0 
b0031000-b0035000 r--s 000f7000 08:04 287193     /usr/java/jdk1.7.0_80/jre/lib/ext/localedata.jar
b0035000-b0041000 r--s 000af000 08:04 287419     /usr/java/jdk1.7.0_80/jre/lib/resources.jar
b0041000-b00a1000 r-xp 00000000 08:04 287400     /usr/java/jdk1.7.0_80/jre/lib/i386/libt2k.so
b00a1000-b00a5000 rw-p 00060000 08:04 287400     /usr/java/jdk1.7.0_80/jre/lib/i386/libt2k.so
b00a5000-b00a9000 rw-p 00000000 00:00 0 
b00a9000-b00c4000 r-xp 00000000 08:04 1843825    /lib/libgcc_s.so.1
b00c4000-b00c5000 r--p 0001a000 08:04 1843825    /lib/libgcc_s.so.1
b00c5000-b00c6000 rw-p 0001b000 08:04 1843825    /lib/libgcc_s.so.1
b00c9000-b00cb000 r--s 00015000 08:04 1966236    /home/cajero/workspace/Client/lib/xpp3.jar
b00cb000-b00ce000 r--s 00029000 08:04 1966235    /home/cajero/workspace/Client/lib/stax.jar
b00ce000-b00d7000 r--s 00051000 08:04 1966233    /home/cajero/workspace/Client/lib/simple-xml.jar
b00d7000-b00de000 r--s 00000000 08:04 2228958    /var/cache/fontconfig/77e41c5059666d75f92e318d4be8c21e-x86.cache-2
b00de000-b00f3000 r--s 00000000 08:04 2228963    /var/cache/fontconfig/7ef2298fde41cc6eeb7af42e48b7d293-x86.cache-2
b00f3000-b0154000 r-xp 00000000 08:04 287360     /usr/java/jdk1.7.0_80/jre/lib/i386/libfontmanager.so
b0154000-b0157000 rw-p 00060000 08:04 287360     /usr/java/jdk1.7.0_80/jre/lib/i386/libfontmanager.so
b0157000-b015b000 rw-p 00000000 00:00 0 
b015b000-b015e000 ---p 00000000 00:00 0 
b015e000-b01ac000 rw-p 00000000 00:00 0 
b01ac000-b01af000 ---p 00000000 00:00 0 
b01af000-b01fd000 rw-p 00000000 00:00 0 
b01fd000-b0219000 r-xp 00000000 08:04 2313747    /usr/lib/libxcb.so.1.0.0
b0219000-b021a000 r--p 0001b000 08:04 2313747    /usr/lib/libxcb.so.1.0.0
b021a000-b021b000 rw-p 0001c000 08:04 2313747    /usr/lib/libxcb.so.1.0.0
b021b000-b021c000 r-xp 00000000 08:04 2313737    /usr/lib/libxcb-xlib.so.0.0.0
b021c000-b021d000 r--p 00000000 08:04 2313737    /usr/lib/libxcb-xlib.so.0.0.0
b021d000-b021e000 rw-p 00001000 08:04 2313737    /usr/lib/libxcb-xlib.so.0.0.0
b021e000-b0227000 r-xp 00000000 08:04 1310996    /usr/lib/libXi.so.6.0.0
b0227000-b0228000 r--p 00008000 08:04 1310996    /usr/lib/libXi.so.6.0.0
b0228000-b0229000 rw-p 00009000 08:04 1310996    /usr/lib/libXi.so.6.0.0
b0229000-b0358000 r-xp 00000000 08:04 1310767    /usr/lib/libX11.so.6.2.0
b0358000-b0359000 r--p 0012f000 08:04 1310767    /usr/lib/libX11.so.6.2.0
b0359000-b035c000 rw-p 00130000 08:04 1310767    /usr/lib/libX11.so.6.2.0
b035c000-b036b000 r-xp 00000000 08:04 1310838    /usr/lib/libXext.so.6.4.0
b036b000-b036c000 r--p 0000e000 08:04 1310838    /usr/lib/libXext.so.6.4.0
b036c000-b036d000 rw-p 0000f000 08:04 1310838    /usr/lib/libXext.so.6.4.0
b036e000-b036f000 r--s 00002000 08:04 1966272    /home/cajero/workspace/Client/lib/Client-Side.jar
b036f000-b0371000 r--s 00005000 08:04 1966234    /home/cajero/workspace/Client/lib/stax-api.jar
b0371000-b0376000 r--s 00000000 08:04 2228957    /var/cache/fontconfig/d62e99ef547d1d24cdb1bd22ec1a2976-x86.cache-2
b0376000-b0384000 r-xp 00000000 08:04 287392     /usr/java/jdk1.7.0_80/jre/lib/i386/libnio.so
b0384000-b0385000 rw-p 0000e000 08:04 287392     /usr/java/jdk1.7.0_80/jre/lib/i386/libnio.so
b0385000-b0389000 r-xp 00000000 08:04 1310836    /usr/lib/libXfixes.so.3.1.0
b0389000-b038a000 r--p 00003000 08:04 1310836    /usr/lib/libXfixes.so.3.1.0
b038a000-b038b000 rw-p 00004000 08:04 1310836    /usr/lib/libXfixes.so.3.1.0
b038b000-b0394000 r-xp 00000000 08:04 1310982    /usr/lib/libXcursor.so.1.0.2
b0394000-b0395000 r--p 00008000 08:04 1310982    /usr/lib/libXcursor.so.1.0.2
b0395000-b0396000 rw-p 00009000 08:04 1310982    /usr/lib/libXcursor.so.1.0.2
b0396000-b0398000 r-xp 00000000 08:04 2435454    /usr/lib/gconv/ISO8859-1.so
b0398000-b0399000 r--p 00001000 08:04 2435454    /usr/lib/gconv/ISO8859-1.so
b0399000-b039a000 rw-p 00002000 08:04 2435454    /usr/lib/gconv/ISO8859-1.so
b039a000-b03e3000 r-xp 00000000 08:04 295557     /usr/java/jdk1.7.0_80/jre/lib/i386/xawt/libmawt.so
b03e3000-b03e5000 rw-p 00049000 08:04 295557     /usr/java/jdk1.7.0_80/jre/lib/i386/xawt/libmawt.so
b03e5000-b03e6000 rw-p 00000000 00:00 0 
b03e6000-b046c000 r-xp 00000000 08:04 287356     /usr/java/jdk1.7.0_80/jre/lib/i386/libawt.so
b046c000-b0473000 rw-p 00086000 08:04 287356     /usr/java/jdk1.7.0_80/jre/lib/i386/libawt.so
b0473000-b0497000 rw-p 00000000 00:00 0 
b0497000-b0498000 ---p 00000000 00:00 0 
b0498000-b0c98000 rw-p 00000000 00:00 0 
b0c98000-b0c99000 ---p 00000000 00:00 0 
b0c99000-b1499000 rw-p 00000000 00:00 0 
b1499000-b149a000 ---p 00000000 00:00 0 
b149a000-b1c9a000 rw-p 00000000 00:00 0 
b1c9a000-b1c9b000 ---p 00000000 00:00 0 
b1c9b000-b249b000 rw-p 00000000 00:00 0 
b24cb000-b24cc000 ---p 00000000 00:00 0 
b24cc000-b2ccc000 rw-p 00000000 00:00 0 
b2ccc000-b2cd1000 r-xp 00000000 08:04 174766     /opt/DigitalPersona/urusdk-linux/Linux/lib/x86/libdpDrvDatApi.so.2.0.0.8
b2cd1000-b2cd2000 rw-p 00005000 08:04 174766     /opt/DigitalPersona/urusdk-linux/Linux/lib/x86/libdpDrvDatApi.so.2.0.0.8
b2cd2000-b2ce1000 r-xp 00000000 08:04 174769     /opt/DigitalPersona/urusdk-linux/Linux/lib/x86/libdpFC.so.2.0.0.8
b2ce1000-b2ce2000 rw-p 0000f000 08:04 174769     /opt/DigitalPersona/urusdk-linux/Linux/lib/x86/libdpFC.so.2.0.0.8
b2ce2000-b2ce6000 r-xp 00000000 08:04 174793     /opt/DigitalPersona/urusdk-linux/Linux/lib/x86/libdpUsbAda.so.2.0.0.8
b2ce6000-b2ce7000 rw-p 00003000 08:04 174793     /opt/DigitalPersona/urusdk-linux/Linux/lib/x86/libdpUsbAda.so.2.0.0.8
b2ce7000-b2cf2000 r-xp 00000000 08:04 174784     /opt/DigitalPersona/urusdk-linux/Linux/lib/x86/libdpI00701.so.2.0.0.8
b2cf2000-b2cf3000 rw-p 0000a000 08:04 174784     /opt/DigitalPersona/urusdk-linux/Linux/lib/x86/libdpI00701.so.2.0.0.8
b2cf3000-b2d0b000 r-xp 00000000 08:04 174757     /opt/DigitalPersona/urusdk-linux/Linux/lib/x86/libdpD00701.so.2.0.0.8
b2d0b000-b2d0c000 rw-p 00018000 08:04 174757     /opt/DigitalPersona/urusdk-linux/Linux/lib/x86/libdpD00701.so.2.0.0.8
b2d0c000-b2d13000 r-xp 00000000 08:04 174760     /opt/DigitalPersona/urusdk-linux/Linux/lib/x86/libdpDevMgr.so.2.0.0.8
b2d13000-b2d14000 rw-p 00006000 08:04 174760     /opt/DigitalPersona/urusdk-linux/Linux/lib/x86/libdpDevMgr.so.2.0.0.8
b2d14000-b2d1a000 r-xp 00000000 08:04 174763     /opt/DigitalPersona/urusdk-linux/Linux/lib/x86/libdpDrvApi.so.2.0.0.8
b2d1a000-b2d1b000 rw-p 00005000 08:04 174763     /opt/DigitalPersona/urusdk-linux/Linux/lib/x86/libdpDrvApi.so.2.0.0.8
b2d1f000-b2d26000 rw-p 00000000 00:00 0 
b2d26000-b2d2e000 r-xp 00000000 08:04 174775     /opt/DigitalPersona/urusdk-linux/Linux/lib/x86/libdpfpdd.so.2.2.3
b2d2e000-b2d2f000 rw-p 00007000 08:04 174775     /opt/DigitalPersona/urusdk-linux/Linux/lib/x86/libdpfpdd.so.2.2.3
b2d2f000-b2d30000 r--s 00007000 08:04 1966232    /home/cajero/workspace/Client/lib/samples-utils.jar
b2d30000-b2d31000 r--s 009af000 08:04 1966231    /home/cajero/workspace/Client/lib/neurotec-native-macosx-universal.jar
b2d31000-b2d33000 r-xp 00000000 08:04 2313267    /usr/lib/libXau.so.6.0.0
b2d33000-b2d34000 r--p 00001000 08:04 2313267    /usr/lib/libXau.so.6.0.0
b2d34000-b2d35000 rw-p 00002000 08:04 2313267    /usr/lib/libXau.so.6.0.0
b2d35000-b2d3a000 r-xp 00000000 08:04 1311006    /usr/lib/libXtst.so.6.1.0
b2d3a000-b2d3b000 r--p 00004000 08:04 1311006    /usr/lib/libXtst.so.6.1.0
b2d3b000-b2d3c000 rw-p 00005000 08:04 1311006    /usr/lib/libXtst.so.6.1.0
b2d3c000-b2d44000 r-xp 00000000 08:04 1310834    /usr/lib/libXrender.so.1.3.0
b2d44000-b2d45000 r--p 00007000 08:04 1310834    /usr/lib/libXrender.so.1.3.0
b2d45000-b2d46000 rw-p 00008000 08:04 1310834    /usr/lib/libXrender.so.1.3.0
b2d46000-b2d5b000 r-xp 00000000 08:04 287391     /usr/java/jdk1.7.0_80/jre/lib/i386/libnet.so
b2d5b000-b2d5c000 rw-p 00015000 08:04 287391     /usr/java/jdk1.7.0_80/jre/lib/i386/libnet.so
b2d5c000-b2d67000 r-xp 00000000 08:04 1966243    /home/cajero/workspace/Client/libHuellas/linux-32 bits/NdmMedia.so
b2d67000-b2d68000 rw-p 0000a000 08:04 1966243    /home/cajero/workspace/Client/libHuellas/linux-32 bits/NdmMedia.so
b2d68000-b2d69000 ---p 00000000 00:00 0 
b2d69000-b3569000 rw-p 00000000 00:00 0 
b3569000-b3598000 r-xp 00000000 08:04 1966251    /home/cajero/workspace/Client/libHuellas/linux-32 bits/libNLicensing.so
b3598000-b35a3000 rw-p 0002f000 08:04 1966251    /home/cajero/workspace/Client/libHuellas/linux-32 bits/libNLicensing.so
b35a3000-b35a4000 rw-p 00000000 00:00 0 
b35a4000-b3701000 r-xp 00000000 08:04 1966245    /home/cajero/workspace/Client/libHuellas/linux-32 bits/libNBiometricClient.so
b3701000-b370a000 rw-p 0015d000 08:04 1966245    /home/cajero/workspace/Client/libHuellas/linux-32 bits/libNBiometricClient.so
b370a000-b3732000 r-xp 00000000 08:04 1966250    /home/cajero/workspace/Client/libHuellas/linux-32 bits/libNDevices.so
b3732000-b373d000 rw-p 00027000 08:04 1966250    /home/cajero/workspace/Client/libHuellas/linux-32 bits/libNDevices.so
b373d000-b3cbb000 r-xp 00000000 08:04 1966246    /home/cajero/workspace/Client/libHuellas/linux-32 bits/libNBiometrics.so
b3cbb000-b3d24000 rw-p 0057d000 08:04 1966246    /home/cajero/workspace/Client/libHuellas/linux-32 bits/libNBiometrics.so
b3d24000-b3d2a000 rw-p 00000000 00:00 0 
b3d2a000-b3ee5000 r-xp 00000000 08:04 1966252    /home/cajero/workspace/Client/libHuellas/linux-32 bits/libNMedia.so
b3ee5000-b3eff000 rw-p 001bb000 08:04 1966252    /home/cajero/workspace/Client/libHuellas/linux-32 bits/libNMedia.so
b3eff000-b3f00000 rw-p 00000000 00:00 0 
b3f00000-b3ffe000 rw-p 00000000 00:00 0 
b3ffe000-b4000000 ---p 00000000 00:00 0 
b4000000-b4003000 r-xp 00000000 08:04 174787     /opt/DigitalPersona/urusdk-linux/Linux/lib/x86/libdpObjMgr.so.2.0.0.8
b4003000-b4004000 rw-p 00002000 08:04 174787     /opt/DigitalPersona/urusdk-linux/Linux/lib/x86/libdpObjMgr.so.2.0.0.8
b4004000-b4009000 r-xp 00000000 08:04 1966241    /home/cajero/workspace/Client/libHuellas/linux-32 bits/FScanners/NdmDigitalPersonaUareU/NdmDigitalPersonaUareU.so
b4009000-b400a000 rw-p 00005000 08:04 1966241    /home/cajero/workspace/Client/libHuellas/linux-32 bits/FScanners/NdmDigitalPersonaUareU/NdmDigitalPersonaUareU.so
b400a000-b401f000 r-xp 00000000 08:04 1966244    /home/cajero/workspace/Client/libHuellas/linux-32 bits/NdmVirtual.so
b401f000-b4024000 rw-p 00014000 08:04 1966244    /home/cajero/workspace/Client/libHuellas/linux-32 bits/NdmVirtual.so
b4024000-b402f000 rwxp 00000000 00:00 0 
b402f000-b408a000 r-xp 00000000 08:04 1966253    /home/cajero/workspace/Client/libHuellas/linux-32 bits/libNMediaProc.so
b408a000-b4094000 rw-p 0005a000 08:04 1966253    /home/cajero/workspace/Client/libHuellas/linux-32 bits/libNMediaProc.so
b4094000-b4098000 rwxp 00000000 00:00 0 
b4098000-b409d000 r--s 00038000 08:04 1966230    /home/cajero/workspace/Client/lib/neurotec-media.jar
b409d000-b409e000 r--s 00004000 08:04 1966229    /home/cajero/workspace/Client/lib/neurotec-media-processing.jar
b409e000-b40a0000 r--s 0000a000 08:04 1966228    /home/cajero/workspace/Client/lib/neurotec-licensing.jar
b40a0000-b40a1000 r--p 00000000 00:00 0 
b40a1000-b40a2000 rwxp 00000000 00:00 0 
b40a2000-b40c0000 r--p 00000000 08:04 2419102    /usr/share/locale/es/LC_MESSAGES/libc.mo
b40c0000-b423e000 r-xp 00000000 08:04 1966249    /home/cajero/workspace/Client/libHuellas/linux-32 bits/libNCore.so
b423e000-b424f000 rw-p 0017e000 08:04 1966249    /home/cajero/workspace/Client/libHuellas/linux-32 bits/libNCore.so
b424f000-b4251000 rw-p 00000000 00:00 0 
b4251000-b4265000 r-xp 00000000 08:04 1860823    /tmp/jna-cajero/jna3429525539155737205.tmp (deleted)
b4265000-b4266000 rw-p 00014000 08:04 1860823    /tmp/jna-cajero/jna3429525539155737205.tmp (deleted)
b4266000-b4269000 r--s 00019000 08:04 287406     /usr/java/jdk1.7.0_80/jre/lib/jce.jar
b4269000-b426d000 r--s 0008b000 08:04 287420     /usr/java/jdk1.7.0_80/jre/lib/jsse.jar
b426d000-b4274000 r--s 0002d000 08:04 1966227    /home/cajero/workspace/Client/lib/neurotec-devices.jar
b4274000-b4276000 r--s 00005000 08:04 1966226    /home/cajero/workspace/Client/lib/neurotec-devices-virtual.jar
b4276000-b4283000 r--s 000a0000 08:04 1966225    /home/cajero/workspace/Client/lib/neurotec-core.jar
b4283000-b4295000 r--s 000e3000 08:04 1966224    /home/cajero/workspace/Client/lib/neurotec-biometrics.jar
b4295000-b4297000 r--s 0000b000 08:04 1966223    /home/cajero/workspace/Client/lib/neurotec-biometrics-client.jar
b4297000-b429a000 r--s 000a6000 08:04 1966222    /home/cajero/workspace/Client/lib/jna.jar
b429a000-b429e000 r--s 0002a000 08:04 1966221    /home/cajero/workspace/Client/lib/commons-io.jar
b429e000-b429f000 ---p 00000000 00:00 0 
b429f000-b431f000 rw-p 00000000 00:00 0 
b431f000-b4322000 ---p 00000000 00:00 0 
b4322000-b4370000 rw-p 00000000 00:00 0 
b4370000-b4373000 ---p 00000000 00:00 0 
b4373000-b43f1000 rw-p 00000000 00:00 0 
b43f1000-b43f4000 ---p 00000000 00:00 0 
b43f4000-b448d000 rw-p 00000000 00:00 0 
b448d000-b464d000 r--s 039fb000 08:04 287422     /usr/java/jdk1.7.0_80/jre/lib/rt.jar
b464d000-b468c000 r--p 00000000 08:04 49629      /usr/lib/locale/es_ES.utf8/LC_CTYPE
b468c000-b468d000 r--p 00000000 08:04 49605      /usr/lib/locale/es_ES.utf8/LC_NUMERIC
b468d000-b468e000 r--p 00000000 08:04 34267      /usr/lib/locale/es_ES.utf8/LC_TIME
b468e000-b47ab000 r--p 00000000 08:04 49630      /usr/lib/locale/es_ES.utf8/LC_COLLATE
b47ab000-b47ac000 r--p 00000000 08:04 49607      /usr/lib/locale/es_ES.utf8/LC_MONETARY
b47ac000-b47ad000 r--p 00000000 08:04 42251      /usr/lib/locale/es_ES.utf8/LC_MESSAGES/SYS_LC_MESSAGES
b47ad000-b47ae000 r--p 00000000 08:04 49626      /usr/lib/locale/es_ES.utf8/LC_PAPER
b47ae000-b47af000 r--p 00000000 08:04 49606      /usr/lib/locale/es_ES.utf8/LC_NAME
b47af000-b47b0000 r--p 00000000 08:04 34843      /usr/lib/locale/es_ES.utf8/LC_ADDRESS
b47b0000-b47b1000 r--p 00000000 08:04 34842      /usr/lib/locale/es_ES.utf8/LC_TELEPHONE
b47b1000-b47b2000 r--p 00000000 08:04 49628      /usr/lib/locale/es_ES.utf8/LC_MEASUREMENT
b47b2000-b47b9000 r--s 00000000 08:04 2435517    /usr/lib/gconv/gconv-modules.cache
b47b9000-b47bc000 ---p 00000000 00:00 0 
b47bc000-b480a000 rw-p 00000000 00:00 0 
b480a000-b480d000 ---p 00000000 00:00 0 
b480d000-b485b000 rw-p 00000000 00:00 0 
b485b000-b485c000 ---p 00000000 00:00 0 
b485c000-b48ea000 rw-p 00000000 00:00 0 
b48ea000-b4904000 rw-p 00000000 00:00 0 
b4904000-b490a000 rw-p 00000000 00:00 0 
b490a000-b4956000 rw-p 00000000 00:00 0 
b4956000-b4959000 rw-p 00000000 00:00 0 
b4959000-b497e000 rw-p 00000000 00:00 0 
b497e000-b4984000 rw-p 00000000 00:00 0 
b4984000-b49d0000 rw-p 00000000 00:00 0 
b49d0000-b49d6000 rw-p 00000000 00:00 0 
b49d6000-b49f0000 rw-p 00000000 00:00 0 
b49f0000-b4a03000 rw-p 00000000 00:00 0 
b4a03000-b4a7c000 rw-p 00000000 00:00 0 
b4a7c000-b4c04000 rwxp 00000000 00:00 0 
b4c04000-b6a7c000 rw-p 00000000 00:00 0 
b6a7c000-b6a84000 rw-s 00000000 08:04 1860819    /tmp/hsperfdata_cajero/3727 (deleted)
b6a84000-b6ab9000 r--s 00000000 08:04 2229045    /var/run/nscd/passwd
b6ab9000-b6adc000 r-xp 00000000 08:04 287370     /usr/java/jdk1.7.0_80/jre/lib/i386/libjava.so
b6adc000-b6add000 rw-p 00023000 08:04 287370     /usr/java/jdk1.7.0_80/jre/lib/i386/libjava.so
b6add000-b6ae5000 r-xp 00000000 08:04 1843791    /lib/librt-2.11.3.so
b6ae5000-b6ae6000 r--p 00007000 08:04 1843791    /lib/librt-2.11.3.so
b6ae6000-b6ae7000 rw-p 00008000 08:04 1843791    /lib/librt-2.11.3.so
b6ae7000-b6aea000 ---p 00000000 00:00 0 
b6aea000-b6b38000 rw-p 00000000 00:00 0 
b6b38000-b6b5f000 r-xp 00000000 08:04 1843769    /lib/libm-2.11.3.so
b6b5f000-b6b60000 r--p 00026000 08:04 1843769    /lib/libm-2.11.3.so
b6b60000-b6b61000 rw-p 00027000 08:04 1843769    /lib/libm-2.11.3.so
b6b61000-b70f6000 r-xp 00000000 08:04 287345     /usr/java/jdk1.7.0_80/jre/lib/i386/client/libjvm.so
b70f6000-b7117000 rw-p 00595000 08:04 287345     /usr/java/jdk1.7.0_80/jre/lib/i386/client/libjvm.so
b7117000-b7538000 rw-p 00000000 00:00 0 
b7538000-b76a4000 r-xp 00000000 08:04 1843761    /lib/libc-2.11.3.so
b76a4000-b76a5000 ---p 0016c000 08:04 1843761    /lib/libc-2.11.3.so
b76a5000-b76a7000 r--p 0016c000 08:04 1843761    /lib/libc-2.11.3.so
b76a7000-b76a8000 rw-p 0016e000 08:04 1843761    /lib/libc-2.11.3.so
b76a8000-b76ac000 rw-p 00000000 00:00 0 
b76ac000-b76af000 r-xp 00000000 08:04 1843767    /lib/libdl-2.11.3.so
b76af000-b76b0000 r--p 00002000 08:04 1843767    /lib/libdl-2.11.3.so
b76b0000-b76b1000 rw-p 00003000 08:04 1843767    /lib/libdl-2.11.3.so
b76b1000-b76c5000 r-xp 00000000 08:04 264696     /usr/java/jdk1.7.0_80/lib/i386/jli/libjli.so
b76c5000-b76c6000 rw-p 00013000 08:04 264696     /usr/java/jdk1.7.0_80/lib/i386/jli/libjli.so
b76c6000-b76dd000 r-xp 00000000 08:04 1843787    /lib/libpthread-2.11.3.so
b76dd000-b76de000 r--p 00016000 08:04 1843787    /lib/libpthread-2.11.3.so
b76de000-b76df000 rw-p 00017000 08:04 1843787    /lib/libpthread-2.11.3.so
b76df000-b76e1000 rw-p 00000000 00:00 0 
b76e1000-b76e2000 r--p 00000000 08:04 34265      /usr/lib/locale/es_ES.utf8/LC_IDENTIFICATION
b76e2000-b76e8000 rw-p 00000000 00:00 0 
b76e8000-b76ff000 r-xp 00000000 08:04 287403     /usr/java/jdk1.7.0_80/jre/lib/i386/libzip.so
b76ff000-b7700000 rw-p 00016000 08:04 287403     /usr/java/jdk1.7.0_80/jre/lib/i386/libzip.so
b7700000-b7701000 rw-p 00000000 00:00 0 
b7701000-b7702000 ---p 00000000 00:00 0 
b7702000-b770d000 r-xp 00000000 08:04 287402     /usr/java/jdk1.7.0_80/jre/lib/i386/libverify.so
b770d000-b770e000 rw-p 0000b000 08:04 287402     /usr/java/jdk1.7.0_80/jre/lib/i386/libverify.so
b770e000-b770f000 rw-p 00000000 00:00 0 
b770f000-b772e000 r-xp 00000000 08:04 1843754    /lib/ld-2.11.3.so
b772e000-b772f000 r--p 0001e000 08:04 1843754    /lib/ld-2.11.3.so
b772f000-b7730000 rw-p 0001f000 08:04 1843754    /lib/ld-2.11.3.so
bfa64000-bfa65000 rwxp 00000000 00:00 0 
bfa96000-bfab8000 rw-p 00000000 00:00 0          [stack]
ffffe000-fffff000 r-xp 00000000 00:00 0          [vdso]

VM Arguments:
jvm_args: -Dfile.encoding=UTF-8 
java_command: webServices.ClienteWS
Launcher Type: SUN_STANDARD

Environment Variables:
CLASSPATH=:/usr/local/NCRRetail:/usr/local/NCRRetail/jar/NCRRetailCommon.jar:/usr/local/NCRRetail/jar/jpos.jar:/usr/local/NCRRetail/jar/NCRJavaPOS.jar:/usr/local/NCRRetail/jar/jcl_editor.jar:/usr/local/NCRRetail/jar/xerces.jar:/usr/local/NCRRetail/jar/NCRConfigManager.jar:/usr/local/NCRRetail/jar/NCRSystemMonitor.jar
PATH=/home/cajero/bin:/usr/local/bin:/usr/bin:/bin:/usr/bin/X11:/usr/X11R6/bin:/usr/games:/usr/lib/mit/bin:/usr/lib/mit/sbin
USERNAME=cajero
LD_LIBRARY_PATH=/usr/java/jdk1.7.0_80/jre/lib/i386/client:/usr/java/jdk1.7.0_80/jre/lib/i386:/home/cajero/workspace/Client/libHuellas/linux-32 bits/
SHELL=/bin/bash
DISPLAY=:0.0
HOSTTYPE=i386
OSTYPE=linux
MACHTYPE=i686-suse-linux

Signal Handlers:
SIGSEGV: [libjvm.so+0x511b30], sa_mask[0]=0x7ffbfeff, sa_flags=0x10000004
SIGBUS: [libjvm.so+0x511b30], sa_mask[0]=0x7ffbfeff, sa_flags=0x10000004
SIGFPE: [libjvm.so+0x406570], sa_mask[0]=0x7ffbfeff, sa_flags=0x10000004
SIGPIPE: [libjvm.so+0x406570], sa_mask[0]=0x7ffbfeff, sa_flags=0x10000004
SIGXFSZ: [libjvm.so+0x406570], sa_mask[0]=0x7ffbfeff, sa_flags=0x10000004
SIGILL: [libjvm.so+0x406570], sa_mask[0]=0x7ffbfeff, sa_flags=0x10000004
SIGUSR1: SIG_DFL, sa_mask[0]=0x00000000, sa_flags=0x00000000
SIGUSR2: [libjvm.so+0x407de0], sa_mask[0]=0x00000004, sa_flags=0x10000004
SIGHUP: [libjvm.so+0x409110], sa_mask[0]=0x7ffbfeff, sa_flags=0x10000004
SIGINT: [libjvm.so+0x409110], sa_mask[0]=0x7ffbfeff, sa_flags=0x10000004
SIGTERM: [libjvm.so+0x409110], sa_mask[0]=0x7ffbfeff, sa_flags=0x10000004
SIGQUIT: [libjvm.so+0x409110], sa_mask[0]=0x7ffbfeff, sa_flags=0x10000004


---------------  S Y S T E M  ---------------

OS:SUSE Linux Enterprise Server 11 (i586)
VERSION = 11
PATCHLEVEL = 4

uname:Linux 3.0.101-63-pae #1 SMP Tue Jun 23 16:02:31 UTC 2015 (4b89d0c) i686
libc:glibc 2.11.3 NPTL 2.11.3 
rlimit: STACK 8192k, CORE 1k, NPROC 7679, NOFILE 8192, AS 2020800k
load average:0,34 0,38 0,19

/proc/meminfo:
MemTotal:         991720 kB
MemFree:           77844 kB
Buffers:           13584 kB
Cached:           457368 kB
SwapCached:           32 kB
Active:           477996 kB
Inactive:         384884 kB
Active(anon):     373572 kB
Inactive(anon):    46924 kB
Active(file):     104424 kB
Inactive(file):   337960 kB
Unevictable:           0 kB
Mlocked:               0 kB
HighTotal:        110152 kB
HighFree:           1480 kB
LowTotal:         881568 kB
LowFree:           76364 kB
SwapTotal:       1534200 kB
SwapFree:        1534008 kB
Dirty:               208 kB
Writeback:             0 kB
AnonPages:        391952 kB
Mapped:            81536 kB
Shmem:             28516 kB
Slab:              28320 kB
SReclaimable:      16124 kB
SUnreclaim:        12196 kB
KernelStack:        2544 kB
PageTables:         3356 kB
NFS_Unstable:          0 kB
Bounce:                0 kB
WritebackTmp:          0 kB
CommitLimit:     2030060 kB
Committed_AS:     999660 kB
VmallocTotal:     122880 kB
VmallocUsed:       19088 kB
VmallocChunk:     102400 kB
HardwareCorrupted:     0 kB
AnonHugePages:    278528 kB
HugePages_Total:       0
HugePages_Free:        0
HugePages_Rsvd:        0
HugePages_Surp:        0
Hugepagesize:       2048 kB
DirectMap4k:       10232 kB
DirectMap2M:      892928 kB


CPU:total 1 (1 cores per cpu, 1 threads per core) family 6 model 23 stepping 10, cmov, cx8, fxsr, mmx, sse, sse2, sse3, ssse3, tsc

/proc/cpuinfo:
processor	: 0
vendor_id	: GenuineIntel
cpu family	: 6
model		: 23
model name	: Intel(R) Celeron(R) CPU          900  @ 2.20GHz
stepping	: 10
microcode	: 2571
cpu MHz		: 2194.645
cache size	: 1024 KB
fdiv_bug	: no
hlt_bug		: no
f00f_bug	: no
coma_bug	: no
fpu		: yes
fpu_exception	: yes
cpuid level	: 13
wp		: yes
flags		: fpu vme de pse tsc msr pae mce cx8 apic sep mtrr pge mca cmov pat pse36 clflush dts acpi mmx fxsr sse sse2 ss tm pbe nx lm constant_tsc up arch_perfmon pebs bts aperfmperf pni dtes64 monitor ds_cpl tm2 ssse3 cx16 xtpr pdcm xsave lahf_lm dtherm
bogomips	: 4389.29
clflush size	: 64
cache_alignment	: 64
address sizes	: 36 bits physical, 48 bits virtual
power management:



Memory: 4k page, physical 991720k(77844k free), swap 1534200k(1534008k free)

vm_info: Java HotSpot(TM) Client VM (24.80-b11) for linux-x86 JRE (1.7.0_80-b15), built on Apr 10 2015 12:41:05 by "java_re" with gcc 4.3.0 20080428 (Red Hat 4.3.0-8)

time: Thu Sep 15 07:29:03 2016
elapsed time: 90 seconds

