#
# A fatal error has been detected by the Java Runtime Environment:
#
#  SIGSEGV (0xb) at pc=0xb2e434e0, pid=3659, tid=3029277552
#
# JRE version: Java(TM) SE Runtime Environment (7.0_80-b15) (build 1.7.0_80-b15)
# Java VM: Java HotSpot(TM) Client VM (24.80-b11 mixed mode, sharing linux-x86 )
# Problematic frame:
# C  [libdpfpdd.so+0x34e0]  _init+0x23dc
#
# Core dump written. Default location: /home/cajero/workspace/Client/core or core.3659 (max size 1 kB). To ensure a full core dump, try "ulimit -c unlimited" before starting Java again
#
# If you would like to submit a bug report, please visit:
#   http://bugreport.java.com/bugreport/crash.jsp
#

---------------  T H R E A D  ---------------

Current thread (0x08071400):  VMThread [stack: 0xb4871000,0xb48f2000] [id=3665]

siginfo:si_signo=SIGSEGV: si_errno=0, si_code=1 (SEGV_MAPERR), si_addr=0x4c149fb4

Registers:
EAX=0xb2e48ba0, EBX=0xb2e48d3c, ECX=0x084570a4, EDX=0x4c149f40
ESP=0xb48f0aa0, EBP=0xb48f0af8, ESI=0x4c149fb4, EDI=0x084571b4
EIP=0xb2e434e0, EFLAGS=0x00010206, CR2=0x4c149fb4

Top of Stack: (sp=0xb48f0aa0)
0xb48f0aa0:   084571b4 b2e47889 00000000 b425b598
0xb48f0ab0:   00000000 b48f0acc b48f0adc 4c149f40
0xb48f0ac0:   0845a658 b773a010 0000018c b425b598
0xb48f0ad0:   0845a658 b48f0bbc b48f0b08 00000000
0xb48f0ae0:   b48f1b70 00000000 b2e47889 b2e48d3c
0xb48f0af0:   b2e7b320 b48f0bbc b48f0b08 b2e45180
0xb48f0b00:   b2e48e34 b2e7b194 b48f0b38 b2e77e63
0xb48f0b10:   00000000 b2e7b344 00000000 b48f0b28 

Instructions: (pc=0xb2e434e0)
0xb2e434c0:   c4 0f 84 93 01 00 00 8b 93 d4 ff ff ff 81 6d c4
0xb2e434d0:   84 00 00 00 8b 75 c4 8d 42 08 8b 55 c4 83 c6 74
0xb2e434e0:   89 42 74 8b 46 04 85 c0 74 08 89 04 24 e8 aa de
0xb2e434f0:   ff ff 8b 93 e8 ff ff ff c7 46 04 00 00 00 00 c7 

Register to memory mapping:

EAX=
[error occurred during error reporting (printing register info), id 0xb]

Stack: [0xb4871000,0xb48f2000],  sp=0xb48f0aa0,  free space=510k
Native frames: (J=compiled Java code, j=interpreted, Vv=VM code, C=native code)
C  [libdpfpdd.so+0x34e0]  _init+0x23dc
C  [libdpfpdd.so+0x5180]  dpfpdd_exit+0x20
C  [NdmDigitalPersonaUareU.so+0x1e63]  abort@@GLIBC_2.0+0x1e63
C  [NdmDigitalPersonaUareU.so+0x21f5]  abort@@GLIBC_2.0+0x21f5
C  [libNCore.so+0x14af0b]  NPluginGetState+0x1cab
C  [libNCore.so+0x14babc]  NPluginEnable+0x54c
C  [libNCore.so+0x14c454]  NPluginEnable+0xee4
C  [libNCore.so+0x14c54a]  NPluginUnplug+0xda
C  [NdmDigitalPersonaUareU.so+0x401e]  abort@@GLIBC_2.0+0x401e
C  [libNCore.so+0x75bd6]  NModuleUnregister+0x116
C  [NdmDigitalPersonaUareU.so+0x4641]  NdmDigitalPersonaUareUModuleOf+0x411
C  [NdmDigitalPersonaUareU.so+0x18b8]  abort@@GLIBC_2.0+0x18b8
C  [NdmDigitalPersonaUareU.so+0x4810]  NdmDigitalPersonaUareUModuleOf+0x5e0
C  [ld-linux.so.2+0xfeeb]  _dl_fini+0x1fb
C  [libc.so.6+0x2dc51]  __run_exit_handlers+0xc1
C  [libc.so.6+0x2dcaf]  __GI_exit+0x2f
V  [libjvm.so+0x2ac4d4]  vm_direct_exit(int)+0x24
V  [libjvm.so+0x51affc]  VM_Exit::doit()+0xac
V  [libjvm.so+0x51b057]  VM_Operation::evaluate()+0x47
V  [libjvm.so+0x5190f3]  VMThread::evaluate_operation(VM_Operation*)+0xb3
V  [libjvm.so+0x519490]  VMThread::loop()+0x1b0
V  [libjvm.so+0x5198f5]  VMThread::run()+0x85
V  [libjvm.so+0x40bcf9]  java_start(Thread*)+0x119
C  [libpthread.so.0+0x6839]  start_thread+0xd9

VM_Operation (0xb0145b30): Exit, mode: safepoint, requested by thread 0x08554000


---------------  P R O C E S S  ---------------

Java Threads: ( => current thread )
  0x08554000 JavaThread "SIGTERM handler" daemon [_thread_blocked, id=3697, stack(0xb00f6000,0xb0147000)]
  0x082e6800 JavaThread "AWT-XAWT" daemon [_thread_in_native, id=3681, stack(0xb0271000,0xb02c2000)]
  0x081b7c00 JavaThread "Java2D Disposer" daemon [_thread_blocked, id=3680, stack(0xb02c2000,0xb0313000)]
  0x0809cc00 JavaThread "Service Thread" daemon [_thread_blocked, id=3671, stack(0xb4335000,0xb4386000)]
  0x0809ac00 JavaThread "C1 CompilerThread0" daemon [_thread_blocked, id=3670, stack(0xb4386000,0xb4407000)]
  0x08074800 JavaThread "Finalizer" daemon [_thread_blocked, id=3668, stack(0xb47cf000,0xb4820000)]
  0x08073000 JavaThread "Reference Handler" daemon [_thread_blocked, id=3667, stack(0xb4820000,0xb4871000)]
  0x08051c00 JavaThread "main" [_thread_blocked, id=3661, stack(0xb6afd000,0xb6b4e000)]

Other Threads:
=>0x08071400 VMThread [stack: 0xb4871000,0xb48f2000] [id=3665]

VM state:at safepoint (shutting down)

VM Mutex/Monitor currently owned by a thread:  ([mutex/lock_event])
[0x080508a0] Threads_lock - owner thread: 0x08071400

Heap
 def new generation   total 4672K, used 2213K [0x7f800000, 0x7fd10000, 0x84950000)
  eden space 4160K,  40% used [0x7f800000, 0x7f9a96a0, 0x7fc10000)
  from space 512K, 100% used [0x7fc10000, 0x7fc90000, 0x7fc90000)
  to   space 512K,   0% used [0x7fc90000, 0x7fc90000, 0x7fd10000)
 tenured generation   total 10368K, used 6500K [0x84950000, 0x85370000, 0x8ec00000)
   the space 10368K,  62% used [0x84950000, 0x84fa9078, 0x84fa9200, 0x85370000)
 compacting perm gen  total 12288K, used 7225K [0x8ec00000, 0x8f800000, 0x92c00000)
   the space 12288K,  58% used [0x8ec00000, 0x8f30e7b0, 0x8f30e800, 0x8f800000)
    ro space 10240K,  48% used [0x92c00000, 0x930d5b48, 0x930d5c00, 0x93600000)
    rw space 12288K,  57% used [0x93600000, 0x93ce29c8, 0x93ce2a00, 0x94200000)

Card table byte_map: [0xb496c000,0xb4a12000] byte_map_base: 0xb4570000

Polling page: 0xb7717000

Code Cache  [0xb4a92000, 0xb4c1a000, 0xb6a92000)
 total_blobs=774 nmethods=517 adapters=194 free_code_cache=31223Kb largest_free_block=31969728

Compilation events (10 events):
Event: 14,728 Thread 0x0809ac00  515             java.util.ArrayList::rangeCheck (22 bytes)
Event: 14,729 Thread 0x0809ac00 nmethod 515 0xb4c11cc8 code [0xb4c11e30, 0xb4c120cc]
Event: 14,729 Thread 0x0809ac00  516             java.util.ArrayList::get (11 bytes)
Event: 14,730 Thread 0x0809ac00 nmethod 516 0xb4c12348 code [0xb4c12460, 0xb4c12594]
Event: 14,731 Thread 0x0809ac00  517             java.util.zip.ZipEntry::getSize (5 bytes)
Event: 14,731 Thread 0x0809ac00 nmethod 517 0xb4c12708 code [0xb4c12800, 0xb4c12880]
Event: 14,731 Thread 0x0809ac00  518  s!         sun.misc.URLClassPath::getLoader (154 bytes)
Event: 14,733 Thread 0x0809ac00 nmethod 518 0xb4c128c8 code [0xb4c12c10, 0xb4c13d18]
Event: 14,740 Thread 0x0809ac00  519             java.lang.ThreadLocal$ThreadLocalMap::set (136 bytes)
Event: 14,741 Thread 0x0809ac00 nmethod 519 0xb4b42a88 code [0xb4b42be0, 0xb4b42f04]

GC Heap History (10 events):
Event: 1,786 GC heap before
{Heap before GC invocations=11 (full 0):
 def new generation   total 4672K, used 4488K [0x7f800000, 0x7fd10000, 0x84950000)
  eden space 4160K, 100% used [0x7f800000, 0x7fc10000, 0x7fc10000)
  from space 512K,  64% used [0x7fc90000, 0x7fce22b0, 0x7fd10000)
  to   space 512K,   0% used [0x7fc10000, 0x7fc10000, 0x7fc90000)
 tenured generation   total 10368K, used 4319K [0x84950000, 0x85370000, 0x8ec00000)
   the space 10368K,  41% used [0x84950000, 0x84d87ee8, 0x84d88000, 0x85370000)
 compacting perm gen  total 12288K, used 3286K [0x8ec00000, 0x8f800000, 0x92c00000)
   the space 12288K,  26% used [0x8ec00000, 0x8ef358c8, 0x8ef35a00, 0x8f800000)
    ro space 10240K,  48% used [0x92c00000, 0x930d5b48, 0x930d5c00, 0x93600000)
    rw space 12288K,  57% used [0x93600000, 0x93ce29c8, 0x93ce2a00, 0x94200000)
Event: 1,788 GC heap after
Heap after GC invocations=12 (full 0):
 def new generation   total 4672K, used 223K [0x7f800000, 0x7fd10000, 0x84950000)
  eden space 4160K,   0% used [0x7f800000, 0x7f800000, 0x7fc10000)
  from space 512K,  43% used [0x7fc10000, 0x7fc47f78, 0x7fc90000)
  to   space 512K,   0% used [0x7fc90000, 0x7fc90000, 0x7fd10000)
 tenured generation   total 10368K, used 4643K [0x84950000, 0x85370000, 0x8ec00000)
   the space 10368K,  44% used [0x84950000, 0x84dd8eb8, 0x84dd9000, 0x85370000)
 compacting perm gen  total 12288K, used 3286K [0x8ec00000, 0x8f800000, 0x92c00000)
   the space 12288K,  26% used [0x8ec00000, 0x8ef358c8, 0x8ef35a00, 0x8f800000)
    ro space 10240K,  48% used [0x92c00000, 0x930d5b48, 0x930d5c00, 0x93600000)
    rw space 12288K,  57% used [0x93600000, 0x93ce29c8, 0x93ce2a00, 0x94200000)
}
Event: 1,898 GC heap before
{Heap before GC invocations=12 (full 0):
 def new generation   total 4672K, used 4383K [0x7f800000, 0x7fd10000, 0x84950000)
  eden space 4160K, 100% used [0x7f800000, 0x7fc10000, 0x7fc10000)
  from space 512K,  43% used [0x7fc10000, 0x7fc47f78, 0x7fc90000)
  to   space 512K,   0% used [0x7fc90000, 0x7fc90000, 0x7fd10000)
 tenured generation   total 10368K, used 4643K [0x84950000, 0x85370000, 0x8ec00000)
   the space 10368K,  44% used [0x84950000, 0x84dd8eb8, 0x84dd9000, 0x85370000)
 compacting perm gen  total 12288K, used 3409K [0x8ec00000, 0x8f800000, 0x92c00000)
   the space 12288K,  27% used [0x8ec00000, 0x8ef547d8, 0x8ef54800, 0x8f800000)
    ro space 10240K,  48% used [0x92c00000, 0x930d5b48, 0x930d5c00, 0x93600000)
    rw space 12288K,  57% used [0x93600000, 0x93ce29c8, 0x93ce2a00, 0x94200000)
Event: 1,900 GC heap after
Heap after GC invocations=13 (full 0):
 def new generation   total 4672K, used 417K [0x7f800000, 0x7fd10000, 0x84950000)
  eden space 4160K,   0% used [0x7f800000, 0x7f800000, 0x7fc10000)
  from space 512K,  81% used [0x7fc90000, 0x7fcf85e8, 0x7fd10000)
  to   space 512K,   0% used [0x7fc10000, 0x7fc10000, 0x7fc90000)
 tenured generation   total 10368K, used 4643K [0x84950000, 0x85370000, 0x8ec00000)
   the space 10368K,  44% used [0x84950000, 0x84dd8eb8, 0x84dd9000, 0x85370000)
 compacting perm gen  total 12288K, used 3409K [0x8ec00000, 0x8f800000, 0x92c00000)
   the space 12288K,  27% used [0x8ec00000, 0x8ef547d8, 0x8ef54800, 0x8f800000)
    ro space 10240K,  48% used [0x92c00000, 0x930d5b48, 0x930d5c00, 0x93600000)
    rw space 12288K,  57% used [0x93600000, 0x93ce29c8, 0x93ce2a00, 0x94200000)
}
Event: 14,059 GC heap before
{Heap before GC invocations=13 (full 0):
 def new generation   total 4672K, used 4577K [0x7f800000, 0x7fd10000, 0x84950000)
  eden space 4160K, 100% used [0x7f800000, 0x7fc10000, 0x7fc10000)
  from space 512K,  81% used [0x7fc90000, 0x7fcf85e8, 0x7fd10000)
  to   space 512K,   0% used [0x7fc10000, 0x7fc10000, 0x7fc90000)
 tenured generation   total 10368K, used 4643K [0x84950000, 0x85370000, 0x8ec00000)
   the space 10368K,  44% used [0x84950000, 0x84dd8eb8, 0x84dd9000, 0x85370000)
 compacting perm gen  total 12288K, used 3634K [0x8ec00000, 0x8f800000, 0x92c00000)
   the space 12288K,  29% used [0x8ec00000, 0x8ef8c850, 0x8ef8ca00, 0x8f800000)
    ro space 10240K,  48% used [0x92c00000, 0x930d5b48, 0x930d5c00, 0x93600000)
    rw space 12288K,  57% used [0x93600000, 0x93ce29c8, 0x93ce2a00, 0x94200000)
Event: 14,064 GC heap after
Heap after GC invocations=14 (full 0):
 def new generation   total 4672K, used 399K [0x7f800000, 0x7fd10000, 0x84950000)
  eden space 4160K,   0% used [0x7f800000, 0x7f800000, 0x7fc10000)
  from space 512K,  77% used [0x7fc10000, 0x7fc73d58, 0x7fc90000)
  to   space 512K,   0% used [0x7fc90000, 0x7fc90000, 0x7fd10000)
 tenured generation   total 10368K, used 4903K [0x84950000, 0x85370000, 0x8ec00000)
   the space 10368K,  47% used [0x84950000, 0x84e19f28, 0x84e1a000, 0x85370000)
 compacting perm gen  total 12288K, used 3634K [0x8ec00000, 0x8f800000, 0x92c00000)
   the space 12288K,  29% used [0x8ec00000, 0x8ef8c850, 0x8ef8ca00, 0x8f800000)
    ro space 10240K,  48% used [0x92c00000, 0x930d5b48, 0x930d5c00, 0x93600000)
    rw space 12288K,  57% used [0x93600000, 0x93ce29c8, 0x93ce2a00, 0x94200000)
}
Event: 14,269 GC heap before
{Heap before GC invocations=14 (full 0):
 def new generation   total 4672K, used 4559K [0x7f800000, 0x7fd10000, 0x84950000)
  eden space 4160K, 100% used [0x7f800000, 0x7fc10000, 0x7fc10000)
  from space 512K,  77% used [0x7fc10000, 0x7fc73d58, 0x7fc90000)
  to   space 512K,   0% used [0x7fc90000, 0x7fc90000, 0x7fd10000)
 tenured generation   total 10368K, used 4903K [0x84950000, 0x85370000, 0x8ec00000)
   the space 10368K,  47% used [0x84950000, 0x84e19f28, 0x84e1a000, 0x85370000)
 compacting perm gen  total 12288K, used 3947K [0x8ec00000, 0x8f800000, 0x92c00000)
   the space 12288K,  32% used [0x8ec00000, 0x8efdaff0, 0x8efdb000, 0x8f800000)
    ro space 10240K,  48% used [0x92c00000, 0x930d5b48, 0x930d5c00, 0x93600000)
    rw space 12288K,  57% used [0x93600000, 0x93ce29c8, 0x93ce2a00, 0x94200000)
Event: 14,277 GC heap after
Heap after GC invocations=15 (full 0):
 def new generation   total 4672K, used 512K [0x7f800000, 0x7fd10000, 0x84950000)
  eden space 4160K,   0% used [0x7f800000, 0x7f800000, 0x7fc10000)
  from space 512K, 100% used [0x7fc90000, 0x7fd10000, 0x7fd10000)
  to   space 512K,   0% used [0x7fc10000, 0x7fc10000, 0x7fc90000)
 tenured generation   total 10368K, used 5685K [0x84950000, 0x85370000, 0x8ec00000)
   the space 10368K,  54% used [0x84950000, 0x84edd480, 0x84edd600, 0x85370000)
 compacting perm gen  total 12288K, used 3947K [0x8ec00000, 0x8f800000, 0x92c00000)
   the space 12288K,  32% used [0x8ec00000, 0x8efdaff0, 0x8efdb000, 0x8f800000)
    ro space 10240K,  48% used [0x92c00000, 0x930d5b48, 0x930d5c00, 0x93600000)
    rw space 12288K,  57% used [0x93600000, 0x93ce29c8, 0x93ce2a00, 0x94200000)
}
Event: 14,653 GC heap before
{Heap before GC invocations=15 (full 0):
 def new generation   total 4672K, used 4672K [0x7f800000, 0x7fd10000, 0x84950000)
  eden space 4160K, 100% used [0x7f800000, 0x7fc10000, 0x7fc10000)
  from space 512K, 100% used [0x7fc90000, 0x7fd10000, 0x7fd10000)
  to   space 512K,   0% used [0x7fc10000, 0x7fc10000, 0x7fc90000)
 tenured generation   total 10368K, used 5685K [0x84950000, 0x85370000, 0x8ec00000)
   the space 10368K,  54% used [0x84950000, 0x84edd480, 0x84edd600, 0x85370000)
 compacting perm gen  total 12288K, used 6785K [0x8ec00000, 0x8f800000, 0x92c00000)
   the space 12288K,  55% used [0x8ec00000, 0x8f2a0650, 0x8f2a0800, 0x8f800000)
    ro space 10240K,  48% used [0x92c00000, 0x930d5b48, 0x930d5c00, 0x93600000)
    rw space 12288K,  57% used [0x93600000, 0x93ce29c8, 0x93ce2a00, 0x94200000)
Event: 14,662 GC heap after
Heap after GC invocations=16 (full 0):
 def new generation   total 4672K, used 512K [0x7f800000, 0x7fd10000, 0x84950000)
  eden space 4160K,   0% used [0x7f800000, 0x7f800000, 0x7fc10000)
  from space 512K, 100% used [0x7fc10000, 0x7fc90000, 0x7fc90000)
  to   space 512K,   0% used [0x7fc90000, 0x7fc90000, 0x7fd10000)
 tenured generation   total 10368K, used 6500K [0x84950000, 0x85370000, 0x8ec00000)
   the space 10368K,  62% used [0x84950000, 0x84fa9078, 0x84fa9200, 0x85370000)
 compacting perm gen  total 12288K, used 6785K [0x8ec00000, 0x8f800000, 0x92c00000)
   the space 12288K,  55% used [0x8ec00000, 0x8f2a0650, 0x8f2a0800, 0x8f800000)
    ro space 10240K,  48% used [0x92c00000, 0x930d5b48, 0x930d5c00, 0x93600000)
    rw space 12288K,  57% used [0x93600000, 0x93ce29c8, 0x93ce2a00, 0x94200000)
}

Deoptimization events (0 events):
No events

Internal exceptions (10 events):
Event: 14,728 Thread 0x08051c00 Threw 0x7f928d18 at /HUDSON/workspace/7u-2-build-linux-i586/jdk7u80/2329/hotspot/src/share/vm/prims/jvm.cpp:1319
Event: 14,730 Thread 0x08051c00 Threw 0x7f92cf38 at /HUDSON/workspace/7u-2-build-linux-i586/jdk7u80/2329/hotspot/src/share/vm/prims/jvm.cpp:1319
Event: 14,731 Thread 0x08051c00 Threw 0x7f930a80 at /HUDSON/workspace/7u-2-build-linux-i586/jdk7u80/2329/hotspot/src/share/vm/prims/jvm.cpp:1319
Event: 14,734 Thread 0x08051c00 Threw 0x7f934798 at /HUDSON/workspace/7u-2-build-linux-i586/jdk7u80/2329/hotspot/src/share/vm/prims/jvm.cpp:1319
Event: 14,734 Thread 0x08051c00 Threw 0x7f9383f0 at /HUDSON/workspace/7u-2-build-linux-i586/jdk7u80/2329/hotspot/src/share/vm/prims/jvm.cpp:1319
Event: 14,735 Thread 0x08051c00 Threw 0x7f93cba0 at /HUDSON/workspace/7u-2-build-linux-i586/jdk7u80/2329/hotspot/src/share/vm/prims/jvm.cpp:1319
Event: 14,735 Thread 0x08051c00 Threw 0x7f941200 at /HUDSON/workspace/7u-2-build-linux-i586/jdk7u80/2329/hotspot/src/share/vm/prims/jvm.cpp:1319
Event: 14,736 Thread 0x08051c00 Threw 0x7f947738 at /HUDSON/workspace/7u-2-build-linux-i586/jdk7u80/2329/hotspot/src/share/vm/prims/jvm.cpp:1319
Event: 14,737 Thread 0x08051c00 Threw 0x7f94b8d0 at /HUDSON/workspace/7u-2-build-linux-i586/jdk7u80/2329/hotspot/src/share/vm/prims/jvm.cpp:1319
Event: 14,738 Thread 0x08051c00 Threw 0x7f9502c0 at /HUDSON/workspace/7u-2-build-linux-i586/jdk7u80/2329/hotspot/src/share/vm/prims/jvm.cpp:1319

Events (10 events):
Event: 27,307 loading class 0x942b89f0 done
Event: 27,307 Executing VM operation: RevokeBias
Event: 27,307 Executing VM operation: RevokeBias done
Event: 27,308 Executing VM operation: RevokeBias
Event: 27,308 Executing VM operation: RevokeBias done
Event: 27,308 Executing VM operation: RevokeBias
Event: 27,308 Executing VM operation: RevokeBias done
Event: 27,308 Thread 0x08593c00 Thread exited: 0x08593c00
Event: 27,308 Thread 0x08099000 Thread exited: 0x08099000
Event: 27,308 Executing VM operation: Exit


Dynamic libraries:
08048000-08049000 r-xp 00000000 08:04 2394621    /usr/java/jdk1.7.0_80/bin/java
08049000-0804a000 rw-p 00000000 08:04 2394621    /usr/java/jdk1.7.0_80/bin/java
0804a000-08672000 rw-p 00000000 00:00 0          [heap]
7f800000-7fd10000 rw-p 00000000 00:00 0 
7fd10000-84950000 rw-p 00000000 00:00 0 
84950000-85370000 rw-p 00000000 00:00 0 
85370000-8ec00000 rw-p 00000000 00:00 0 
8ec00000-8f800000 rw-p 00000000 00:00 0 
8f800000-92c00000 rw-p 00000000 00:00 0 
92c00000-930d6000 r--p 00001000 08:04 287204     /usr/java/jdk1.7.0_80/jre/lib/i386/client/classes.jsa
930d6000-93600000 rw-p 00000000 00:00 0 
93600000-93ce3000 rw-p 004d7000 08:04 287204     /usr/java/jdk1.7.0_80/jre/lib/i386/client/classes.jsa
93ce3000-94200000 rw-p 00000000 00:00 0 
94200000-944b5000 rw-p 00bba000 08:04 287204     /usr/java/jdk1.7.0_80/jre/lib/i386/client/classes.jsa
944b5000-94600000 rw-p 00000000 00:00 0 
94600000-94609000 r-xp 00e6f000 08:04 287204     /usr/java/jdk1.7.0_80/jre/lib/i386/client/classes.jsa
94609000-94a00000 rw-p 00000000 00:00 0 
aee9e000-aef88000 rw-p 00000000 00:00 0 
aef88000-aef8b000 ---p 00000000 00:00 0 
aef8b000-aefd9000 rw-p 00000000 00:00 0 
aefd9000-aefdc000 ---p 00000000 00:00 0 
aefdc000-af02a000 rw-p 00000000 00:00 0 
af02a000-af02b000 ---p 00000000 00:00 0 
af02b000-af82b000 rw-p 00000000 00:00 0 
af82b000-af82c000 ---p 00000000 00:00 0 
af82c000-b002c000 rw-p 00000000 00:00 0 
b002c000-b006c000 r--s 00000000 08:04 2228955    /var/cache/fontconfig/17090aa38d5c6f09fb8c5c354938f1d7-x86.cache-2
b006c000-b008e000 r--s 00000000 08:04 2228962    /var/cache/fontconfig/8d4af663993b81a124ee82e610bb31f9-x86.cache-2
b008e000-b00ce000 r--s 00000000 08:04 2228954    /var/cache/fontconfig/df311e82a1a24c41a75c2c930223552e-x86.cache-2
b00f6000-b00f9000 ---p 00000000 00:00 0 
b00f9000-b0147000 rw-p 00000000 00:00 0 
b0147000-b014b000 r--s 000f7000 08:04 287193     /usr/java/jdk1.7.0_80/jre/lib/ext/localedata.jar
b014b000-b0157000 r--s 000af000 08:04 287419     /usr/java/jdk1.7.0_80/jre/lib/resources.jar
b0157000-b01b7000 r-xp 00000000 08:04 287400     /usr/java/jdk1.7.0_80/jre/lib/i386/libt2k.so
b01b7000-b01bb000 rw-p 00060000 08:04 287400     /usr/java/jdk1.7.0_80/jre/lib/i386/libt2k.so
b01bb000-b01bf000 rw-p 00000000 00:00 0 
b01bf000-b01da000 r-xp 00000000 08:04 1843825    /lib/libgcc_s.so.1
b01da000-b01db000 r--p 0001a000 08:04 1843825    /lib/libgcc_s.so.1
b01db000-b01dc000 rw-p 0001b000 08:04 1843825    /lib/libgcc_s.so.1
b01df000-b01e1000 r--s 00015000 08:04 1966236    /home/cajero/workspace/Client/lib/xpp3.jar
b01e1000-b01e4000 r--s 00029000 08:04 1966235    /home/cajero/workspace/Client/lib/stax.jar
b01e4000-b01ed000 r--s 00051000 08:04 1966233    /home/cajero/workspace/Client/lib/simple-xml.jar
b01ed000-b01f4000 r--s 00000000 08:04 2228958    /var/cache/fontconfig/77e41c5059666d75f92e318d4be8c21e-x86.cache-2
b01f4000-b0209000 r--s 00000000 08:04 2228963    /var/cache/fontconfig/7ef2298fde41cc6eeb7af42e48b7d293-x86.cache-2
b0209000-b026a000 r-xp 00000000 08:04 287360     /usr/java/jdk1.7.0_80/jre/lib/i386/libfontmanager.so
b026a000-b026d000 rw-p 00060000 08:04 287360     /usr/java/jdk1.7.0_80/jre/lib/i386/libfontmanager.so
b026d000-b0271000 rw-p 00000000 00:00 0 
b0271000-b0274000 ---p 00000000 00:00 0 
b0274000-b02c2000 rw-p 00000000 00:00 0 
b02c2000-b02c5000 ---p 00000000 00:00 0 
b02c5000-b0313000 rw-p 00000000 00:00 0 
b0313000-b032f000 r-xp 00000000 08:04 2313747    /usr/lib/libxcb.so.1.0.0
b032f000-b0330000 r--p 0001b000 08:04 2313747    /usr/lib/libxcb.so.1.0.0
b0330000-b0331000 rw-p 0001c000 08:04 2313747    /usr/lib/libxcb.so.1.0.0
b0331000-b0332000 r-xp 00000000 08:04 2313737    /usr/lib/libxcb-xlib.so.0.0.0
b0332000-b0333000 r--p 00000000 08:04 2313737    /usr/lib/libxcb-xlib.so.0.0.0
b0333000-b0334000 rw-p 00001000 08:04 2313737    /usr/lib/libxcb-xlib.so.0.0.0
b0334000-b033d000 r-xp 00000000 08:04 1310996    /usr/lib/libXi.so.6.0.0
b033d000-b033e000 r--p 00008000 08:04 1310996    /usr/lib/libXi.so.6.0.0
b033e000-b033f000 rw-p 00009000 08:04 1310996    /usr/lib/libXi.so.6.0.0
b033f000-b0344000 r-xp 00000000 08:04 1311006    /usr/lib/libXtst.so.6.1.0
b0344000-b0345000 r--p 00004000 08:04 1311006    /usr/lib/libXtst.so.6.1.0
b0345000-b0346000 rw-p 00005000 08:04 1311006    /usr/lib/libXtst.so.6.1.0
b0346000-b034e000 r-xp 00000000 08:04 1310834    /usr/lib/libXrender.so.1.3.0
b034e000-b034f000 r--p 00007000 08:04 1310834    /usr/lib/libXrender.so.1.3.0
b034f000-b0350000 rw-p 00008000 08:04 1310834    /usr/lib/libXrender.so.1.3.0
b0350000-b047f000 r-xp 00000000 08:04 1310767    /usr/lib/libX11.so.6.2.0
b047f000-b0480000 r--p 0012f000 08:04 1310767    /usr/lib/libX11.so.6.2.0
b0480000-b0483000 rw-p 00130000 08:04 1310767    /usr/lib/libX11.so.6.2.0
b0484000-b0485000 r--s 00002000 08:04 1966272    /home/cajero/workspace/Client/lib/Client-Side.jar
b0485000-b0487000 r--s 00005000 08:04 1966234    /home/cajero/workspace/Client/lib/stax-api.jar
b0487000-b048c000 r--s 00000000 08:04 2228957    /var/cache/fontconfig/d62e99ef547d1d24cdb1bd22ec1a2976-x86.cache-2
b048c000-b049a000 r-xp 00000000 08:04 287392     /usr/java/jdk1.7.0_80/jre/lib/i386/libnio.so
b049a000-b049b000 rw-p 0000e000 08:04 287392     /usr/java/jdk1.7.0_80/jre/lib/i386/libnio.so
b049b000-b049f000 r-xp 00000000 08:04 1310836    /usr/lib/libXfixes.so.3.1.0
b049f000-b04a0000 r--p 00003000 08:04 1310836    /usr/lib/libXfixes.so.3.1.0
b04a0000-b04a1000 rw-p 00004000 08:04 1310836    /usr/lib/libXfixes.so.3.1.0
b04a1000-b04aa000 r-xp 00000000 08:04 1310982    /usr/lib/libXcursor.so.1.0.2
b04aa000-b04ab000 r--p 00008000 08:04 1310982    /usr/lib/libXcursor.so.1.0.2
b04ab000-b04ac000 rw-p 00009000 08:04 1310982    /usr/lib/libXcursor.so.1.0.2
b04ac000-b04ae000 r-xp 00000000 08:04 2435454    /usr/lib/gconv/ISO8859-1.so
b04ae000-b04af000 r--p 00001000 08:04 2435454    /usr/lib/gconv/ISO8859-1.so
b04af000-b04b0000 rw-p 00002000 08:04 2435454    /usr/lib/gconv/ISO8859-1.so
b04b0000-b04f9000 r-xp 00000000 08:04 295557     /usr/java/jdk1.7.0_80/jre/lib/i386/xawt/libmawt.so
b04f9000-b04fb000 rw-p 00049000 08:04 295557     /usr/java/jdk1.7.0_80/jre/lib/i386/xawt/libmawt.so
b04fb000-b04fc000 rw-p 00000000 00:00 0 
b04fc000-b0582000 r-xp 00000000 08:04 287356     /usr/java/jdk1.7.0_80/jre/lib/i386/libawt.so
b0582000-b0589000 rw-p 00086000 08:04 287356     /usr/java/jdk1.7.0_80/jre/lib/i386/libawt.so
b0589000-b05ad000 rw-p 00000000 00:00 0 
b05ad000-b05ae000 ---p 00000000 00:00 0 
b05ae000-b0dae000 rw-p 00000000 00:00 0 
b0dae000-b0daf000 ---p 00000000 00:00 0 
b0daf000-b15af000 rw-p 00000000 00:00 0 
b15af000-b15b0000 ---p 00000000 00:00 0 
b15b0000-b1db0000 rw-p 00000000 00:00 0 
b1db0000-b1db1000 ---p 00000000 00:00 0 
b1db1000-b25b1000 rw-p 00000000 00:00 0 
b25e1000-b25e2000 ---p 00000000 00:00 0 
b25e2000-b2de2000 rw-p 00000000 00:00 0 
b2de2000-b2de7000 r-xp 00000000 08:04 174766     /opt/DigitalPersona/urusdk-linux/Linux/lib/x86/libdpDrvDatApi.so.2.0.0.8
b2de7000-b2de8000 rw-p 00005000 08:04 174766     /opt/DigitalPersona/urusdk-linux/Linux/lib/x86/libdpDrvDatApi.so.2.0.0.8
b2de8000-b2df7000 r-xp 00000000 08:04 174769     /opt/DigitalPersona/urusdk-linux/Linux/lib/x86/libdpFC.so.2.0.0.8
b2df7000-b2df8000 rw-p 0000f000 08:04 174769     /opt/DigitalPersona/urusdk-linux/Linux/lib/x86/libdpFC.so.2.0.0.8
b2df8000-b2dfc000 r-xp 00000000 08:04 174793     /opt/DigitalPersona/urusdk-linux/Linux/lib/x86/libdpUsbAda.so.2.0.0.8
b2dfc000-b2dfd000 rw-p 00003000 08:04 174793     /opt/DigitalPersona/urusdk-linux/Linux/lib/x86/libdpUsbAda.so.2.0.0.8
b2dfd000-b2e08000 r-xp 00000000 08:04 174784     /opt/DigitalPersona/urusdk-linux/Linux/lib/x86/libdpI00701.so.2.0.0.8
b2e08000-b2e09000 rw-p 0000a000 08:04 174784     /opt/DigitalPersona/urusdk-linux/Linux/lib/x86/libdpI00701.so.2.0.0.8
b2e09000-b2e21000 r-xp 00000000 08:04 174757     /opt/DigitalPersona/urusdk-linux/Linux/lib/x86/libdpD00701.so.2.0.0.8
b2e21000-b2e22000 rw-p 00018000 08:04 174757     /opt/DigitalPersona/urusdk-linux/Linux/lib/x86/libdpD00701.so.2.0.0.8
b2e22000-b2e29000 r-xp 00000000 08:04 174760     /opt/DigitalPersona/urusdk-linux/Linux/lib/x86/libdpDevMgr.so.2.0.0.8
b2e29000-b2e2a000 rw-p 00006000 08:04 174760     /opt/DigitalPersona/urusdk-linux/Linux/lib/x86/libdpDevMgr.so.2.0.0.8
b2e2a000-b2e2d000 r-xp 00000000 08:04 174787     /opt/DigitalPersona/urusdk-linux/Linux/lib/x86/libdpObjMgr.so.2.0.0.8
b2e2d000-b2e2e000 rw-p 00002000 08:04 174787     /opt/DigitalPersona/urusdk-linux/Linux/lib/x86/libdpObjMgr.so.2.0.0.8
b2e2e000-b2e34000 r-xp 00000000 08:04 174763     /opt/DigitalPersona/urusdk-linux/Linux/lib/x86/libdpDrvApi.so.2.0.0.8
b2e34000-b2e35000 rw-p 00005000 08:04 174763     /opt/DigitalPersona/urusdk-linux/Linux/lib/x86/libdpDrvApi.so.2.0.0.8
b2e39000-b2e40000 rw-p 00000000 00:00 0 
b2e40000-b2e48000 r-xp 00000000 08:04 174775     /opt/DigitalPersona/urusdk-linux/Linux/lib/x86/libdpfpdd.so.2.2.3
b2e48000-b2e49000 rw-p 00007000 08:04 174775     /opt/DigitalPersona/urusdk-linux/Linux/lib/x86/libdpfpdd.so.2.2.3
b2e49000-b2e4a000 r--s 00007000 08:04 1966232    /home/cajero/workspace/Client/lib/samples-utils.jar
b2e4a000-b2e4b000 r--s 009af000 08:04 1966231    /home/cajero/workspace/Client/lib/neurotec-native-macosx-universal.jar
b2e4b000-b2e4d000 r-xp 00000000 08:04 2313267    /usr/lib/libXau.so.6.0.0
b2e4d000-b2e4e000 r--p 00001000 08:04 2313267    /usr/lib/libXau.so.6.0.0
b2e4e000-b2e4f000 rw-p 00002000 08:04 2313267    /usr/lib/libXau.so.6.0.0
b2e4f000-b2e5e000 r-xp 00000000 08:04 1310838    /usr/lib/libXext.so.6.4.0
b2e5e000-b2e5f000 r--p 0000e000 08:04 1310838    /usr/lib/libXext.so.6.4.0
b2e5f000-b2e60000 rw-p 0000f000 08:04 1310838    /usr/lib/libXext.so.6.4.0
b2e60000-b2e75000 r-xp 00000000 08:04 287391     /usr/java/jdk1.7.0_80/jre/lib/i386/libnet.so
b2e75000-b2e76000 rw-p 00015000 08:04 287391     /usr/java/jdk1.7.0_80/jre/lib/i386/libnet.so
b2e76000-b2e7b000 r-xp 00000000 08:04 1966241    /home/cajero/workspace/Client/libHuellas/linux-32 bits/FScanners/NdmDigitalPersonaUareU/NdmDigitalPersonaUareU.so
b2e7b000-b2e7c000 rw-p 00005000 08:04 1966241    /home/cajero/workspace/Client/libHuellas/linux-32 bits/FScanners/NdmDigitalPersonaUareU/NdmDigitalPersonaUareU.so
b2e7c000-b2e87000 r-xp 00000000 08:04 1966243    /home/cajero/workspace/Client/libHuellas/linux-32 bits/NdmMedia.so
b2e87000-b2e88000 rw-p 0000a000 08:04 1966243    /home/cajero/workspace/Client/libHuellas/linux-32 bits/NdmMedia.so
b2e88000-b2e9d000 r-xp 00000000 08:04 1966244    /home/cajero/workspace/Client/libHuellas/linux-32 bits/NdmVirtual.so
b2e9d000-b2ea2000 rw-p 00014000 08:04 1966244    /home/cajero/workspace/Client/libHuellas/linux-32 bits/NdmVirtual.so
b2ea2000-b2ea3000 ---p 00000000 00:00 0 
b2ea3000-b36a3000 rw-p 00000000 00:00 0 
b36a3000-b36a5000 rwxp 00000000 00:00 0 
b36a5000-b36d4000 r-xp 00000000 08:04 1966251    /home/cajero/workspace/Client/libHuellas/linux-32 bits/libNLicensing.so
b36d4000-b36df000 rw-p 0002f000 08:04 1966251    /home/cajero/workspace/Client/libHuellas/linux-32 bits/libNLicensing.so
b36df000-b36e0000 rw-p 00000000 00:00 0 
b36e0000-b383d000 r-xp 00000000 08:04 1966245    /home/cajero/workspace/Client/libHuellas/linux-32 bits/libNBiometricClient.so
b383d000-b3846000 rw-p 0015d000 08:04 1966245    /home/cajero/workspace/Client/libHuellas/linux-32 bits/libNBiometricClient.so
b3846000-b386e000 r-xp 00000000 08:04 1966250    /home/cajero/workspace/Client/libHuellas/linux-32 bits/libNDevices.so
b386e000-b3879000 rw-p 00027000 08:04 1966250    /home/cajero/workspace/Client/libHuellas/linux-32 bits/libNDevices.so
b3879000-b3882000 rwxp 00000000 00:00 0 
b3882000-b3e00000 r-xp 00000000 08:04 1966246    /home/cajero/workspace/Client/libHuellas/linux-32 bits/libNBiometrics.so
b3e00000-b3e69000 rw-p 0057d000 08:04 1966246    /home/cajero/workspace/Client/libHuellas/linux-32 bits/libNBiometrics.so
b3e69000-b3e6f000 rw-p 00000000 00:00 0 
b3e6f000-b3eca000 r-xp 00000000 08:04 1966253    /home/cajero/workspace/Client/libHuellas/linux-32 bits/libNMediaProc.so
b3eca000-b3ed4000 rw-p 0005a000 08:04 1966253    /home/cajero/workspace/Client/libHuellas/linux-32 bits/libNMediaProc.so
b3ed4000-b408f000 r-xp 00000000 08:04 1966252    /home/cajero/workspace/Client/libHuellas/linux-32 bits/libNMedia.so
b408f000-b40a9000 rw-p 001bb000 08:04 1966252    /home/cajero/workspace/Client/libHuellas/linux-32 bits/libNMedia.so
b40a9000-b40aa000 rw-p 00000000 00:00 0 
b40aa000-b40ae000 rwxp 00000000 00:00 0 
b40ae000-b40b3000 r--s 00038000 08:04 1966230    /home/cajero/workspace/Client/lib/neurotec-media.jar
b40b3000-b40b4000 r--s 00004000 08:04 1966229    /home/cajero/workspace/Client/lib/neurotec-media-processing.jar
b40b4000-b40b6000 r--s 0000a000 08:04 1966228    /home/cajero/workspace/Client/lib/neurotec-licensing.jar
b40b6000-b40b7000 r--p 00000000 00:00 0 
b40b7000-b40b8000 rwxp 00000000 00:00 0 
b40b8000-b40d6000 r--p 00000000 08:04 2419102    /usr/share/locale/es/LC_MESSAGES/libc.mo
b40d6000-b4254000 r-xp 00000000 08:04 1966249    /home/cajero/workspace/Client/libHuellas/linux-32 bits/libNCore.so
b4254000-b4265000 rw-p 0017e000 08:04 1966249    /home/cajero/workspace/Client/libHuellas/linux-32 bits/libNCore.so
b4265000-b4267000 rw-p 00000000 00:00 0 
b4267000-b427b000 r-xp 00000000 08:04 1860823    /tmp/jna-cajero/jna5555736055853810967.tmp (deleted)
b427b000-b427c000 rw-p 00014000 08:04 1860823    /tmp/jna-cajero/jna5555736055853810967.tmp (deleted)
b427c000-b427f000 r--s 00019000 08:04 287406     /usr/java/jdk1.7.0_80/jre/lib/jce.jar
b427f000-b4283000 r--s 0008b000 08:04 287420     /usr/java/jdk1.7.0_80/jre/lib/jsse.jar
b4283000-b428a000 r--s 0002d000 08:04 1966227    /home/cajero/workspace/Client/lib/neurotec-devices.jar
b428a000-b428c000 r--s 00005000 08:04 1966226    /home/cajero/workspace/Client/lib/neurotec-devices-virtual.jar
b428c000-b4299000 r--s 000a0000 08:04 1966225    /home/cajero/workspace/Client/lib/neurotec-core.jar
b4299000-b42ab000 r--s 000e3000 08:04 1966224    /home/cajero/workspace/Client/lib/neurotec-biometrics.jar
b42ab000-b42ad000 r--s 0000b000 08:04 1966223    /home/cajero/workspace/Client/lib/neurotec-biometrics-client.jar
b42ad000-b42b0000 r--s 000a6000 08:04 1966222    /home/cajero/workspace/Client/lib/jna.jar
b42b0000-b42b4000 r--s 0002a000 08:04 1966221    /home/cajero/workspace/Client/lib/commons-io.jar
b42b4000-b42b5000 ---p 00000000 00:00 0 
b42b5000-b4335000 rw-p 00000000 00:00 0 
b4335000-b4338000 ---p 00000000 00:00 0 
b4338000-b4386000 rw-p 00000000 00:00 0 
b4386000-b4389000 ---p 00000000 00:00 0 
b4389000-b4407000 rw-p 00000000 00:00 0 
b4407000-b440a000 ---p 00000000 00:00 0 
b440a000-b44a3000 rw-p 00000000 00:00 0 
b44a3000-b4663000 r--s 039fb000 08:04 287422     /usr/java/jdk1.7.0_80/jre/lib/rt.jar
b4663000-b46a2000 r--p 00000000 08:04 49629      /usr/lib/locale/es_ES.utf8/LC_CTYPE
b46a2000-b46a3000 r--p 00000000 08:04 49605      /usr/lib/locale/es_ES.utf8/LC_NUMERIC
b46a3000-b46a4000 r--p 00000000 08:04 34267      /usr/lib/locale/es_ES.utf8/LC_TIME
b46a4000-b47c1000 r--p 00000000 08:04 49630      /usr/lib/locale/es_ES.utf8/LC_COLLATE
b47c1000-b47c2000 r--p 00000000 08:04 49607      /usr/lib/locale/es_ES.utf8/LC_MONETARY
b47c2000-b47c3000 r--p 00000000 08:04 42251      /usr/lib/locale/es_ES.utf8/LC_MESSAGES/SYS_LC_MESSAGES
b47c3000-b47c4000 r--p 00000000 08:04 49626      /usr/lib/locale/es_ES.utf8/LC_PAPER
b47c4000-b47c5000 r--p 00000000 08:04 49606      /usr/lib/locale/es_ES.utf8/LC_NAME
b47c5000-b47c6000 r--p 00000000 08:04 34843      /usr/lib/locale/es_ES.utf8/LC_ADDRESS
b47c6000-b47c7000 r--p 00000000 08:04 34842      /usr/lib/locale/es_ES.utf8/LC_TELEPHONE
b47c7000-b47c8000 r--p 00000000 08:04 49628      /usr/lib/locale/es_ES.utf8/LC_MEASUREMENT
b47c8000-b47cf000 r--s 00000000 08:04 2435517    /usr/lib/gconv/gconv-modules.cache
b47cf000-b47d2000 ---p 00000000 00:00 0 
b47d2000-b4820000 rw-p 00000000 00:00 0 
b4820000-b4823000 ---p 00000000 00:00 0 
b4823000-b4871000 rw-p 00000000 00:00 0 
b4871000-b4872000 ---p 00000000 00:00 0 
b4872000-b4900000 rw-p 00000000 00:00 0 
b4900000-b491a000 rw-p 00000000 00:00 0 
b491a000-b4920000 rw-p 00000000 00:00 0 
b4920000-b496c000 rw-p 00000000 00:00 0 
b496c000-b496f000 rw-p 00000000 00:00 0 
b496f000-b4994000 rw-p 00000000 00:00 0 
b4994000-b499a000 rw-p 00000000 00:00 0 
b499a000-b49e6000 rw-p 00000000 00:00 0 
b49e6000-b49ec000 rw-p 00000000 00:00 0 
b49ec000-b4a06000 rw-p 00000000 00:00 0 
b4a06000-b4a19000 rw-p 00000000 00:00 0 
b4a19000-b4a92000 rw-p 00000000 00:00 0 
b4a92000-b4c1a000 rwxp 00000000 00:00 0 
b4c1a000-b6a92000 rw-p 00000000 00:00 0 
b6a92000-b6a9a000 rw-s 00000000 08:04 1860819    /tmp/hsperfdata_cajero/3659 (deleted)
b6a9a000-b6acf000 r--s 00000000 08:04 2229045    /var/run/nscd/passwd
b6acf000-b6af2000 r-xp 00000000 08:04 287370     /usr/java/jdk1.7.0_80/jre/lib/i386/libjava.so
b6af2000-b6af3000 rw-p 00023000 08:04 287370     /usr/java/jdk1.7.0_80/jre/lib/i386/libjava.so
b6af3000-b6afb000 r-xp 00000000 08:04 1843791    /lib/librt-2.11.3.so
b6afb000-b6afc000 r--p 00007000 08:04 1843791    /lib/librt-2.11.3.so
b6afc000-b6afd000 rw-p 00008000 08:04 1843791    /lib/librt-2.11.3.so
b6afd000-b6b00000 ---p 00000000 00:00 0 
b6b00000-b6b4e000 rw-p 00000000 00:00 0 
b6b4e000-b6b75000 r-xp 00000000 08:04 1843769    /lib/libm-2.11.3.so
b6b75000-b6b76000 r--p 00026000 08:04 1843769    /lib/libm-2.11.3.so
b6b76000-b6b77000 rw-p 00027000 08:04 1843769    /lib/libm-2.11.3.so
b6b77000-b710c000 r-xp 00000000 08:04 287345     /usr/java/jdk1.7.0_80/jre/lib/i386/client/libjvm.so
b710c000-b712d000 rw-p 00595000 08:04 287345     /usr/java/jdk1.7.0_80/jre/lib/i386/client/libjvm.so
b712d000-b754e000 rw-p 00000000 00:00 0 
b754e000-b76ba000 r-xp 00000000 08:04 1843761    /lib/libc-2.11.3.so
b76ba000-b76bb000 ---p 0016c000 08:04 1843761    /lib/libc-2.11.3.so
b76bb000-b76bd000 r--p 0016c000 08:04 1843761    /lib/libc-2.11.3.so
b76bd000-b76be000 rw-p 0016e000 08:04 1843761    /lib/libc-2.11.3.so
b76be000-b76c2000 rw-p 00000000 00:00 0 
b76c2000-b76c5000 r-xp 00000000 08:04 1843767    /lib/libdl-2.11.3.so
b76c5000-b76c6000 r--p 00002000 08:04 1843767    /lib/libdl-2.11.3.so
b76c6000-b76c7000 rw-p 00003000 08:04 1843767    /lib/libdl-2.11.3.so
b76c7000-b76db000 r-xp 00000000 08:04 264696     /usr/java/jdk1.7.0_80/lib/i386/jli/libjli.so
b76db000-b76dc000 rw-p 00013000 08:04 264696     /usr/java/jdk1.7.0_80/lib/i386/jli/libjli.so
b76dc000-b76f3000 r-xp 00000000 08:04 1843787    /lib/libpthread-2.11.3.so
b76f3000-b76f4000 r--p 00016000 08:04 1843787    /lib/libpthread-2.11.3.so
b76f4000-b76f5000 rw-p 00017000 08:04 1843787    /lib/libpthread-2.11.3.so
b76f5000-b76f7000 rw-p 00000000 00:00 0 
b76f7000-b76f8000 r--p 00000000 08:04 34265      /usr/lib/locale/es_ES.utf8/LC_IDENTIFICATION
b76f8000-b76fe000 rw-p 00000000 00:00 0 
b76fe000-b7715000 r-xp 00000000 08:04 287403     /usr/java/jdk1.7.0_80/jre/lib/i386/libzip.so
b7715000-b7716000 rw-p 00016000 08:04 287403     /usr/java/jdk1.7.0_80/jre/lib/i386/libzip.so
b7716000-b7717000 rw-p 00000000 00:00 0 
b7717000-b7718000 ---p 00000000 00:00 0 
b7718000-b7723000 r-xp 00000000 08:04 287402     /usr/java/jdk1.7.0_80/jre/lib/i386/libverify.so
b7723000-b7724000 rw-p 0000b000 08:04 287402     /usr/java/jdk1.7.0_80/jre/lib/i386/libverify.so
b7724000-b7725000 rw-p 00000000 00:00 0 
b7725000-b7744000 r-xp 00000000 08:04 1843754    /lib/ld-2.11.3.so
b7744000-b7745000 r--p 0001e000 08:04 1843754    /lib/ld-2.11.3.so
b7745000-b7746000 rw-p 0001f000 08:04 1843754    /lib/ld-2.11.3.so
bfccc000-bfccd000 rwxp 00000000 00:00 0 
bfcfe000-bfd20000 rw-p 00000000 00:00 0          [stack]
ffffe000-fffff000 r-xp 00000000 00:00 0          [vdso]

VM Arguments:
jvm_args: -Dfile.encoding=UTF-8 
java_command: webServices.ClienteWS
Launcher Type: SUN_STANDARD

Environment Variables:
CLASSPATH=:/usr/local/NCRRetail:/usr/local/NCRRetail/jar/NCRRetailCommon.jar:/usr/local/NCRRetail/jar/jpos.jar:/usr/local/NCRRetail/jar/NCRJavaPOS.jar:/usr/local/NCRRetail/jar/jcl_editor.jar:/usr/local/NCRRetail/jar/xerces.jar:/usr/local/NCRRetail/jar/NCRConfigManager.jar:/usr/local/NCRRetail/jar/NCRSystemMonitor.jar
PATH=/home/cajero/bin:/usr/local/bin:/usr/bin:/bin:/usr/bin/X11:/usr/X11R6/bin:/usr/games:/usr/lib/mit/bin:/usr/lib/mit/sbin
USERNAME=cajero
LD_LIBRARY_PATH=/usr/java/jdk1.7.0_80/jre/lib/i386/client:/usr/java/jdk1.7.0_80/jre/lib/i386:/home/cajero/workspace/Client/libHuellas/linux-32 bits/
SHELL=/bin/bash
DISPLAY=:0.0
HOSTTYPE=i386
OSTYPE=linux
MACHTYPE=i686-suse-linux

Signal Handlers:
SIGSEGV: [libjvm.so+0x511b30], sa_mask[0]=0x7ffbfeff, sa_flags=0x10000004
SIGBUS: [libjvm.so+0x511b30], sa_mask[0]=0x7ffbfeff, sa_flags=0x10000004
SIGFPE: [libjvm.so+0x406570], sa_mask[0]=0x7ffbfeff, sa_flags=0x10000004
SIGPIPE: [libjvm.so+0x406570], sa_mask[0]=0x7ffbfeff, sa_flags=0x10000004
SIGXFSZ: [libjvm.so+0x406570], sa_mask[0]=0x7ffbfeff, sa_flags=0x10000004
SIGILL: [libjvm.so+0x406570], sa_mask[0]=0x7ffbfeff, sa_flags=0x10000004
SIGUSR1: SIG_DFL, sa_mask[0]=0x00000000, sa_flags=0x00000000
SIGUSR2: [libjvm.so+0x407de0], sa_mask[0]=0x00000004, sa_flags=0x10000004
SIGHUP: [libjvm.so+0x409110], sa_mask[0]=0x7ffbfeff, sa_flags=0x10000004
SIGINT: [libjvm.so+0x409110], sa_mask[0]=0x7ffbfeff, sa_flags=0x10000004
SIGTERM: [libjvm.so+0x409110], sa_mask[0]=0x7ffbfeff, sa_flags=0x10000004
SIGQUIT: [libjvm.so+0x409110], sa_mask[0]=0x7ffbfeff, sa_flags=0x10000004


---------------  S Y S T E M  ---------------

OS:SUSE Linux Enterprise Server 11 (i586)
VERSION = 11
PATCHLEVEL = 4

uname:Linux 3.0.101-63-pae #1 SMP Tue Jun 23 16:02:31 UTC 2015 (4b89d0c) i686
libc:glibc 2.11.3 NPTL 2.11.3 
rlimit: STACK 8192k, CORE 1k, NPROC 7679, NOFILE 8192, AS 2020800k
load average:1,01 0,44 0,17

/proc/meminfo:
MemTotal:         991720 kB
MemFree:          157008 kB
Buffers:           17288 kB
Cached:           416144 kB
SwapCached:            0 kB
Active:           426628 kB
Inactive:         357692 kB
Active(anon):     351092 kB
Inactive(anon):    31540 kB
Active(file):      75536 kB
Inactive(file):   326152 kB
Unevictable:           0 kB
Mlocked:               0 kB
HighTotal:        110152 kB
HighFree:           1480 kB
LowTotal:         881568 kB
LowFree:          155528 kB
SwapTotal:       1534200 kB
SwapFree:        1534200 kB
Dirty:               232 kB
Writeback:             0 kB
AnonPages:        350960 kB
Mapped:            71416 kB
Shmem:             31720 kB
Slab:              28288 kB
SReclaimable:      16280 kB
SUnreclaim:        12008 kB
KernelStack:        2560 kB
PageTables:         3192 kB
NFS_Unstable:          0 kB
Bounce:                0 kB
WritebackTmp:          0 kB
CommitLimit:     2030060 kB
Committed_AS:     935220 kB
VmallocTotal:     122880 kB
VmallocUsed:       19088 kB
VmallocChunk:     102400 kB
HardwareCorrupted:     0 kB
AnonHugePages:    200704 kB
HugePages_Total:       0
HugePages_Free:        0
HugePages_Rsvd:        0
HugePages_Surp:        0
Hugepagesize:       2048 kB
DirectMap4k:       10232 kB
DirectMap2M:      892928 kB


CPU:total 1 (1 cores per cpu, 1 threads per core) family 6 model 23 stepping 10, cmov, cx8, fxsr, mmx, sse, sse2, sse3, ssse3, tsc

/proc/cpuinfo:
processor	: 0
vendor_id	: GenuineIntel
cpu family	: 6
model		: 23
model name	: Intel(R) Celeron(R) CPU          900  @ 2.20GHz
stepping	: 10
microcode	: 2571
cpu MHz		: 2194.645
cache size	: 1024 KB
fdiv_bug	: no
hlt_bug		: no
f00f_bug	: no
coma_bug	: no
fpu		: yes
fpu_exception	: yes
cpuid level	: 13
wp		: yes
flags		: fpu vme de pse tsc msr pae mce cx8 apic sep mtrr pge mca cmov pat pse36 clflush dts acpi mmx fxsr sse sse2 ss tm pbe nx lm constant_tsc up arch_perfmon pebs bts aperfmperf pni dtes64 monitor ds_cpl tm2 ssse3 cx16 xtpr pdcm xsave lahf_lm dtherm
bogomips	: 4389.29
clflush size	: 64
cache_alignment	: 64
address sizes	: 36 bits physical, 48 bits virtual
power management:



Memory: 4k page, physical 991720k(157008k free), swap 1534200k(1534200k free)

vm_info: Java HotSpot(TM) Client VM (24.80-b11) for linux-x86 JRE (1.7.0_80-b15), built on Apr 10 2015 12:41:05 by "java_re" with gcc 4.3.0 20080428 (Red Hat 4.3.0-8)

time: Thu Sep 15 07:26:16 2016
elapsed time: 27 seconds

