#
# A fatal error has been detected by the Java Runtime Environment:
#
#  SIGSEGV (0xb) at pc=0xb2dc94e0, pid=3993, tid=3029826416
#
# JRE version: Java(TM) SE Runtime Environment (7.0_80-b15) (build 1.7.0_80-b15)
# Java VM: Java HotSpot(TM) Client VM (24.80-b11 mixed mode, sharing linux-x86 )
# Problematic frame:
# C  [libdpfpdd.so+0x34e0]  _init+0x23dc
#
# Core dump written. Default location: /home/cajero/workspace/Client/core or core.3993 (max size 1 kB). To ensure a full core dump, try "ulimit -c unlimited" before starting Java again
#
# If you would like to submit a bug report, please visit:
#   http://bugreport.java.com/bugreport/crash.jsp
#

---------------  T H R E A D  ---------------

Current thread (0x08071400):  VMThread [stack: 0xb48f7000,0xb4978000] [id=3999]

siginfo:si_signo=SIGSEGV: si_errno=0, si_code=1 (SEGV_MAPERR), si_addr=0x4c16223c

Registers:
EAX=0xb2dceba0, EBX=0xb2dced3c, ECX=0x0845738c, EDX=0x4c1621c8
ESP=0xb4976ba0, EBP=0xb4976bf8, ESI=0x4c16223c, EDI=0x0845749c
EIP=0xb2dc94e0, EFLAGS=0x00010206, CR2=0x4c16223c

Top of Stack: (sp=0xb4976ba0)
0xb4976ba0:   0845749c b2dcd889 00000000 b41e1598
0xb4976bb0:   00000000 b4976bcc b4976bdc 4c1621c8
0xb4976bc0:   0845b3b0 b77c0010 0000018c b41e1598
0xb4976bd0:   0845b3b0 b4976cbc b4976c08 00000000
0xb4976be0:   b4977b70 00000000 b2dcd889 b2dced3c
0xb4976bf0:   b2e01320 b4976cbc b4976c08 b2dcb180
0xb4976c00:   b2dcee34 b2e01194 b4976c38 b2dfde63
0xb4976c10:   00000000 b2e01344 00000000 b4976c28 

Instructions: (pc=0xb2dc94e0)
0xb2dc94c0:   c4 0f 84 93 01 00 00 8b 93 d4 ff ff ff 81 6d c4
0xb2dc94d0:   84 00 00 00 8b 75 c4 8d 42 08 8b 55 c4 83 c6 74
0xb2dc94e0:   89 42 74 8b 46 04 85 c0 74 08 89 04 24 e8 aa de
0xb2dc94f0:   ff ff 8b 93 e8 ff ff ff c7 46 04 00 00 00 00 c7 

Register to memory mapping:

EAX=
[error occurred during error reporting (printing register info), id 0xb]

Stack: [0xb48f7000,0xb4978000],  sp=0xb4976ba0,  free space=510k
Native frames: (J=compiled Java code, j=interpreted, Vv=VM code, C=native code)
C  [libdpfpdd.so+0x34e0]  _init+0x23dc
C  [libdpfpdd.so+0x5180]  dpfpdd_exit+0x20
C  [NdmDigitalPersonaUareU.so+0x1e63]  abort@@GLIBC_2.0+0x1e63
C  [NdmDigitalPersonaUareU.so+0x21f5]  abort@@GLIBC_2.0+0x21f5
C  [libNCore.so+0x14af0b]  NPluginGetState+0x1cab
C  [libNCore.so+0x14babc]  NPluginEnable+0x54c
C  [libNCore.so+0x14c454]  NPluginEnable+0xee4
C  [libNCore.so+0x14c54a]  NPluginUnplug+0xda
C  [NdmDigitalPersonaUareU.so+0x401e]  abort@@GLIBC_2.0+0x401e
C  [libNCore.so+0x75bd6]  NModuleUnregister+0x116
C  [NdmDigitalPersonaUareU.so+0x4641]  NdmDigitalPersonaUareUModuleOf+0x411
C  [NdmDigitalPersonaUareU.so+0x18b8]  abort@@GLIBC_2.0+0x18b8
C  [NdmDigitalPersonaUareU.so+0x4810]  NdmDigitalPersonaUareUModuleOf+0x5e0
C  [ld-linux.so.2+0xfeeb]  _dl_fini+0x1fb
C  [libc.so.6+0x2dc51]  __run_exit_handlers+0xc1
C  [libc.so.6+0x2dcaf]  __GI_exit+0x2f
V  [libjvm.so+0x2ac4d4]  vm_direct_exit(int)+0x24
V  [libjvm.so+0x51affc]  VM_Exit::doit()+0xac
V  [libjvm.so+0x51b057]  VM_Operation::evaluate()+0x47
V  [libjvm.so+0x5190f3]  VMThread::evaluate_operation(VM_Operation*)+0xb3
V  [libjvm.so+0x519490]  VMThread::loop()+0x1b0
V  [libjvm.so+0x5198f5]  VMThread::run()+0x85
V  [libjvm.so+0x40bcf9]  java_start(Thread*)+0x119
C  [libpthread.so.0+0x6839]  start_thread+0xd9

VM_Operation (0xb00cbc30): Exit, mode: safepoint, requested by thread 0x0854c400


---------------  P R O C E S S  ---------------

Java Threads: ( => current thread )
  0x08594000 JavaThread "Thread-0" [_thread_blocked, id=4040, stack(0xaef0e000,0xaef5f000)]
  0x0854c400 JavaThread "SIGTERM handler" daemon [_thread_blocked, id=4038, stack(0xb007c000,0xb00cd000)]
  0x08237c00 JavaThread "AWT-XAWT" daemon [_thread_in_native, id=4013, stack(0xb01f7000,0xb0248000)]
  0x08084400 JavaThread "Java2D Disposer" daemon [_thread_blocked, id=4012, stack(0xb0248000,0xb0299000)]
  0x0809c800 JavaThread "Service Thread" daemon [_thread_blocked, id=4004, stack(0xb42af000,0xb4300000)]
  0x0809a800 JavaThread "C1 CompilerThread0" daemon [_thread_blocked, id=4003, stack(0xb440c000,0xb448d000)]
  0x08074800 JavaThread "Finalizer" daemon [_thread_blocked, id=4001, stack(0xb4855000,0xb48a6000)]
  0x08073000 JavaThread "Reference Handler" daemon [_thread_blocked, id=4000, stack(0xb48a6000,0xb48f7000)]
  0x08051c00 JavaThread "main" [_thread_blocked, id=3995, stack(0xb6b83000,0xb6bd4000)]

Other Threads:
=>0x08071400 VMThread [stack: 0xb48f7000,0xb4978000] [id=3999]

VM state:at safepoint (shutting down)

VM Mutex/Monitor currently owned by a thread:  ([mutex/lock_event])
[0x080508a0] Threads_lock - owner thread: 0x08071400

Heap
 def new generation   total 4672K, used 2283K [0x7f800000, 0x7fd10000, 0x84950000)
  eden space 4160K,  42% used [0x7f800000, 0x7f9bacf8, 0x7fc10000)
  from space 512K, 100% used [0x7fc10000, 0x7fc90000, 0x7fc90000)
  to   space 512K,   0% used [0x7fc90000, 0x7fc90000, 0x7fd10000)
 tenured generation   total 10368K, used 6501K [0x84950000, 0x85370000, 0x8ec00000)
   the space 10368K,  62% used [0x84950000, 0x84fa96d0, 0x84fa9800, 0x85370000)
 compacting perm gen  total 12288K, used 7226K [0x8ec00000, 0x8f800000, 0x92c00000)
   the space 12288K,  58% used [0x8ec00000, 0x8f30e8f0, 0x8f30ea00, 0x8f800000)
    ro space 10240K,  48% used [0x92c00000, 0x930d5b48, 0x930d5c00, 0x93600000)
    rw space 12288K,  57% used [0x93600000, 0x93ce29c8, 0x93ce2a00, 0x94200000)

Card table byte_map: [0xb49f2000,0xb4a98000] byte_map_base: 0xb45f6000

Polling page: 0xb779d000

Code Cache  [0xb4b18000, 0xb4ca0000, 0xb6b18000)
 total_blobs=775 nmethods=518 adapters=194 free_code_cache=31227Kb largest_free_block=31975616

Compilation events (10 events):
Event: 14,538 Thread 0x0809a800  518  s!         sun.misc.URLClassPath::getLoader (154 bytes)
Event: 14,540 Thread 0x0809a800 nmethod 518 0xb4c962c8 code [0xb4c96610, 0xb4c97718]
Event: 14,546 Thread 0x0809a800  519             java.lang.ThreadLocal$ThreadLocalMap::set (136 bytes)
Event: 14,547 Thread 0x0809a800 nmethod 519 0xb4c98a08 code [0xb4c98b60, 0xb4c98e84]
Event: 32,547 Thread 0x0809a800  520             java.lang.ThreadLocal$ThreadLocalMap::access$100 (7 bytes)
Event: 32,547 Thread 0x0809a800 nmethod 520 0xb4c99248 code [0xb4c99340, 0xb4c993cc]
Event: 77,475 Thread 0x0809a800  521             java.util.concurrent.locks.ReentrantLock::unlock (10 bytes)
Event: 77,475 Thread 0x0809a800 nmethod 521 0xb4c99448 code [0xb4c99560, 0xb4c99654]
Event: 86,548 Thread 0x0809a800  522             java.lang.ThreadLocal::set (30 bytes)
Event: 86,549 Thread 0x0809a800 nmethod 522 0xb4bfe708 code [0xb4bfe830, 0xb4bfe940]

GC Heap History (10 events):
Event: 1,720 GC heap before
{Heap before GC invocations=11 (full 0):
 def new generation   total 4672K, used 4485K [0x7f800000, 0x7fd10000, 0x84950000)
  eden space 4160K, 100% used [0x7f800000, 0x7fc10000, 0x7fc10000)
  from space 512K,  63% used [0x7fc90000, 0x7fce14e0, 0x7fd10000)
  to   space 512K,   0% used [0x7fc10000, 0x7fc10000, 0x7fc90000)
 tenured generation   total 10368K, used 4321K [0x84950000, 0x85370000, 0x8ec00000)
   the space 10368K,  41% used [0x84950000, 0x84d884e0, 0x84d88600, 0x85370000)
 compacting perm gen  total 12288K, used 3286K [0x8ec00000, 0x8f800000, 0x92c00000)
   the space 12288K,  26% used [0x8ec00000, 0x8ef35a08, 0x8ef35c00, 0x8f800000)
    ro space 10240K,  48% used [0x92c00000, 0x930d5b48, 0x930d5c00, 0x93600000)
    rw space 12288K,  57% used [0x93600000, 0x93ce29c8, 0x93ce2a00, 0x94200000)
Event: 1,722 GC heap after
Heap after GC invocations=12 (full 0):
 def new generation   total 4672K, used 222K [0x7f800000, 0x7fd10000, 0x84950000)
  eden space 4160K,   0% used [0x7f800000, 0x7f800000, 0x7fc10000)
  from space 512K,  43% used [0x7fc10000, 0x7fc47b78, 0x7fc90000)
  to   space 512K,   0% used [0x7fc90000, 0x7fc90000, 0x7fd10000)
 tenured generation   total 10368K, used 4646K [0x84950000, 0x85370000, 0x8ec00000)
   the space 10368K,  44% used [0x84950000, 0x84dd98c8, 0x84dd9a00, 0x85370000)
 compacting perm gen  total 12288K, used 3286K [0x8ec00000, 0x8f800000, 0x92c00000)
   the space 12288K,  26% used [0x8ec00000, 0x8ef35a08, 0x8ef35c00, 0x8f800000)
    ro space 10240K,  48% used [0x92c00000, 0x930d5b48, 0x930d5c00, 0x93600000)
    rw space 12288K,  57% used [0x93600000, 0x93ce29c8, 0x93ce2a00, 0x94200000)
}
Event: 1,819 GC heap before
{Heap before GC invocations=12 (full 0):
 def new generation   total 4672K, used 4382K [0x7f800000, 0x7fd10000, 0x84950000)
  eden space 4160K, 100% used [0x7f800000, 0x7fc10000, 0x7fc10000)
  from space 512K,  43% used [0x7fc10000, 0x7fc47b78, 0x7fc90000)
  to   space 512K,   0% used [0x7fc90000, 0x7fc90000, 0x7fd10000)
 tenured generation   total 10368K, used 4646K [0x84950000, 0x85370000, 0x8ec00000)
   the space 10368K,  44% used [0x84950000, 0x84dd98c8, 0x84dd9a00, 0x85370000)
 compacting perm gen  total 12288K, used 3410K [0x8ec00000, 0x8f800000, 0x92c00000)
   the space 12288K,  27% used [0x8ec00000, 0x8ef54918, 0x8ef54a00, 0x8f800000)
    ro space 10240K,  48% used [0x92c00000, 0x930d5b48, 0x930d5c00, 0x93600000)
    rw space 12288K,  57% used [0x93600000, 0x93ce29c8, 0x93ce2a00, 0x94200000)
Event: 1,821 GC heap after
Heap after GC invocations=13 (full 0):
 def new generation   total 4672K, used 416K [0x7f800000, 0x7fd10000, 0x84950000)
  eden space 4160K,   0% used [0x7f800000, 0x7f800000, 0x7fc10000)
  from space 512K,  81% used [0x7fc90000, 0x7fcf81b8, 0x7fd10000)
  to   space 512K,   0% used [0x7fc10000, 0x7fc10000, 0x7fc90000)
 tenured generation   total 10368K, used 4646K [0x84950000, 0x85370000, 0x8ec00000)
   the space 10368K,  44% used [0x84950000, 0x84dd98c8, 0x84dd9a00, 0x85370000)
 compacting perm gen  total 12288K, used 3410K [0x8ec00000, 0x8f800000, 0x92c00000)
   the space 12288K,  27% used [0x8ec00000, 0x8ef54918, 0x8ef54a00, 0x8f800000)
    ro space 10240K,  48% used [0x92c00000, 0x930d5b48, 0x930d5c00, 0x93600000)
    rw space 12288K,  57% used [0x93600000, 0x93ce29c8, 0x93ce2a00, 0x94200000)
}
Event: 13,949 GC heap before
{Heap before GC invocations=13 (full 0):
 def new generation   total 4672K, used 4576K [0x7f800000, 0x7fd10000, 0x84950000)
  eden space 4160K, 100% used [0x7f800000, 0x7fc10000, 0x7fc10000)
  from space 512K,  81% used [0x7fc90000, 0x7fcf81b8, 0x7fd10000)
  to   space 512K,   0% used [0x7fc10000, 0x7fc10000, 0x7fc90000)
 tenured generation   total 10368K, used 4646K [0x84950000, 0x85370000, 0x8ec00000)
   the space 10368K,  44% used [0x84950000, 0x84dd98c8, 0x84dd9a00, 0x85370000)
 compacting perm gen  total 12288K, used 3634K [0x8ec00000, 0x8f800000, 0x92c00000)
   the space 12288K,  29% used [0x8ec00000, 0x8ef8c990, 0x8ef8ca00, 0x8f800000)
    ro space 10240K,  48% used [0x92c00000, 0x930d5b48, 0x930d5c00, 0x93600000)
    rw space 12288K,  57% used [0x93600000, 0x93ce29c8, 0x93ce2a00, 0x94200000)
Event: 13,954 GC heap after
Heap after GC invocations=14 (full 0):
 def new generation   total 4672K, used 405K [0x7f800000, 0x7fd10000, 0x84950000)
  eden space 4160K,   0% used [0x7f800000, 0x7f800000, 0x7fc10000)
  from space 512K,  79% used [0x7fc10000, 0x7fc75460, 0x7fc90000)
  to   space 512K,   0% used [0x7fc90000, 0x7fc90000, 0x7fd10000)
 tenured generation   total 10368K, used 4905K [0x84950000, 0x85370000, 0x8ec00000)
   the space 10368K,  47% used [0x84950000, 0x84e1a520, 0x84e1a600, 0x85370000)
 compacting perm gen  total 12288K, used 3634K [0x8ec00000, 0x8f800000, 0x92c00000)
   the space 12288K,  29% used [0x8ec00000, 0x8ef8c990, 0x8ef8ca00, 0x8f800000)
    ro space 10240K,  48% used [0x92c00000, 0x930d5b48, 0x930d5c00, 0x93600000)
    rw space 12288K,  57% used [0x93600000, 0x93ce29c8, 0x93ce2a00, 0x94200000)
}
Event: 14,122 GC heap before
{Heap before GC invocations=14 (full 0):
 def new generation   total 4672K, used 4565K [0x7f800000, 0x7fd10000, 0x84950000)
  eden space 4160K, 100% used [0x7f800000, 0x7fc10000, 0x7fc10000)
  from space 512K,  79% used [0x7fc10000, 0x7fc75460, 0x7fc90000)
  to   space 512K,   0% used [0x7fc90000, 0x7fc90000, 0x7fd10000)
 tenured generation   total 10368K, used 4905K [0x84950000, 0x85370000, 0x8ec00000)
   the space 10368K,  47% used [0x84950000, 0x84e1a520, 0x84e1a600, 0x85370000)
 compacting perm gen  total 12288K, used 3948K [0x8ec00000, 0x8f800000, 0x92c00000)
   the space 12288K,  32% used [0x8ec00000, 0x8efdb130, 0x8efdb200, 0x8f800000)
    ro space 10240K,  48% used [0x92c00000, 0x930d5b48, 0x930d5c00, 0x93600000)
    rw space 12288K,  57% used [0x93600000, 0x93ce29c8, 0x93ce2a00, 0x94200000)
Event: 14,130 GC heap after
Heap after GC invocations=15 (full 0):
 def new generation   total 4672K, used 512K [0x7f800000, 0x7fd10000, 0x84950000)
  eden space 4160K,   0% used [0x7f800000, 0x7f800000, 0x7fc10000)
  from space 512K, 100% used [0x7fc90000, 0x7fd10000, 0x7fd10000)
  to   space 512K,   0% used [0x7fc10000, 0x7fc10000, 0x7fc90000)
 tenured generation   total 10368K, used 5686K [0x84950000, 0x85370000, 0x8ec00000)
   the space 10368K,  54% used [0x84950000, 0x84eddad8, 0x84eddc00, 0x85370000)
 compacting perm gen  total 12288K, used 3948K [0x8ec00000, 0x8f800000, 0x92c00000)
   the space 12288K,  32% used [0x8ec00000, 0x8efdb130, 0x8efdb200, 0x8f800000)
    ro space 10240K,  48% used [0x92c00000, 0x930d5b48, 0x930d5c00, 0x93600000)
    rw space 12288K,  57% used [0x93600000, 0x93ce29c8, 0x93ce2a00, 0x94200000)
}
Event: 14,461 GC heap before
{Heap before GC invocations=15 (full 0):
 def new generation   total 4672K, used 4664K [0x7f800000, 0x7fd10000, 0x84950000)
  eden space 4160K,  99% used [0x7f800000, 0x7fc0e0f8, 0x7fc10000)
  from space 512K, 100% used [0x7fc90000, 0x7fd10000, 0x7fd10000)
  to   space 512K,   0% used [0x7fc10000, 0x7fc10000, 0x7fc90000)
 tenured generation   total 10368K, used 5686K [0x84950000, 0x85370000, 0x8ec00000)
   the space 10368K,  54% used [0x84950000, 0x84eddad8, 0x84eddc00, 0x85370000)
 compacting perm gen  total 12288K, used 6785K [0x8ec00000, 0x8f800000, 0x92c00000)
   the space 12288K,  55% used [0x8ec00000, 0x8f2a0790, 0x8f2a0800, 0x8f800000)
    ro space 10240K,  48% used [0x92c00000, 0x930d5b48, 0x930d5c00, 0x93600000)
    rw space 12288K,  57% used [0x93600000, 0x93ce29c8, 0x93ce2a00, 0x94200000)
Event: 14,470 GC heap after
Heap after GC invocations=16 (full 0):
 def new generation   total 4672K, used 512K [0x7f800000, 0x7fd10000, 0x84950000)
  eden space 4160K,   0% used [0x7f800000, 0x7f800000, 0x7fc10000)
  from space 512K, 100% used [0x7fc10000, 0x7fc90000, 0x7fc90000)
  to   space 512K,   0% used [0x7fc90000, 0x7fc90000, 0x7fd10000)
 tenured generation   total 10368K, used 6501K [0x84950000, 0x85370000, 0x8ec00000)
   the space 10368K,  62% used [0x84950000, 0x84fa96d0, 0x84fa9800, 0x85370000)
 compacting perm gen  total 12288K, used 6785K [0x8ec00000, 0x8f800000, 0x92c00000)
   the space 12288K,  55% used [0x8ec00000, 0x8f2a0790, 0x8f2a0800, 0x8f800000)
    ro space 10240K,  48% used [0x92c00000, 0x930d5b48, 0x930d5c00, 0x93600000)
    rw space 12288K,  57% used [0x93600000, 0x93ce29c8, 0x93ce2a00, 0x94200000)
}

Deoptimization events (0 events):
No events

Internal exceptions (10 events):
Event: 14,534 Thread 0x08051c00 Threw 0x7f928a58 at /HUDSON/workspace/7u-2-build-linux-i586/jdk7u80/2329/hotspot/src/share/vm/prims/jvm.cpp:1319
Event: 14,536 Thread 0x08051c00 Threw 0x7f92cb58 at /HUDSON/workspace/7u-2-build-linux-i586/jdk7u80/2329/hotspot/src/share/vm/prims/jvm.cpp:1319
Event: 14,537 Thread 0x08051c00 Threw 0x7f9306a0 at /HUDSON/workspace/7u-2-build-linux-i586/jdk7u80/2329/hotspot/src/share/vm/prims/jvm.cpp:1319
Event: 14,540 Thread 0x08051c00 Threw 0x7f9343b8 at /HUDSON/workspace/7u-2-build-linux-i586/jdk7u80/2329/hotspot/src/share/vm/prims/jvm.cpp:1319
Event: 14,541 Thread 0x08051c00 Threw 0x7f938010 at /HUDSON/workspace/7u-2-build-linux-i586/jdk7u80/2329/hotspot/src/share/vm/prims/jvm.cpp:1319
Event: 14,541 Thread 0x08051c00 Threw 0x7f93c7c0 at /HUDSON/workspace/7u-2-build-linux-i586/jdk7u80/2329/hotspot/src/share/vm/prims/jvm.cpp:1319
Event: 14,542 Thread 0x08051c00 Threw 0x7f940e78 at /HUDSON/workspace/7u-2-build-linux-i586/jdk7u80/2329/hotspot/src/share/vm/prims/jvm.cpp:1319
Event: 14,542 Thread 0x08051c00 Threw 0x7f9473b0 at /HUDSON/workspace/7u-2-build-linux-i586/jdk7u80/2329/hotspot/src/share/vm/prims/jvm.cpp:1319
Event: 14,543 Thread 0x08051c00 Threw 0x7f94b548 at /HUDSON/workspace/7u-2-build-linux-i586/jdk7u80/2329/hotspot/src/share/vm/prims/jvm.cpp:1319
Event: 14,544 Thread 0x08051c00 Threw 0x7f94ff38 at /HUDSON/workspace/7u-2-build-linux-i586/jdk7u80/2329/hotspot/src/share/vm/prims/jvm.cpp:1319

Events (10 events):
Event: 127,762 Executing VM operation: RevokeBias done
Event: 127,763 Executing VM operation: RevokeBias
Event: 127,763 Executing VM operation: RevokeBias done
Event: 127,763 Executing VM operation: RevokeBias
Event: 127,763 Executing VM operation: RevokeBias done
Event: 127,763 Thread 0x08593800 Thread exited: 0x08593800
Event: 127,763 Executing VM operation: RevokeBias
Event: 127,763 Executing VM operation: RevokeBias done
Event: 127,764 Thread 0x08099000 Thread exited: 0x08099000
Event: 127,764 Executing VM operation: Exit


Dynamic libraries:
08048000-08049000 r-xp 00000000 08:04 2394621    /usr/java/jdk1.7.0_80/bin/java
08049000-0804a000 rw-p 00000000 08:04 2394621    /usr/java/jdk1.7.0_80/bin/java
0804a000-08688000 rw-p 00000000 00:00 0          [heap]
7f800000-7fd10000 rw-p 00000000 00:00 0 
7fd10000-84950000 rw-p 00000000 00:00 0 
84950000-85370000 rw-p 00000000 00:00 0 
85370000-8ec00000 rw-p 00000000 00:00 0 
8ec00000-8f800000 rw-p 00000000 00:00 0 
8f800000-92c00000 rw-p 00000000 00:00 0 
92c00000-930d6000 r--p 00001000 08:04 287204     /usr/java/jdk1.7.0_80/jre/lib/i386/client/classes.jsa
930d6000-93600000 rw-p 00000000 00:00 0 
93600000-93ce3000 rw-p 004d7000 08:04 287204     /usr/java/jdk1.7.0_80/jre/lib/i386/client/classes.jsa
93ce3000-94200000 rw-p 00000000 00:00 0 
94200000-944b5000 rw-p 00bba000 08:04 287204     /usr/java/jdk1.7.0_80/jre/lib/i386/client/classes.jsa
944b5000-94600000 rw-p 00000000 00:00 0 
94600000-94609000 r-xp 00e6f000 08:04 287204     /usr/java/jdk1.7.0_80/jre/lib/i386/client/classes.jsa
94609000-94a00000 rw-p 00000000 00:00 0 
aee24000-aef0e000 rw-p 00000000 00:00 0 
aef0e000-aef11000 ---p 00000000 00:00 0 
aef11000-aef5f000 rw-p 00000000 00:00 0 
aef5f000-aef62000 ---p 00000000 00:00 0 
aef62000-aefb0000 rw-p 00000000 00:00 0 
aefb0000-aefb1000 ---p 00000000 00:00 0 
aefb1000-af7b1000 rw-p 00000000 00:00 0 
af7b1000-af7b2000 ---p 00000000 00:00 0 
af7b2000-affb2000 rw-p 00000000 00:00 0 
affb2000-afff2000 r--s 00000000 08:04 2228955    /var/cache/fontconfig/17090aa38d5c6f09fb8c5c354938f1d7-x86.cache-2
afff2000-b0014000 r--s 00000000 08:04 2228962    /var/cache/fontconfig/8d4af663993b81a124ee82e610bb31f9-x86.cache-2
b0014000-b0054000 r--s 00000000 08:04 2228954    /var/cache/fontconfig/df311e82a1a24c41a75c2c930223552e-x86.cache-2
b007c000-b007f000 ---p 00000000 00:00 0 
b007f000-b00cd000 rw-p 00000000 00:00 0 
b00cd000-b00d1000 r--s 000f7000 08:04 287193     /usr/java/jdk1.7.0_80/jre/lib/ext/localedata.jar
b00d1000-b00dd000 r--s 000af000 08:04 287419     /usr/java/jdk1.7.0_80/jre/lib/resources.jar
b00dd000-b013d000 r-xp 00000000 08:04 287400     /usr/java/jdk1.7.0_80/jre/lib/i386/libt2k.so
b013d000-b0141000 rw-p 00060000 08:04 287400     /usr/java/jdk1.7.0_80/jre/lib/i386/libt2k.so
b0141000-b0145000 rw-p 00000000 00:00 0 
b0145000-b0160000 r-xp 00000000 08:04 1843825    /lib/libgcc_s.so.1
b0160000-b0161000 r--p 0001a000 08:04 1843825    /lib/libgcc_s.so.1
b0161000-b0162000 rw-p 0001b000 08:04 1843825    /lib/libgcc_s.so.1
b0165000-b0167000 r--s 00015000 08:04 1966236    /home/cajero/workspace/Client/lib/xpp3.jar
b0167000-b016a000 r--s 00029000 08:04 1966235    /home/cajero/workspace/Client/lib/stax.jar
b016a000-b0173000 r--s 00051000 08:04 1966233    /home/cajero/workspace/Client/lib/simple-xml.jar
b0173000-b017a000 r--s 00000000 08:04 2228958    /var/cache/fontconfig/77e41c5059666d75f92e318d4be8c21e-x86.cache-2
b017a000-b018f000 r--s 00000000 08:04 2228963    /var/cache/fontconfig/7ef2298fde41cc6eeb7af42e48b7d293-x86.cache-2
b018f000-b01f0000 r-xp 00000000 08:04 287360     /usr/java/jdk1.7.0_80/jre/lib/i386/libfontmanager.so
b01f0000-b01f3000 rw-p 00060000 08:04 287360     /usr/java/jdk1.7.0_80/jre/lib/i386/libfontmanager.so
b01f3000-b01f7000 rw-p 00000000 00:00 0 
b01f7000-b01fa000 ---p 00000000 00:00 0 
b01fa000-b0248000 rw-p 00000000 00:00 0 
b0248000-b024b000 ---p 00000000 00:00 0 
b024b000-b0299000 rw-p 00000000 00:00 0 
b0299000-b02b5000 r-xp 00000000 08:04 2313747    /usr/lib/libxcb.so.1.0.0
b02b5000-b02b6000 r--p 0001b000 08:04 2313747    /usr/lib/libxcb.so.1.0.0
b02b6000-b02b7000 rw-p 0001c000 08:04 2313747    /usr/lib/libxcb.so.1.0.0
b02b7000-b02b8000 r-xp 00000000 08:04 2313737    /usr/lib/libxcb-xlib.so.0.0.0
b02b8000-b02b9000 r--p 00000000 08:04 2313737    /usr/lib/libxcb-xlib.so.0.0.0
b02b9000-b02ba000 rw-p 00001000 08:04 2313737    /usr/lib/libxcb-xlib.so.0.0.0
b02ba000-b02c3000 r-xp 00000000 08:04 1310996    /usr/lib/libXi.so.6.0.0
b02c3000-b02c4000 r--p 00008000 08:04 1310996    /usr/lib/libXi.so.6.0.0
b02c4000-b02c5000 rw-p 00009000 08:04 1310996    /usr/lib/libXi.so.6.0.0
b02c5000-b02ca000 r-xp 00000000 08:04 1311006    /usr/lib/libXtst.so.6.1.0
b02ca000-b02cb000 r--p 00004000 08:04 1311006    /usr/lib/libXtst.so.6.1.0
b02cb000-b02cc000 rw-p 00005000 08:04 1311006    /usr/lib/libXtst.so.6.1.0
b02cc000-b02d4000 r-xp 00000000 08:04 1310834    /usr/lib/libXrender.so.1.3.0
b02d4000-b02d5000 r--p 00007000 08:04 1310834    /usr/lib/libXrender.so.1.3.0
b02d5000-b02d6000 rw-p 00008000 08:04 1310834    /usr/lib/libXrender.so.1.3.0
b02d6000-b0405000 r-xp 00000000 08:04 1310767    /usr/lib/libX11.so.6.2.0
b0405000-b0406000 r--p 0012f000 08:04 1310767    /usr/lib/libX11.so.6.2.0
b0406000-b0409000 rw-p 00130000 08:04 1310767    /usr/lib/libX11.so.6.2.0
b040a000-b040b000 r--s 00002000 08:04 1966272    /home/cajero/workspace/Client/lib/Client-Side.jar
b040b000-b040d000 r--s 00005000 08:04 1966234    /home/cajero/workspace/Client/lib/stax-api.jar
b040d000-b0412000 r--s 00000000 08:04 2228957    /var/cache/fontconfig/d62e99ef547d1d24cdb1bd22ec1a2976-x86.cache-2
b0412000-b0420000 r-xp 00000000 08:04 287392     /usr/java/jdk1.7.0_80/jre/lib/i386/libnio.so
b0420000-b0421000 rw-p 0000e000 08:04 287392     /usr/java/jdk1.7.0_80/jre/lib/i386/libnio.so
b0421000-b0425000 r-xp 00000000 08:04 1310836    /usr/lib/libXfixes.so.3.1.0
b0425000-b0426000 r--p 00003000 08:04 1310836    /usr/lib/libXfixes.so.3.1.0
b0426000-b0427000 rw-p 00004000 08:04 1310836    /usr/lib/libXfixes.so.3.1.0
b0427000-b0430000 r-xp 00000000 08:04 1310982    /usr/lib/libXcursor.so.1.0.2
b0430000-b0431000 r--p 00008000 08:04 1310982    /usr/lib/libXcursor.so.1.0.2
b0431000-b0432000 rw-p 00009000 08:04 1310982    /usr/lib/libXcursor.so.1.0.2
b0432000-b0434000 r-xp 00000000 08:04 2435454    /usr/lib/gconv/ISO8859-1.so
b0434000-b0435000 r--p 00001000 08:04 2435454    /usr/lib/gconv/ISO8859-1.so
b0435000-b0436000 rw-p 00002000 08:04 2435454    /usr/lib/gconv/ISO8859-1.so
b0436000-b047f000 r-xp 00000000 08:04 295557     /usr/java/jdk1.7.0_80/jre/lib/i386/xawt/libmawt.so
b047f000-b0481000 rw-p 00049000 08:04 295557     /usr/java/jdk1.7.0_80/jre/lib/i386/xawt/libmawt.so
b0481000-b0482000 rw-p 00000000 00:00 0 
b0482000-b0508000 r-xp 00000000 08:04 287356     /usr/java/jdk1.7.0_80/jre/lib/i386/libawt.so
b0508000-b050f000 rw-p 00086000 08:04 287356     /usr/java/jdk1.7.0_80/jre/lib/i386/libawt.so
b050f000-b0533000 rw-p 00000000 00:00 0 
b0533000-b0534000 ---p 00000000 00:00 0 
b0534000-b0d34000 rw-p 00000000 00:00 0 
b0d34000-b0d35000 ---p 00000000 00:00 0 
b0d35000-b1535000 rw-p 00000000 00:00 0 
b1535000-b1536000 ---p 00000000 00:00 0 
b1536000-b1d36000 rw-p 00000000 00:00 0 
b1d36000-b1d37000 ---p 00000000 00:00 0 
b1d37000-b2537000 rw-p 00000000 00:00 0 
b2567000-b2568000 ---p 00000000 00:00 0 
b2568000-b2d68000 rw-p 00000000 00:00 0 
b2d68000-b2d6d000 r-xp 00000000 08:04 174766     /opt/DigitalPersona/urusdk-linux/Linux/lib/x86/libdpDrvDatApi.so.2.0.0.8
b2d6d000-b2d6e000 rw-p 00005000 08:04 174766     /opt/DigitalPersona/urusdk-linux/Linux/lib/x86/libdpDrvDatApi.so.2.0.0.8
b2d6e000-b2d7d000 r-xp 00000000 08:04 174769     /opt/DigitalPersona/urusdk-linux/Linux/lib/x86/libdpFC.so.2.0.0.8
b2d7d000-b2d7e000 rw-p 0000f000 08:04 174769     /opt/DigitalPersona/urusdk-linux/Linux/lib/x86/libdpFC.so.2.0.0.8
b2d7e000-b2d82000 r-xp 00000000 08:04 174793     /opt/DigitalPersona/urusdk-linux/Linux/lib/x86/libdpUsbAda.so.2.0.0.8
b2d82000-b2d83000 rw-p 00003000 08:04 174793     /opt/DigitalPersona/urusdk-linux/Linux/lib/x86/libdpUsbAda.so.2.0.0.8
b2d83000-b2d8e000 r-xp 00000000 08:04 174784     /opt/DigitalPersona/urusdk-linux/Linux/lib/x86/libdpI00701.so.2.0.0.8
b2d8e000-b2d8f000 rw-p 0000a000 08:04 174784     /opt/DigitalPersona/urusdk-linux/Linux/lib/x86/libdpI00701.so.2.0.0.8
b2d8f000-b2da7000 r-xp 00000000 08:04 174757     /opt/DigitalPersona/urusdk-linux/Linux/lib/x86/libdpD00701.so.2.0.0.8
b2da7000-b2da8000 rw-p 00018000 08:04 174757     /opt/DigitalPersona/urusdk-linux/Linux/lib/x86/libdpD00701.so.2.0.0.8
b2da8000-b2daf000 r-xp 00000000 08:04 174760     /opt/DigitalPersona/urusdk-linux/Linux/lib/x86/libdpDevMgr.so.2.0.0.8
b2daf000-b2db0000 rw-p 00006000 08:04 174760     /opt/DigitalPersona/urusdk-linux/Linux/lib/x86/libdpDevMgr.so.2.0.0.8
b2db0000-b2db3000 r-xp 00000000 08:04 174787     /opt/DigitalPersona/urusdk-linux/Linux/lib/x86/libdpObjMgr.so.2.0.0.8
b2db3000-b2db4000 rw-p 00002000 08:04 174787     /opt/DigitalPersona/urusdk-linux/Linux/lib/x86/libdpObjMgr.so.2.0.0.8
b2db4000-b2dba000 r-xp 00000000 08:04 174763     /opt/DigitalPersona/urusdk-linux/Linux/lib/x86/libdpDrvApi.so.2.0.0.8
b2dba000-b2dbb000 rw-p 00005000 08:04 174763     /opt/DigitalPersona/urusdk-linux/Linux/lib/x86/libdpDrvApi.so.2.0.0.8
b2dbf000-b2dc6000 rw-p 00000000 00:00 0 
b2dc6000-b2dce000 r-xp 00000000 08:04 174775     /opt/DigitalPersona/urusdk-linux/Linux/lib/x86/libdpfpdd.so.2.2.3
b2dce000-b2dcf000 rw-p 00007000 08:04 174775     /opt/DigitalPersona/urusdk-linux/Linux/lib/x86/libdpfpdd.so.2.2.3
b2dcf000-b2dd0000 r--s 00007000 08:04 1966232    /home/cajero/workspace/Client/lib/samples-utils.jar
b2dd0000-b2dd1000 r--s 009af000 08:04 1966231    /home/cajero/workspace/Client/lib/neurotec-native-macosx-universal.jar
b2dd1000-b2dd3000 r-xp 00000000 08:04 2313267    /usr/lib/libXau.so.6.0.0
b2dd3000-b2dd4000 r--p 00001000 08:04 2313267    /usr/lib/libXau.so.6.0.0
b2dd4000-b2dd5000 rw-p 00002000 08:04 2313267    /usr/lib/libXau.so.6.0.0
b2dd5000-b2de4000 r-xp 00000000 08:04 1310838    /usr/lib/libXext.so.6.4.0
b2de4000-b2de5000 r--p 0000e000 08:04 1310838    /usr/lib/libXext.so.6.4.0
b2de5000-b2de6000 rw-p 0000f000 08:04 1310838    /usr/lib/libXext.so.6.4.0
b2de6000-b2dfb000 r-xp 00000000 08:04 287391     /usr/java/jdk1.7.0_80/jre/lib/i386/libnet.so
b2dfb000-b2dfc000 rw-p 00015000 08:04 287391     /usr/java/jdk1.7.0_80/jre/lib/i386/libnet.so
b2dfc000-b2e01000 r-xp 00000000 08:04 1966241    /home/cajero/workspace/Client/libHuellas/linux-32 bits/FScanners/NdmDigitalPersonaUareU/NdmDigitalPersonaUareU.so
b2e01000-b2e02000 rw-p 00005000 08:04 1966241    /home/cajero/workspace/Client/libHuellas/linux-32 bits/FScanners/NdmDigitalPersonaUareU/NdmDigitalPersonaUareU.so
b2e02000-b2e0d000 r-xp 00000000 08:04 1966243    /home/cajero/workspace/Client/libHuellas/linux-32 bits/NdmMedia.so
b2e0d000-b2e0e000 rw-p 0000a000 08:04 1966243    /home/cajero/workspace/Client/libHuellas/linux-32 bits/NdmMedia.so
b2e0e000-b2e23000 r-xp 00000000 08:04 1966244    /home/cajero/workspace/Client/libHuellas/linux-32 bits/NdmVirtual.so
b2e23000-b2e28000 rw-p 00014000 08:04 1966244    /home/cajero/workspace/Client/libHuellas/linux-32 bits/NdmVirtual.so
b2e28000-b2e29000 ---p 00000000 00:00 0 
b2e29000-b3629000 rw-p 00000000 00:00 0 
b3629000-b362b000 rwxp 00000000 00:00 0 
b362b000-b365a000 r-xp 00000000 08:04 1966251    /home/cajero/workspace/Client/libHuellas/linux-32 bits/libNLicensing.so
b365a000-b3665000 rw-p 0002f000 08:04 1966251    /home/cajero/workspace/Client/libHuellas/linux-32 bits/libNLicensing.so
b3665000-b3666000 rw-p 00000000 00:00 0 
b3666000-b37c3000 r-xp 00000000 08:04 1966245    /home/cajero/workspace/Client/libHuellas/linux-32 bits/libNBiometricClient.so
b37c3000-b37cc000 rw-p 0015d000 08:04 1966245    /home/cajero/workspace/Client/libHuellas/linux-32 bits/libNBiometricClient.so
b37cc000-b37f4000 r-xp 00000000 08:04 1966250    /home/cajero/workspace/Client/libHuellas/linux-32 bits/libNDevices.so
b37f4000-b37ff000 rw-p 00027000 08:04 1966250    /home/cajero/workspace/Client/libHuellas/linux-32 bits/libNDevices.so
b37ff000-b3808000 rwxp 00000000 00:00 0 
b3808000-b3d86000 r-xp 00000000 08:04 1966246    /home/cajero/workspace/Client/libHuellas/linux-32 bits/libNBiometrics.so
b3d86000-b3def000 rw-p 0057d000 08:04 1966246    /home/cajero/workspace/Client/libHuellas/linux-32 bits/libNBiometrics.so
b3def000-b3df5000 rw-p 00000000 00:00 0 
b3df5000-b3e50000 r-xp 00000000 08:04 1966253    /home/cajero/workspace/Client/libHuellas/linux-32 bits/libNMediaProc.so
b3e50000-b3e5a000 rw-p 0005a000 08:04 1966253    /home/cajero/workspace/Client/libHuellas/linux-32 bits/libNMediaProc.so
b3e5a000-b4015000 r-xp 00000000 08:04 1966252    /home/cajero/workspace/Client/libHuellas/linux-32 bits/libNMedia.so
b4015000-b402f000 rw-p 001bb000 08:04 1966252    /home/cajero/workspace/Client/libHuellas/linux-32 bits/libNMedia.so
b402f000-b4030000 rw-p 00000000 00:00 0 
b4030000-b4034000 rwxp 00000000 00:00 0 
b4034000-b4039000 r--s 00038000 08:04 1966230    /home/cajero/workspace/Client/lib/neurotec-media.jar
b4039000-b403a000 r--s 00004000 08:04 1966229    /home/cajero/workspace/Client/lib/neurotec-media-processing.jar
b403a000-b403c000 r--s 0000a000 08:04 1966228    /home/cajero/workspace/Client/lib/neurotec-licensing.jar
b403c000-b403d000 r--p 00000000 00:00 0 
b403d000-b403e000 rwxp 00000000 00:00 0 
b403e000-b405c000 r--p 00000000 08:04 2419102    /usr/share/locale/es/LC_MESSAGES/libc.mo
b405c000-b41da000 r-xp 00000000 08:04 1966249    /home/cajero/workspace/Client/libHuellas/linux-32 bits/libNCore.so
b41da000-b41eb000 rw-p 0017e000 08:04 1966249    /home/cajero/workspace/Client/libHuellas/linux-32 bits/libNCore.so
b41eb000-b41ed000 rw-p 00000000 00:00 0 
b41ed000-b4201000 r-xp 00000000 08:04 1860823    /tmp/jna-cajero/jna6101873295170832605.tmp (deleted)
b4201000-b4202000 rw-p 00014000 08:04 1860823    /tmp/jna-cajero/jna6101873295170832605.tmp (deleted)
b4202000-b4206000 r--s 0008b000 08:04 287420     /usr/java/jdk1.7.0_80/jre/lib/jsse.jar
b4206000-b420d000 r--s 0002d000 08:04 1966227    /home/cajero/workspace/Client/lib/neurotec-devices.jar
b420d000-b420f000 r--s 00005000 08:04 1966226    /home/cajero/workspace/Client/lib/neurotec-devices-virtual.jar
b420f000-b421c000 r--s 000a0000 08:04 1966225    /home/cajero/workspace/Client/lib/neurotec-core.jar
b421c000-b422e000 r--s 000e3000 08:04 1966224    /home/cajero/workspace/Client/lib/neurotec-biometrics.jar
b422e000-b422f000 ---p 00000000 00:00 0 
b422f000-b42af000 rw-p 00000000 00:00 0 
b42af000-b42b2000 ---p 00000000 00:00 0 
b42b2000-b4300000 rw-p 00000000 00:00 0 
b4300000-b4321000 rw-p 00000000 00:00 0 
b4321000-b4400000 ---p 00000000 00:00 0 
b4400000-b4403000 r--s 00019000 08:04 287406     /usr/java/jdk1.7.0_80/jre/lib/jce.jar
b4403000-b4405000 r--s 0000b000 08:04 1966223    /home/cajero/workspace/Client/lib/neurotec-biometrics-client.jar
b4405000-b4408000 r--s 000a6000 08:04 1966222    /home/cajero/workspace/Client/lib/jna.jar
b4408000-b440c000 r--s 0002a000 08:04 1966221    /home/cajero/workspace/Client/lib/commons-io.jar
b440c000-b440f000 ---p 00000000 00:00 0 
b440f000-b448d000 rw-p 00000000 00:00 0 
b448d000-b4490000 ---p 00000000 00:00 0 
b4490000-b4529000 rw-p 00000000 00:00 0 
b4529000-b46e9000 r--s 039fb000 08:04 287422     /usr/java/jdk1.7.0_80/jre/lib/rt.jar
b46e9000-b4728000 r--p 00000000 08:04 49629      /usr/lib/locale/es_ES.utf8/LC_CTYPE
b4728000-b4729000 r--p 00000000 08:04 49605      /usr/lib/locale/es_ES.utf8/LC_NUMERIC
b4729000-b472a000 r--p 00000000 08:04 34267      /usr/lib/locale/es_ES.utf8/LC_TIME
b472a000-b4847000 r--p 00000000 08:04 49630      /usr/lib/locale/es_ES.utf8/LC_COLLATE
b4847000-b4848000 r--p 00000000 08:04 49607      /usr/lib/locale/es_ES.utf8/LC_MONETARY
b4848000-b4849000 r--p 00000000 08:04 42251      /usr/lib/locale/es_ES.utf8/LC_MESSAGES/SYS_LC_MESSAGES
b4849000-b484a000 r--p 00000000 08:04 49626      /usr/lib/locale/es_ES.utf8/LC_PAPER
b484a000-b484b000 r--p 00000000 08:04 49606      /usr/lib/locale/es_ES.utf8/LC_NAME
b484b000-b484c000 r--p 00000000 08:04 34843      /usr/lib/locale/es_ES.utf8/LC_ADDRESS
b484c000-b484d000 r--p 00000000 08:04 34842      /usr/lib/locale/es_ES.utf8/LC_TELEPHONE
b484d000-b484e000 r--p 00000000 08:04 49628      /usr/lib/locale/es_ES.utf8/LC_MEASUREMENT
b484e000-b4855000 r--s 00000000 08:04 2435517    /usr/lib/gconv/gconv-modules.cache
b4855000-b4858000 ---p 00000000 00:00 0 
b4858000-b48a6000 rw-p 00000000 00:00 0 
b48a6000-b48a9000 ---p 00000000 00:00 0 
b48a9000-b48f7000 rw-p 00000000 00:00 0 
b48f7000-b48f8000 ---p 00000000 00:00 0 
b48f8000-b4986000 rw-p 00000000 00:00 0 
b4986000-b49a0000 rw-p 00000000 00:00 0 
b49a0000-b49a6000 rw-p 00000000 00:00 0 
b49a6000-b49f2000 rw-p 00000000 00:00 0 
b49f2000-b49f5000 rw-p 00000000 00:00 0 
b49f5000-b4a1a000 rw-p 00000000 00:00 0 
b4a1a000-b4a20000 rw-p 00000000 00:00 0 
b4a20000-b4a6c000 rw-p 00000000 00:00 0 
b4a6c000-b4a72000 rw-p 00000000 00:00 0 
b4a72000-b4a8c000 rw-p 00000000 00:00 0 
b4a8c000-b4a9f000 rw-p 00000000 00:00 0 
b4a9f000-b4b18000 rw-p 00000000 00:00 0 
b4b18000-b4ca0000 rwxp 00000000 00:00 0 
b4ca0000-b6b18000 rw-p 00000000 00:00 0 
b6b18000-b6b20000 rw-s 00000000 08:04 1860819    /tmp/hsperfdata_cajero/3993 (deleted)
b6b20000-b6b55000 r--s 00000000 08:04 2229045    /var/run/nscd/passwd
b6b55000-b6b78000 r-xp 00000000 08:04 287370     /usr/java/jdk1.7.0_80/jre/lib/i386/libjava.so
b6b78000-b6b79000 rw-p 00023000 08:04 287370     /usr/java/jdk1.7.0_80/jre/lib/i386/libjava.so
b6b79000-b6b81000 r-xp 00000000 08:04 1843791    /lib/librt-2.11.3.so
b6b81000-b6b82000 r--p 00007000 08:04 1843791    /lib/librt-2.11.3.so
b6b82000-b6b83000 rw-p 00008000 08:04 1843791    /lib/librt-2.11.3.so
b6b83000-b6b86000 ---p 00000000 00:00 0 
b6b86000-b6bd4000 rw-p 00000000 00:00 0 
b6bd4000-b6bfb000 r-xp 00000000 08:04 1843769    /lib/libm-2.11.3.so
b6bfb000-b6bfc000 r--p 00026000 08:04 1843769    /lib/libm-2.11.3.so
b6bfc000-b6bfd000 rw-p 00027000 08:04 1843769    /lib/libm-2.11.3.so
b6bfd000-b7192000 r-xp 00000000 08:04 287345     /usr/java/jdk1.7.0_80/jre/lib/i386/client/libjvm.so
b7192000-b71b3000 rw-p 00595000 08:04 287345     /usr/java/jdk1.7.0_80/jre/lib/i386/client/libjvm.so
b71b3000-b75d4000 rw-p 00000000 00:00 0 
b75d4000-b7740000 r-xp 00000000 08:04 1843761    /lib/libc-2.11.3.so
b7740000-b7741000 ---p 0016c000 08:04 1843761    /lib/libc-2.11.3.so
b7741000-b7743000 r--p 0016c000 08:04 1843761    /lib/libc-2.11.3.so
b7743000-b7744000 rw-p 0016e000 08:04 1843761    /lib/libc-2.11.3.so
b7744000-b7748000 rw-p 00000000 00:00 0 
b7748000-b774b000 r-xp 00000000 08:04 1843767    /lib/libdl-2.11.3.so
b774b000-b774c000 r--p 00002000 08:04 1843767    /lib/libdl-2.11.3.so
b774c000-b774d000 rw-p 00003000 08:04 1843767    /lib/libdl-2.11.3.so
b774d000-b7761000 r-xp 00000000 08:04 264696     /usr/java/jdk1.7.0_80/lib/i386/jli/libjli.so
b7761000-b7762000 rw-p 00013000 08:04 264696     /usr/java/jdk1.7.0_80/lib/i386/jli/libjli.so
b7762000-b7779000 r-xp 00000000 08:04 1843787    /lib/libpthread-2.11.3.so
b7779000-b777a000 r--p 00016000 08:04 1843787    /lib/libpthread-2.11.3.so
b777a000-b777b000 rw-p 00017000 08:04 1843787    /lib/libpthread-2.11.3.so
b777b000-b777d000 rw-p 00000000 00:00 0 
b777d000-b777e000 r--p 00000000 08:04 34265      /usr/lib/locale/es_ES.utf8/LC_IDENTIFICATION
b777e000-b7784000 rw-p 00000000 00:00 0 
b7784000-b779b000 r-xp 00000000 08:04 287403     /usr/java/jdk1.7.0_80/jre/lib/i386/libzip.so
b779b000-b779c000 rw-p 00016000 08:04 287403     /usr/java/jdk1.7.0_80/jre/lib/i386/libzip.so
b779c000-b779d000 rw-p 00000000 00:00 0 
b779d000-b779e000 ---p 00000000 00:00 0 
b779e000-b77a9000 r-xp 00000000 08:04 287402     /usr/java/jdk1.7.0_80/jre/lib/i386/libverify.so
b77a9000-b77aa000 rw-p 0000b000 08:04 287402     /usr/java/jdk1.7.0_80/jre/lib/i386/libverify.so
b77aa000-b77ab000 rw-p 00000000 00:00 0 
b77ab000-b77ca000 r-xp 00000000 08:04 1843754    /lib/ld-2.11.3.so
b77ca000-b77cb000 r--p 0001e000 08:04 1843754    /lib/ld-2.11.3.so
b77cb000-b77cc000 rw-p 0001f000 08:04 1843754    /lib/ld-2.11.3.so
bfe76000-bfe77000 rwxp 00000000 00:00 0 
bfea8000-bfeca000 rw-p 00000000 00:00 0          [stack]
ffffe000-fffff000 r-xp 00000000 00:00 0          [vdso]

VM Arguments:
jvm_args: -Dfile.encoding=UTF-8 
java_command: webServices.ClienteWS
Launcher Type: SUN_STANDARD

Environment Variables:
CLASSPATH=:/usr/local/NCRRetail:/usr/local/NCRRetail/jar/NCRRetailCommon.jar:/usr/local/NCRRetail/jar/jpos.jar:/usr/local/NCRRetail/jar/NCRJavaPOS.jar:/usr/local/NCRRetail/jar/jcl_editor.jar:/usr/local/NCRRetail/jar/xerces.jar:/usr/local/NCRRetail/jar/NCRConfigManager.jar:/usr/local/NCRRetail/jar/NCRSystemMonitor.jar
PATH=/home/cajero/bin:/usr/local/bin:/usr/bin:/bin:/usr/bin/X11:/usr/X11R6/bin:/usr/games:/usr/lib/mit/bin:/usr/lib/mit/sbin
USERNAME=cajero
LD_LIBRARY_PATH=/usr/java/jdk1.7.0_80/jre/lib/i386/client:/usr/java/jdk1.7.0_80/jre/lib/i386:/home/cajero/workspace/Client/libHuellas/linux-32 bits/
SHELL=/bin/bash
DISPLAY=:0.0
HOSTTYPE=i386
OSTYPE=linux
MACHTYPE=i686-suse-linux

Signal Handlers:
SIGSEGV: [libjvm.so+0x511b30], sa_mask[0]=0x7ffbfeff, sa_flags=0x10000004
SIGBUS: [libjvm.so+0x511b30], sa_mask[0]=0x7ffbfeff, sa_flags=0x10000004
SIGFPE: [libjvm.so+0x406570], sa_mask[0]=0x7ffbfeff, sa_flags=0x10000004
SIGPIPE: [libjvm.so+0x406570], sa_mask[0]=0x7ffbfeff, sa_flags=0x10000004
SIGXFSZ: [libjvm.so+0x406570], sa_mask[0]=0x7ffbfeff, sa_flags=0x10000004
SIGILL: [libjvm.so+0x406570], sa_mask[0]=0x7ffbfeff, sa_flags=0x10000004
SIGUSR1: SIG_DFL, sa_mask[0]=0x00000000, sa_flags=0x00000000
SIGUSR2: [libjvm.so+0x407de0], sa_mask[0]=0x00000004, sa_flags=0x10000004
SIGHUP: [libjvm.so+0x409110], sa_mask[0]=0x7ffbfeff, sa_flags=0x10000004
SIGINT: [libjvm.so+0x409110], sa_mask[0]=0x7ffbfeff, sa_flags=0x10000004
SIGTERM: [libjvm.so+0x409110], sa_mask[0]=0x7ffbfeff, sa_flags=0x10000004
SIGQUIT: [libjvm.so+0x409110], sa_mask[0]=0x7ffbfeff, sa_flags=0x10000004


---------------  S Y S T E M  ---------------

OS:SUSE Linux Enterprise Server 11 (i586)
VERSION = 11
PATCHLEVEL = 4

uname:Linux 3.0.101-63-pae #1 SMP Tue Jun 23 16:02:31 UTC 2015 (4b89d0c) i686
libc:glibc 2.11.3 NPTL 2.11.3 
rlimit: STACK 8192k, CORE 1k, NPROC 7679, NOFILE 8192, AS 2020800k
load average:0,03 0,07 0,12

/proc/meminfo:
MemTotal:         991720 kB
MemFree:          112000 kB
Buffers:           13232 kB
Cached:           416012 kB
SwapCached:          180 kB
Active:           489388 kB
Inactive:         340536 kB
Active(anon):     363456 kB
Inactive(anon):    65128 kB
Active(file):     125932 kB
Inactive(file):   275408 kB
Unevictable:           0 kB
Mlocked:               0 kB
HighTotal:        110152 kB
HighFree:           1480 kB
LowTotal:         881568 kB
LowFree:          110520 kB
SwapTotal:       1534200 kB
SwapFree:        1533252 kB
Dirty:               104 kB
Writeback:             0 kB
AnonPages:        400588 kB
Mapped:            81740 kB
Shmem:             27852 kB
Slab:              27560 kB
SReclaimable:      15464 kB
SUnreclaim:        12096 kB
KernelStack:        2528 kB
PageTables:         3388 kB
NFS_Unstable:          0 kB
Bounce:                0 kB
WritebackTmp:          0 kB
CommitLimit:     2030060 kB
Committed_AS:    1014776 kB
VmallocTotal:     122880 kB
VmallocUsed:       19088 kB
VmallocChunk:     102400 kB
HardwareCorrupted:     0 kB
AnonHugePages:    299008 kB
HugePages_Total:       0
HugePages_Free:        0
HugePages_Rsvd:        0
HugePages_Surp:        0
Hugepagesize:       2048 kB
DirectMap4k:       10232 kB
DirectMap2M:      892928 kB


CPU:total 1 (1 cores per cpu, 1 threads per core) family 6 model 23 stepping 10, cmov, cx8, fxsr, mmx, sse, sse2, sse3, ssse3, tsc

/proc/cpuinfo:
processor	: 0
vendor_id	: GenuineIntel
cpu family	: 6
model		: 23
model name	: Intel(R) Celeron(R) CPU          900  @ 2.20GHz
stepping	: 10
microcode	: 2571
cpu MHz		: 2194.645
cache size	: 1024 KB
fdiv_bug	: no
hlt_bug		: no
f00f_bug	: no
coma_bug	: no
fpu		: yes
fpu_exception	: yes
cpuid level	: 13
wp		: yes
flags		: fpu vme de pse tsc msr pae mce cx8 apic sep mtrr pge mca cmov pat pse36 clflush dts acpi mmx fxsr sse sse2 ss tm pbe nx lm constant_tsc up arch_perfmon pebs bts aperfmperf pni dtes64 monitor ds_cpl tm2 ssse3 cx16 xtpr pdcm xsave lahf_lm dtherm
bogomips	: 4389.29
clflush size	: 64
cache_alignment	: 64
address sizes	: 36 bits physical, 48 bits virtual
power management:



Memory: 4k page, physical 991720k(112000k free), swap 1534200k(1533252k free)

vm_info: Java HotSpot(TM) Client VM (24.80-b11) for linux-x86 JRE (1.7.0_80-b15), built on Apr 10 2015 12:41:05 by "java_re" with gcc 4.3.0 20080428 (Red Hat 4.3.0-8)

time: Thu Sep 15 07:42:38 2016
elapsed time: 128 seconds

