#
# A fatal error has been detected by the Java Runtime Environment:
#
#  SIGSEGV (0xb) at pc=0xb2e784e0, pid=3793, tid=3029494640
#
# JRE version: Java(TM) SE Runtime Environment (7.0_80-b15) (build 1.7.0_80-b15)
# Java VM: Java HotSpot(TM) Client VM (24.80-b11 mixed mode, sharing linux-x86 )
# Problematic frame:
# C  [libdpfpdd.so+0x34e0]  _init+0x23dc
#
# Core dump written. Default location: /home/cajero/workspace/Client/core or core.3793 (max size 1 kB). To ensure a full core dump, try "ulimit -c unlimited" before starting Java again
#
# If you would like to submit a bug report, please visit:
#   http://bugreport.java.com/bugreport/crash.jsp
#

---------------  T H R E A D  ---------------

Current thread (0x08071400):  VMThread [stack: 0xb48a6000,0xb4927000] [id=3799]

siginfo:si_signo=SIGSEGV: si_errno=0, si_code=1 (SEGV_MAPERR), si_addr=0x4bc8c5b4

Registers:
EAX=0xb2e7dba0, EBX=0xb2e7dd3c, ECX=0x0844dea4, EDX=0x4bc8c540
ESP=0xb4925ba0, EBP=0xb4925bf8, ESI=0x4bc8c5b4, EDI=0x0844dfb4
EIP=0xb2e784e0, EFLAGS=0x00010206, CR2=0x4bc8c5b4

Top of Stack: (sp=0xb4925ba0)
0xb4925ba0:   0844dfb4 b2e7c889 00000000 b4290598
0xb4925bb0:   00000000 b4925bcc b4925bdc 4bc8c540
0xb4925bc0:   08451ec8 b776f010 0000018c b4290598
0xb4925bd0:   08451ec8 b4925cbc b4925c08 00000000
0xb4925be0:   b4926b70 00000000 b2e7c889 b2e7dd3c
0xb4925bf0:   b2eb0320 b4925cbc b4925c08 b2e7a180
0xb4925c00:   b2e7de34 b2eb0194 b4925c38 b2eace63
0xb4925c10:   00000000 b2eb0344 00000000 b4925c28 

Instructions: (pc=0xb2e784e0)
0xb2e784c0:   c4 0f 84 93 01 00 00 8b 93 d4 ff ff ff 81 6d c4
0xb2e784d0:   84 00 00 00 8b 75 c4 8d 42 08 8b 55 c4 83 c6 74
0xb2e784e0:   89 42 74 8b 46 04 85 c0 74 08 89 04 24 e8 aa de
0xb2e784f0:   ff ff 8b 93 e8 ff ff ff c7 46 04 00 00 00 00 c7 

Register to memory mapping:

EAX=
[error occurred during error reporting (printing register info), id 0xb]

Stack: [0xb48a6000,0xb4927000],  sp=0xb4925ba0,  free space=510k
Native frames: (J=compiled Java code, j=interpreted, Vv=VM code, C=native code)
C  [libdpfpdd.so+0x34e0]  _init+0x23dc
C  [libdpfpdd.so+0x5180]  dpfpdd_exit+0x20
C  [NdmDigitalPersonaUareU.so+0x1e63]  abort@@GLIBC_2.0+0x1e63
C  [NdmDigitalPersonaUareU.so+0x21f5]  abort@@GLIBC_2.0+0x21f5
C  [libNCore.so+0x14af0b]  NPluginGetState+0x1cab
C  [libNCore.so+0x14babc]  NPluginEnable+0x54c
C  [libNCore.so+0x14c454]  NPluginEnable+0xee4
C  [libNCore.so+0x14c54a]  NPluginUnplug+0xda
C  [NdmDigitalPersonaUareU.so+0x401e]  abort@@GLIBC_2.0+0x401e
C  [libNCore.so+0x75bd6]  NModuleUnregister+0x116
C  [NdmDigitalPersonaUareU.so+0x4641]  NdmDigitalPersonaUareUModuleOf+0x411
C  [NdmDigitalPersonaUareU.so+0x18b8]  abort@@GLIBC_2.0+0x18b8
C  [NdmDigitalPersonaUareU.so+0x4810]  NdmDigitalPersonaUareUModuleOf+0x5e0
C  [ld-linux.so.2+0xfeeb]  _dl_fini+0x1fb
C  [libc.so.6+0x2dc51]  __run_exit_handlers+0xc1
C  [libc.so.6+0x2dcaf]  __GI_exit+0x2f
V  [libjvm.so+0x2ac4d4]  vm_direct_exit(int)+0x24
V  [libjvm.so+0x51affc]  VM_Exit::doit()+0xac
V  [libjvm.so+0x51b057]  VM_Operation::evaluate()+0x47
V  [libjvm.so+0x5190f3]  VMThread::evaluate_operation(VM_Operation*)+0xb3
V  [libjvm.so+0x519490]  VMThread::loop()+0x1b0
V  [libjvm.so+0x5198f5]  VMThread::run()+0x85
V  [libjvm.so+0x40bcf9]  java_start(Thread*)+0x119
C  [libpthread.so.0+0x6839]  start_thread+0xd9

VM_Operation (0xb017ac30): Exit, mode: safepoint, requested by thread 0x0853f400


---------------  P R O C E S S  ---------------

Java Threads: ( => current thread )
  0x08593000 JavaThread "Thread-0" [_thread_blocked, id=3826, stack(0xaefbd000,0xaf00e000)]
  0x0853f400 JavaThread "SIGTERM handler" daemon [_thread_blocked, id=3824, stack(0xb012b000,0xb017c000)]
  0x082ef000 JavaThread "AWT-XAWT" daemon [_thread_in_native, id=3814, stack(0xb02a6000,0xb02f7000)]
  0x080c2400 JavaThread "Java2D Disposer" daemon [_thread_blocked, id=3813, stack(0xb02f7000,0xb0348000)]
  0x0809cc00 JavaThread "Service Thread" daemon [_thread_blocked, id=3804, stack(0xb436a000,0xb43bb000)]
  0x0809ac00 JavaThread "C1 CompilerThread0" daemon [_thread_blocked, id=3803, stack(0xb43bb000,0xb443c000)]
  0x08074800 JavaThread "Finalizer" daemon [_thread_blocked, id=3801, stack(0xb4804000,0xb4855000)]
  0x08073000 JavaThread "Reference Handler" daemon [_thread_blocked, id=3800, stack(0xb4855000,0xb48a6000)]
  0x08051c00 JavaThread "main" [_thread_blocked, id=3795, stack(0xb6b32000,0xb6b83000)]

Other Threads:
=>0x08071400 VMThread [stack: 0xb48a6000,0xb4927000] [id=3799]

VM state:at safepoint (shutting down)

VM Mutex/Monitor currently owned by a thread:  ([mutex/lock_event])
[0x080508a0] Threads_lock - owner thread: 0x08071400

Heap
 def new generation   total 4672K, used 2218K [0x7f800000, 0x7fd10000, 0x84950000)
  eden space 4160K,  41% used [0x7f800000, 0x7f9aaba0, 0x7fc10000)
  from space 512K, 100% used [0x7fc10000, 0x7fc90000, 0x7fc90000)
  to   space 512K,   0% used [0x7fc90000, 0x7fc90000, 0x7fd10000)
 tenured generation   total 10368K, used 6500K [0x84950000, 0x85370000, 0x8ec00000)
   the space 10368K,  62% used [0x84950000, 0x84fa9178, 0x84fa9200, 0x85370000)
 compacting perm gen  total 12288K, used 7225K [0x8ec00000, 0x8f800000, 0x92c00000)
   the space 12288K,  58% used [0x8ec00000, 0x8f30e7b8, 0x8f30e800, 0x8f800000)
    ro space 10240K,  48% used [0x92c00000, 0x930d5b48, 0x930d5c00, 0x93600000)
    rw space 12288K,  57% used [0x93600000, 0x93ce29c8, 0x93ce2a00, 0x94200000)

Card table byte_map: [0xb49a1000,0xb4a47000] byte_map_base: 0xb45a5000

Polling page: 0xb774c000

Code Cache  [0xb4ac7000, 0xb4c4f000, 0xb6ac7000)
 total_blobs=776 nmethods=519 adapters=194 free_code_cache=31222Kb largest_free_block=31970752

Compilation events (10 events):
Event: 14,696 Thread 0x0809ac00  517             java.util.ArrayList::rangeCheck (22 bytes)
Event: 14,697 Thread 0x0809ac00 nmethod 517 0xb4c45d48 code [0xb4c45eb0, 0xb4c4614c]
Event: 14,697 Thread 0x0809ac00  518             java.util.ArrayList::get (11 bytes)
Event: 14,698 Thread 0x0809ac00 nmethod 518 0xb4c463c8 code [0xb4c464e0, 0xb4c46614]
Event: 14,699 Thread 0x0809ac00  519             java.util.zip.ZipEntry::getSize (5 bytes)
Event: 14,699 Thread 0x0809ac00 nmethod 519 0xb4c46788 code [0xb4c46880, 0xb4c46900]
Event: 14,699 Thread 0x0809ac00  520  s!         sun.misc.URLClassPath::getLoader (154 bytes)
Event: 14,701 Thread 0x0809ac00 nmethod 520 0xb4c46948 code [0xb4c46c90, 0xb4c47d98]
Event: 14,708 Thread 0x0809ac00  521             java.lang.ThreadLocal$ThreadLocalMap::set (136 bytes)
Event: 14,708 Thread 0x0809ac00 nmethod 521 0xb4c49088 code [0xb4c491e0, 0xb4c49504]

GC Heap History (10 events):
Event: 1,879 GC heap before
{Heap before GC invocations=11 (full 0):
 def new generation   total 4672K, used 4486K [0x7f800000, 0x7fd10000, 0x84950000)
  eden space 4160K, 100% used [0x7f800000, 0x7fc10000, 0x7fc10000)
  from space 512K,  63% used [0x7fc90000, 0x7fce1ab0, 0x7fd10000)
  to   space 512K,   0% used [0x7fc10000, 0x7fc10000, 0x7fc90000)
 tenured generation   total 10368K, used 4320K [0x84950000, 0x85370000, 0x8ec00000)
   the space 10368K,  41% used [0x84950000, 0x84d880e8, 0x84d88200, 0x85370000)
 compacting perm gen  total 12288K, used 3286K [0x8ec00000, 0x8f800000, 0x92c00000)
   the space 12288K,  26% used [0x8ec00000, 0x8ef358d0, 0x8ef35a00, 0x8f800000)
    ro space 10240K,  48% used [0x92c00000, 0x930d5b48, 0x930d5c00, 0x93600000)
    rw space 12288K,  57% used [0x93600000, 0x93ce29c8, 0x93ce2a00, 0x94200000)
Event: 1,881 GC heap after
Heap after GC invocations=12 (full 0):
 def new generation   total 4672K, used 224K [0x7f800000, 0x7fd10000, 0x84950000)
  eden space 4160K,   0% used [0x7f800000, 0x7f800000, 0x7fc10000)
  from space 512K,  43% used [0x7fc10000, 0x7fc480c8, 0x7fc90000)
  to   space 512K,   0% used [0x7fc90000, 0x7fc90000, 0x7fd10000)
 tenured generation   total 10368K, used 4644K [0x84950000, 0x85370000, 0x8ec00000)
   the space 10368K,  44% used [0x84950000, 0x84dd90b8, 0x84dd9200, 0x85370000)
 compacting perm gen  total 12288K, used 3286K [0x8ec00000, 0x8f800000, 0x92c00000)
   the space 12288K,  26% used [0x8ec00000, 0x8ef358d0, 0x8ef35a00, 0x8f800000)
    ro space 10240K,  48% used [0x92c00000, 0x930d5b48, 0x930d5c00, 0x93600000)
    rw space 12288K,  57% used [0x93600000, 0x93ce29c8, 0x93ce2a00, 0x94200000)
}
Event: 1,978 GC heap before
{Heap before GC invocations=12 (full 0):
 def new generation   total 4672K, used 4384K [0x7f800000, 0x7fd10000, 0x84950000)
  eden space 4160K, 100% used [0x7f800000, 0x7fc10000, 0x7fc10000)
  from space 512K,  43% used [0x7fc10000, 0x7fc480c8, 0x7fc90000)
  to   space 512K,   0% used [0x7fc90000, 0x7fc90000, 0x7fd10000)
 tenured generation   total 10368K, used 4644K [0x84950000, 0x85370000, 0x8ec00000)
   the space 10368K,  44% used [0x84950000, 0x84dd90b8, 0x84dd9200, 0x85370000)
 compacting perm gen  total 12288K, used 3409K [0x8ec00000, 0x8f800000, 0x92c00000)
   the space 12288K,  27% used [0x8ec00000, 0x8ef547e0, 0x8ef54800, 0x8f800000)
    ro space 10240K,  48% used [0x92c00000, 0x930d5b48, 0x930d5c00, 0x93600000)
    rw space 12288K,  57% used [0x93600000, 0x93ce29c8, 0x93ce2a00, 0x94200000)
Event: 1,981 GC heap after
Heap after GC invocations=13 (full 0):
 def new generation   total 4672K, used 417K [0x7f800000, 0x7fd10000, 0x84950000)
  eden space 4160K,   0% used [0x7f800000, 0x7f800000, 0x7fc10000)
  from space 512K,  81% used [0x7fc90000, 0x7fcf87f8, 0x7fd10000)
  to   space 512K,   0% used [0x7fc10000, 0x7fc10000, 0x7fc90000)
 tenured generation   total 10368K, used 4644K [0x84950000, 0x85370000, 0x8ec00000)
   the space 10368K,  44% used [0x84950000, 0x84dd90b8, 0x84dd9200, 0x85370000)
 compacting perm gen  total 12288K, used 3409K [0x8ec00000, 0x8f800000, 0x92c00000)
   the space 12288K,  27% used [0x8ec00000, 0x8ef547e0, 0x8ef54800, 0x8f800000)
    ro space 10240K,  48% used [0x92c00000, 0x930d5b48, 0x930d5c00, 0x93600000)
    rw space 12288K,  57% used [0x93600000, 0x93ce29c8, 0x93ce2a00, 0x94200000)
}
Event: 14,108 GC heap before
{Heap before GC invocations=13 (full 0):
 def new generation   total 4672K, used 4577K [0x7f800000, 0x7fd10000, 0x84950000)
  eden space 4160K, 100% used [0x7f800000, 0x7fc10000, 0x7fc10000)
  from space 512K,  81% used [0x7fc90000, 0x7fcf87f8, 0x7fd10000)
  to   space 512K,   0% used [0x7fc10000, 0x7fc10000, 0x7fc90000)
 tenured generation   total 10368K, used 4644K [0x84950000, 0x85370000, 0x8ec00000)
   the space 10368K,  44% used [0x84950000, 0x84dd90b8, 0x84dd9200, 0x85370000)
 compacting perm gen  total 12288K, used 3634K [0x8ec00000, 0x8f800000, 0x92c00000)
   the space 12288K,  29% used [0x8ec00000, 0x8ef8c858, 0x8ef8ca00, 0x8f800000)
    ro space 10240K,  48% used [0x92c00000, 0x930d5b48, 0x930d5c00, 0x93600000)
    rw space 12288K,  57% used [0x93600000, 0x93ce29c8, 0x93ce2a00, 0x94200000)
Event: 14,112 GC heap after
Heap after GC invocations=14 (full 0):
 def new generation   total 4672K, used 397K [0x7f800000, 0x7fd10000, 0x84950000)
  eden space 4160K,   0% used [0x7f800000, 0x7f800000, 0x7fc10000)
  from space 512K,  77% used [0x7fc10000, 0x7fc73748, 0x7fc90000)
  to   space 512K,   0% used [0x7fc90000, 0x7fc90000, 0x7fd10000)
 tenured generation   total 10368K, used 4904K [0x84950000, 0x85370000, 0x8ec00000)
   the space 10368K,  47% used [0x84950000, 0x84e1a098, 0x84e1a200, 0x85370000)
 compacting perm gen  total 12288K, used 3634K [0x8ec00000, 0x8f800000, 0x92c00000)
   the space 12288K,  29% used [0x8ec00000, 0x8ef8c858, 0x8ef8ca00, 0x8f800000)
    ro space 10240K,  48% used [0x92c00000, 0x930d5b48, 0x930d5c00, 0x93600000)
    rw space 12288K,  57% used [0x93600000, 0x93ce29c8, 0x93ce2a00, 0x94200000)
}
Event: 14,282 GC heap before
{Heap before GC invocations=14 (full 0):
 def new generation   total 4672K, used 4557K [0x7f800000, 0x7fd10000, 0x84950000)
  eden space 4160K, 100% used [0x7f800000, 0x7fc10000, 0x7fc10000)
  from space 512K,  77% used [0x7fc10000, 0x7fc73748, 0x7fc90000)
  to   space 512K,   0% used [0x7fc90000, 0x7fc90000, 0x7fd10000)
 tenured generation   total 10368K, used 4904K [0x84950000, 0x85370000, 0x8ec00000)
   the space 10368K,  47% used [0x84950000, 0x84e1a098, 0x84e1a200, 0x85370000)
 compacting perm gen  total 12288K, used 3947K [0x8ec00000, 0x8f800000, 0x92c00000)
   the space 12288K,  32% used [0x8ec00000, 0x8efdaff8, 0x8efdb000, 0x8f800000)
    ro space 10240K,  48% used [0x92c00000, 0x930d5b48, 0x930d5c00, 0x93600000)
    rw space 12288K,  57% used [0x93600000, 0x93ce29c8, 0x93ce2a00, 0x94200000)
Event: 14,290 GC heap after
Heap after GC invocations=15 (full 0):
 def new generation   total 4672K, used 512K [0x7f800000, 0x7fd10000, 0x84950000)
  eden space 4160K,   0% used [0x7f800000, 0x7f800000, 0x7fc10000)
  from space 512K, 100% used [0x7fc90000, 0x7fd10000, 0x7fd10000)
  to   space 512K,   0% used [0x7fc10000, 0x7fc10000, 0x7fc90000)
 tenured generation   total 10368K, used 5685K [0x84950000, 0x85370000, 0x8ec00000)
   the space 10368K,  54% used [0x84950000, 0x84edd628, 0x84edd800, 0x85370000)
 compacting perm gen  total 12288K, used 3947K [0x8ec00000, 0x8f800000, 0x92c00000)
   the space 12288K,  32% used [0x8ec00000, 0x8efdaff8, 0x8efdb000, 0x8f800000)
    ro space 10240K,  48% used [0x92c00000, 0x930d5b48, 0x930d5c00, 0x93600000)
    rw space 12288K,  57% used [0x93600000, 0x93ce29c8, 0x93ce2a00, 0x94200000)
}
Event: 14,624 GC heap before
{Heap before GC invocations=15 (full 0):
 def new generation   total 4672K, used 4672K [0x7f800000, 0x7fd10000, 0x84950000)
  eden space 4160K, 100% used [0x7f800000, 0x7fc10000, 0x7fc10000)
  from space 512K, 100% used [0x7fc90000, 0x7fd10000, 0x7fd10000)
  to   space 512K,   0% used [0x7fc10000, 0x7fc10000, 0x7fc90000)
 tenured generation   total 10368K, used 5685K [0x84950000, 0x85370000, 0x8ec00000)
   the space 10368K,  54% used [0x84950000, 0x84edd628, 0x84edd800, 0x85370000)
 compacting perm gen  total 12288K, used 6785K [0x8ec00000, 0x8f800000, 0x92c00000)
   the space 12288K,  55% used [0x8ec00000, 0x8f2a0658, 0x8f2a0800, 0x8f800000)
    ro space 10240K,  48% used [0x92c00000, 0x930d5b48, 0x930d5c00, 0x93600000)
    rw space 12288K,  57% used [0x93600000, 0x93ce29c8, 0x93ce2a00, 0x94200000)
Event: 14,633 GC heap after
Heap after GC invocations=16 (full 0):
 def new generation   total 4672K, used 512K [0x7f800000, 0x7fd10000, 0x84950000)
  eden space 4160K,   0% used [0x7f800000, 0x7f800000, 0x7fc10000)
  from space 512K, 100% used [0x7fc10000, 0x7fc90000, 0x7fc90000)
  to   space 512K,   0% used [0x7fc90000, 0x7fc90000, 0x7fd10000)
 tenured generation   total 10368K, used 6500K [0x84950000, 0x85370000, 0x8ec00000)
   the space 10368K,  62% used [0x84950000, 0x84fa9178, 0x84fa9200, 0x85370000)
 compacting perm gen  total 12288K, used 6785K [0x8ec00000, 0x8f800000, 0x92c00000)
   the space 12288K,  55% used [0x8ec00000, 0x8f2a0658, 0x8f2a0800, 0x8f800000)
    ro space 10240K,  48% used [0x92c00000, 0x930d5b48, 0x930d5c00, 0x93600000)
    rw space 12288K,  57% used [0x93600000, 0x93ce29c8, 0x93ce2a00, 0x94200000)
}

Deoptimization events (0 events):
No events

Internal exceptions (10 events):
Event: 14,696 Thread 0x08051c00 Threw 0x7f928f10 at /HUDSON/workspace/7u-2-build-linux-i586/jdk7u80/2329/hotspot/src/share/vm/prims/jvm.cpp:1319
Event: 14,698 Thread 0x08051c00 Threw 0x7f92d000 at /HUDSON/workspace/7u-2-build-linux-i586/jdk7u80/2329/hotspot/src/share/vm/prims/jvm.cpp:1319
Event: 14,698 Thread 0x08051c00 Threw 0x7f930b58 at /HUDSON/workspace/7u-2-build-linux-i586/jdk7u80/2329/hotspot/src/share/vm/prims/jvm.cpp:1319
Event: 14,702 Thread 0x08051c00 Threw 0x7f934870 at /HUDSON/workspace/7u-2-build-linux-i586/jdk7u80/2329/hotspot/src/share/vm/prims/jvm.cpp:1319
Event: 14,702 Thread 0x08051c00 Threw 0x7f9384c8 at /HUDSON/workspace/7u-2-build-linux-i586/jdk7u80/2329/hotspot/src/share/vm/prims/jvm.cpp:1319
Event: 14,703 Thread 0x08051c00 Threw 0x7f93cc78 at /HUDSON/workspace/7u-2-build-linux-i586/jdk7u80/2329/hotspot/src/share/vm/prims/jvm.cpp:1319
Event: 14,703 Thread 0x08051c00 Threw 0x7f9412c8 at /HUDSON/workspace/7u-2-build-linux-i586/jdk7u80/2329/hotspot/src/share/vm/prims/jvm.cpp:1319
Event: 14,704 Thread 0x08051c00 Threw 0x7f947848 at /HUDSON/workspace/7u-2-build-linux-i586/jdk7u80/2329/hotspot/src/share/vm/prims/jvm.cpp:1319
Event: 14,705 Thread 0x08051c00 Threw 0x7f94b9e0 at /HUDSON/workspace/7u-2-build-linux-i586/jdk7u80/2329/hotspot/src/share/vm/prims/jvm.cpp:1319
Event: 14,706 Thread 0x08051c00 Threw 0x7f9503d0 at /HUDSON/workspace/7u-2-build-linux-i586/jdk7u80/2329/hotspot/src/share/vm/prims/jvm.cpp:1319

Events (10 events):
Event: 38,469 Executing VM operation: RevokeBias done
Event: 38,470 Executing VM operation: RevokeBias
Event: 38,470 Executing VM operation: RevokeBias done
Event: 38,470 Executing VM operation: RevokeBias
Event: 38,470 Executing VM operation: RevokeBias done
Event: 38,470 Thread 0x08592000 Thread exited: 0x08592000
Event: 38,470 Executing VM operation: RevokeBias
Event: 38,470 Executing VM operation: RevokeBias done
Event: 38,471 Thread 0x08099000 Thread exited: 0x08099000
Event: 38,471 Executing VM operation: Exit


Dynamic libraries:
08048000-08049000 r-xp 00000000 08:04 2394621    /usr/java/jdk1.7.0_80/bin/java
08049000-0804a000 rw-p 00000000 08:04 2394621    /usr/java/jdk1.7.0_80/bin/java
0804a000-08687000 rw-p 00000000 00:00 0          [heap]
7f800000-7fd10000 rw-p 00000000 00:00 0 
7fd10000-84950000 rw-p 00000000 00:00 0 
84950000-85370000 rw-p 00000000 00:00 0 
85370000-8ec00000 rw-p 00000000 00:00 0 
8ec00000-8f800000 rw-p 00000000 00:00 0 
8f800000-92c00000 rw-p 00000000 00:00 0 
92c00000-930d6000 r--p 00001000 08:04 287204     /usr/java/jdk1.7.0_80/jre/lib/i386/client/classes.jsa
930d6000-93600000 rw-p 00000000 00:00 0 
93600000-93ce3000 rw-p 004d7000 08:04 287204     /usr/java/jdk1.7.0_80/jre/lib/i386/client/classes.jsa
93ce3000-94200000 rw-p 00000000 00:00 0 
94200000-944b5000 rw-p 00bba000 08:04 287204     /usr/java/jdk1.7.0_80/jre/lib/i386/client/classes.jsa
944b5000-94600000 rw-p 00000000 00:00 0 
94600000-94609000 r-xp 00e6f000 08:04 287204     /usr/java/jdk1.7.0_80/jre/lib/i386/client/classes.jsa
94609000-94a00000 rw-p 00000000 00:00 0 
aeed3000-aefbd000 rw-p 00000000 00:00 0 
aefbd000-aefc0000 ---p 00000000 00:00 0 
aefc0000-af00e000 rw-p 00000000 00:00 0 
af00e000-af011000 ---p 00000000 00:00 0 
af011000-af05f000 rw-p 00000000 00:00 0 
af05f000-af060000 ---p 00000000 00:00 0 
af060000-af860000 rw-p 00000000 00:00 0 
af860000-af861000 ---p 00000000 00:00 0 
af861000-b0061000 rw-p 00000000 00:00 0 
b0061000-b00a1000 r--s 00000000 08:04 2228955    /var/cache/fontconfig/17090aa38d5c6f09fb8c5c354938f1d7-x86.cache-2
b00a1000-b00c3000 r--s 00000000 08:04 2228962    /var/cache/fontconfig/8d4af663993b81a124ee82e610bb31f9-x86.cache-2
b00c3000-b0103000 r--s 00000000 08:04 2228954    /var/cache/fontconfig/df311e82a1a24c41a75c2c930223552e-x86.cache-2
b012b000-b012e000 ---p 00000000 00:00 0 
b012e000-b017c000 rw-p 00000000 00:00 0 
b017c000-b0180000 r--s 000f7000 08:04 287193     /usr/java/jdk1.7.0_80/jre/lib/ext/localedata.jar
b0180000-b018c000 r--s 000af000 08:04 287419     /usr/java/jdk1.7.0_80/jre/lib/resources.jar
b018c000-b01ec000 r-xp 00000000 08:04 287400     /usr/java/jdk1.7.0_80/jre/lib/i386/libt2k.so
b01ec000-b01f0000 rw-p 00060000 08:04 287400     /usr/java/jdk1.7.0_80/jre/lib/i386/libt2k.so
b01f0000-b01f4000 rw-p 00000000 00:00 0 
b01f4000-b020f000 r-xp 00000000 08:04 1843825    /lib/libgcc_s.so.1
b020f000-b0210000 r--p 0001a000 08:04 1843825    /lib/libgcc_s.so.1
b0210000-b0211000 rw-p 0001b000 08:04 1843825    /lib/libgcc_s.so.1
b0214000-b0216000 r--s 00015000 08:04 1966236    /home/cajero/workspace/Client/lib/xpp3.jar
b0216000-b0219000 r--s 00029000 08:04 1966235    /home/cajero/workspace/Client/lib/stax.jar
b0219000-b0222000 r--s 00051000 08:04 1966233    /home/cajero/workspace/Client/lib/simple-xml.jar
b0222000-b0229000 r--s 00000000 08:04 2228958    /var/cache/fontconfig/77e41c5059666d75f92e318d4be8c21e-x86.cache-2
b0229000-b023e000 r--s 00000000 08:04 2228963    /var/cache/fontconfig/7ef2298fde41cc6eeb7af42e48b7d293-x86.cache-2
b023e000-b029f000 r-xp 00000000 08:04 287360     /usr/java/jdk1.7.0_80/jre/lib/i386/libfontmanager.so
b029f000-b02a2000 rw-p 00060000 08:04 287360     /usr/java/jdk1.7.0_80/jre/lib/i386/libfontmanager.so
b02a2000-b02a6000 rw-p 00000000 00:00 0 
b02a6000-b02a9000 ---p 00000000 00:00 0 
b02a9000-b02f7000 rw-p 00000000 00:00 0 
b02f7000-b02fa000 ---p 00000000 00:00 0 
b02fa000-b0348000 rw-p 00000000 00:00 0 
b0348000-b0364000 r-xp 00000000 08:04 2313747    /usr/lib/libxcb.so.1.0.0
b0364000-b0365000 r--p 0001b000 08:04 2313747    /usr/lib/libxcb.so.1.0.0
b0365000-b0366000 rw-p 0001c000 08:04 2313747    /usr/lib/libxcb.so.1.0.0
b0366000-b0367000 r-xp 00000000 08:04 2313737    /usr/lib/libxcb-xlib.so.0.0.0
b0367000-b0368000 r--p 00000000 08:04 2313737    /usr/lib/libxcb-xlib.so.0.0.0
b0368000-b0369000 rw-p 00001000 08:04 2313737    /usr/lib/libxcb-xlib.so.0.0.0
b0369000-b0372000 r-xp 00000000 08:04 1310996    /usr/lib/libXi.so.6.0.0
b0372000-b0373000 r--p 00008000 08:04 1310996    /usr/lib/libXi.so.6.0.0
b0373000-b0374000 rw-p 00009000 08:04 1310996    /usr/lib/libXi.so.6.0.0
b0374000-b0379000 r-xp 00000000 08:04 1311006    /usr/lib/libXtst.so.6.1.0
b0379000-b037a000 r--p 00004000 08:04 1311006    /usr/lib/libXtst.so.6.1.0
b037a000-b037b000 rw-p 00005000 08:04 1311006    /usr/lib/libXtst.so.6.1.0
b037b000-b0383000 r-xp 00000000 08:04 1310834    /usr/lib/libXrender.so.1.3.0
b0383000-b0384000 r--p 00007000 08:04 1310834    /usr/lib/libXrender.so.1.3.0
b0384000-b0385000 rw-p 00008000 08:04 1310834    /usr/lib/libXrender.so.1.3.0
b0385000-b04b4000 r-xp 00000000 08:04 1310767    /usr/lib/libX11.so.6.2.0
b04b4000-b04b5000 r--p 0012f000 08:04 1310767    /usr/lib/libX11.so.6.2.0
b04b5000-b04b8000 rw-p 00130000 08:04 1310767    /usr/lib/libX11.so.6.2.0
b04b9000-b04ba000 r--s 00002000 08:04 1966272    /home/cajero/workspace/Client/lib/Client-Side.jar
b04ba000-b04bc000 r--s 00005000 08:04 1966234    /home/cajero/workspace/Client/lib/stax-api.jar
b04bc000-b04c1000 r--s 00000000 08:04 2228957    /var/cache/fontconfig/d62e99ef547d1d24cdb1bd22ec1a2976-x86.cache-2
b04c1000-b04cf000 r-xp 00000000 08:04 287392     /usr/java/jdk1.7.0_80/jre/lib/i386/libnio.so
b04cf000-b04d0000 rw-p 0000e000 08:04 287392     /usr/java/jdk1.7.0_80/jre/lib/i386/libnio.so
b04d0000-b04d4000 r-xp 00000000 08:04 1310836    /usr/lib/libXfixes.so.3.1.0
b04d4000-b04d5000 r--p 00003000 08:04 1310836    /usr/lib/libXfixes.so.3.1.0
b04d5000-b04d6000 rw-p 00004000 08:04 1310836    /usr/lib/libXfixes.so.3.1.0
b04d6000-b04df000 r-xp 00000000 08:04 1310982    /usr/lib/libXcursor.so.1.0.2
b04df000-b04e0000 r--p 00008000 08:04 1310982    /usr/lib/libXcursor.so.1.0.2
b04e0000-b04e1000 rw-p 00009000 08:04 1310982    /usr/lib/libXcursor.so.1.0.2
b04e1000-b04e3000 r-xp 00000000 08:04 2435454    /usr/lib/gconv/ISO8859-1.so
b04e3000-b04e4000 r--p 00001000 08:04 2435454    /usr/lib/gconv/ISO8859-1.so
b04e4000-b04e5000 rw-p 00002000 08:04 2435454    /usr/lib/gconv/ISO8859-1.so
b04e5000-b052e000 r-xp 00000000 08:04 295557     /usr/java/jdk1.7.0_80/jre/lib/i386/xawt/libmawt.so
b052e000-b0530000 rw-p 00049000 08:04 295557     /usr/java/jdk1.7.0_80/jre/lib/i386/xawt/libmawt.so
b0530000-b0531000 rw-p 00000000 00:00 0 
b0531000-b05b7000 r-xp 00000000 08:04 287356     /usr/java/jdk1.7.0_80/jre/lib/i386/libawt.so
b05b7000-b05be000 rw-p 00086000 08:04 287356     /usr/java/jdk1.7.0_80/jre/lib/i386/libawt.so
b05be000-b05e2000 rw-p 00000000 00:00 0 
b05e2000-b05e3000 ---p 00000000 00:00 0 
b05e3000-b0de3000 rw-p 00000000 00:00 0 
b0de3000-b0de4000 ---p 00000000 00:00 0 
b0de4000-b15e4000 rw-p 00000000 00:00 0 
b15e4000-b15e5000 ---p 00000000 00:00 0 
b15e5000-b1de5000 rw-p 00000000 00:00 0 
b1de5000-b1de6000 ---p 00000000 00:00 0 
b1de6000-b25e6000 rw-p 00000000 00:00 0 
b2616000-b2617000 ---p 00000000 00:00 0 
b2617000-b2e17000 rw-p 00000000 00:00 0 
b2e17000-b2e1c000 r-xp 00000000 08:04 174766     /opt/DigitalPersona/urusdk-linux/Linux/lib/x86/libdpDrvDatApi.so.2.0.0.8
b2e1c000-b2e1d000 rw-p 00005000 08:04 174766     /opt/DigitalPersona/urusdk-linux/Linux/lib/x86/libdpDrvDatApi.so.2.0.0.8
b2e1d000-b2e2c000 r-xp 00000000 08:04 174769     /opt/DigitalPersona/urusdk-linux/Linux/lib/x86/libdpFC.so.2.0.0.8
b2e2c000-b2e2d000 rw-p 0000f000 08:04 174769     /opt/DigitalPersona/urusdk-linux/Linux/lib/x86/libdpFC.so.2.0.0.8
b2e2d000-b2e31000 r-xp 00000000 08:04 174793     /opt/DigitalPersona/urusdk-linux/Linux/lib/x86/libdpUsbAda.so.2.0.0.8
b2e31000-b2e32000 rw-p 00003000 08:04 174793     /opt/DigitalPersona/urusdk-linux/Linux/lib/x86/libdpUsbAda.so.2.0.0.8
b2e32000-b2e3d000 r-xp 00000000 08:04 174784     /opt/DigitalPersona/urusdk-linux/Linux/lib/x86/libdpI00701.so.2.0.0.8
b2e3d000-b2e3e000 rw-p 0000a000 08:04 174784     /opt/DigitalPersona/urusdk-linux/Linux/lib/x86/libdpI00701.so.2.0.0.8
b2e3e000-b2e56000 r-xp 00000000 08:04 174757     /opt/DigitalPersona/urusdk-linux/Linux/lib/x86/libdpD00701.so.2.0.0.8
b2e56000-b2e57000 rw-p 00018000 08:04 174757     /opt/DigitalPersona/urusdk-linux/Linux/lib/x86/libdpD00701.so.2.0.0.8
b2e57000-b2e5e000 r-xp 00000000 08:04 174760     /opt/DigitalPersona/urusdk-linux/Linux/lib/x86/libdpDevMgr.so.2.0.0.8
b2e5e000-b2e5f000 rw-p 00006000 08:04 174760     /opt/DigitalPersona/urusdk-linux/Linux/lib/x86/libdpDevMgr.so.2.0.0.8
b2e5f000-b2e62000 r-xp 00000000 08:04 174787     /opt/DigitalPersona/urusdk-linux/Linux/lib/x86/libdpObjMgr.so.2.0.0.8
b2e62000-b2e63000 rw-p 00002000 08:04 174787     /opt/DigitalPersona/urusdk-linux/Linux/lib/x86/libdpObjMgr.so.2.0.0.8
b2e63000-b2e69000 r-xp 00000000 08:04 174763     /opt/DigitalPersona/urusdk-linux/Linux/lib/x86/libdpDrvApi.so.2.0.0.8
b2e69000-b2e6a000 rw-p 00005000 08:04 174763     /opt/DigitalPersona/urusdk-linux/Linux/lib/x86/libdpDrvApi.so.2.0.0.8
b2e6e000-b2e75000 rw-p 00000000 00:00 0 
b2e75000-b2e7d000 r-xp 00000000 08:04 174775     /opt/DigitalPersona/urusdk-linux/Linux/lib/x86/libdpfpdd.so.2.2.3
b2e7d000-b2e7e000 rw-p 00007000 08:04 174775     /opt/DigitalPersona/urusdk-linux/Linux/lib/x86/libdpfpdd.so.2.2.3
b2e7e000-b2e7f000 r--s 00007000 08:04 1966232    /home/cajero/workspace/Client/lib/samples-utils.jar
b2e7f000-b2e80000 r--s 009af000 08:04 1966231    /home/cajero/workspace/Client/lib/neurotec-native-macosx-universal.jar
b2e80000-b2e82000 r-xp 00000000 08:04 2313267    /usr/lib/libXau.so.6.0.0
b2e82000-b2e83000 r--p 00001000 08:04 2313267    /usr/lib/libXau.so.6.0.0
b2e83000-b2e84000 rw-p 00002000 08:04 2313267    /usr/lib/libXau.so.6.0.0
b2e84000-b2e93000 r-xp 00000000 08:04 1310838    /usr/lib/libXext.so.6.4.0
b2e93000-b2e94000 r--p 0000e000 08:04 1310838    /usr/lib/libXext.so.6.4.0
b2e94000-b2e95000 rw-p 0000f000 08:04 1310838    /usr/lib/libXext.so.6.4.0
b2e95000-b2eaa000 r-xp 00000000 08:04 287391     /usr/java/jdk1.7.0_80/jre/lib/i386/libnet.so
b2eaa000-b2eab000 rw-p 00015000 08:04 287391     /usr/java/jdk1.7.0_80/jre/lib/i386/libnet.so
b2eab000-b2eb0000 r-xp 00000000 08:04 1966241    /home/cajero/workspace/Client/libHuellas/linux-32 bits/FScanners/NdmDigitalPersonaUareU/NdmDigitalPersonaUareU.so
b2eb0000-b2eb1000 rw-p 00005000 08:04 1966241    /home/cajero/workspace/Client/libHuellas/linux-32 bits/FScanners/NdmDigitalPersonaUareU/NdmDigitalPersonaUareU.so
b2eb1000-b2ebc000 r-xp 00000000 08:04 1966243    /home/cajero/workspace/Client/libHuellas/linux-32 bits/NdmMedia.so
b2ebc000-b2ebd000 rw-p 0000a000 08:04 1966243    /home/cajero/workspace/Client/libHuellas/linux-32 bits/NdmMedia.so
b2ebd000-b2ed2000 r-xp 00000000 08:04 1966244    /home/cajero/workspace/Client/libHuellas/linux-32 bits/NdmVirtual.so
b2ed2000-b2ed7000 rw-p 00014000 08:04 1966244    /home/cajero/workspace/Client/libHuellas/linux-32 bits/NdmVirtual.so
b2ed7000-b2ed8000 ---p 00000000 00:00 0 
b2ed8000-b36d8000 rw-p 00000000 00:00 0 
b36d8000-b36da000 rwxp 00000000 00:00 0 
b36da000-b3709000 r-xp 00000000 08:04 1966251    /home/cajero/workspace/Client/libHuellas/linux-32 bits/libNLicensing.so
b3709000-b3714000 rw-p 0002f000 08:04 1966251    /home/cajero/workspace/Client/libHuellas/linux-32 bits/libNLicensing.so
b3714000-b3715000 rw-p 00000000 00:00 0 
b3715000-b3872000 r-xp 00000000 08:04 1966245    /home/cajero/workspace/Client/libHuellas/linux-32 bits/libNBiometricClient.so
b3872000-b387b000 rw-p 0015d000 08:04 1966245    /home/cajero/workspace/Client/libHuellas/linux-32 bits/libNBiometricClient.so
b387b000-b38a3000 r-xp 00000000 08:04 1966250    /home/cajero/workspace/Client/libHuellas/linux-32 bits/libNDevices.so
b38a3000-b38ae000 rw-p 00027000 08:04 1966250    /home/cajero/workspace/Client/libHuellas/linux-32 bits/libNDevices.so
b38ae000-b38b7000 rwxp 00000000 00:00 0 
b38b7000-b3e35000 r-xp 00000000 08:04 1966246    /home/cajero/workspace/Client/libHuellas/linux-32 bits/libNBiometrics.so
b3e35000-b3e9e000 rw-p 0057d000 08:04 1966246    /home/cajero/workspace/Client/libHuellas/linux-32 bits/libNBiometrics.so
b3e9e000-b3ea4000 rw-p 00000000 00:00 0 
b3ea4000-b3eff000 r-xp 00000000 08:04 1966253    /home/cajero/workspace/Client/libHuellas/linux-32 bits/libNMediaProc.so
b3eff000-b3f09000 rw-p 0005a000 08:04 1966253    /home/cajero/workspace/Client/libHuellas/linux-32 bits/libNMediaProc.so
b3f09000-b40c4000 r-xp 00000000 08:04 1966252    /home/cajero/workspace/Client/libHuellas/linux-32 bits/libNMedia.so
b40c4000-b40de000 rw-p 001bb000 08:04 1966252    /home/cajero/workspace/Client/libHuellas/linux-32 bits/libNMedia.so
b40de000-b40df000 rw-p 00000000 00:00 0 
b40df000-b40e3000 rwxp 00000000 00:00 0 
b40e3000-b40e8000 r--s 00038000 08:04 1966230    /home/cajero/workspace/Client/lib/neurotec-media.jar
b40e8000-b40e9000 r--s 00004000 08:04 1966229    /home/cajero/workspace/Client/lib/neurotec-media-processing.jar
b40e9000-b40eb000 r--s 0000a000 08:04 1966228    /home/cajero/workspace/Client/lib/neurotec-licensing.jar
b40eb000-b40ec000 r--p 00000000 00:00 0 
b40ec000-b40ed000 rwxp 00000000 00:00 0 
b40ed000-b410b000 r--p 00000000 08:04 2419102    /usr/share/locale/es/LC_MESSAGES/libc.mo
b410b000-b4289000 r-xp 00000000 08:04 1966249    /home/cajero/workspace/Client/libHuellas/linux-32 bits/libNCore.so
b4289000-b429a000 rw-p 0017e000 08:04 1966249    /home/cajero/workspace/Client/libHuellas/linux-32 bits/libNCore.so
b429a000-b429c000 rw-p 00000000 00:00 0 
b429c000-b42b0000 r-xp 00000000 08:04 1860823    /tmp/jna-cajero/jna3256719720790806768.tmp (deleted)
b42b0000-b42b1000 rw-p 00014000 08:04 1860823    /tmp/jna-cajero/jna3256719720790806768.tmp (deleted)
b42b1000-b42b4000 r--s 00019000 08:04 287406     /usr/java/jdk1.7.0_80/jre/lib/jce.jar
b42b4000-b42b8000 r--s 0008b000 08:04 287420     /usr/java/jdk1.7.0_80/jre/lib/jsse.jar
b42b8000-b42bf000 r--s 0002d000 08:04 1966227    /home/cajero/workspace/Client/lib/neurotec-devices.jar
b42bf000-b42c1000 r--s 00005000 08:04 1966226    /home/cajero/workspace/Client/lib/neurotec-devices-virtual.jar
b42c1000-b42ce000 r--s 000a0000 08:04 1966225    /home/cajero/workspace/Client/lib/neurotec-core.jar
b42ce000-b42e0000 r--s 000e3000 08:04 1966224    /home/cajero/workspace/Client/lib/neurotec-biometrics.jar
b42e0000-b42e2000 r--s 0000b000 08:04 1966223    /home/cajero/workspace/Client/lib/neurotec-biometrics-client.jar
b42e2000-b42e5000 r--s 000a6000 08:04 1966222    /home/cajero/workspace/Client/lib/jna.jar
b42e5000-b42e9000 r--s 0002a000 08:04 1966221    /home/cajero/workspace/Client/lib/commons-io.jar
b42e9000-b42ea000 ---p 00000000 00:00 0 
b42ea000-b436a000 rw-p 00000000 00:00 0 
b436a000-b436d000 ---p 00000000 00:00 0 
b436d000-b43bb000 rw-p 00000000 00:00 0 
b43bb000-b43be000 ---p 00000000 00:00 0 
b43be000-b443c000 rw-p 00000000 00:00 0 
b443c000-b443f000 ---p 00000000 00:00 0 
b443f000-b44d8000 rw-p 00000000 00:00 0 
b44d8000-b4698000 r--s 039fb000 08:04 287422     /usr/java/jdk1.7.0_80/jre/lib/rt.jar
b4698000-b46d7000 r--p 00000000 08:04 49629      /usr/lib/locale/es_ES.utf8/LC_CTYPE
b46d7000-b46d8000 r--p 00000000 08:04 49605      /usr/lib/locale/es_ES.utf8/LC_NUMERIC
b46d8000-b46d9000 r--p 00000000 08:04 34267      /usr/lib/locale/es_ES.utf8/LC_TIME
b46d9000-b47f6000 r--p 00000000 08:04 49630      /usr/lib/locale/es_ES.utf8/LC_COLLATE
b47f6000-b47f7000 r--p 00000000 08:04 49607      /usr/lib/locale/es_ES.utf8/LC_MONETARY
b47f7000-b47f8000 r--p 00000000 08:04 42251      /usr/lib/locale/es_ES.utf8/LC_MESSAGES/SYS_LC_MESSAGES
b47f8000-b47f9000 r--p 00000000 08:04 49626      /usr/lib/locale/es_ES.utf8/LC_PAPER
b47f9000-b47fa000 r--p 00000000 08:04 49606      /usr/lib/locale/es_ES.utf8/LC_NAME
b47fa000-b47fb000 r--p 00000000 08:04 34843      /usr/lib/locale/es_ES.utf8/LC_ADDRESS
b47fb000-b47fc000 r--p 00000000 08:04 34842      /usr/lib/locale/es_ES.utf8/LC_TELEPHONE
b47fc000-b47fd000 r--p 00000000 08:04 49628      /usr/lib/locale/es_ES.utf8/LC_MEASUREMENT
b47fd000-b4804000 r--s 00000000 08:04 2435517    /usr/lib/gconv/gconv-modules.cache
b4804000-b4807000 ---p 00000000 00:00 0 
b4807000-b4855000 rw-p 00000000 00:00 0 
b4855000-b4858000 ---p 00000000 00:00 0 
b4858000-b48a6000 rw-p 00000000 00:00 0 
b48a6000-b48a7000 ---p 00000000 00:00 0 
b48a7000-b4935000 rw-p 00000000 00:00 0 
b4935000-b494f000 rw-p 00000000 00:00 0 
b494f000-b4955000 rw-p 00000000 00:00 0 
b4955000-b49a1000 rw-p 00000000 00:00 0 
b49a1000-b49a4000 rw-p 00000000 00:00 0 
b49a4000-b49c9000 rw-p 00000000 00:00 0 
b49c9000-b49cf000 rw-p 00000000 00:00 0 
b49cf000-b4a1b000 rw-p 00000000 00:00 0 
b4a1b000-b4a21000 rw-p 00000000 00:00 0 
b4a21000-b4a3b000 rw-p 00000000 00:00 0 
b4a3b000-b4a4e000 rw-p 00000000 00:00 0 
b4a4e000-b4ac7000 rw-p 00000000 00:00 0 
b4ac7000-b4c4f000 rwxp 00000000 00:00 0 
b4c4f000-b6ac7000 rw-p 00000000 00:00 0 
b6ac7000-b6acf000 rw-s 00000000 08:04 1860819    /tmp/hsperfdata_cajero/3793 (deleted)
b6acf000-b6b04000 r--s 00000000 08:04 2229045    /var/run/nscd/passwd
b6b04000-b6b27000 r-xp 00000000 08:04 287370     /usr/java/jdk1.7.0_80/jre/lib/i386/libjava.so
b6b27000-b6b28000 rw-p 00023000 08:04 287370     /usr/java/jdk1.7.0_80/jre/lib/i386/libjava.so
b6b28000-b6b30000 r-xp 00000000 08:04 1843791    /lib/librt-2.11.3.so
b6b30000-b6b31000 r--p 00007000 08:04 1843791    /lib/librt-2.11.3.so
b6b31000-b6b32000 rw-p 00008000 08:04 1843791    /lib/librt-2.11.3.so
b6b32000-b6b35000 ---p 00000000 00:00 0 
b6b35000-b6b83000 rw-p 00000000 00:00 0 
b6b83000-b6baa000 r-xp 00000000 08:04 1843769    /lib/libm-2.11.3.so
b6baa000-b6bab000 r--p 00026000 08:04 1843769    /lib/libm-2.11.3.so
b6bab000-b6bac000 rw-p 00027000 08:04 1843769    /lib/libm-2.11.3.so
b6bac000-b7141000 r-xp 00000000 08:04 287345     /usr/java/jdk1.7.0_80/jre/lib/i386/client/libjvm.so
b7141000-b7162000 rw-p 00595000 08:04 287345     /usr/java/jdk1.7.0_80/jre/lib/i386/client/libjvm.so
b7162000-b7583000 rw-p 00000000 00:00 0 
b7583000-b76ef000 r-xp 00000000 08:04 1843761    /lib/libc-2.11.3.so
b76ef000-b76f0000 ---p 0016c000 08:04 1843761    /lib/libc-2.11.3.so
b76f0000-b76f2000 r--p 0016c000 08:04 1843761    /lib/libc-2.11.3.so
b76f2000-b76f3000 rw-p 0016e000 08:04 1843761    /lib/libc-2.11.3.so
b76f3000-b76f7000 rw-p 00000000 00:00 0 
b76f7000-b76fa000 r-xp 00000000 08:04 1843767    /lib/libdl-2.11.3.so
b76fa000-b76fb000 r--p 00002000 08:04 1843767    /lib/libdl-2.11.3.so
b76fb000-b76fc000 rw-p 00003000 08:04 1843767    /lib/libdl-2.11.3.so
b76fc000-b7710000 r-xp 00000000 08:04 264696     /usr/java/jdk1.7.0_80/lib/i386/jli/libjli.so
b7710000-b7711000 rw-p 00013000 08:04 264696     /usr/java/jdk1.7.0_80/lib/i386/jli/libjli.so
b7711000-b7728000 r-xp 00000000 08:04 1843787    /lib/libpthread-2.11.3.so
b7728000-b7729000 r--p 00016000 08:04 1843787    /lib/libpthread-2.11.3.so
b7729000-b772a000 rw-p 00017000 08:04 1843787    /lib/libpthread-2.11.3.so
b772a000-b772c000 rw-p 00000000 00:00 0 
b772c000-b772d000 r--p 00000000 08:04 34265      /usr/lib/locale/es_ES.utf8/LC_IDENTIFICATION
b772d000-b7733000 rw-p 00000000 00:00 0 
b7733000-b774a000 r-xp 00000000 08:04 287403     /usr/java/jdk1.7.0_80/jre/lib/i386/libzip.so
b774a000-b774b000 rw-p 00016000 08:04 287403     /usr/java/jdk1.7.0_80/jre/lib/i386/libzip.so
b774b000-b774c000 rw-p 00000000 00:00 0 
b774c000-b774d000 ---p 00000000 00:00 0 
b774d000-b7758000 r-xp 00000000 08:04 287402     /usr/java/jdk1.7.0_80/jre/lib/i386/libverify.so
b7758000-b7759000 rw-p 0000b000 08:04 287402     /usr/java/jdk1.7.0_80/jre/lib/i386/libverify.so
b7759000-b775a000 rw-p 00000000 00:00 0 
b775a000-b7779000 r-xp 00000000 08:04 1843754    /lib/ld-2.11.3.so
b7779000-b777a000 r--p 0001e000 08:04 1843754    /lib/ld-2.11.3.so
b777a000-b777b000 rw-p 0001f000 08:04 1843754    /lib/ld-2.11.3.so
bf7ae000-bf7af000 rwxp 00000000 00:00 0 
bf7e0000-bf802000 rw-p 00000000 00:00 0          [stack]
ffffe000-fffff000 r-xp 00000000 00:00 0          [vdso]

VM Arguments:
jvm_args: -Dfile.encoding=UTF-8 
java_command: webServices.ClienteWS
Launcher Type: SUN_STANDARD

Environment Variables:
CLASSPATH=:/usr/local/NCRRetail:/usr/local/NCRRetail/jar/NCRRetailCommon.jar:/usr/local/NCRRetail/jar/jpos.jar:/usr/local/NCRRetail/jar/NCRJavaPOS.jar:/usr/local/NCRRetail/jar/jcl_editor.jar:/usr/local/NCRRetail/jar/xerces.jar:/usr/local/NCRRetail/jar/NCRConfigManager.jar:/usr/local/NCRRetail/jar/NCRSystemMonitor.jar
PATH=/home/cajero/bin:/usr/local/bin:/usr/bin:/bin:/usr/bin/X11:/usr/X11R6/bin:/usr/games:/usr/lib/mit/bin:/usr/lib/mit/sbin
USERNAME=cajero
LD_LIBRARY_PATH=/usr/java/jdk1.7.0_80/jre/lib/i386/client:/usr/java/jdk1.7.0_80/jre/lib/i386:/home/cajero/workspace/Client/libHuellas/linux-32 bits/
SHELL=/bin/bash
DISPLAY=:0.0
HOSTTYPE=i386
OSTYPE=linux
MACHTYPE=i686-suse-linux

Signal Handlers:
SIGSEGV: [libjvm.so+0x511b30], sa_mask[0]=0x7ffbfeff, sa_flags=0x10000004
SIGBUS: [libjvm.so+0x511b30], sa_mask[0]=0x7ffbfeff, sa_flags=0x10000004
SIGFPE: [libjvm.so+0x406570], sa_mask[0]=0x7ffbfeff, sa_flags=0x10000004
SIGPIPE: [libjvm.so+0x406570], sa_mask[0]=0x7ffbfeff, sa_flags=0x10000004
SIGXFSZ: [libjvm.so+0x406570], sa_mask[0]=0x7ffbfeff, sa_flags=0x10000004
SIGILL: [libjvm.so+0x406570], sa_mask[0]=0x7ffbfeff, sa_flags=0x10000004
SIGUSR1: SIG_DFL, sa_mask[0]=0x00000000, sa_flags=0x00000000
SIGUSR2: [libjvm.so+0x407de0], sa_mask[0]=0x00000004, sa_flags=0x10000004
SIGHUP: [libjvm.so+0x409110], sa_mask[0]=0x7ffbfeff, sa_flags=0x10000004
SIGINT: [libjvm.so+0x409110], sa_mask[0]=0x7ffbfeff, sa_flags=0x10000004
SIGTERM: [libjvm.so+0x409110], sa_mask[0]=0x7ffbfeff, sa_flags=0x10000004
SIGQUIT: [libjvm.so+0x409110], sa_mask[0]=0x7ffbfeff, sa_flags=0x10000004


---------------  S Y S T E M  ---------------

OS:SUSE Linux Enterprise Server 11 (i586)
VERSION = 11
PATCHLEVEL = 4

uname:Linux 3.0.101-63-pae #1 SMP Tue Jun 23 16:02:31 UTC 2015 (4b89d0c) i686
libc:glibc 2.11.3 NPTL 2.11.3 
rlimit: STACK 8192k, CORE 1k, NPROC 7679, NOFILE 8192, AS 2020800k
load average:0,49 0,36 0,17

/proc/meminfo:
MemTotal:         991720 kB
MemFree:          104200 kB
Buffers:           17720 kB
Cached:           459776 kB
SwapCached:            0 kB
Active:           476604 kB
Inactive:         359648 kB
Active(anon):     359112 kB
Inactive(anon):    33148 kB
Active(file):     117492 kB
Inactive(file):   326500 kB
Unevictable:           0 kB
Mlocked:               0 kB
HighTotal:        110152 kB
HighFree:           1480 kB
LowTotal:         881568 kB
LowFree:          102720 kB
SwapTotal:       1534200 kB
SwapFree:        1534200 kB
Dirty:               184 kB
Writeback:             0 kB
AnonPages:        358820 kB
Mapped:            71580 kB
Shmem:             33504 kB
Slab:              28756 kB
SReclaimable:      16588 kB
SUnreclaim:        12168 kB
KernelStack:        2592 kB
PageTables:         3244 kB
NFS_Unstable:          0 kB
Bounce:                0 kB
WritebackTmp:          0 kB
CommitLimit:     2030060 kB
Committed_AS:    1007736 kB
VmallocTotal:     122880 kB
VmallocUsed:       19352 kB
VmallocChunk:     102400 kB
HardwareCorrupted:     0 kB
AnonHugePages:    243712 kB
HugePages_Total:       0
HugePages_Free:        0
HugePages_Rsvd:        0
HugePages_Surp:        0
Hugepagesize:       2048 kB
DirectMap4k:       16376 kB
DirectMap2M:      886784 kB


CPU:total 1 (1 cores per cpu, 1 threads per core) family 6 model 23 stepping 10, cmov, cx8, fxsr, mmx, sse, sse2, sse3, ssse3, tsc

/proc/cpuinfo:
processor	: 0
vendor_id	: GenuineIntel
cpu family	: 6
model		: 23
model name	: Intel(R) Celeron(R) CPU          900  @ 2.20GHz
stepping	: 10
microcode	: 2571
cpu MHz		: 2194.486
cache size	: 1024 KB
fdiv_bug	: no
hlt_bug		: no
f00f_bug	: no
coma_bug	: no
fpu		: yes
fpu_exception	: yes
cpuid level	: 13
wp		: yes
flags		: fpu vme de pse tsc msr pae mce cx8 apic sep mtrr pge mca cmov pat pse36 clflush dts acpi mmx fxsr sse sse2 ss tm pbe nx lm constant_tsc up arch_perfmon pebs bts aperfmperf pni dtes64 monitor ds_cpl tm2 ssse3 cx16 xtpr pdcm xsave lahf_lm dtherm
bogomips	: 4388.97
clflush size	: 64
cache_alignment	: 64
address sizes	: 36 bits physical, 48 bits virtual
power management:



Memory: 4k page, physical 991720k(104200k free), swap 1534200k(1534200k free)

vm_info: Java HotSpot(TM) Client VM (24.80-b11) for linux-x86 JRE (1.7.0_80-b15), built on Apr 10 2015 12:41:05 by "java_re" with gcc 4.3.0 20080428 (Red Hat 4.3.0-8)

time: Thu Sep 15 07:10:59 2016
elapsed time: 38 seconds

